
		{"dataset": "citeseer", "weight_decay": 0.0005, "hidden1": 16, "dropout": 0.5, "model": "gcn_mi", "train_ratio": 20, "epochs": 500}
citeseer
{'dataset': 'citeseer', 'model': 'gcn_mi', 'learning_rate': 0.01, 'epochs': 500, 'hidden1': 16, 'dropout': 0.5, 'weight_decay': 0.0005, 'early_stopping': 200, 'train_ratio': 20, 'repeat': 16}
500 500
Epoch: 0001 train_loss= 1.79697 train_acc= 0.15000 val_loss= 1.80112 val_acc= 0.46200 time= 0.04929
Test results: cost= 1.80066 accuracy= 0.48900 time= 0.01201
Epoch: 0002 train_loss= 1.78120 train_acc= 0.46667 val_loss= 1.79085 val_acc= 0.50600 time= 0.02452
Test results: cost= 1.78987 accuracy= 0.54600 time= 0.01185
Epoch: 0003 train_loss= 1.76214 train_acc= 0.53333 val_loss= 1.78178 val_acc= 0.54800 time= 0.02548
Test results: cost= 1.78015 accuracy= 0.54800 time= 0.01183
Epoch: 0004 train_loss= 1.73954 train_acc= 0.58333 val_loss= 1.77346 val_acc= 0.52400 time= 0.02444
Test results: cost= 1.77096 accuracy= 0.54200 time= 0.01180
Epoch: 0005 train_loss= 1.72287 train_acc= 0.62500 val_loss= 1.76555 val_acc= 0.51200 time= 0.02521
Test results: cost= 1.76208 accuracy= 0.53700 time= 0.01203
Epoch: 0006 train_loss= 1.69387 train_acc= 0.65833 val_loss= 1.75728 val_acc= 0.52600 time= 0.02419
Test results: cost= 1.75283 accuracy= 0.55400 time= 0.01193
Epoch: 0007 train_loss= 1.66750 train_acc= 0.67500 val_loss= 1.74901 val_acc= 0.55600 time= 0.02427
Test results: cost= 1.74361 accuracy= 0.59000 time= 0.01219
Epoch: 0008 train_loss= 1.64208 train_acc= 0.67500 val_loss= 1.74088 val_acc= 0.59000 time= 0.02420
Test results: cost= 1.73452 accuracy= 0.61500 time= 0.01184
Epoch: 0009 train_loss= 1.62707 train_acc= 0.66667 val_loss= 1.73276 val_acc= 0.61400 time= 0.02480
Test results: cost= 1.72539 accuracy= 0.64100 time= 0.01212
Epoch: 0010 train_loss= 1.59554 train_acc= 0.70000 val_loss= 1.72425 val_acc= 0.62400 time= 0.02418
Test results: cost= 1.71585 accuracy= 0.65800 time= 0.01213
Epoch: 0011 train_loss= 1.54754 train_acc= 0.75833 val_loss= 1.71564 val_acc= 0.63000 time= 0.02394
Test results: cost= 1.70607 accuracy= 0.66100 time= 0.01214
Epoch: 0012 train_loss= 1.53307 train_acc= 0.73333 val_loss= 1.70696 val_acc= 0.63800 time= 0.02469
Test results: cost= 1.69631 accuracy= 0.66400 time= 0.01177
Epoch: 0013 train_loss= 1.49154 train_acc= 0.75000 val_loss= 1.69844 val_acc= 0.64600 time= 0.02524
Test results: cost= 1.68663 accuracy= 0.66900 time= 0.01182
Epoch: 0014 train_loss= 1.44847 train_acc= 0.76667 val_loss= 1.68964 val_acc= 0.65600 time= 0.02478
Test results: cost= 1.67670 accuracy= 0.67400 time= 0.01189
Epoch: 0015 train_loss= 1.42532 train_acc= 0.79167 val_loss= 1.68062 val_acc= 0.66000 time= 0.02414
Test results: cost= 1.66647 accuracy= 0.67600 time= 0.01178
Epoch: 0016 train_loss= 1.40730 train_acc= 0.77500 val_loss= 1.67140 val_acc= 0.66200 time= 0.02390
Test results: cost= 1.65610 accuracy= 0.67700 time= 0.01200
Epoch: 0017 train_loss= 1.37612 train_acc= 0.74167 val_loss= 1.66217 val_acc= 0.67200 time= 0.02409
Test results: cost= 1.64561 accuracy= 0.67500 time= 0.01194
Epoch: 0018 train_loss= 1.30634 train_acc= 0.76667 val_loss= 1.65221 val_acc= 0.67800 time= 0.02417
Test results: cost= 1.63464 accuracy= 0.67700 time= 0.01196
Epoch: 0019 train_loss= 1.25494 train_acc= 0.80833 val_loss= 1.64174 val_acc= 0.67600 time= 0.02402
Test results: cost= 1.62330 accuracy= 0.67800 time= 0.01198
Epoch: 0020 train_loss= 1.21306 train_acc= 0.77500 val_loss= 1.63083 val_acc= 0.67600 time= 0.02416
Test results: cost= 1.61164 accuracy= 0.67600 time= 0.01194
Epoch: 0021 train_loss= 1.21177 train_acc= 0.76667 val_loss= 1.61967 val_acc= 0.67600 time= 0.02366
Test results: cost= 1.59990 accuracy= 0.68100 time= 0.01220
Epoch: 0022 train_loss= 1.18822 train_acc= 0.80833 val_loss= 1.60806 val_acc= 0.67800 time= 0.02390
Test results: cost= 1.58794 accuracy= 0.68800 time= 0.01198
Epoch: 0023 train_loss= 1.11732 train_acc= 0.80000 val_loss= 1.59599 val_acc= 0.68000 time= 0.02456
Test results: cost= 1.57578 accuracy= 0.69000 time= 0.01191
Epoch: 0024 train_loss= 1.08057 train_acc= 0.80000 val_loss= 1.58397 val_acc= 0.68200 time= 0.02389
Test results: cost= 1.56409 accuracy= 0.68800 time= 0.01188
Epoch: 0025 train_loss= 1.02227 train_acc= 0.81667 val_loss= 1.57179 val_acc= 0.69400 time= 0.02402
Test results: cost= 1.55256 accuracy= 0.68600 time= 0.01226
Epoch: 0026 train_loss= 1.08608 train_acc= 0.81667 val_loss= 1.55970 val_acc= 0.69000 time= 0.02421
Test results: cost= 1.54111 accuracy= 0.68800 time= 0.01216
Epoch: 0027 train_loss= 1.07295 train_acc= 0.80000 val_loss= 1.54802 val_acc= 0.68600 time= 0.02343
Test results: cost= 1.53000 accuracy= 0.68900 time= 0.01178
Epoch: 0028 train_loss= 0.98309 train_acc= 0.81667 val_loss= 1.53706 val_acc= 0.68200 time= 0.02395
Test results: cost= 1.51971 accuracy= 0.68700 time= 0.01220
Epoch: 0029 train_loss= 0.93033 train_acc= 0.85833 val_loss= 1.52683 val_acc= 0.68000 time= 0.02414
Test results: cost= 1.51018 accuracy= 0.69300 time= 0.01181
Epoch: 0030 train_loss= 0.92931 train_acc= 0.85833 val_loss= 1.51736 val_acc= 0.68000 time= 0.02418
Test results: cost= 1.50126 accuracy= 0.69600 time= 0.01176
Epoch: 0031 train_loss= 0.87379 train_acc= 0.89167 val_loss= 1.50867 val_acc= 0.68000 time= 0.02390
Test results: cost= 1.49270 accuracy= 0.69800 time= 0.01200
Epoch: 0032 train_loss= 0.86704 train_acc= 0.89167 val_loss= 1.50021 val_acc= 0.68400 time= 0.02417
Test results: cost= 1.48458 accuracy= 0.69500 time= 0.01176
Epoch: 0033 train_loss= 0.82678 train_acc= 0.90833 val_loss= 1.49236 val_acc= 0.68600 time= 0.02408
Test results: cost= 1.47684 accuracy= 0.69700 time= 0.01187
Epoch: 0034 train_loss= 0.81728 train_acc= 0.90000 val_loss= 1.48470 val_acc= 0.68400 time= 0.02361
Test results: cost= 1.46951 accuracy= 0.69800 time= 0.01176
Epoch: 0035 train_loss= 0.82651 train_acc= 0.90000 val_loss= 1.47774 val_acc= 0.68000 time= 0.02362
Test results: cost= 1.46269 accuracy= 0.70000 time= 0.01186
Epoch: 0036 train_loss= 0.76813 train_acc= 0.90833 val_loss= 1.47104 val_acc= 0.67800 time= 0.02407
Test results: cost= 1.45621 accuracy= 0.70000 time= 0.01199
Epoch: 0037 train_loss= 0.76473 train_acc= 0.93333 val_loss= 1.46457 val_acc= 0.67800 time= 0.02568
Test results: cost= 1.45024 accuracy= 0.70000 time= 0.01182
Epoch: 0038 train_loss= 0.79396 train_acc= 0.93333 val_loss= 1.45805 val_acc= 0.67800 time= 0.02448
Test results: cost= 1.44396 accuracy= 0.70100 time= 0.01191
Epoch: 0039 train_loss= 0.72892 train_acc= 0.91667 val_loss= 1.45142 val_acc= 0.68000 time= 0.02396
Test results: cost= 1.43736 accuracy= 0.70200 time= 0.01206
Epoch: 0040 train_loss= 0.69308 train_acc= 0.94167 val_loss= 1.44468 val_acc= 0.68200 time= 0.02610
Test results: cost= 1.43048 accuracy= 0.70000 time= 0.01193
Epoch: 0041 train_loss= 0.65511 train_acc= 0.96667 val_loss= 1.43888 val_acc= 0.68200 time= 0.02467
Test results: cost= 1.42486 accuracy= 0.70000 time= 0.01208
Epoch: 0042 train_loss= 0.68280 train_acc= 0.92500 val_loss= 1.43326 val_acc= 0.68400 time= 0.02426
Test results: cost= 1.41966 accuracy= 0.70300 time= 0.01192
Epoch: 0043 train_loss= 0.65550 train_acc= 0.98333 val_loss= 1.42788 val_acc= 0.68400 time= 0.02437
Test results: cost= 1.41460 accuracy= 0.70300 time= 0.01163
Epoch: 0044 train_loss= 0.67500 train_acc= 0.95000 val_loss= 1.42288 val_acc= 0.68400 time= 0.02404
Test results: cost= 1.41001 accuracy= 0.70500 time= 0.01198
Epoch: 0045 train_loss= 0.61867 train_acc= 0.95833 val_loss= 1.41746 val_acc= 0.68400 time= 0.02419
Test results: cost= 1.40474 accuracy= 0.70600 time= 0.01202
Epoch: 0046 train_loss= 0.61791 train_acc= 0.96667 val_loss= 1.41151 val_acc= 0.68200 time= 0.02433
Test results: cost= 1.39886 accuracy= 0.70700 time= 0.01211
Epoch: 0047 train_loss= 0.61733 train_acc= 0.95833 val_loss= 1.40534 val_acc= 0.68800 time= 0.02442
Test results: cost= 1.39257 accuracy= 0.70800 time= 0.01204
Epoch: 0048 train_loss= 0.56848 train_acc= 0.96667 val_loss= 1.39927 val_acc= 0.69000 time= 0.02406
Test results: cost= 1.38584 accuracy= 0.70900 time= 0.01169
Epoch: 0049 train_loss= 0.59412 train_acc= 0.94167 val_loss= 1.39219 val_acc= 0.69000 time= 0.02369
Test results: cost= 1.37865 accuracy= 0.71000 time= 0.01216
Epoch: 0050 train_loss= 0.58301 train_acc= 0.96667 val_loss= 1.38446 val_acc= 0.69000 time= 0.02412
Test results: cost= 1.37146 accuracy= 0.71200 time= 0.01205
Epoch: 0051 train_loss= 0.60441 train_acc= 0.95833 val_loss= 1.37844 val_acc= 0.69000 time= 0.02470
Test results: cost= 1.36588 accuracy= 0.71400 time= 0.01189
Epoch: 0052 train_loss= 0.58040 train_acc= 0.95000 val_loss= 1.37295 val_acc= 0.69200 time= 0.02537
Test results: cost= 1.36067 accuracy= 0.71600 time= 0.01216
Epoch: 0053 train_loss= 0.58123 train_acc= 0.91667 val_loss= 1.36901 val_acc= 0.69000 time= 0.02387
Test results: cost= 1.35700 accuracy= 0.71600 time= 0.01193
Epoch: 0054 train_loss= 0.52812 train_acc= 0.96667 val_loss= 1.36402 val_acc= 0.69000 time= 0.02421
Test results: cost= 1.35246 accuracy= 0.71300 time= 0.01195
Epoch: 0055 train_loss= 0.55091 train_acc= 0.92500 val_loss= 1.36089 val_acc= 0.69000 time= 0.02354
Test results: cost= 1.34848 accuracy= 0.71300 time= 0.01175
Epoch: 0056 train_loss= 0.54744 train_acc= 0.98333 val_loss= 1.35615 val_acc= 0.68800 time= 0.02373
Test results: cost= 1.34319 accuracy= 0.71400 time= 0.01206
Epoch: 0057 train_loss= 0.56081 train_acc= 0.93333 val_loss= 1.35080 val_acc= 0.68800 time= 0.02389
Test results: cost= 1.33762 accuracy= 0.71400 time= 0.01216
Epoch: 0058 train_loss= 0.56543 train_acc= 0.95000 val_loss= 1.34326 val_acc= 0.69600 time= 0.02461
Test results: cost= 1.33077 accuracy= 0.71500 time= 0.01181
Epoch: 0059 train_loss= 0.52748 train_acc= 0.97500 val_loss= 1.33394 val_acc= 0.69600 time= 0.02371
Test results: cost= 1.32295 accuracy= 0.71500 time= 0.01185
Epoch: 0060 train_loss= 0.50527 train_acc= 0.95833 val_loss= 1.32508 val_acc= 0.70200 time= 0.02405
Test results: cost= 1.31574 accuracy= 0.71700 time= 0.01186
Epoch: 0061 train_loss= 0.54261 train_acc= 0.94167 val_loss= 1.31593 val_acc= 0.70200 time= 0.02444
Test results: cost= 1.30845 accuracy= 0.71900 time= 0.01180
Epoch: 0062 train_loss= 0.50930 train_acc= 0.96667 val_loss= 1.30785 val_acc= 0.70000 time= 0.02432
Test results: cost= 1.30135 accuracy= 0.71900 time= 0.01168
Epoch: 0063 train_loss= 0.48855 train_acc= 0.96667 val_loss= 1.30127 val_acc= 0.70000 time= 0.02446
Test results: cost= 1.29494 accuracy= 0.72100 time= 0.01168
Epoch: 0064 train_loss= 0.49351 train_acc= 0.95000 val_loss= 1.29583 val_acc= 0.70000 time= 0.02406
Test results: cost= 1.28938 accuracy= 0.72100 time= 0.01218
Epoch: 0065 train_loss= 0.47061 train_acc= 0.95000 val_loss= 1.28981 val_acc= 0.69800 time= 0.02435
Test results: cost= 1.28337 accuracy= 0.72000 time= 0.01180
Epoch: 0066 train_loss= 0.48717 train_acc= 0.97500 val_loss= 1.28503 val_acc= 0.70200 time= 0.02427
Test results: cost= 1.27769 accuracy= 0.72100 time= 0.01210
Epoch: 0067 train_loss= 0.50231 train_acc= 0.96667 val_loss= 1.28137 val_acc= 0.70200 time= 0.02472
Test results: cost= 1.27283 accuracy= 0.72000 time= 0.01208
Epoch: 0068 train_loss= 0.53313 train_acc= 0.95833 val_loss= 1.27795 val_acc= 0.70000 time= 0.02388
Test results: cost= 1.26799 accuracy= 0.71700 time= 0.01225
Epoch: 0069 train_loss= 0.52785 train_acc= 0.94167 val_loss= 1.27461 val_acc= 0.70200 time= 0.02397
Test results: cost= 1.26404 accuracy= 0.71800 time= 0.01190
Epoch: 0070 train_loss= 0.52386 train_acc= 0.95833 val_loss= 1.27025 val_acc= 0.70200 time= 0.02361
Test results: cost= 1.26048 accuracy= 0.71900 time= 0.01167
Epoch: 0071 train_loss= 0.46931 train_acc= 0.95000 val_loss= 1.26660 val_acc= 0.70000 time= 0.02452
Test results: cost= 1.25802 accuracy= 0.72000 time= 0.01208
Epoch: 0072 train_loss= 0.51479 train_acc= 0.95833 val_loss= 1.26238 val_acc= 0.70000 time= 0.02370
Test results: cost= 1.25539 accuracy= 0.71900 time= 0.01207
Epoch: 0073 train_loss= 0.48606 train_acc= 0.95833 val_loss= 1.25819 val_acc= 0.70200 time= 0.02420
Test results: cost= 1.25303 accuracy= 0.71700 time= 0.01188
Epoch: 0074 train_loss= 0.46234 train_acc= 0.95833 val_loss= 1.25406 val_acc= 0.70200 time= 0.02427
Test results: cost= 1.25063 accuracy= 0.71800 time= 0.01228
Epoch: 0075 train_loss= 0.51450 train_acc= 0.93333 val_loss= 1.25053 val_acc= 0.70200 time= 0.02468
Test results: cost= 1.24824 accuracy= 0.71900 time= 0.01217
Epoch: 0076 train_loss= 0.43984 train_acc= 0.96667 val_loss= 1.24713 val_acc= 0.70400 time= 0.02507
Test results: cost= 1.24688 accuracy= 0.72200 time= 0.01196
Epoch: 0077 train_loss= 0.43722 train_acc= 0.97500 val_loss= 1.24449 val_acc= 0.70000 time= 0.02392
Test results: cost= 1.24528 accuracy= 0.72300 time= 0.01223
Epoch: 0078 train_loss= 0.48551 train_acc= 0.95000 val_loss= 1.24296 val_acc= 0.69800 time= 0.02433
Test results: cost= 1.24365 accuracy= 0.72100 time= 0.01208
Epoch: 0079 train_loss= 0.49032 train_acc= 0.94167 val_loss= 1.24301 val_acc= 0.70000 time= 0.02446
Test results: cost= 1.24381 accuracy= 0.72200 time= 0.01205
Epoch: 0080 train_loss= 0.44174 train_acc= 0.95833 val_loss= 1.24256 val_acc= 0.69600 time= 0.02447
Test results: cost= 1.24317 accuracy= 0.72300 time= 0.01217
Epoch: 0081 train_loss= 0.40219 train_acc= 0.97500 val_loss= 1.24121 val_acc= 0.69600 time= 0.02437
Test results: cost= 1.24253 accuracy= 0.72400 time= 0.01175
Epoch: 0082 train_loss= 0.48107 train_acc= 0.95833 val_loss= 1.24131 val_acc= 0.69800 time= 0.02408
Test results: cost= 1.24193 accuracy= 0.72500 time= 0.01165
Epoch: 0083 train_loss= 0.47405 train_acc= 0.94167 val_loss= 1.24036 val_acc= 0.70000 time= 0.02467
Test results: cost= 1.24083 accuracy= 0.72300 time= 0.01194
Epoch: 0084 train_loss= 0.48213 train_acc= 0.93333 val_loss= 1.23963 val_acc= 0.70200 time= 0.02473
Test results: cost= 1.23947 accuracy= 0.72400 time= 0.01190
Epoch: 0085 train_loss= 0.42494 train_acc= 0.98333 val_loss= 1.23836 val_acc= 0.70400 time= 0.02387
Test results: cost= 1.23773 accuracy= 0.71800 time= 0.01207
Epoch: 0086 train_loss= 0.43876 train_acc= 0.97500 val_loss= 1.23767 val_acc= 0.70600 time= 0.02407
Test results: cost= 1.23599 accuracy= 0.71300 time= 0.01224
Epoch: 0087 train_loss= 0.43813 train_acc= 0.98333 val_loss= 1.23663 val_acc= 0.70400 time= 0.02525
Test results: cost= 1.23358 accuracy= 0.71400 time= 0.01168
Epoch: 0088 train_loss= 0.43339 train_acc= 0.96667 val_loss= 1.23542 val_acc= 0.70000 time= 0.02347
Test results: cost= 1.23152 accuracy= 0.71800 time= 0.01206
Epoch: 0089 train_loss= 0.45884 train_acc= 0.95833 val_loss= 1.23414 val_acc= 0.69600 time= 0.02556
Test results: cost= 1.22924 accuracy= 0.71900 time= 0.01217
Epoch: 0090 train_loss= 0.40635 train_acc= 0.97500 val_loss= 1.23410 val_acc= 0.69600 time= 0.02406
Test results: cost= 1.22816 accuracy= 0.72100 time= 0.01194
Epoch: 0091 train_loss= 0.41044 train_acc= 0.96667 val_loss= 1.23366 val_acc= 0.69200 time= 0.02396
Test results: cost= 1.22676 accuracy= 0.72100 time= 0.01195
Epoch: 0092 train_loss= 0.46023 train_acc= 0.95833 val_loss= 1.23229 val_acc= 0.69600 time= 0.02414
Test results: cost= 1.22507 accuracy= 0.72000 time= 0.01187
Epoch: 0093 train_loss= 0.43762 train_acc= 0.95000 val_loss= 1.22899 val_acc= 0.69800 time= 0.02466
Test results: cost= 1.22255 accuracy= 0.72400 time= 0.01171
Epoch: 0094 train_loss= 0.42720 train_acc= 0.95833 val_loss= 1.22623 val_acc= 0.69600 time= 0.02404
Test results: cost= 1.22060 accuracy= 0.72500 time= 0.01199
Epoch: 0095 train_loss= 0.42082 train_acc= 0.95000 val_loss= 1.22277 val_acc= 0.69200 time= 0.02405
Test results: cost= 1.21890 accuracy= 0.72500 time= 0.01201
Epoch: 0096 train_loss= 0.45223 train_acc= 0.95833 val_loss= 1.22039 val_acc= 0.69200 time= 0.02362
Test results: cost= 1.21749 accuracy= 0.72300 time= 0.01183
Epoch: 0097 train_loss= 0.37980 train_acc= 0.98333 val_loss= 1.21681 val_acc= 0.69600 time= 0.02505
Test results: cost= 1.21512 accuracy= 0.72000 time= 0.01210
Epoch: 0098 train_loss= 0.41051 train_acc= 0.96667 val_loss= 1.21485 val_acc= 0.69800 time= 0.02452
Test results: cost= 1.21333 accuracy= 0.71900 time= 0.01223
Epoch: 0099 train_loss= 0.43062 train_acc= 0.96667 val_loss= 1.21296 val_acc= 0.69600 time= 0.02452
Test results: cost= 1.21185 accuracy= 0.71800 time= 0.01209
Epoch: 0100 train_loss= 0.44862 train_acc= 0.95000 val_loss= 1.21067 val_acc= 0.69600 time= 0.02458
Test results: cost= 1.20996 accuracy= 0.71700 time= 0.01190
Epoch: 0101 train_loss= 0.42597 train_acc= 0.95000 val_loss= 1.20778 val_acc= 0.69600 time= 0.02400
Test results: cost= 1.20800 accuracy= 0.71800 time= 0.01180
Epoch: 0102 train_loss= 0.38904 train_acc= 0.97500 val_loss= 1.20587 val_acc= 0.69800 time= 0.02434
Test results: cost= 1.20647 accuracy= 0.71700 time= 0.01221
Epoch: 0103 train_loss= 0.39138 train_acc= 0.97500 val_loss= 1.20450 val_acc= 0.70200 time= 0.02393
Test results: cost= 1.20578 accuracy= 0.71600 time= 0.01213
Epoch: 0104 train_loss= 0.37900 train_acc= 0.98333 val_loss= 1.20388 val_acc= 0.70400 time= 0.02480
Test results: cost= 1.20555 accuracy= 0.71800 time= 0.01240
Epoch: 0105 train_loss= 0.40178 train_acc= 0.96667 val_loss= 1.20151 val_acc= 0.71000 time= 0.02415
Test results: cost= 1.20422 accuracy= 0.72200 time= 0.01196
Epoch: 0106 train_loss= 0.39445 train_acc= 0.97500 val_loss= 1.20106 val_acc= 0.70600 time= 0.02543
Test results: cost= 1.20457 accuracy= 0.72500 time= 0.01182
Epoch: 0107 train_loss= 0.40466 train_acc= 0.95000 val_loss= 1.20138 val_acc= 0.70800 time= 0.02443
Test results: cost= 1.20555 accuracy= 0.72400 time= 0.01228
Epoch: 0108 train_loss= 0.44765 train_acc= 0.95000 val_loss= 1.19976 val_acc= 0.71000 time= 0.02462
Test results: cost= 1.20448 accuracy= 0.72500 time= 0.01221
Epoch: 0109 train_loss= 0.37826 train_acc= 0.95833 val_loss= 1.19891 val_acc= 0.70400 time= 0.02419
Test results: cost= 1.20363 accuracy= 0.72500 time= 0.01207
Epoch: 0110 train_loss= 0.41966 train_acc= 0.97500 val_loss= 1.19810 val_acc= 0.69800 time= 0.02380
Test results: cost= 1.20179 accuracy= 0.72400 time= 0.01244
Epoch: 0111 train_loss= 0.38791 train_acc= 0.96667 val_loss= 1.19696 val_acc= 0.69800 time= 0.02452
Test results: cost= 1.19977 accuracy= 0.72400 time= 0.01174
Epoch: 0112 train_loss= 0.42994 train_acc= 0.94167 val_loss= 1.19465 val_acc= 0.69600 time= 0.02461
Test results: cost= 1.19677 accuracy= 0.72500 time= 0.01170
Epoch: 0113 train_loss= 0.41217 train_acc= 0.95000 val_loss= 1.19324 val_acc= 0.69800 time= 0.02453
Test results: cost= 1.19311 accuracy= 0.72900 time= 0.01195
Epoch: 0114 train_loss= 0.36634 train_acc= 0.98333 val_loss= 1.19111 val_acc= 0.70600 time= 0.02425
Test results: cost= 1.18995 accuracy= 0.73000 time= 0.01203
Epoch: 0115 train_loss= 0.40921 train_acc= 0.95833 val_loss= 1.19014 val_acc= 0.70400 time= 0.02409
Test results: cost= 1.18749 accuracy= 0.72400 time= 0.01216
Epoch: 0116 train_loss= 0.37943 train_acc= 0.97500 val_loss= 1.18899 val_acc= 0.70600 time= 0.02554
Test results: cost= 1.18493 accuracy= 0.72500 time= 0.01208
Epoch: 0117 train_loss= 0.34109 train_acc= 0.98333 val_loss= 1.19027 val_acc= 0.70800 time= 0.02485
Test results: cost= 1.18371 accuracy= 0.72300 time= 0.01217
Epoch: 0118 train_loss= 0.43661 train_acc= 0.95000 val_loss= 1.19368 val_acc= 0.70400 time= 0.02421
Test results: cost= 1.18465 accuracy= 0.72200 time= 0.01185
Epoch: 0119 train_loss= 0.38759 train_acc= 0.98333 val_loss= 1.19602 val_acc= 0.70400 time= 0.02439
Test results: cost= 1.18584 accuracy= 0.72200 time= 0.01194
Epoch: 0120 train_loss= 0.42935 train_acc= 0.95833 val_loss= 1.19904 val_acc= 0.70200 time= 0.02421
Test results: cost= 1.18800 accuracy= 0.72200 time= 0.01216
Epoch: 0121 train_loss= 0.37475 train_acc= 0.96667 val_loss= 1.20187 val_acc= 0.69800 time= 0.02500
Test results: cost= 1.19037 accuracy= 0.72100 time= 0.01215
Epoch: 0122 train_loss= 0.39782 train_acc= 0.96667 val_loss= 1.20497 val_acc= 0.69000 time= 0.02429
Test results: cost= 1.19298 accuracy= 0.72000 time= 0.01208
Epoch: 0123 train_loss= 0.39972 train_acc= 0.97500 val_loss= 1.20894 val_acc= 0.68800 time= 0.02446
Test results: cost= 1.19581 accuracy= 0.71600 time= 0.01199
Epoch: 0124 train_loss= 0.40164 train_acc= 0.95833 val_loss= 1.21072 val_acc= 0.68600 time= 0.02443
Test results: cost= 1.19757 accuracy= 0.71900 time= 0.01178
Epoch: 0125 train_loss= 0.43901 train_acc= 0.96667 val_loss= 1.20994 val_acc= 0.68800 time= 0.02440
Test results: cost= 1.19802 accuracy= 0.72000 time= 0.01206
Epoch: 0126 train_loss= 0.35916 train_acc= 0.97500 val_loss= 1.20832 val_acc= 0.69400 time= 0.02385
Test results: cost= 1.19764 accuracy= 0.72000 time= 0.01208
Epoch: 0127 train_loss= 0.39545 train_acc= 0.97500 val_loss= 1.20458 val_acc= 0.69600 time= 0.02435
Test results: cost= 1.19589 accuracy= 0.72100 time= 0.01190
Epoch: 0128 train_loss= 0.40261 train_acc= 0.96667 val_loss= 1.20110 val_acc= 0.70000 time= 0.02426
Test results: cost= 1.19486 accuracy= 0.72400 time= 0.01188
Epoch: 0129 train_loss= 0.37469 train_acc= 0.98333 val_loss= 1.19874 val_acc= 0.70400 time= 0.02418
Test results: cost= 1.19465 accuracy= 0.72400 time= 0.01204
Epoch: 0130 train_loss= 0.37273 train_acc= 0.96667 val_loss= 1.19781 val_acc= 0.70200 time= 0.02416
Test results: cost= 1.19525 accuracy= 0.72600 time= 0.01193
Epoch: 0131 train_loss= 0.41357 train_acc= 0.95833 val_loss= 1.19685 val_acc= 0.70200 time= 0.02422
Test results: cost= 1.19596 accuracy= 0.72800 time= 0.01185
Epoch: 0132 train_loss= 0.38758 train_acc= 0.96667 val_loss= 1.19430 val_acc= 0.70000 time= 0.02360
Test results: cost= 1.19551 accuracy= 0.72700 time= 0.01209
Epoch: 0133 train_loss= 0.38160 train_acc= 0.96667 val_loss= 1.19403 val_acc= 0.69800 time= 0.02387
Test results: cost= 1.19593 accuracy= 0.72800 time= 0.01209
Epoch: 0134 train_loss= 0.37117 train_acc= 0.97500 val_loss= 1.19333 val_acc= 0.70000 time= 0.02397
Test results: cost= 1.19592 accuracy= 0.72600 time= 0.01193
Epoch: 0135 train_loss= 0.34328 train_acc= 0.98333 val_loss= 1.19118 val_acc= 0.70200 time= 0.02419
Test results: cost= 1.19473 accuracy= 0.72500 time= 0.01219
Epoch: 0136 train_loss= 0.38867 train_acc= 0.96667 val_loss= 1.19021 val_acc= 0.70200 time= 0.02457
Test results: cost= 1.19431 accuracy= 0.72500 time= 0.01201
Epoch: 0137 train_loss= 0.38596 train_acc= 0.96667 val_loss= 1.18839 val_acc= 0.70400 time= 0.02380
Test results: cost= 1.19300 accuracy= 0.72500 time= 0.01196
Epoch: 0138 train_loss= 0.38151 train_acc= 0.98333 val_loss= 1.18674 val_acc= 0.70400 time= 0.02413
Test results: cost= 1.19108 accuracy= 0.72600 time= 0.01217
Epoch: 0139 train_loss= 0.37792 train_acc= 0.96667 val_loss= 1.18494 val_acc= 0.70600 time= 0.02455
Test results: cost= 1.18834 accuracy= 0.72500 time= 0.01212
Epoch: 0140 train_loss= 0.35918 train_acc= 0.97500 val_loss= 1.18315 val_acc= 0.70600 time= 0.02417
Test results: cost= 1.18464 accuracy= 0.72800 time= 0.01205
Epoch: 0141 train_loss= 0.40211 train_acc= 0.95833 val_loss= 1.18240 val_acc= 0.70600 time= 0.02414
Test results: cost= 1.18140 accuracy= 0.72600 time= 0.01214
Epoch: 0142 train_loss= 0.33447 train_acc= 0.97500 val_loss= 1.18111 val_acc= 0.71000 time= 0.02468
Test results: cost= 1.17813 accuracy= 0.72400 time= 0.01198
Epoch: 0143 train_loss= 0.34407 train_acc= 0.99167 val_loss= 1.18061 val_acc= 0.71000 time= 0.02483
Test results: cost= 1.17575 accuracy= 0.72200 time= 0.01212
Epoch: 0144 train_loss= 0.36134 train_acc= 0.96667 val_loss= 1.18198 val_acc= 0.71200 time= 0.02426
Test results: cost= 1.17428 accuracy= 0.71500 time= 0.01185
Epoch: 0145 train_loss= 0.36640 train_acc= 0.95833 val_loss= 1.18360 val_acc= 0.70000 time= 0.02459
Test results: cost= 1.17310 accuracy= 0.71500 time= 0.01205
Epoch: 0146 train_loss= 0.34215 train_acc= 0.97500 val_loss= 1.18707 val_acc= 0.69200 time= 0.02471
Test results: cost= 1.17294 accuracy= 0.71400 time= 0.01191
Epoch: 0147 train_loss= 0.37075 train_acc= 0.97500 val_loss= 1.18808 val_acc= 0.68800 time= 0.02484
Test results: cost= 1.17286 accuracy= 0.71200 time= 0.01228
Epoch: 0148 train_loss= 0.35515 train_acc= 0.96667 val_loss= 1.18772 val_acc= 0.68400 time= 0.02524
Test results: cost= 1.17184 accuracy= 0.71100 time= 0.01212
Epoch: 0149 train_loss= 0.35303 train_acc= 0.97500 val_loss= 1.18742 val_acc= 0.68600 time= 0.02502
Test results: cost= 1.17099 accuracy= 0.71100 time= 0.01212
Epoch: 0150 train_loss= 0.38036 train_acc= 0.95833 val_loss= 1.18788 val_acc= 0.68400 time= 0.02429
Test results: cost= 1.17129 accuracy= 0.70900 time= 0.01206
Epoch: 0151 train_loss= 0.31149 train_acc= 0.98333 val_loss= 1.18673 val_acc= 0.68600 time= 0.02440
Test results: cost= 1.17089 accuracy= 0.71100 time= 0.01526
Epoch: 0152 train_loss= 0.32303 train_acc= 0.98333 val_loss= 1.18486 val_acc= 0.68800 time= 0.02451
Test results: cost= 1.17046 accuracy= 0.71500 time= 0.01190
Epoch: 0153 train_loss= 0.36673 train_acc= 0.96667 val_loss= 1.18272 val_acc= 0.69000 time= 0.02388
Test results: cost= 1.17014 accuracy= 0.71600 time= 0.01231
Epoch: 0154 train_loss= 0.34451 train_acc= 0.97500 val_loss= 1.18062 val_acc= 0.69800 time= 0.02529
Test results: cost= 1.17039 accuracy= 0.71900 time= 0.01223
Epoch: 0155 train_loss= 0.36665 train_acc= 0.95000 val_loss= 1.18000 val_acc= 0.69800 time= 0.02420
Test results: cost= 1.17183 accuracy= 0.72400 time= 0.01211
Epoch: 0156 train_loss= 0.34422 train_acc= 0.98333 val_loss= 1.17935 val_acc= 0.70000 time= 0.02463
Test results: cost= 1.17273 accuracy= 0.72400 time= 0.01202
Epoch: 0157 train_loss= 0.34574 train_acc= 0.99167 val_loss= 1.17998 val_acc= 0.70200 time= 0.02460
Test results: cost= 1.17341 accuracy= 0.72200 time= 0.01239
Epoch: 0158 train_loss= 0.37209 train_acc= 0.95833 val_loss= 1.18007 val_acc= 0.70600 time= 0.02511
Test results: cost= 1.17364 accuracy= 0.72400 time= 0.01209
Epoch: 0159 train_loss= 0.33216 train_acc= 0.98333 val_loss= 1.18069 val_acc= 0.70200 time= 0.02555
Test results: cost= 1.17396 accuracy= 0.72600 time= 0.01174
Epoch: 0160 train_loss= 0.37097 train_acc= 0.96667 val_loss= 1.18188 val_acc= 0.70000 time= 0.02412
Test results: cost= 1.17426 accuracy= 0.72800 time= 0.01211
Epoch: 0161 train_loss= 0.34854 train_acc= 0.97500 val_loss= 1.18121 val_acc= 0.69800 time= 0.02445
Test results: cost= 1.17313 accuracy= 0.72800 time= 0.01177
Epoch: 0162 train_loss= 0.35297 train_acc= 0.97500 val_loss= 1.17794 val_acc= 0.69800 time= 0.02412
Test results: cost= 1.17015 accuracy= 0.72700 time= 0.01182
Epoch: 0163 train_loss= 0.34896 train_acc= 0.98333 val_loss= 1.17438 val_acc= 0.69200 time= 0.02511
Test results: cost= 1.16692 accuracy= 0.72700 time= 0.01192
Epoch: 0164 train_loss= 0.34860 train_acc= 0.97500 val_loss= 1.16873 val_acc= 0.70000 time= 0.02514
Test results: cost= 1.16229 accuracy= 0.72600 time= 0.01183
Epoch: 0165 train_loss= 0.37709 train_acc= 0.96667 val_loss= 1.16584 val_acc= 0.70000 time= 0.02542
Test results: cost= 1.15941 accuracy= 0.72700 time= 0.01250
Epoch: 0166 train_loss= 0.38564 train_acc= 0.96667 val_loss= 1.16404 val_acc= 0.70400 time= 0.02441
Test results: cost= 1.15785 accuracy= 0.72700 time= 0.01230
Epoch: 0167 train_loss= 0.32708 train_acc= 0.97500 val_loss= 1.16226 val_acc= 0.70800 time= 0.02440
Test results: cost= 1.15669 accuracy= 0.72700 time= 0.01205
Epoch: 0168 train_loss= 0.33126 train_acc= 0.97500 val_loss= 1.16187 val_acc= 0.70600 time= 0.02489
Test results: cost= 1.15605 accuracy= 0.72600 time= 0.01214
Epoch: 0169 train_loss= 0.36159 train_acc= 0.95833 val_loss= 1.16308 val_acc= 0.70400 time= 0.02435
Test results: cost= 1.15640 accuracy= 0.72500 time= 0.01193
Epoch: 0170 train_loss= 0.35335 train_acc= 0.95833 val_loss= 1.16624 val_acc= 0.69800 time= 0.02418
Test results: cost= 1.15777 accuracy= 0.71900 time= 0.01218
Epoch: 0171 train_loss= 0.36838 train_acc= 0.95833 val_loss= 1.17007 val_acc= 0.70000 time= 0.02417
Test results: cost= 1.15910 accuracy= 0.71900 time= 0.01210
Epoch: 0172 train_loss= 0.31795 train_acc= 0.97500 val_loss= 1.17334 val_acc= 0.70400 time= 0.02428
Test results: cost= 1.16112 accuracy= 0.72200 time= 0.01208
Epoch: 0173 train_loss= 0.35378 train_acc= 0.97500 val_loss= 1.17578 val_acc= 0.70000 time= 0.02419
Test results: cost= 1.16351 accuracy= 0.71900 time= 0.01188
Epoch: 0174 train_loss= 0.34861 train_acc= 0.97500 val_loss= 1.17718 val_acc= 0.70000 time= 0.02443
Test results: cost= 1.16530 accuracy= 0.71800 time= 0.01165
Epoch: 0175 train_loss= 0.39089 train_acc= 0.95833 val_loss= 1.17905 val_acc= 0.70000 time= 0.02464
Test results: cost= 1.16764 accuracy= 0.71700 time= 0.01193
Epoch: 0176 train_loss= 0.31355 train_acc= 0.99167 val_loss= 1.18054 val_acc= 0.70000 time= 0.02418
Test results: cost= 1.16966 accuracy= 0.71800 time= 0.01199
Epoch: 0177 train_loss= 0.34543 train_acc= 0.98333 val_loss= 1.18165 val_acc= 0.70000 time= 0.02478
Test results: cost= 1.17186 accuracy= 0.72000 time= 0.01204
Epoch: 0178 train_loss= 0.32973 train_acc= 0.99167 val_loss= 1.18344 val_acc= 0.70000 time= 0.02423
Test results: cost= 1.17453 accuracy= 0.72000 time= 0.01221
Epoch: 0179 train_loss= 0.37524 train_acc= 0.96667 val_loss= 1.18444 val_acc= 0.70000 time= 0.02507
Test results: cost= 1.17688 accuracy= 0.72200 time= 0.01218
Epoch: 0180 train_loss= 0.31582 train_acc= 0.98333 val_loss= 1.18545 val_acc= 0.70000 time= 0.02429
Test results: cost= 1.17893 accuracy= 0.72200 time= 0.01215
Epoch: 0181 train_loss= 0.35271 train_acc= 0.96667 val_loss= 1.18527 val_acc= 0.69800 time= 0.02450
Test results: cost= 1.17963 accuracy= 0.72100 time= 0.01211
Epoch: 0182 train_loss= 0.33727 train_acc= 0.97500 val_loss= 1.18402 val_acc= 0.69800 time= 0.02373
Test results: cost= 1.17964 accuracy= 0.72200 time= 0.01236
Epoch: 0183 train_loss= 0.34289 train_acc= 0.95833 val_loss= 1.18314 val_acc= 0.70000 time= 0.02494
Test results: cost= 1.18057 accuracy= 0.72400 time= 0.01179
Epoch: 0184 train_loss= 0.35311 train_acc= 0.96667 val_loss= 1.18469 val_acc= 0.70200 time= 0.02513
Test results: cost= 1.18179 accuracy= 0.72400 time= 0.01219
Epoch: 0185 train_loss= 0.34456 train_acc= 0.95000 val_loss= 1.18517 val_acc= 0.70400 time= 0.02458
Test results: cost= 1.18299 accuracy= 0.72500 time= 0.01210
Epoch: 0186 train_loss= 0.36496 train_acc= 0.98333 val_loss= 1.18447 val_acc= 0.70600 time= 0.02451
Test results: cost= 1.18296 accuracy= 0.72400 time= 0.01172
Epoch: 0187 train_loss= 0.35507 train_acc= 0.96667 val_loss= 1.18318 val_acc= 0.70600 time= 0.02486
Test results: cost= 1.18361 accuracy= 0.72600 time= 0.01214
Epoch: 0188 train_loss= 0.31817 train_acc= 0.99167 val_loss= 1.18123 val_acc= 0.70400 time= 0.02465
Test results: cost= 1.18372 accuracy= 0.72500 time= 0.01218
Epoch: 0189 train_loss= 0.35536 train_acc= 0.97500 val_loss= 1.17923 val_acc= 0.70400 time= 0.02399
Test results: cost= 1.18265 accuracy= 0.72600 time= 0.01219
Epoch: 0190 train_loss= 0.32229 train_acc= 0.96667 val_loss= 1.17845 val_acc= 0.70600 time= 0.02427
Test results: cost= 1.18184 accuracy= 0.72700 time= 0.01205
Epoch: 0191 train_loss= 0.35774 train_acc= 0.96667 val_loss= 1.17885 val_acc= 0.70600 time= 0.02498
Test results: cost= 1.18162 accuracy= 0.72800 time= 0.01193
Epoch: 0192 train_loss= 0.36381 train_acc= 0.95833 val_loss= 1.18077 val_acc= 0.70800 time= 0.02438
Test results: cost= 1.18182 accuracy= 0.73100 time= 0.01213
Epoch: 0193 train_loss= 0.33312 train_acc= 0.97500 val_loss= 1.17999 val_acc= 0.70400 time= 0.02480
Test results: cost= 1.18109 accuracy= 0.73300 time= 0.01198
Epoch: 0194 train_loss= 0.32779 train_acc= 0.98333 val_loss= 1.17878 val_acc= 0.70200 time= 0.02477
Test results: cost= 1.18043 accuracy= 0.73200 time= 0.01215
Epoch: 0195 train_loss= 0.35058 train_acc= 0.97500 val_loss= 1.17750 val_acc= 0.70400 time= 0.02454
Test results: cost= 1.18021 accuracy= 0.73100 time= 0.01226
Epoch: 0196 train_loss= 0.38632 train_acc= 0.95833 val_loss= 1.17740 val_acc= 0.70600 time= 0.02450
Test results: cost= 1.17931 accuracy= 0.73000 time= 0.01204
Epoch: 0197 train_loss= 0.33746 train_acc= 0.96667 val_loss= 1.17562 val_acc= 0.70400 time= 0.02467
Test results: cost= 1.17678 accuracy= 0.73100 time= 0.01179
Epoch: 0198 train_loss= 0.38832 train_acc= 0.95833 val_loss= 1.17062 val_acc= 0.71000 time= 0.02391
Test results: cost= 1.17299 accuracy= 0.73000 time= 0.01220
Epoch: 0199 train_loss= 0.32448 train_acc= 0.99167 val_loss= 1.16706 val_acc= 0.70800 time= 0.02497
Test results: cost= 1.16983 accuracy= 0.72900 time= 0.01211
Epoch: 0200 train_loss= 0.36335 train_acc= 0.97500 val_loss= 1.16499 val_acc= 0.71400 time= 0.02508
Test results: cost= 1.16819 accuracy= 0.72700 time= 0.01197
Epoch: 0201 train_loss= 0.31699 train_acc= 0.97500 val_loss= 1.16195 val_acc= 0.71400 time= 0.02433
Test results: cost= 1.16652 accuracy= 0.72800 time= 0.01223
Epoch: 0202 train_loss= 0.33569 train_acc= 0.97500 val_loss= 1.15937 val_acc= 0.71600 time= 0.02518
Test results: cost= 1.16565 accuracy= 0.73200 time= 0.01494
Epoch: 0203 train_loss= 0.34757 train_acc= 0.96667 val_loss= 1.15990 val_acc= 0.71400 time= 0.02434
Test results: cost= 1.16566 accuracy= 0.73100 time= 0.01222
Epoch: 0204 train_loss= 0.33522 train_acc= 0.96667 val_loss= 1.16012 val_acc= 0.71200 time= 0.02576
Test results: cost= 1.16620 accuracy= 0.73000 time= 0.01230
Epoch: 0205 train_loss= 0.32097 train_acc= 0.97500 val_loss= 1.16154 val_acc= 0.71000 time= 0.02491
Test results: cost= 1.16682 accuracy= 0.72600 time= 0.01182
Epoch: 0206 train_loss= 0.35306 train_acc= 0.94167 val_loss= 1.16179 val_acc= 0.70800 time= 0.02387
Test results: cost= 1.16739 accuracy= 0.72300 time= 0.01202
Epoch: 0207 train_loss= 0.34584 train_acc= 0.97500 val_loss= 1.16189 val_acc= 0.71000 time= 0.02402
Test results: cost= 1.16788 accuracy= 0.72300 time= 0.01199
Epoch: 0208 train_loss= 0.34877 train_acc= 0.97500 val_loss= 1.16173 val_acc= 0.71000 time= 0.02504
Test results: cost= 1.16883 accuracy= 0.72500 time= 0.01203
Epoch: 0209 train_loss= 0.32899 train_acc= 0.98333 val_loss= 1.16303 val_acc= 0.71000 time= 0.02492
Test results: cost= 1.17015 accuracy= 0.72300 time= 0.01223
Epoch: 0210 train_loss= 0.31503 train_acc= 0.98333 val_loss= 1.16340 val_acc= 0.71000 time= 0.02409
Test results: cost= 1.17170 accuracy= 0.72200 time= 0.01228
Epoch: 0211 train_loss= 0.32028 train_acc= 0.98333 val_loss= 1.16320 val_acc= 0.71400 time= 0.02428
Test results: cost= 1.17263 accuracy= 0.72300 time= 0.01229
Epoch: 0212 train_loss= 0.31918 train_acc= 0.96667 val_loss= 1.16293 val_acc= 0.71800 time= 0.02641
Test results: cost= 1.17358 accuracy= 0.72200 time= 0.01217
Epoch: 0213 train_loss= 0.35467 train_acc= 0.99167 val_loss= 1.16202 val_acc= 0.71600 time= 0.02524
Test results: cost= 1.17382 accuracy= 0.72600 time= 0.01185
Epoch: 0214 train_loss= 0.32986 train_acc= 0.95833 val_loss= 1.16195 val_acc= 0.71400 time= 0.02430
Test results: cost= 1.17406 accuracy= 0.72700 time= 0.01233
Epoch: 0215 train_loss= 0.32400 train_acc= 0.98333 val_loss= 1.16180 val_acc= 0.71400 time= 0.02457
Test results: cost= 1.17451 accuracy= 0.72900 time= 0.01194
Epoch: 0216 train_loss= 0.35828 train_acc= 0.95833 val_loss= 1.16199 val_acc= 0.71400 time= 0.02415
Test results: cost= 1.17392 accuracy= 0.72700 time= 0.01176
Epoch: 0217 train_loss= 0.33444 train_acc= 0.97500 val_loss= 1.16203 val_acc= 0.71400 time= 0.02489
Test results: cost= 1.17306 accuracy= 0.72600 time= 0.01181
Epoch: 0218 train_loss= 0.33358 train_acc= 0.96667 val_loss= 1.16538 val_acc= 0.71000 time= 0.02585
Test results: cost= 1.17290 accuracy= 0.72300 time= 0.01171
Epoch: 0219 train_loss= 0.30287 train_acc= 1.00000 val_loss= 1.16928 val_acc= 0.71200 time= 0.02339
Test results: cost= 1.17320 accuracy= 0.72000 time= 0.01217
Epoch: 0220 train_loss= 0.30890 train_acc= 0.99167 val_loss= 1.17331 val_acc= 0.71000 time= 0.02417
Test results: cost= 1.17435 accuracy= 0.72100 time= 0.01202
Epoch: 0221 train_loss= 0.32596 train_acc= 0.97500 val_loss= 1.17432 val_acc= 0.71200 time= 0.02459
Test results: cost= 1.17423 accuracy= 0.72000 time= 0.01248
Epoch: 0222 train_loss= 0.34869 train_acc= 0.96667 val_loss= 1.17639 val_acc= 0.70800 time= 0.02445
Test results: cost= 1.17495 accuracy= 0.71800 time= 0.01215
Epoch: 0223 train_loss= 0.35456 train_acc= 0.95833 val_loss= 1.17780 val_acc= 0.70800 time= 0.02437
Test results: cost= 1.17499 accuracy= 0.72100 time= 0.01178
Epoch: 0224 train_loss= 0.35766 train_acc= 0.95000 val_loss= 1.17731 val_acc= 0.71000 time= 0.02477
Test results: cost= 1.17618 accuracy= 0.72000 time= 0.01179
Epoch: 0225 train_loss= 0.34442 train_acc= 0.98333 val_loss= 1.17618 val_acc= 0.70800 time= 0.02440
Test results: cost= 1.17779 accuracy= 0.71800 time= 0.01192
Epoch: 0226 train_loss= 0.32475 train_acc= 0.97500 val_loss= 1.17494 val_acc= 0.70800 time= 0.02467
Test results: cost= 1.17962 accuracy= 0.72300 time= 0.01520
Epoch: 0227 train_loss= 0.31799 train_acc= 0.98333 val_loss= 1.17370 val_acc= 0.70600 time= 0.02402
Test results: cost= 1.18171 accuracy= 0.72200 time= 0.01153
Epoch: 0228 train_loss= 0.34517 train_acc= 0.98333 val_loss= 1.17692 val_acc= 0.70600 time= 0.02505
Test results: cost= 1.18494 accuracy= 0.72400 time= 0.01212
Epoch: 0229 train_loss= 0.31427 train_acc= 0.98333 val_loss= 1.18171 val_acc= 0.70400 time= 0.02466
Test results: cost= 1.18825 accuracy= 0.72300 time= 0.01198
Epoch: 0230 train_loss= 0.30456 train_acc= 0.97500 val_loss= 1.18520 val_acc= 0.70200 time= 0.02436
Test results: cost= 1.18991 accuracy= 0.72100 time= 0.01200
Epoch: 0231 train_loss= 0.39877 train_acc= 0.95833 val_loss= 1.18815 val_acc= 0.70200 time= 0.02385
Test results: cost= 1.19019 accuracy= 0.72100 time= 0.01227
Epoch: 0232 train_loss= 0.30345 train_acc= 0.99167 val_loss= 1.19051 val_acc= 0.70200 time= 0.02523
Test results: cost= 1.19010 accuracy= 0.71800 time= 0.01214
Epoch: 0233 train_loss= 0.32638 train_acc= 0.96667 val_loss= 1.19164 val_acc= 0.70000 time= 0.02415
Test results: cost= 1.18953 accuracy= 0.71900 time= 0.01169
Epoch: 0234 train_loss= 0.32572 train_acc= 0.98333 val_loss= 1.19080 val_acc= 0.69800 time= 0.02461
Test results: cost= 1.18819 accuracy= 0.72200 time= 0.01166
Epoch: 0235 train_loss= 0.32721 train_acc= 0.97500 val_loss= 1.18837 val_acc= 0.69800 time= 0.02411
Test results: cost= 1.18563 accuracy= 0.72200 time= 0.01221
Epoch: 0236 train_loss= 0.34056 train_acc= 0.98333 val_loss= 1.18664 val_acc= 0.69800 time= 0.02510
Test results: cost= 1.18434 accuracy= 0.72300 time= 0.01201
Epoch: 0237 train_loss= 0.33167 train_acc= 0.97500 val_loss= 1.18471 val_acc= 0.70000 time= 0.02410
Test results: cost= 1.18217 accuracy= 0.72500 time= 0.01190
Epoch: 0238 train_loss= 0.32331 train_acc= 0.96667 val_loss= 1.18405 val_acc= 0.69400 time= 0.02454
Test results: cost= 1.18045 accuracy= 0.72300 time= 0.01195
Epoch: 0239 train_loss= 0.31547 train_acc= 0.96667 val_loss= 1.18459 val_acc= 0.69600 time= 0.02382
Test results: cost= 1.17994 accuracy= 0.72000 time= 0.01184
Epoch: 0240 train_loss= 0.32903 train_acc= 0.95000 val_loss= 1.18607 val_acc= 0.69600 time= 0.02468
Test results: cost= 1.18037 accuracy= 0.72000 time= 0.01221
Epoch: 0241 train_loss= 0.29485 train_acc= 0.97500 val_loss= 1.18916 val_acc= 0.68800 time= 0.02482
Test results: cost= 1.18167 accuracy= 0.71700 time= 0.01202
Epoch: 0242 train_loss= 0.31006 train_acc= 0.99167 val_loss= 1.19153 val_acc= 0.68800 time= 0.02448
Test results: cost= 1.18282 accuracy= 0.71600 time= 0.01224
Epoch: 0243 train_loss= 0.30432 train_acc= 0.98333 val_loss= 1.19332 val_acc= 0.68800 time= 0.02386
Test results: cost= 1.18352 accuracy= 0.71500 time= 0.01216
Epoch: 0244 train_loss= 0.37268 train_acc= 0.95000 val_loss= 1.19190 val_acc= 0.69600 time= 0.02432
Test results: cost= 1.18374 accuracy= 0.71800 time= 0.01200
Epoch: 0245 train_loss= 0.29583 train_acc= 0.97500 val_loss= 1.18986 val_acc= 0.69600 time= 0.02376
Test results: cost= 1.18398 accuracy= 0.71600 time= 0.01199
Epoch: 0246 train_loss= 0.28670 train_acc= 0.97500 val_loss= 1.18718 val_acc= 0.69800 time= 0.02416
Test results: cost= 1.18398 accuracy= 0.71600 time= 0.01210
Epoch: 0247 train_loss= 0.31522 train_acc= 0.95833 val_loss= 1.18294 val_acc= 0.70000 time= 0.02453
Test results: cost= 1.18295 accuracy= 0.71800 time= 0.01467
Epoch: 0248 train_loss= 0.29706 train_acc= 1.00000 val_loss= 1.17931 val_acc= 0.70200 time= 0.02432
Test results: cost= 1.18176 accuracy= 0.71800 time= 0.01216
Epoch: 0249 train_loss= 0.28889 train_acc= 0.98333 val_loss= 1.17770 val_acc= 0.70200 time= 0.02439
Test results: cost= 1.18137 accuracy= 0.72000 time= 0.01256
Epoch: 0250 train_loss= 0.35169 train_acc= 0.97500 val_loss= 1.17671 val_acc= 0.70400 time= 0.02449
Test results: cost= 1.18132 accuracy= 0.72100 time= 0.01206
Epoch: 0251 train_loss= 0.32757 train_acc= 0.97500 val_loss= 1.17444 val_acc= 0.70200 time= 0.02464
Test results: cost= 1.18067 accuracy= 0.71800 time= 0.01211
Epoch: 0252 train_loss= 0.30607 train_acc= 0.99167 val_loss= 1.17335 val_acc= 0.70000 time= 0.02384
Test results: cost= 1.18105 accuracy= 0.71700 time= 0.01219
Epoch: 0253 train_loss= 0.32922 train_acc= 0.97500 val_loss= 1.17255 val_acc= 0.70600 time= 0.02446
Test results: cost= 1.18115 accuracy= 0.71600 time= 0.01195
Epoch: 0254 train_loss= 0.32960 train_acc= 0.95833 val_loss= 1.16912 val_acc= 0.71000 time= 0.02565
Test results: cost= 1.17983 accuracy= 0.71600 time= 0.01231
Epoch: 0255 train_loss= 0.29107 train_acc= 0.97500 val_loss= 1.16550 val_acc= 0.71000 time= 0.02454
Test results: cost= 1.17840 accuracy= 0.71800 time= 0.01221
Epoch: 0256 train_loss= 0.30483 train_acc= 0.97500 val_loss= 1.16115 val_acc= 0.71000 time= 0.02451
Test results: cost= 1.17677 accuracy= 0.71800 time= 0.01195
Epoch: 0257 train_loss= 0.31116 train_acc= 0.99167 val_loss= 1.15760 val_acc= 0.70800 time= 0.02365
Test results: cost= 1.17574 accuracy= 0.71700 time= 0.01139
Epoch: 0258 train_loss= 0.28316 train_acc= 0.98333 val_loss= 1.15431 val_acc= 0.71200 time= 0.02416
Test results: cost= 1.17396 accuracy= 0.71800 time= 0.01224
Epoch: 0259 train_loss= 0.34461 train_acc= 0.96667 val_loss= 1.15222 val_acc= 0.71200 time= 0.02493
Test results: cost= 1.17383 accuracy= 0.71800 time= 0.01193
Epoch: 0260 train_loss= 0.32748 train_acc= 0.97500 val_loss= 1.15214 val_acc= 0.71600 time= 0.02434
Test results: cost= 1.17436 accuracy= 0.72000 time= 0.01201
Epoch: 0261 train_loss= 0.32495 train_acc= 0.95833 val_loss= 1.15293 val_acc= 0.71400 time= 0.02472
Test results: cost= 1.17548 accuracy= 0.71500 time= 0.01176
Epoch: 0262 train_loss= 0.32599 train_acc= 0.96667 val_loss= 1.15574 val_acc= 0.71000 time= 0.02404
Test results: cost= 1.17606 accuracy= 0.71200 time= 0.01221
Epoch: 0263 train_loss= 0.31918 train_acc= 0.99167 val_loss= 1.16057 val_acc= 0.70800 time= 0.02475
Test results: cost= 1.17751 accuracy= 0.71400 time= 0.01203
Epoch: 0264 train_loss= 0.31073 train_acc= 0.98333 val_loss= 1.16540 val_acc= 0.70200 time= 0.02502
Test results: cost= 1.17898 accuracy= 0.71500 time= 0.01213
Epoch: 0265 train_loss= 0.30564 train_acc= 0.96667 val_loss= 1.16949 val_acc= 0.70600 time= 0.02381
Test results: cost= 1.17974 accuracy= 0.71800 time= 0.01218
Epoch: 0266 train_loss= 0.28446 train_acc= 1.00000 val_loss= 1.17266 val_acc= 0.70800 time= 0.02449
Test results: cost= 1.18040 accuracy= 0.71600 time= 0.01206
Epoch: 0267 train_loss= 0.31434 train_acc= 0.96667 val_loss= 1.17403 val_acc= 0.70800 time= 0.02464
Test results: cost= 1.18030 accuracy= 0.71700 time= 0.01226
Epoch: 0268 train_loss= 0.33454 train_acc= 0.97500 val_loss= 1.17494 val_acc= 0.70600 time= 0.02414
Test results: cost= 1.17936 accuracy= 0.71400 time= 0.01202
Epoch: 0269 train_loss= 0.30976 train_acc= 0.97500 val_loss= 1.17579 val_acc= 0.70400 time= 0.02447
Test results: cost= 1.17914 accuracy= 0.71400 time= 0.01209
Epoch: 0270 train_loss= 0.32122 train_acc= 0.97500 val_loss= 1.17607 val_acc= 0.70200 time= 0.02395
Test results: cost= 1.17849 accuracy= 0.71300 time= 0.01182
Epoch: 0271 train_loss= 0.33707 train_acc= 0.97500 val_loss= 1.17510 val_acc= 0.70200 time= 0.02455
Test results: cost= 1.17718 accuracy= 0.71100 time= 0.01192
Epoch: 0272 train_loss= 0.29464 train_acc= 0.99167 val_loss= 1.17400 val_acc= 0.69400 time= 0.02423
Test results: cost= 1.17576 accuracy= 0.71000 time= 0.01209
Epoch: 0273 train_loss= 0.29264 train_acc= 0.97500 val_loss= 1.17289 val_acc= 0.69000 time= 0.02488
Test results: cost= 1.17387 accuracy= 0.70800 time= 0.01182
Epoch: 0274 train_loss= 0.30535 train_acc= 0.97500 val_loss= 1.17280 val_acc= 0.69400 time= 0.02485
Test results: cost= 1.17310 accuracy= 0.70800 time= 0.01244
Epoch: 0275 train_loss= 0.34310 train_acc= 0.96667 val_loss= 1.17503 val_acc= 0.68800 time= 0.02446
Test results: cost= 1.17295 accuracy= 0.70800 time= 0.01173
Epoch: 0276 train_loss= 0.33252 train_acc= 0.95833 val_loss= 1.17600 val_acc= 0.68800 time= 0.02519
Test results: cost= 1.17298 accuracy= 0.70900 time= 0.01220
Epoch: 0277 train_loss= 0.34697 train_acc= 0.95833 val_loss= 1.17807 val_acc= 0.70000 time= 0.02512
Test results: cost= 1.17396 accuracy= 0.71000 time= 0.01222
Epoch: 0278 train_loss= 0.28826 train_acc= 0.98333 val_loss= 1.17838 val_acc= 0.70000 time= 0.02442
Test results: cost= 1.17486 accuracy= 0.70800 time= 0.01170
Epoch: 0279 train_loss= 0.33902 train_acc= 0.96667 val_loss= 1.18011 val_acc= 0.70000 time= 0.02493
Test results: cost= 1.17721 accuracy= 0.70800 time= 0.01206
Epoch: 0280 train_loss= 0.27945 train_acc= 0.98333 val_loss= 1.18176 val_acc= 0.69200 time= 0.02428
Test results: cost= 1.17949 accuracy= 0.70900 time= 0.01201
Epoch: 0281 train_loss= 0.31562 train_acc= 0.97500 val_loss= 1.18256 val_acc= 0.69600 time= 0.02450
Test results: cost= 1.18149 accuracy= 0.71200 time= 0.01222
Epoch: 0282 train_loss= 0.30893 train_acc= 0.96667 val_loss= 1.18252 val_acc= 0.69800 time= 0.02438
Test results: cost= 1.18358 accuracy= 0.70900 time= 0.01198
Epoch: 0283 train_loss= 0.31104 train_acc= 0.96667 val_loss= 1.18229 val_acc= 0.69800 time= 0.02427
Test results: cost= 1.18511 accuracy= 0.71000 time= 0.01197
Epoch: 0284 train_loss= 0.33293 train_acc= 0.99167 val_loss= 1.17949 val_acc= 0.69600 time= 0.02462
Test results: cost= 1.18460 accuracy= 0.70800 time= 0.01187
Epoch: 0285 train_loss= 0.32403 train_acc= 0.97500 val_loss= 1.17505 val_acc= 0.70000 time= 0.02395
Test results: cost= 1.18367 accuracy= 0.70700 time= 0.01195
Epoch: 0286 train_loss= 0.32243 train_acc= 0.95833 val_loss= 1.17207 val_acc= 0.69400 time= 0.02386
Test results: cost= 1.18375 accuracy= 0.70700 time= 0.01218
Epoch: 0287 train_loss= 0.33891 train_acc= 0.95833 val_loss= 1.16774 val_acc= 0.69800 time= 0.02431
Test results: cost= 1.18226 accuracy= 0.70500 time= 0.01195
Epoch: 0288 train_loss= 0.28034 train_acc= 0.98333 val_loss= 1.16419 val_acc= 0.69600 time= 0.02582
Test results: cost= 1.18088 accuracy= 0.71400 time= 0.01209
Epoch: 0289 train_loss= 0.32994 train_acc= 0.96667 val_loss= 1.16025 val_acc= 0.70800 time= 0.02454
Test results: cost= 1.17901 accuracy= 0.71800 time= 0.01188
Epoch: 0290 train_loss= 0.30276 train_acc= 0.97500 val_loss= 1.15793 val_acc= 0.70800 time= 0.02434
Test results: cost= 1.17817 accuracy= 0.71800 time= 0.01212
Epoch: 0291 train_loss= 0.30039 train_acc= 1.00000 val_loss= 1.15565 val_acc= 0.70800 time= 0.02450
Test results: cost= 1.17666 accuracy= 0.72200 time= 0.01214
Epoch: 0292 train_loss= 0.33238 train_acc= 0.96667 val_loss= 1.15428 val_acc= 0.70800 time= 0.02578
Test results: cost= 1.17481 accuracy= 0.72200 time= 0.01182
Epoch: 0293 train_loss= 0.30652 train_acc= 0.97500 val_loss= 1.15399 val_acc= 0.70800 time= 0.02421
Test results: cost= 1.17404 accuracy= 0.72300 time= 0.01217
Epoch: 0294 train_loss= 0.31173 train_acc= 0.97500 val_loss= 1.15455 val_acc= 0.71200 time= 0.02441
Test results: cost= 1.17410 accuracy= 0.72400 time= 0.01181
Epoch: 0295 train_loss= 0.31645 train_acc= 0.98333 val_loss= 1.15487 val_acc= 0.70600 time= 0.02418
Test results: cost= 1.17371 accuracy= 0.72500 time= 0.01193
Epoch: 0296 train_loss= 0.29891 train_acc= 0.98333 val_loss= 1.15636 val_acc= 0.70400 time= 0.02478
Test results: cost= 1.17302 accuracy= 0.72600 time= 0.01219
Epoch: 0297 train_loss= 0.32551 train_acc= 0.96667 val_loss= 1.15802 val_acc= 0.70600 time= 0.02488
Test results: cost= 1.17224 accuracy= 0.72700 time= 0.01225
Epoch: 0298 train_loss= 0.30240 train_acc= 0.99167 val_loss= 1.16053 val_acc= 0.71000 time= 0.02460
Test results: cost= 1.17219 accuracy= 0.72800 time= 0.01201
Epoch: 0299 train_loss= 0.33162 train_acc= 0.97500 val_loss= 1.16067 val_acc= 0.71000 time= 0.02502
Test results: cost= 1.17164 accuracy= 0.73000 time= 0.01207
Epoch: 0300 train_loss= 0.33150 train_acc= 0.96667 val_loss= 1.15883 val_acc= 0.71400 time= 0.02433
Test results: cost= 1.17072 accuracy= 0.72800 time= 0.01200
Epoch: 0301 train_loss= 0.31715 train_acc= 0.98333 val_loss= 1.15791 val_acc= 0.70800 time= 0.02409
Test results: cost= 1.16979 accuracy= 0.72700 time= 0.01224
Epoch: 0302 train_loss= 0.28140 train_acc= 0.98333 val_loss= 1.15660 val_acc= 0.71000 time= 0.02456
Test results: cost= 1.16908 accuracy= 0.72500 time= 0.01238
Epoch: 0303 train_loss= 0.32999 train_acc= 0.97500 val_loss= 1.15806 val_acc= 0.70800 time= 0.02447
Test results: cost= 1.16932 accuracy= 0.72400 time= 0.01211
Epoch: 0304 train_loss= 0.35951 train_acc= 0.99167 val_loss= 1.15939 val_acc= 0.71000 time= 0.02438
Test results: cost= 1.17000 accuracy= 0.72500 time= 0.01236
Epoch: 0305 train_loss= 0.29165 train_acc= 0.98333 val_loss= 1.16120 val_acc= 0.70400 time= 0.02419
Test results: cost= 1.17104 accuracy= 0.72500 time= 0.01174
Epoch: 0306 train_loss= 0.35535 train_acc= 0.94167 val_loss= 1.16510 val_acc= 0.70400 time= 0.02399
Test results: cost= 1.17346 accuracy= 0.72600 time= 0.01197
Epoch: 0307 train_loss= 0.34164 train_acc= 0.95833 val_loss= 1.16689 val_acc= 0.70600 time= 0.02428
Test results: cost= 1.17540 accuracy= 0.72600 time= 0.01186
Epoch: 0308 train_loss= 0.32329 train_acc= 0.98333 val_loss= 1.17079 val_acc= 0.70600 time= 0.02431
Test results: cost= 1.17841 accuracy= 0.72600 time= 0.01198
Epoch: 0309 train_loss= 0.28896 train_acc= 0.97500 val_loss= 1.17375 val_acc= 0.70400 time= 0.02400
Test results: cost= 1.18036 accuracy= 0.72800 time= 0.01217
Epoch: 0310 train_loss= 0.32707 train_acc= 0.97500 val_loss= 1.17601 val_acc= 0.71200 time= 0.02395
Test results: cost= 1.18144 accuracy= 0.73000 time= 0.01211
Epoch: 0311 train_loss= 0.33140 train_acc= 0.97500 val_loss= 1.17884 val_acc= 0.70800 time= 0.02414
Test results: cost= 1.18276 accuracy= 0.72900 time= 0.01220
Epoch: 0312 train_loss= 0.33230 train_acc= 0.96667 val_loss= 1.17930 val_acc= 0.70800 time= 0.02425
Test results: cost= 1.18277 accuracy= 0.72600 time= 0.01211
Epoch: 0313 train_loss= 0.31424 train_acc= 0.96667 val_loss= 1.17899 val_acc= 0.71000 time= 0.02469
Test results: cost= 1.18230 accuracy= 0.72600 time= 0.01233
Epoch: 0314 train_loss= 0.32285 train_acc= 0.96667 val_loss= 1.17801 val_acc= 0.71600 time= 0.02400
Test results: cost= 1.18228 accuracy= 0.72300 time= 0.01207
Epoch: 0315 train_loss= 0.31269 train_acc= 0.98333 val_loss= 1.17660 val_acc= 0.71400 time= 0.02432
Test results: cost= 1.18194 accuracy= 0.72200 time= 0.01178
Epoch: 0316 train_loss= 0.33909 train_acc= 0.94167 val_loss= 1.17584 val_acc= 0.71400 time= 0.02415
Test results: cost= 1.18080 accuracy= 0.72100 time= 0.01172
Epoch: 0317 train_loss= 0.30472 train_acc= 0.98333 val_loss= 1.17466 val_acc= 0.71400 time= 0.02475
Test results: cost= 1.17956 accuracy= 0.71800 time= 0.01206
Epoch: 0318 train_loss= 0.31426 train_acc= 0.96667 val_loss= 1.17435 val_acc= 0.71200 time= 0.02477
Test results: cost= 1.17754 accuracy= 0.71900 time= 0.01222
Epoch: 0319 train_loss= 0.30416 train_acc= 0.97500 val_loss= 1.17375 val_acc= 0.71400 time= 0.02449
Test results: cost= 1.17535 accuracy= 0.72100 time= 0.01192
Epoch: 0320 train_loss= 0.33455 train_acc= 0.96667 val_loss= 1.17389 val_acc= 0.72000 time= 0.02550
Test results: cost= 1.17345 accuracy= 0.72400 time= 0.01200
Epoch: 0321 train_loss= 0.32957 train_acc= 0.97500 val_loss= 1.17416 val_acc= 0.71800 time= 0.02528
Test results: cost= 1.17191 accuracy= 0.72700 time= 0.01231
Epoch: 0322 train_loss= 0.30673 train_acc= 0.97500 val_loss= 1.17445 val_acc= 0.71400 time= 0.02488
Test results: cost= 1.17162 accuracy= 0.72700 time= 0.01225
Epoch: 0323 train_loss= 0.29874 train_acc= 0.99167 val_loss= 1.17545 val_acc= 0.70800 time= 0.02378
Test results: cost= 1.17206 accuracy= 0.72700 time= 0.01219
Epoch: 0324 train_loss= 0.32136 train_acc= 0.98333 val_loss= 1.17635 val_acc= 0.70400 time= 0.02457
Test results: cost= 1.17204 accuracy= 0.72900 time= 0.01193
Epoch: 0325 train_loss= 0.33952 train_acc= 0.96667 val_loss= 1.17588 val_acc= 0.70600 time= 0.02421
Test results: cost= 1.17117 accuracy= 0.72700 time= 0.01286
Epoch: 0326 train_loss= 0.34348 train_acc= 0.95833 val_loss= 1.17713 val_acc= 0.70200 time= 0.02454
Test results: cost= 1.17197 accuracy= 0.72500 time= 0.01202
Epoch: 0327 train_loss= 0.32662 train_acc= 0.96667 val_loss= 1.17692 val_acc= 0.70200 time= 0.02704
Test results: cost= 1.17247 accuracy= 0.72400 time= 0.01213
Epoch: 0328 train_loss= 0.31910 train_acc= 0.98333 val_loss= 1.17373 val_acc= 0.70600 time= 0.02452
Test results: cost= 1.17243 accuracy= 0.72400 time= 0.01208
Epoch: 0329 train_loss= 0.28524 train_acc= 1.00000 val_loss= 1.17036 val_acc= 0.70800 time= 0.02501
Test results: cost= 1.17208 accuracy= 0.72300 time= 0.01229
Epoch: 0330 train_loss= 0.29861 train_acc= 0.96667 val_loss= 1.16632 val_acc= 0.71800 time= 0.02462
Test results: cost= 1.17089 accuracy= 0.72200 time= 0.01203
Epoch: 0331 train_loss= 0.28949 train_acc= 0.98333 val_loss= 1.16101 val_acc= 0.71600 time= 0.02489
Test results: cost= 1.16838 accuracy= 0.72100 time= 0.01228
Epoch: 0332 train_loss= 0.34068 train_acc= 0.95833 val_loss= 1.16122 val_acc= 0.71200 time= 0.02516
Test results: cost= 1.16747 accuracy= 0.72200 time= 0.01204
Epoch: 0333 train_loss= 0.31597 train_acc= 0.97500 val_loss= 1.16064 val_acc= 0.71400 time= 0.02465
Test results: cost= 1.16614 accuracy= 0.71900 time= 0.01201
Epoch: 0334 train_loss= 0.30135 train_acc= 0.98333 val_loss= 1.16088 val_acc= 0.71000 time= 0.02426
Test results: cost= 1.16544 accuracy= 0.72100 time= 0.01235
Epoch: 0335 train_loss= 0.32340 train_acc= 0.98333 val_loss= 1.15998 val_acc= 0.71000 time= 0.02412
Test results: cost= 1.16516 accuracy= 0.72000 time= 0.01242
Epoch: 0336 train_loss= 0.35881 train_acc= 0.96667 val_loss= 1.15821 val_acc= 0.71400 time= 0.02514
Test results: cost= 1.16556 accuracy= 0.71300 time= 0.01193
Epoch: 0337 train_loss= 0.32399 train_acc= 0.98333 val_loss= 1.15826 val_acc= 0.71000 time= 0.02456
Test results: cost= 1.16748 accuracy= 0.71700 time= 0.01182
Epoch: 0338 train_loss= 0.29688 train_acc= 0.98333 val_loss= 1.15840 val_acc= 0.70600 time= 0.02417
Test results: cost= 1.16830 accuracy= 0.71600 time= 0.01229
Epoch: 0339 train_loss= 0.30636 train_acc= 0.99167 val_loss= 1.16066 val_acc= 0.70600 time= 0.02396
Test results: cost= 1.16959 accuracy= 0.71700 time= 0.01261
Epoch: 0340 train_loss= 0.30390 train_acc= 0.99167 val_loss= 1.16381 val_acc= 0.70800 time= 0.02432
Test results: cost= 1.17065 accuracy= 0.71800 time= 0.01247
Epoch: 0341 train_loss= 0.31251 train_acc= 0.98333 val_loss= 1.16515 val_acc= 0.70400 time= 0.02477
Test results: cost= 1.17149 accuracy= 0.71900 time= 0.01220
Epoch: 0342 train_loss= 0.28740 train_acc= 0.96667 val_loss= 1.16883 val_acc= 0.70200 time= 0.02494
Test results: cost= 1.17341 accuracy= 0.71800 time= 0.01235
Epoch: 0343 train_loss= 0.30621 train_acc= 0.97500 val_loss= 1.17260 val_acc= 0.69800 time= 0.02536
Test results: cost= 1.17504 accuracy= 0.72200 time= 0.01254
Epoch: 0344 train_loss= 0.32200 train_acc= 0.97500 val_loss= 1.17693 val_acc= 0.69000 time= 0.02487
Test results: cost= 1.17773 accuracy= 0.72000 time= 0.01244
Epoch: 0345 train_loss= 0.28405 train_acc= 0.99167 val_loss= 1.17996 val_acc= 0.69000 time= 0.02424
Test results: cost= 1.18004 accuracy= 0.72100 time= 0.01223
Epoch: 0346 train_loss= 0.29177 train_acc= 0.98333 val_loss= 1.17988 val_acc= 0.69000 time= 0.02511
Test results: cost= 1.18060 accuracy= 0.71600 time= 0.01241
Epoch: 0347 train_loss= 0.29101 train_acc= 0.97500 val_loss= 1.17793 val_acc= 0.69000 time= 0.02458
Test results: cost= 1.18052 accuracy= 0.71200 time= 0.01203
Epoch: 0348 train_loss= 0.27998 train_acc= 0.98333 val_loss= 1.17619 val_acc= 0.69600 time= 0.02404
Test results: cost= 1.18047 accuracy= 0.71400 time= 0.01223
Epoch: 0349 train_loss= 0.31909 train_acc= 0.97500 val_loss= 1.17388 val_acc= 0.69800 time= 0.02446
Test results: cost= 1.18111 accuracy= 0.71500 time= 0.01207
Epoch: 0350 train_loss= 0.29493 train_acc= 0.97500 val_loss= 1.17489 val_acc= 0.69200 time= 0.02640
Test results: cost= 1.18324 accuracy= 0.71600 time= 0.01196
Epoch: 0351 train_loss= 0.29585 train_acc= 0.99167 val_loss= 1.17535 val_acc= 0.69000 time= 0.02527
Test results: cost= 1.18484 accuracy= 0.71500 time= 0.01289
Epoch: 0352 train_loss= 0.30758 train_acc= 0.96667 val_loss= 1.17440 val_acc= 0.69000 time= 0.02607
Test results: cost= 1.18514 accuracy= 0.71400 time= 0.01194
Epoch: 0353 train_loss= 0.28588 train_acc= 0.98333 val_loss= 1.17338 val_acc= 0.69200 time= 0.02387
Test results: cost= 1.18511 accuracy= 0.71100 time= 0.01202
Epoch: 0354 train_loss= 0.29185 train_acc= 0.97500 val_loss= 1.17234 val_acc= 0.69400 time= 0.02404
Test results: cost= 1.18444 accuracy= 0.70900 time= 0.01227
Epoch: 0355 train_loss= 0.31388 train_acc= 0.96667 val_loss= 1.17170 val_acc= 0.69000 time= 0.02426
Test results: cost= 1.18297 accuracy= 0.70900 time= 0.01211
Epoch: 0356 train_loss= 0.32947 train_acc= 0.96667 val_loss= 1.16966 val_acc= 0.69200 time= 0.02448
Test results: cost= 1.18042 accuracy= 0.70800 time= 0.01185
Epoch: 0357 train_loss= 0.28484 train_acc= 0.98333 val_loss= 1.17073 val_acc= 0.69000 time= 0.02418
Test results: cost= 1.17951 accuracy= 0.70800 time= 0.01209
Epoch: 0358 train_loss= 0.31038 train_acc= 0.96667 val_loss= 1.17290 val_acc= 0.68800 time= 0.02447
Test results: cost= 1.18045 accuracy= 0.71000 time= 0.01214
Epoch: 0359 train_loss= 0.30153 train_acc= 0.97500 val_loss= 1.17441 val_acc= 0.68400 time= 0.02431
Test results: cost= 1.18142 accuracy= 0.70700 time= 0.01173
Epoch: 0360 train_loss= 0.32575 train_acc= 0.96667 val_loss= 1.17454 val_acc= 0.68600 time= 0.02390
Test results: cost= 1.18216 accuracy= 0.70600 time= 0.01200
Epoch: 0361 train_loss= 0.31389 train_acc= 0.96667 val_loss= 1.17251 val_acc= 0.68400 time= 0.02362
Test results: cost= 1.18218 accuracy= 0.70700 time= 0.01181
Epoch: 0362 train_loss= 0.27213 train_acc= 0.99167 val_loss= 1.17110 val_acc= 0.69000 time= 0.02426
Test results: cost= 1.18244 accuracy= 0.69700 time= 0.01180
Epoch: 0363 train_loss= 0.27956 train_acc= 0.99167 val_loss= 1.16951 val_acc= 0.69000 time= 0.02426
Test results: cost= 1.18156 accuracy= 0.69600 time= 0.01210
Epoch: 0364 train_loss= 0.29041 train_acc= 0.99167 val_loss= 1.16859 val_acc= 0.69200 time= 0.02488
Test results: cost= 1.18132 accuracy= 0.69600 time= 0.01211
Epoch: 0365 train_loss= 0.30262 train_acc= 0.96667 val_loss= 1.16713 val_acc= 0.69600 time= 0.02467
Test results: cost= 1.18061 accuracy= 0.69900 time= 0.01197
Epoch: 0366 train_loss= 0.30009 train_acc= 0.96667 val_loss= 1.16561 val_acc= 0.69600 time= 0.02446
Test results: cost= 1.18045 accuracy= 0.70000 time= 0.01202
Epoch: 0367 train_loss= 0.27349 train_acc= 0.96667 val_loss= 1.16360 val_acc= 0.69800 time= 0.02433
Test results: cost= 1.18030 accuracy= 0.70000 time= 0.01203
Epoch: 0368 train_loss= 0.28523 train_acc= 0.98333 val_loss= 1.16231 val_acc= 0.69800 time= 0.02399
Test results: cost= 1.18002 accuracy= 0.69800 time= 0.01178
Epoch: 0369 train_loss= 0.28009 train_acc= 0.99167 val_loss= 1.16076 val_acc= 0.70000 time= 0.02419
Test results: cost= 1.17970 accuracy= 0.69800 time= 0.01200
Epoch: 0370 train_loss= 0.27438 train_acc= 0.97500 val_loss= 1.15925 val_acc= 0.70000 time= 0.02430
Test results: cost= 1.17922 accuracy= 0.70100 time= 0.01208
Epoch: 0371 train_loss= 0.33094 train_acc= 0.96667 val_loss= 1.15769 val_acc= 0.70000 time= 0.02493
Test results: cost= 1.17984 accuracy= 0.70300 time= 0.01178
Epoch: 0372 train_loss= 0.26777 train_acc= 0.99167 val_loss= 1.15787 val_acc= 0.70200 time= 0.02447
Test results: cost= 1.18127 accuracy= 0.70200 time= 0.01172
Epoch: 0373 train_loss= 0.33549 train_acc= 0.94167 val_loss= 1.15654 val_acc= 0.69800 time= 0.02446
Test results: cost= 1.18255 accuracy= 0.70000 time= 0.01194
Epoch: 0374 train_loss= 0.33327 train_acc= 0.95833 val_loss= 1.15324 val_acc= 0.70200 time= 0.02359
Test results: cost= 1.18105 accuracy= 0.70100 time= 0.01184
Epoch: 0375 train_loss= 0.28391 train_acc= 0.99167 val_loss= 1.15040 val_acc= 0.70400 time= 0.02505
Test results: cost= 1.18038 accuracy= 0.70200 time= 0.01205
Epoch: 0376 train_loss= 0.28518 train_acc= 0.96667 val_loss= 1.14821 val_acc= 0.70400 time= 0.02467
Test results: cost= 1.18044 accuracy= 0.70100 time= 0.01185
Epoch: 0377 train_loss= 0.32637 train_acc= 0.95000 val_loss= 1.14613 val_acc= 0.70400 time= 0.02486
Test results: cost= 1.18281 accuracy= 0.70400 time= 0.01188
Epoch: 0378 train_loss= 0.32881 train_acc= 0.96667 val_loss= 1.14568 val_acc= 0.70600 time= 0.02415
Test results: cost= 1.18450 accuracy= 0.70400 time= 0.01203
Epoch: 0379 train_loss= 0.31231 train_acc= 0.97500 val_loss= 1.14670 val_acc= 0.71000 time= 0.02421
Test results: cost= 1.18561 accuracy= 0.70600 time= 0.01204
Epoch: 0380 train_loss= 0.33543 train_acc= 0.93333 val_loss= 1.14697 val_acc= 0.70800 time= 0.02356
Test results: cost= 1.18449 accuracy= 0.70600 time= 0.01180
Epoch: 0381 train_loss= 0.27112 train_acc= 1.00000 val_loss= 1.14692 val_acc= 0.71000 time= 0.02387
Test results: cost= 1.18306 accuracy= 0.70700 time= 0.01195
Epoch: 0382 train_loss= 0.31281 train_acc= 0.95833 val_loss= 1.14777 val_acc= 0.70800 time= 0.02396
Test results: cost= 1.18207 accuracy= 0.70700 time= 0.01195
Epoch: 0383 train_loss= 0.27941 train_acc= 0.98333 val_loss= 1.15059 val_acc= 0.70600 time= 0.02476
Test results: cost= 1.18199 accuracy= 0.71000 time= 0.01192
Epoch: 0384 train_loss= 0.30116 train_acc= 0.98333 val_loss= 1.15502 val_acc= 0.70800 time= 0.02467
Test results: cost= 1.18282 accuracy= 0.70900 time= 0.01181
Epoch: 0385 train_loss= 0.28940 train_acc= 0.99167 val_loss= 1.15857 val_acc= 0.70600 time= 0.02506
Test results: cost= 1.18353 accuracy= 0.70800 time= 0.01194
Epoch: 0386 train_loss= 0.35899 train_acc= 0.95833 val_loss= 1.16253 val_acc= 0.70000 time= 0.02423
Test results: cost= 1.18532 accuracy= 0.70500 time= 0.01179
Epoch: 0387 train_loss= 0.28345 train_acc= 0.98333 val_loss= 1.16687 val_acc= 0.69800 time= 0.02452
Test results: cost= 1.18720 accuracy= 0.70500 time= 0.01196
Epoch: 0388 train_loss= 0.28360 train_acc= 0.98333 val_loss= 1.16984 val_acc= 0.69000 time= 0.02430
Test results: cost= 1.18863 accuracy= 0.70600 time= 0.01180
Epoch: 0389 train_loss= 0.30528 train_acc= 0.98333 val_loss= 1.17256 val_acc= 0.69400 time= 0.02449
Test results: cost= 1.19054 accuracy= 0.70400 time= 0.01196
Epoch: 0390 train_loss= 0.30168 train_acc= 0.98333 val_loss= 1.17739 val_acc= 0.69200 time= 0.02376
Test results: cost= 1.19285 accuracy= 0.70400 time= 0.01203
Epoch: 0391 train_loss= 0.29647 train_acc= 0.98333 val_loss= 1.18100 val_acc= 0.69000 time= 0.02406
Test results: cost= 1.19518 accuracy= 0.70200 time= 0.01204
Epoch: 0392 train_loss= 0.29307 train_acc= 0.99167 val_loss= 1.18421 val_acc= 0.69000 time= 0.02410
Test results: cost= 1.19720 accuracy= 0.70300 time= 0.01195
Epoch: 0393 train_loss= 0.31287 train_acc= 0.98333 val_loss= 1.18506 val_acc= 0.69200 time= 0.02465
Test results: cost= 1.19884 accuracy= 0.70700 time= 0.01208
Epoch: 0394 train_loss= 0.28770 train_acc= 1.00000 val_loss= 1.18737 val_acc= 0.69000 time= 0.02393
Test results: cost= 1.20091 accuracy= 0.70700 time= 0.01178
Epoch: 0395 train_loss= 0.28759 train_acc= 0.97500 val_loss= 1.18688 val_acc= 0.68800 time= 0.02422
Test results: cost= 1.20180 accuracy= 0.70200 time= 0.01207
Epoch: 0396 train_loss= 0.28222 train_acc= 0.99167 val_loss= 1.18613 val_acc= 0.68800 time= 0.02486
Test results: cost= 1.20297 accuracy= 0.69900 time= 0.01194
Epoch: 0397 train_loss= 0.28647 train_acc= 0.98333 val_loss= 1.18488 val_acc= 0.69400 time= 0.02384
Test results: cost= 1.20286 accuracy= 0.69900 time= 0.01215
Epoch: 0398 train_loss= 0.29429 train_acc= 0.98333 val_loss= 1.18314 val_acc= 0.69600 time= 0.02387
Test results: cost= 1.20312 accuracy= 0.70200 time= 0.01185
Epoch: 0399 train_loss= 0.27368 train_acc= 0.98333 val_loss= 1.18083 val_acc= 0.70000 time= 0.02416
Test results: cost= 1.20272 accuracy= 0.70400 time= 0.01198
Epoch: 0400 train_loss= 0.28819 train_acc= 0.97500 val_loss= 1.17769 val_acc= 0.70400 time= 0.02398
Test results: cost= 1.20177 accuracy= 0.70500 time= 0.01141
Epoch: 0401 train_loss= 0.28685 train_acc= 0.98333 val_loss= 1.17547 val_acc= 0.70600 time= 0.02417
Test results: cost= 1.20076 accuracy= 0.70400 time= 0.01217
Epoch: 0402 train_loss= 0.29779 train_acc= 0.98333 val_loss= 1.17496 val_acc= 0.70600 time= 0.02436
Test results: cost= 1.19956 accuracy= 0.70800 time= 0.01209
Epoch: 0403 train_loss= 0.33928 train_acc= 0.95000 val_loss= 1.17293 val_acc= 0.70000 time= 0.02518
Test results: cost= 1.19682 accuracy= 0.71200 time= 0.01201
Epoch: 0404 train_loss= 0.29588 train_acc= 0.97500 val_loss= 1.17398 val_acc= 0.70000 time= 0.02440
Test results: cost= 1.19505 accuracy= 0.70900 time= 0.01180
Epoch: 0405 train_loss= 0.32401 train_acc= 0.98333 val_loss= 1.17569 val_acc= 0.69800 time= 0.02416
Test results: cost= 1.19307 accuracy= 0.70700 time= 0.01235
Epoch: 0406 train_loss= 0.28875 train_acc= 0.97500 val_loss= 1.17750 val_acc= 0.69800 time= 0.02426
Test results: cost= 1.19206 accuracy= 0.70600 time= 0.01179
Epoch: 0407 train_loss= 0.31886 train_acc= 0.96667 val_loss= 1.17933 val_acc= 0.70200 time= 0.02377
Test results: cost= 1.19055 accuracy= 0.70700 time= 0.01203
Epoch: 0408 train_loss= 0.26761 train_acc= 0.99167 val_loss= 1.17973 val_acc= 0.70200 time= 0.02435
Test results: cost= 1.18855 accuracy= 0.70900 time= 0.01196
Epoch: 0409 train_loss= 0.28108 train_acc= 0.99167 val_loss= 1.18008 val_acc= 0.70200 time= 0.02408
Test results: cost= 1.18700 accuracy= 0.70900 time= 0.01189
Epoch: 0410 train_loss= 0.28582 train_acc= 0.98333 val_loss= 1.17927 val_acc= 0.70400 time= 0.02475
Test results: cost= 1.18491 accuracy= 0.70400 time= 0.01211
Epoch: 0411 train_loss= 0.31148 train_acc= 0.95833 val_loss= 1.17628 val_acc= 0.70200 time= 0.02426
Test results: cost= 1.18306 accuracy= 0.70300 time= 0.01167
Epoch: 0412 train_loss= 0.34462 train_acc= 0.95833 val_loss= 1.17280 val_acc= 0.70200 time= 0.02444
Test results: cost= 1.18112 accuracy= 0.70700 time= 0.01204
Epoch: 0413 train_loss= 0.27721 train_acc= 0.98333 val_loss= 1.16970 val_acc= 0.69800 time= 0.02393
Test results: cost= 1.17910 accuracy= 0.70600 time= 0.01189
Epoch: 0414 train_loss= 0.30656 train_acc= 0.98333 val_loss= 1.16816 val_acc= 0.70000 time= 0.02437
Test results: cost= 1.17719 accuracy= 0.71000 time= 0.01195
Epoch: 0415 train_loss= 0.29900 train_acc= 0.98333 val_loss= 1.16759 val_acc= 0.70200 time= 0.02524
Test results: cost= 1.17661 accuracy= 0.71400 time= 0.01189
Epoch: 0416 train_loss= 0.29247 train_acc= 1.00000 val_loss= 1.16534 val_acc= 0.70400 time= 0.02387
Test results: cost= 1.17472 accuracy= 0.71200 time= 0.01173
Epoch: 0417 train_loss= 0.27102 train_acc= 1.00000 val_loss= 1.16297 val_acc= 0.70600 time= 0.02367
Test results: cost= 1.17260 accuracy= 0.71200 time= 0.01180
Epoch: 0418 train_loss= 0.27522 train_acc= 0.96667 val_loss= 1.16191 val_acc= 0.70800 time= 0.02420
Test results: cost= 1.17104 accuracy= 0.71200 time= 0.01189
Epoch: 0419 train_loss= 0.28268 train_acc= 0.98333 val_loss= 1.16157 val_acc= 0.70600 time= 0.02378
Test results: cost= 1.16989 accuracy= 0.71500 time= 0.01200
Epoch: 0420 train_loss= 0.29874 train_acc= 0.98333 val_loss= 1.16181 val_acc= 0.70800 time= 0.02424
Test results: cost= 1.16978 accuracy= 0.71300 time= 0.01176
Epoch: 0421 train_loss= 0.30282 train_acc= 0.98333 val_loss= 1.16342 val_acc= 0.70600 time= 0.02449
Test results: cost= 1.17063 accuracy= 0.71200 time= 0.01191
Epoch: 0422 train_loss= 0.29050 train_acc= 0.98333 val_loss= 1.16572 val_acc= 0.71000 time= 0.02391
Test results: cost= 1.17190 accuracy= 0.71200 time= 0.01198
Epoch: 0423 train_loss= 0.26145 train_acc= 1.00000 val_loss= 1.16819 val_acc= 0.70400 time= 0.02460
Test results: cost= 1.17386 accuracy= 0.71100 time= 0.01202
Epoch: 0424 train_loss= 0.30374 train_acc= 0.97500 val_loss= 1.16936 val_acc= 0.70200 time= 0.02416
Test results: cost= 1.17404 accuracy= 0.71300 time= 0.01210
Epoch: 0425 train_loss= 0.34215 train_acc= 0.97500 val_loss= 1.16845 val_acc= 0.70200 time= 0.02430
Test results: cost= 1.17310 accuracy= 0.71300 time= 0.01209
Epoch: 0426 train_loss= 0.28490 train_acc= 1.00000 val_loss= 1.16800 val_acc= 0.70200 time= 0.02449
Test results: cost= 1.17249 accuracy= 0.71300 time= 0.01193
Epoch: 0427 train_loss= 0.26733 train_acc= 0.98333 val_loss= 1.16705 val_acc= 0.70200 time= 0.02450
Test results: cost= 1.17161 accuracy= 0.71500 time= 0.01185
Epoch: 0428 train_loss= 0.27713 train_acc= 0.98333 val_loss= 1.16630 val_acc= 0.70600 time= 0.02422
Test results: cost= 1.17047 accuracy= 0.71700 time= 0.01204
Epoch: 0429 train_loss= 0.28657 train_acc= 0.99167 val_loss= 1.16587 val_acc= 0.70800 time= 0.02428
Test results: cost= 1.16942 accuracy= 0.71600 time= 0.01213
Epoch: 0430 train_loss= 0.28770 train_acc= 0.98333 val_loss= 1.16395 val_acc= 0.70600 time= 0.02484
Test results: cost= 1.16836 accuracy= 0.71800 time= 0.01222
Epoch: 0431 train_loss= 0.27018 train_acc= 0.99167 val_loss= 1.16154 val_acc= 0.70800 time= 0.02398
Test results: cost= 1.16741 accuracy= 0.71800 time= 0.01217
Epoch: 0432 train_loss= 0.29355 train_acc= 0.98333 val_loss= 1.16005 val_acc= 0.70400 time= 0.02397
Test results: cost= 1.16696 accuracy= 0.71700 time= 0.01221
Epoch: 0433 train_loss= 0.33603 train_acc= 0.95000 val_loss= 1.15970 val_acc= 0.70800 time= 0.02432
Test results: cost= 1.16650 accuracy= 0.71900 time= 0.01195
Epoch: 0434 train_loss= 0.29220 train_acc= 0.98333 val_loss= 1.15983 val_acc= 0.70800 time= 0.02481
Test results: cost= 1.16591 accuracy= 0.72000 time= 0.01197
Epoch: 0435 train_loss= 0.30844 train_acc= 0.96667 val_loss= 1.16405 val_acc= 0.70600 time= 0.02486
Test results: cost= 1.16620 accuracy= 0.71800 time= 0.01205
Epoch: 0436 train_loss= 0.30692 train_acc= 0.97500 val_loss= 1.16788 val_acc= 0.71400 time= 0.02381
Test results: cost= 1.16715 accuracy= 0.71700 time= 0.01216
Epoch: 0437 train_loss= 0.30992 train_acc= 0.95833 val_loss= 1.17186 val_acc= 0.70800 time= 0.02414
Test results: cost= 1.16985 accuracy= 0.71400 time= 0.01200
Epoch: 0438 train_loss= 0.26039 train_acc= 0.99167 val_loss= 1.17505 val_acc= 0.70800 time= 0.02390
Test results: cost= 1.17247 accuracy= 0.71500 time= 0.01169
Epoch: 0439 train_loss= 0.31020 train_acc= 0.97500 val_loss= 1.17674 val_acc= 0.71400 time= 0.02399
Test results: cost= 1.17420 accuracy= 0.71400 time= 0.01179
Epoch: 0440 train_loss= 0.30013 train_acc= 0.98333 val_loss= 1.17656 val_acc= 0.71200 time= 0.02417
Test results: cost= 1.17519 accuracy= 0.71800 time= 0.01180
Epoch: 0441 train_loss= 0.29531 train_acc= 0.96667 val_loss= 1.17529 val_acc= 0.71400 time= 0.02420
Test results: cost= 1.17567 accuracy= 0.71800 time= 0.01179
Epoch: 0442 train_loss= 0.29007 train_acc= 0.98333 val_loss= 1.17490 val_acc= 0.71400 time= 0.02411
Test results: cost= 1.17572 accuracy= 0.71400 time= 0.01206
Epoch: 0443 train_loss= 0.29542 train_acc= 0.96667 val_loss= 1.17452 val_acc= 0.72000 time= 0.02421
Test results: cost= 1.17592 accuracy= 0.71100 time= 0.01192
Epoch: 0444 train_loss= 0.28718 train_acc= 0.99167 val_loss= 1.17509 val_acc= 0.72200 time= 0.02380
Test results: cost= 1.17662 accuracy= 0.71200 time= 0.01195
Epoch: 0445 train_loss= 0.28945 train_acc= 0.99167 val_loss= 1.17501 val_acc= 0.71600 time= 0.02412
Test results: cost= 1.17756 accuracy= 0.71100 time= 0.01185
Epoch: 0446 train_loss= 0.29779 train_acc= 0.99167 val_loss= 1.17571 val_acc= 0.71800 time= 0.02451
Test results: cost= 1.17866 accuracy= 0.70900 time= 0.01204
Epoch: 0447 train_loss= 0.29365 train_acc= 0.98333 val_loss= 1.17606 val_acc= 0.71600 time= 0.02427
Test results: cost= 1.18000 accuracy= 0.70900 time= 0.01182
Epoch: 0448 train_loss= 0.31636 train_acc= 0.98333 val_loss= 1.17581 val_acc= 0.71000 time= 0.02433
Test results: cost= 1.17967 accuracy= 0.70900 time= 0.01189
Epoch: 0449 train_loss= 0.29398 train_acc= 0.99167 val_loss= 1.17698 val_acc= 0.70800 time= 0.02426
Test results: cost= 1.17978 accuracy= 0.71100 time= 0.01182
Epoch: 0450 train_loss= 0.32817 train_acc= 0.95833 val_loss= 1.18161 val_acc= 0.70600 time= 0.02446
Test results: cost= 1.17990 accuracy= 0.71000 time= 0.01198
Epoch: 0451 train_loss= 0.30846 train_acc= 0.97500 val_loss= 1.18675 val_acc= 0.70000 time= 0.02397
Test results: cost= 1.18059 accuracy= 0.70900 time= 0.01199
Epoch: 0452 train_loss= 0.30067 train_acc= 0.99167 val_loss= 1.19422 val_acc= 0.69400 time= 0.02420
Test results: cost= 1.18229 accuracy= 0.70700 time= 0.01207
Epoch: 0453 train_loss= 0.33409 train_acc= 0.96667 val_loss= 1.19965 val_acc= 0.69200 time= 0.02388
Test results: cost= 1.18415 accuracy= 0.70500 time= 0.01164
Epoch: 0454 train_loss= 0.29397 train_acc= 1.00000 val_loss= 1.20518 val_acc= 0.69200 time= 0.02394
Test results: cost= 1.18663 accuracy= 0.70200 time= 0.01185
Epoch: 0455 train_loss= 0.28418 train_acc= 1.00000 val_loss= 1.20934 val_acc= 0.68800 time= 0.02380
Test results: cost= 1.19005 accuracy= 0.70200 time= 0.01214
Epoch: 0456 train_loss= 0.28655 train_acc= 0.98333 val_loss= 1.21304 val_acc= 0.68600 time= 0.02407
Test results: cost= 1.19395 accuracy= 0.70300 time= 0.01189
Epoch: 0457 train_loss= 0.29852 train_acc= 0.98333 val_loss= 1.21552 val_acc= 0.68800 time= 0.02401
Test results: cost= 1.19784 accuracy= 0.70200 time= 0.01195
Epoch: 0458 train_loss= 0.29597 train_acc= 0.98333 val_loss= 1.21411 val_acc= 0.68800 time= 0.02392
Test results: cost= 1.19989 accuracy= 0.70200 time= 0.01198
Epoch: 0459 train_loss= 0.27138 train_acc= 0.99167 val_loss= 1.21125 val_acc= 0.68600 time= 0.02437
Test results: cost= 1.20103 accuracy= 0.70300 time= 0.01216
Epoch: 0460 train_loss= 0.32204 train_acc= 0.99167 val_loss= 1.20746 val_acc= 0.68400 time= 0.02424
Test results: cost= 1.20093 accuracy= 0.70800 time= 0.01228
Epoch: 0461 train_loss= 0.26718 train_acc= 0.99167 val_loss= 1.20565 val_acc= 0.68000 time= 0.02389
Test results: cost= 1.20093 accuracy= 0.70900 time= 0.01197
Epoch: 0462 train_loss= 0.27822 train_acc= 0.98333 val_loss= 1.20095 val_acc= 0.68000 time= 0.02485
Test results: cost= 1.19935 accuracy= 0.71200 time= 0.01219
Epoch: 0463 train_loss= 0.29707 train_acc= 0.98333 val_loss= 1.19601 val_acc= 0.68200 time= 0.02446
Test results: cost= 1.19778 accuracy= 0.71200 time= 0.01192
Epoch: 0464 train_loss= 0.28119 train_acc= 0.98333 val_loss= 1.19134 val_acc= 0.68800 time= 0.02390
Test results: cost= 1.19712 accuracy= 0.71400 time= 0.01174
Epoch: 0465 train_loss= 0.29784 train_acc= 0.98333 val_loss= 1.18802 val_acc= 0.69200 time= 0.02421
Test results: cost= 1.19616 accuracy= 0.71600 time= 0.01199
Epoch: 0466 train_loss= 0.28390 train_acc= 0.98333 val_loss= 1.18496 val_acc= 0.69000 time= 0.02441
Test results: cost= 1.19536 accuracy= 0.71400 time= 0.01212
Epoch: 0467 train_loss= 0.28285 train_acc= 0.98333 val_loss= 1.18196 val_acc= 0.68800 time= 0.02522
Test results: cost= 1.19465 accuracy= 0.71400 time= 0.01188
Epoch: 0468 train_loss= 0.27936 train_acc= 0.98333 val_loss= 1.18137 val_acc= 0.68400 time= 0.02427
Test results: cost= 1.19464 accuracy= 0.71100 time= 0.01192
Epoch: 0469 train_loss= 0.26400 train_acc= 0.98333 val_loss= 1.18415 val_acc= 0.68600 time= 0.02426
Test results: cost= 1.19494 accuracy= 0.70800 time= 0.01208
Epoch: 0470 train_loss= 0.29718 train_acc= 0.97500 val_loss= 1.18928 val_acc= 0.69200 time= 0.02402
Test results: cost= 1.19528 accuracy= 0.70800 time= 0.01188
Epoch: 0471 train_loss= 0.29860 train_acc= 0.96667 val_loss= 1.19321 val_acc= 0.69200 time= 0.02428
Test results: cost= 1.19552 accuracy= 0.70600 time= 0.01195
Epoch: 0472 train_loss= 0.28784 train_acc= 0.98333 val_loss= 1.19694 val_acc= 0.69200 time= 0.02401
Test results: cost= 1.19580 accuracy= 0.70500 time= 0.01182
Epoch: 0473 train_loss= 0.29912 train_acc= 0.98333 val_loss= 1.19873 val_acc= 0.69400 time= 0.02423
Test results: cost= 1.19460 accuracy= 0.70600 time= 0.01204
Epoch: 0474 train_loss= 0.28274 train_acc= 1.00000 val_loss= 1.19922 val_acc= 0.69200 time= 0.02422
Test results: cost= 1.19270 accuracy= 0.70400 time= 0.01182
Epoch: 0475 train_loss= 0.30896 train_acc= 0.97500 val_loss= 1.19619 val_acc= 0.69000 time= 0.02439
Test results: cost= 1.18799 accuracy= 0.70600 time= 0.01200
Epoch: 0476 train_loss= 0.29646 train_acc= 0.98333 val_loss= 1.19606 val_acc= 0.68800 time= 0.02416
Test results: cost= 1.18443 accuracy= 0.70500 time= 0.01193
Epoch: 0477 train_loss= 0.27874 train_acc= 0.98333 val_loss= 1.19571 val_acc= 0.68600 time= 0.02385
Test results: cost= 1.18172 accuracy= 0.70400 time= 0.01194
Epoch: 0478 train_loss= 0.31382 train_acc= 0.96667 val_loss= 1.19687 val_acc= 0.69200 time= 0.02431
Test results: cost= 1.18088 accuracy= 0.70400 time= 0.01190
Epoch: 0479 train_loss= 0.29199 train_acc= 0.99167 val_loss= 1.19713 val_acc= 0.69400 time= 0.02451
Test results: cost= 1.17993 accuracy= 0.70400 time= 0.01212
Epoch: 0480 train_loss= 0.28054 train_acc= 0.98333 val_loss= 1.19683 val_acc= 0.68800 time= 0.02425
Test results: cost= 1.17927 accuracy= 0.70600 time= 0.01167
Epoch: 0481 train_loss= 0.30636 train_acc= 0.98333 val_loss= 1.19718 val_acc= 0.68800 time= 0.02426
Test results: cost= 1.18033 accuracy= 0.70700 time= 0.01221
Epoch: 0482 train_loss= 0.28939 train_acc= 0.98333 val_loss= 1.19702 val_acc= 0.69000 time= 0.02435
Test results: cost= 1.18149 accuracy= 0.70700 time= 0.01198
Epoch: 0483 train_loss= 0.31923 train_acc= 0.98333 val_loss= 1.19750 val_acc= 0.69400 time= 0.02368
Test results: cost= 1.18231 accuracy= 0.70900 time= 0.01194
Epoch: 0484 train_loss= 0.30748 train_acc= 0.98333 val_loss= 1.19357 val_acc= 0.69200 time= 0.02456
Test results: cost= 1.18200 accuracy= 0.70700 time= 0.01214
Epoch: 0485 train_loss= 0.29941 train_acc= 0.98333 val_loss= 1.18810 val_acc= 0.69400 time= 0.02500
Test results: cost= 1.18187 accuracy= 0.70500 time= 0.01189
Epoch: 0486 train_loss= 0.28905 train_acc= 0.97500 val_loss= 1.18408 val_acc= 0.69600 time= 0.02427
Test results: cost= 1.18264 accuracy= 0.70600 time= 0.01226
Epoch: 0487 train_loss= 0.27027 train_acc= 0.99167 val_loss= 1.18065 val_acc= 0.69800 time= 0.02394
Test results: cost= 1.18314 accuracy= 0.70600 time= 0.01176
Epoch: 0488 train_loss= 0.28541 train_acc= 0.97500 val_loss= 1.18089 val_acc= 0.69400 time= 0.02503
Test results: cost= 1.18473 accuracy= 0.70600 time= 0.01184
Epoch: 0489 train_loss= 0.31733 train_acc= 0.95833 val_loss= 1.18136 val_acc= 0.70000 time= 0.02354
Test results: cost= 1.18659 accuracy= 0.70700 time= 0.01204
Epoch: 0490 train_loss= 0.27945 train_acc= 0.99167 val_loss= 1.18272 val_acc= 0.70000 time= 0.02428
Test results: cost= 1.18915 accuracy= 0.71000 time= 0.01224
Epoch: 0491 train_loss= 0.28407 train_acc= 0.97500 val_loss= 1.18252 val_acc= 0.70200 time= 0.02425
Test results: cost= 1.19092 accuracy= 0.70700 time= 0.01197
Epoch: 0492 train_loss= 0.30713 train_acc= 0.97500 val_loss= 1.18492 val_acc= 0.69800 time= 0.02638
Test results: cost= 1.19239 accuracy= 0.71100 time= 0.01209
Epoch: 0493 train_loss= 0.29910 train_acc= 0.96667 val_loss= 1.18711 val_acc= 0.69400 time= 0.02456
Test results: cost= 1.19267 accuracy= 0.70900 time= 0.01207
Epoch: 0494 train_loss= 0.27999 train_acc= 0.98333 val_loss= 1.19262 val_acc= 0.69600 time= 0.02552
Test results: cost= 1.19536 accuracy= 0.71100 time= 0.01207
Epoch: 0495 train_loss= 0.29589 train_acc= 0.98333 val_loss= 1.19729 val_acc= 0.69000 time= 0.02405
Test results: cost= 1.19734 accuracy= 0.70600 time= 0.01200
Epoch: 0496 train_loss= 0.33749 train_acc= 0.97500 val_loss= 1.20029 val_acc= 0.69200 time= 0.02406
Test results: cost= 1.19901 accuracy= 0.70700 time= 0.01184
Epoch: 0497 train_loss= 0.28485 train_acc= 0.99167 val_loss= 1.20310 val_acc= 0.69600 time= 0.02408
Test results: cost= 1.19995 accuracy= 0.71000 time= 0.01215
Epoch: 0498 train_loss= 0.29784 train_acc= 0.98333 val_loss= 1.20347 val_acc= 0.69400 time= 0.02433
Test results: cost= 1.19916 accuracy= 0.70800 time= 0.01207
Epoch: 0499 train_loss= 0.30765 train_acc= 0.98333 val_loss= 1.20137 val_acc= 0.69600 time= 0.02451
Test results: cost= 1.19606 accuracy= 0.70700 time= 0.01208
Epoch: 0500 train_loss= 0.27710 train_acc= 0.99167 val_loss= 1.19759 val_acc= 0.69600 time= 0.02462
Test results: cost= 1.19218 accuracy= 0.70500 time= 0.01187
best epoch: 443
best test: 0.7119997
Optimization Finished!
