
		{"dataset": "citeseer", "weight_decay": 0.0005, "hidden1": 16, "dropout": 0.5, "model": "gcn_mi", "train_ratio": 20, "epochs": 500}
citeseer
{'dataset': 'citeseer', 'model': 'gcn_mi', 'learning_rate': 0.01, 'epochs': 500, 'hidden1': 16, 'dropout': 0.5, 'weight_decay': 0.0005, 'early_stopping': 200, 'train_ratio': 20, 'repeat': 2}
500 500
Epoch: 0001 train_loss= 1.79637 train_acc= 0.15833 val_loss= 1.80077 val_acc= 0.44000 time= 0.05084
Test results: cost= 1.80051 accuracy= 0.46400 time= 0.01253
Epoch: 0002 train_loss= 1.77910 train_acc= 0.50000 val_loss= 1.78910 val_acc= 0.49000 time= 0.02727
Test results: cost= 1.78858 accuracy= 0.49800 time= 0.01282
Epoch: 0003 train_loss= 1.75621 train_acc= 0.58333 val_loss= 1.77792 val_acc= 0.48600 time= 0.02569
Test results: cost= 1.77694 accuracy= 0.50800 time= 0.01279
Epoch: 0004 train_loss= 1.73144 train_acc= 0.57500 val_loss= 1.76798 val_acc= 0.48200 time= 0.02623
Test results: cost= 1.76655 accuracy= 0.52200 time= 0.01249
Epoch: 0005 train_loss= 1.70895 train_acc= 0.60833 val_loss= 1.75842 val_acc= 0.49000 time= 0.02649
Test results: cost= 1.75669 accuracy= 0.52500 time= 0.01276
Epoch: 0006 train_loss= 1.68430 train_acc= 0.64167 val_loss= 1.74886 val_acc= 0.51600 time= 0.02543
Test results: cost= 1.74684 accuracy= 0.53200 time= 0.01284
Epoch: 0007 train_loss= 1.64987 train_acc= 0.68333 val_loss= 1.73931 val_acc= 0.52200 time= 0.02569
Test results: cost= 1.73695 accuracy= 0.54100 time= 0.01272
Epoch: 0008 train_loss= 1.63733 train_acc= 0.68333 val_loss= 1.72955 val_acc= 0.53200 time= 0.02549
Test results: cost= 1.72690 accuracy= 0.55400 time= 0.01259
Epoch: 0009 train_loss= 1.60101 train_acc= 0.67500 val_loss= 1.71983 val_acc= 0.55000 time= 0.02580
Test results: cost= 1.71680 accuracy= 0.56600 time= 0.01321
Epoch: 0010 train_loss= 1.56559 train_acc= 0.70000 val_loss= 1.71003 val_acc= 0.56800 time= 0.02525
Test results: cost= 1.70652 accuracy= 0.57800 time= 0.01276
Epoch: 0011 train_loss= 1.52314 train_acc= 0.73333 val_loss= 1.70022 val_acc= 0.58400 time= 0.02569
Test results: cost= 1.69620 accuracy= 0.58100 time= 0.01296
Epoch: 0012 train_loss= 1.49580 train_acc= 0.71667 val_loss= 1.69022 val_acc= 0.58800 time= 0.02570
Test results: cost= 1.68570 accuracy= 0.60100 time= 0.01295
Epoch: 0013 train_loss= 1.47299 train_acc= 0.75833 val_loss= 1.68006 val_acc= 0.60000 time= 0.02583
Test results: cost= 1.67503 accuracy= 0.61400 time= 0.01296
Epoch: 0014 train_loss= 1.42121 train_acc= 0.74167 val_loss= 1.66974 val_acc= 0.60800 time= 0.02586
Test results: cost= 1.66416 accuracy= 0.61800 time= 0.01268
Epoch: 0015 train_loss= 1.35201 train_acc= 0.75000 val_loss= 1.65912 val_acc= 0.61000 time= 0.02639
Test results: cost= 1.65296 accuracy= 0.62600 time= 0.01290
Epoch: 0016 train_loss= 1.35680 train_acc= 0.75000 val_loss= 1.64829 val_acc= 0.63400 time= 0.02620
Test results: cost= 1.64167 accuracy= 0.63400 time= 0.01263
Epoch: 0017 train_loss= 1.30345 train_acc= 0.75833 val_loss= 1.63725 val_acc= 0.64600 time= 0.02584
Test results: cost= 1.63021 accuracy= 0.64800 time= 0.01298
Epoch: 0018 train_loss= 1.27236 train_acc= 0.79167 val_loss= 1.62580 val_acc= 0.64800 time= 0.02601
Test results: cost= 1.61831 accuracy= 0.65300 time= 0.01266
Epoch: 0019 train_loss= 1.23113 train_acc= 0.77500 val_loss= 1.61401 val_acc= 0.66000 time= 0.02565
Test results: cost= 1.60609 accuracy= 0.66100 time= 0.01267
Epoch: 0020 train_loss= 1.17954 train_acc= 0.77500 val_loss= 1.60203 val_acc= 0.66200 time= 0.02579
Test results: cost= 1.59366 accuracy= 0.66700 time= 0.01256
Epoch: 0021 train_loss= 1.14995 train_acc= 0.78333 val_loss= 1.58993 val_acc= 0.66000 time= 0.02535
Test results: cost= 1.58114 accuracy= 0.67400 time= 0.01280
Epoch: 0022 train_loss= 1.10117 train_acc= 0.80000 val_loss= 1.57806 val_acc= 0.67000 time= 0.02588
Test results: cost= 1.56893 accuracy= 0.67500 time= 0.01265
Epoch: 0023 train_loss= 1.09305 train_acc= 0.80833 val_loss= 1.56622 val_acc= 0.67000 time= 0.02549
Test results: cost= 1.55681 accuracy= 0.67800 time= 0.01292
Epoch: 0024 train_loss= 1.08682 train_acc= 0.77500 val_loss= 1.55453 val_acc= 0.68200 time= 0.02572
Test results: cost= 1.54507 accuracy= 0.68100 time= 0.01278
Epoch: 0025 train_loss= 1.00656 train_acc= 0.81667 val_loss= 1.54287 val_acc= 0.68200 time= 0.02574
Test results: cost= 1.53367 accuracy= 0.68200 time= 0.01270
Epoch: 0026 train_loss= 1.00517 train_acc= 0.79167 val_loss= 1.53141 val_acc= 0.68600 time= 0.02565
Test results: cost= 1.52246 accuracy= 0.69100 time= 0.01262
Epoch: 0027 train_loss= 0.95544 train_acc= 0.82500 val_loss= 1.52028 val_acc= 0.69000 time= 0.02558
Test results: cost= 1.51167 accuracy= 0.69800 time= 0.01274
Epoch: 0028 train_loss= 0.92187 train_acc= 0.83333 val_loss= 1.50980 val_acc= 0.69000 time= 0.02571
Test results: cost= 1.50144 accuracy= 0.70000 time= 0.01286
Epoch: 0029 train_loss= 0.87905 train_acc= 0.82500 val_loss= 1.49948 val_acc= 0.68800 time= 0.02592
Test results: cost= 1.49161 accuracy= 0.69900 time= 0.01277
Epoch: 0030 train_loss= 0.89039 train_acc= 0.85833 val_loss= 1.48941 val_acc= 0.69000 time= 0.02632
Test results: cost= 1.48221 accuracy= 0.69800 time= 0.01269
Epoch: 0031 train_loss= 0.83706 train_acc= 0.90833 val_loss= 1.48007 val_acc= 0.68800 time= 0.02569
Test results: cost= 1.47348 accuracy= 0.69800 time= 0.01270
Epoch: 0032 train_loss= 0.83405 train_acc= 0.88333 val_loss= 1.47158 val_acc= 0.68200 time= 0.02571
Test results: cost= 1.46528 accuracy= 0.70100 time= 0.01299
Epoch: 0033 train_loss= 0.78983 train_acc= 0.90000 val_loss= 1.46330 val_acc= 0.67600 time= 0.02529
Test results: cost= 1.45736 accuracy= 0.69800 time= 0.01264
Epoch: 0034 train_loss= 0.82793 train_acc= 0.88333 val_loss= 1.45524 val_acc= 0.67800 time= 0.02548
Test results: cost= 1.44984 accuracy= 0.70000 time= 0.01296
Epoch: 0035 train_loss= 0.77513 train_acc= 0.93333 val_loss= 1.44740 val_acc= 0.67800 time= 0.02593
Test results: cost= 1.44234 accuracy= 0.70100 time= 0.01289
Epoch: 0036 train_loss= 0.73752 train_acc= 0.94167 val_loss= 1.44023 val_acc= 0.67800 time= 0.02563
Test results: cost= 1.43539 accuracy= 0.70100 time= 0.01286
Epoch: 0037 train_loss= 0.70384 train_acc= 0.94167 val_loss= 1.43378 val_acc= 0.68000 time= 0.02602
Test results: cost= 1.42909 accuracy= 0.70100 time= 0.01269
Epoch: 0038 train_loss= 0.73028 train_acc= 0.95000 val_loss= 1.42854 val_acc= 0.68200 time= 0.02552
Test results: cost= 1.42347 accuracy= 0.70000 time= 0.01264
Epoch: 0039 train_loss= 0.72264 train_acc= 0.94167 val_loss= 1.42314 val_acc= 0.68000 time= 0.02615
Test results: cost= 1.41763 accuracy= 0.70200 time= 0.01286
Epoch: 0040 train_loss= 0.64489 train_acc= 0.97500 val_loss= 1.41799 val_acc= 0.67800 time= 0.02551
Test results: cost= 1.41181 accuracy= 0.70300 time= 0.01260
Epoch: 0041 train_loss= 0.70168 train_acc= 0.94167 val_loss= 1.41301 val_acc= 0.67600 time= 0.02555
Test results: cost= 1.40630 accuracy= 0.70300 time= 0.01310
Epoch: 0042 train_loss= 0.67288 train_acc= 0.95833 val_loss= 1.40884 val_acc= 0.67800 time= 0.02580
Test results: cost= 1.40170 accuracy= 0.70200 time= 0.01251
Epoch: 0043 train_loss= 0.61845 train_acc= 0.95833 val_loss= 1.40449 val_acc= 0.67800 time= 0.02549
Test results: cost= 1.39749 accuracy= 0.70100 time= 0.01273
Epoch: 0044 train_loss= 0.60631 train_acc= 0.95833 val_loss= 1.40122 val_acc= 0.68400 time= 0.02533
Test results: cost= 1.39396 accuracy= 0.69700 time= 0.01288
Epoch: 0045 train_loss= 0.61213 train_acc= 0.95833 val_loss= 1.39774 val_acc= 0.68600 time= 0.02566
Test results: cost= 1.39053 accuracy= 0.69600 time= 0.01269
Epoch: 0046 train_loss= 0.54947 train_acc= 0.96667 val_loss= 1.39449 val_acc= 0.69000 time= 0.02567
Test results: cost= 1.38760 accuracy= 0.69800 time= 0.01288
Epoch: 0047 train_loss= 0.60647 train_acc= 0.95000 val_loss= 1.39121 val_acc= 0.69200 time= 0.02539
Test results: cost= 1.38431 accuracy= 0.69600 time= 0.01273
Epoch: 0048 train_loss= 0.58013 train_acc= 0.96667 val_loss= 1.38833 val_acc= 0.69000 time= 0.02532
Test results: cost= 1.38105 accuracy= 0.69400 time= 0.01300
Epoch: 0049 train_loss= 0.56501 train_acc= 0.96667 val_loss= 1.38461 val_acc= 0.69200 time= 0.02569
Test results: cost= 1.37724 accuracy= 0.69500 time= 0.01296
Epoch: 0050 train_loss= 0.58587 train_acc= 0.96667 val_loss= 1.37962 val_acc= 0.69600 time= 0.02583
Test results: cost= 1.37257 accuracy= 0.69500 time= 0.01270
Epoch: 0051 train_loss= 0.57918 train_acc= 0.95833 val_loss= 1.37518 val_acc= 0.69600 time= 0.02603
Test results: cost= 1.36838 accuracy= 0.69400 time= 0.01284
Epoch: 0052 train_loss= 0.55498 train_acc= 0.95833 val_loss= 1.37065 val_acc= 0.69800 time= 0.02551
Test results: cost= 1.36460 accuracy= 0.69400 time= 0.01302
Epoch: 0053 train_loss= 0.56373 train_acc= 0.95000 val_loss= 1.36758 val_acc= 0.70200 time= 0.02548
Test results: cost= 1.36139 accuracy= 0.69400 time= 0.01249
Epoch: 0054 train_loss= 0.55012 train_acc= 0.97500 val_loss= 1.36165 val_acc= 0.70200 time= 0.02570
Test results: cost= 1.35640 accuracy= 0.69500 time= 0.01278
Epoch: 0055 train_loss= 0.56915 train_acc= 0.94167 val_loss= 1.35775 val_acc= 0.70400 time= 0.02553
Test results: cost= 1.35305 accuracy= 0.69400 time= 0.01283
Epoch: 0056 train_loss= 0.57346 train_acc= 0.93333 val_loss= 1.35220 val_acc= 0.70200 time= 0.02565
Test results: cost= 1.34828 accuracy= 0.69400 time= 0.01276
Epoch: 0057 train_loss= 0.56394 train_acc= 0.94167 val_loss= 1.34786 val_acc= 0.70200 time= 0.02543
Test results: cost= 1.34386 accuracy= 0.69500 time= 0.01251
Epoch: 0058 train_loss= 0.54489 train_acc= 0.95833 val_loss= 1.34317 val_acc= 0.70400 time= 0.02604
Test results: cost= 1.33947 accuracy= 0.69300 time= 0.01283
Epoch: 0059 train_loss= 0.52641 train_acc= 0.95833 val_loss= 1.33758 val_acc= 0.70600 time= 0.02547
Test results: cost= 1.33445 accuracy= 0.69500 time= 0.01257
Epoch: 0060 train_loss= 0.51403 train_acc= 0.95833 val_loss= 1.33067 val_acc= 0.70400 time= 0.02538
Test results: cost= 1.32747 accuracy= 0.69700 time= 0.01253
Epoch: 0061 train_loss= 0.50630 train_acc= 0.96667 val_loss= 1.32337 val_acc= 0.70400 time= 0.02561
Test results: cost= 1.32065 accuracy= 0.70000 time= 0.01261
Epoch: 0062 train_loss= 0.51120 train_acc= 0.94167 val_loss= 1.31615 val_acc= 0.70400 time= 0.02597
Test results: cost= 1.31432 accuracy= 0.70100 time= 0.01297
Epoch: 0063 train_loss= 0.46292 train_acc= 0.97500 val_loss= 1.30893 val_acc= 0.70200 time= 0.02571
Test results: cost= 1.30775 accuracy= 0.70200 time= 0.01270
Epoch: 0064 train_loss= 0.48329 train_acc= 0.95833 val_loss= 1.30182 val_acc= 0.70800 time= 0.02581
Test results: cost= 1.30089 accuracy= 0.70200 time= 0.01285
Epoch: 0065 train_loss= 0.47922 train_acc= 0.94167 val_loss= 1.29580 val_acc= 0.70800 time= 0.02566
Test results: cost= 1.29439 accuracy= 0.70100 time= 0.01278
Epoch: 0066 train_loss= 0.47476 train_acc= 0.95833 val_loss= 1.29137 val_acc= 0.71400 time= 0.02602
Test results: cost= 1.28899 accuracy= 0.70400 time= 0.01286
Epoch: 0067 train_loss= 0.53875 train_acc= 0.96667 val_loss= 1.28718 val_acc= 0.71600 time= 0.02570
Test results: cost= 1.28349 accuracy= 0.70700 time= 0.01247
Epoch: 0068 train_loss= 0.48086 train_acc= 0.95833 val_loss= 1.28497 val_acc= 0.71200 time= 0.02492
Test results: cost= 1.27923 accuracy= 0.70800 time= 0.01282
Epoch: 0069 train_loss= 0.47639 train_acc= 0.95000 val_loss= 1.28269 val_acc= 0.71200 time= 0.02508
Test results: cost= 1.27497 accuracy= 0.70800 time= 0.01278
Epoch: 0070 train_loss= 0.47897 train_acc= 0.97500 val_loss= 1.28087 val_acc= 0.71200 time= 0.04344
Test results: cost= 1.27160 accuracy= 0.70500 time= 0.01446
Epoch: 0071 train_loss= 0.44295 train_acc= 0.96667 val_loss= 1.28012 val_acc= 0.71000 time= 0.02759
Test results: cost= 1.26955 accuracy= 0.70100 time= 0.01283
Epoch: 0072 train_loss= 0.46262 train_acc= 0.94167 val_loss= 1.28047 val_acc= 0.70600 time= 0.02578
Test results: cost= 1.26861 accuracy= 0.70200 time= 0.01288
Epoch: 0073 train_loss= 0.45185 train_acc= 0.95833 val_loss= 1.28054 val_acc= 0.70600 time= 0.02604
Test results: cost= 1.26779 accuracy= 0.70400 time= 0.01256
Epoch: 0074 train_loss= 0.44556 train_acc= 0.96667 val_loss= 1.27991 val_acc= 0.70600 time= 0.02515
Test results: cost= 1.26615 accuracy= 0.70600 time= 0.01288
Epoch: 0075 train_loss= 0.50605 train_acc= 0.95000 val_loss= 1.28105 val_acc= 0.70400 time= 0.02573
Test results: cost= 1.26630 accuracy= 0.70400 time= 0.01273
Epoch: 0076 train_loss= 0.42153 train_acc= 0.95000 val_loss= 1.28038 val_acc= 0.70200 time= 0.02650
Test results: cost= 1.26538 accuracy= 0.70300 time= 0.01277
Epoch: 0077 train_loss= 0.41810 train_acc= 0.98333 val_loss= 1.27899 val_acc= 0.69800 time= 0.02577
Test results: cost= 1.26386 accuracy= 0.70100 time= 0.01272
Epoch: 0078 train_loss= 0.42499 train_acc= 0.97500 val_loss= 1.27655 val_acc= 0.69800 time= 0.02532
Test results: cost= 1.26147 accuracy= 0.70000 time= 0.01279
Epoch: 0079 train_loss= 0.44729 train_acc= 0.96667 val_loss= 1.27371 val_acc= 0.70000 time= 0.02602
Test results: cost= 1.25867 accuracy= 0.70200 time= 0.01284
Epoch: 0080 train_loss= 0.43182 train_acc= 0.95833 val_loss= 1.26972 val_acc= 0.70200 time= 0.02564
Test results: cost= 1.25472 accuracy= 0.70400 time= 0.01283
Epoch: 0081 train_loss= 0.43099 train_acc= 0.98333 val_loss= 1.26496 val_acc= 0.71000 time= 0.02517
Test results: cost= 1.25071 accuracy= 0.70400 time= 0.01277
Epoch: 0082 train_loss= 0.39857 train_acc= 0.96667 val_loss= 1.26061 val_acc= 0.70600 time= 0.02574
Test results: cost= 1.24736 accuracy= 0.70400 time= 0.01284
Epoch: 0083 train_loss= 0.44307 train_acc= 0.95833 val_loss= 1.25537 val_acc= 0.70800 time= 0.02614
Test results: cost= 1.24394 accuracy= 0.70500 time= 0.01293
Epoch: 0084 train_loss= 0.43601 train_acc= 0.97500 val_loss= 1.24930 val_acc= 0.71000 time= 0.02536
Test results: cost= 1.24003 accuracy= 0.70700 time= 0.01289
Epoch: 0085 train_loss= 0.44852 train_acc= 0.95000 val_loss= 1.24439 val_acc= 0.71400 time= 0.02623
Test results: cost= 1.23680 accuracy= 0.70800 time= 0.01311
Epoch: 0086 train_loss= 0.44588 train_acc= 0.95833 val_loss= 1.23985 val_acc= 0.71600 time= 0.02568
Test results: cost= 1.23396 accuracy= 0.71000 time= 0.01303
Epoch: 0087 train_loss= 0.46317 train_acc= 0.98333 val_loss= 1.23653 val_acc= 0.71800 time= 0.02581
Test results: cost= 1.23121 accuracy= 0.71000 time= 0.01292
Epoch: 0088 train_loss= 0.39703 train_acc= 0.98333 val_loss= 1.23249 val_acc= 0.72000 time= 0.02618
Test results: cost= 1.22832 accuracy= 0.71300 time= 0.01288
Epoch: 0089 train_loss= 0.47043 train_acc= 0.93333 val_loss= 1.22729 val_acc= 0.72200 time= 0.02569
Test results: cost= 1.22380 accuracy= 0.71300 time= 0.01255
Epoch: 0090 train_loss= 0.39291 train_acc= 0.97500 val_loss= 1.22306 val_acc= 0.72600 time= 0.02508
Test results: cost= 1.21907 accuracy= 0.71500 time= 0.01301
Epoch: 0091 train_loss= 0.38861 train_acc= 0.98333 val_loss= 1.21833 val_acc= 0.72800 time= 0.02622
Test results: cost= 1.21310 accuracy= 0.71600 time= 0.01280
Epoch: 0092 train_loss= 0.43429 train_acc= 0.96667 val_loss= 1.21441 val_acc= 0.73000 time= 0.02623
Test results: cost= 1.20795 accuracy= 0.71500 time= 0.01281
Epoch: 0093 train_loss= 0.39812 train_acc= 0.95833 val_loss= 1.20923 val_acc= 0.73000 time= 0.02648
Test results: cost= 1.20220 accuracy= 0.71700 time= 0.01262
Epoch: 0094 train_loss= 0.39035 train_acc= 0.97500 val_loss= 1.20627 val_acc= 0.73000 time= 0.02574
Test results: cost= 1.19859 accuracy= 0.71900 time= 0.01301
Epoch: 0095 train_loss= 0.40917 train_acc= 0.95833 val_loss= 1.20499 val_acc= 0.72400 time= 0.02544
Test results: cost= 1.19651 accuracy= 0.72100 time= 0.01288
Epoch: 0096 train_loss= 0.40833 train_acc= 0.98333 val_loss= 1.20415 val_acc= 0.72200 time= 0.02524
Test results: cost= 1.19507 accuracy= 0.72500 time= 0.01293
Epoch: 0097 train_loss= 0.37600 train_acc= 0.97500 val_loss= 1.20341 val_acc= 0.72200 time= 0.02551
Test results: cost= 1.19401 accuracy= 0.72200 time= 0.01254
Epoch: 0098 train_loss= 0.40586 train_acc= 0.95000 val_loss= 1.20310 val_acc= 0.72400 time= 0.02552
Test results: cost= 1.19317 accuracy= 0.72100 time= 0.01259
Epoch: 0099 train_loss= 0.37290 train_acc= 0.99167 val_loss= 1.20184 val_acc= 0.71800 time= 0.02581
Test results: cost= 1.19211 accuracy= 0.72000 time= 0.01271
Epoch: 0100 train_loss= 0.37133 train_acc= 0.99167 val_loss= 1.20135 val_acc= 0.71800 time= 0.02621
Test results: cost= 1.19179 accuracy= 0.72100 time= 0.01287
Epoch: 0101 train_loss= 0.44922 train_acc= 0.95000 val_loss= 1.20047 val_acc= 0.72000 time= 0.02598
Test results: cost= 1.19178 accuracy= 0.72100 time= 0.01310
Epoch: 0102 train_loss= 0.37408 train_acc= 0.97500 val_loss= 1.20217 val_acc= 0.72000 time= 0.02659
Test results: cost= 1.19278 accuracy= 0.71800 time= 0.01257
Epoch: 0103 train_loss= 0.37729 train_acc= 0.96667 val_loss= 1.20393 val_acc= 0.71800 time= 0.02641
Test results: cost= 1.19406 accuracy= 0.71500 time= 0.01279
Epoch: 0104 train_loss= 0.39032 train_acc= 0.96667 val_loss= 1.20592 val_acc= 0.71600 time= 0.02588
Test results: cost= 1.19539 accuracy= 0.71200 time= 0.01298
Epoch: 0105 train_loss= 0.35087 train_acc= 0.98333 val_loss= 1.20914 val_acc= 0.70800 time= 0.02634
Test results: cost= 1.19755 accuracy= 0.70900 time= 0.01288
Epoch: 0106 train_loss= 0.41784 train_acc= 0.95000 val_loss= 1.21226 val_acc= 0.70600 time= 0.02597
Test results: cost= 1.19967 accuracy= 0.70800 time= 0.01303
Epoch: 0107 train_loss= 0.38134 train_acc= 0.97500 val_loss= 1.21442 val_acc= 0.70000 time= 0.02615
Test results: cost= 1.20115 accuracy= 0.70800 time= 0.01276
Epoch: 0108 train_loss= 0.38968 train_acc= 0.96667 val_loss= 1.21745 val_acc= 0.69800 time= 0.02706
Test results: cost= 1.20323 accuracy= 0.70600 time= 0.01308
Epoch: 0109 train_loss= 0.37298 train_acc= 0.97500 val_loss= 1.22041 val_acc= 0.70200 time= 0.02573
Test results: cost= 1.20495 accuracy= 0.70400 time= 0.01286
Epoch: 0110 train_loss= 0.37522 train_acc= 0.98333 val_loss= 1.22262 val_acc= 0.70000 time= 0.02562
Test results: cost= 1.20597 accuracy= 0.70500 time= 0.01254
Epoch: 0111 train_loss= 0.40343 train_acc= 0.95000 val_loss= 1.22466 val_acc= 0.69400 time= 0.02538
Test results: cost= 1.20646 accuracy= 0.70800 time= 0.01273
Epoch: 0112 train_loss= 0.36284 train_acc= 0.97500 val_loss= 1.22470 val_acc= 0.69800 time= 0.02587
Test results: cost= 1.20621 accuracy= 0.70700 time= 0.01248
Epoch: 0113 train_loss= 0.37397 train_acc= 0.97500 val_loss= 1.22260 val_acc= 0.69200 time= 0.02573
Test results: cost= 1.20454 accuracy= 0.70900 time= 0.01237
Epoch: 0114 train_loss= 0.37468 train_acc= 0.97500 val_loss= 1.21981 val_acc= 0.70000 time= 0.02711
Test results: cost= 1.20351 accuracy= 0.70900 time= 0.01292
Epoch: 0115 train_loss= 0.39982 train_acc= 0.95833 val_loss= 1.21452 val_acc= 0.70600 time= 0.02614
Test results: cost= 1.20060 accuracy= 0.71000 time= 0.01250
Epoch: 0116 train_loss= 0.34954 train_acc= 0.96667 val_loss= 1.20969 val_acc= 0.70800 time= 0.02617
Test results: cost= 1.19760 accuracy= 0.70900 time= 0.01267
Epoch: 0117 train_loss= 0.34724 train_acc= 0.97500 val_loss= 1.20578 val_acc= 0.70600 time= 0.02675
Test results: cost= 1.19527 accuracy= 0.70800 time= 0.01616
Epoch: 0118 train_loss= 0.37913 train_acc= 0.98333 val_loss= 1.20267 val_acc= 0.70800 time= 0.02552
Test results: cost= 1.19187 accuracy= 0.71000 time= 0.01263
Epoch: 0119 train_loss= 0.37017 train_acc= 0.97500 val_loss= 1.20097 val_acc= 0.70800 time= 0.02575
Test results: cost= 1.18916 accuracy= 0.71500 time= 0.01290
Epoch: 0120 train_loss= 0.35281 train_acc= 0.97500 val_loss= 1.19950 val_acc= 0.71000 time= 0.02565
Test results: cost= 1.18730 accuracy= 0.71200 time= 0.01257
Epoch: 0121 train_loss= 0.34315 train_acc= 0.98333 val_loss= 1.20124 val_acc= 0.70800 time= 0.02690
Test results: cost= 1.18764 accuracy= 0.71100 time= 0.01263
Epoch: 0122 train_loss= 0.35003 train_acc= 0.97500 val_loss= 1.20520 val_acc= 0.70800 time= 0.02619
Test results: cost= 1.18982 accuracy= 0.71100 time= 0.01298
Epoch: 0123 train_loss= 0.35649 train_acc= 0.97500 val_loss= 1.21015 val_acc= 0.70200 time= 0.02568
Test results: cost= 1.19250 accuracy= 0.70700 time= 0.01252
Epoch: 0124 train_loss= 0.36441 train_acc= 0.96667 val_loss= 1.21533 val_acc= 0.69800 time= 0.02624
Test results: cost= 1.19558 accuracy= 0.70500 time= 0.01293
Epoch: 0125 train_loss= 0.37076 train_acc= 0.97500 val_loss= 1.21967 val_acc= 0.69800 time= 0.02595
Test results: cost= 1.19807 accuracy= 0.70000 time= 0.01303
Epoch: 0126 train_loss= 0.38938 train_acc= 0.95833 val_loss= 1.22277 val_acc= 0.70000 time= 0.02600
Test results: cost= 1.20059 accuracy= 0.70100 time= 0.01276
Epoch: 0127 train_loss= 0.37757 train_acc= 0.95833 val_loss= 1.22248 val_acc= 0.70000 time= 0.02579
Test results: cost= 1.20052 accuracy= 0.70300 time= 0.01288
Epoch: 0128 train_loss= 0.34465 train_acc= 0.98333 val_loss= 1.22000 val_acc= 0.70400 time= 0.02725
Test results: cost= 1.19969 accuracy= 0.70500 time= 0.01275
Epoch: 0129 train_loss= 0.35149 train_acc= 0.96667 val_loss= 1.21747 val_acc= 0.70600 time= 0.02527
Test results: cost= 1.19848 accuracy= 0.70400 time= 0.01301
Epoch: 0130 train_loss= 0.42299 train_acc= 0.94167 val_loss= 1.21420 val_acc= 0.70400 time= 0.02597
Test results: cost= 1.19647 accuracy= 0.70500 time= 0.01263
Epoch: 0131 train_loss= 0.37523 train_acc= 0.95000 val_loss= 1.20966 val_acc= 0.70400 time= 0.02592
Test results: cost= 1.19433 accuracy= 0.70900 time= 0.01259
Epoch: 0132 train_loss= 0.34542 train_acc= 0.95833 val_loss= 1.20513 val_acc= 0.70800 time= 0.02578
Test results: cost= 1.19177 accuracy= 0.70900 time= 0.01281
Epoch: 0133 train_loss= 0.36649 train_acc= 0.95833 val_loss= 1.20247 val_acc= 0.71000 time= 0.02615
Test results: cost= 1.18957 accuracy= 0.70900 time= 0.01317
Epoch: 0134 train_loss= 0.37421 train_acc= 0.98333 val_loss= 1.20070 val_acc= 0.70800 time= 0.02624
Test results: cost= 1.18710 accuracy= 0.71100 time= 0.01297
Epoch: 0135 train_loss= 0.33673 train_acc= 0.96667 val_loss= 1.19798 val_acc= 0.71400 time= 0.02605
Test results: cost= 1.18369 accuracy= 0.71300 time= 0.01291
Epoch: 0136 train_loss= 0.37284 train_acc= 0.95833 val_loss= 1.19513 val_acc= 0.71800 time= 0.02612
Test results: cost= 1.18099 accuracy= 0.71200 time= 0.01310
Epoch: 0137 train_loss= 0.35757 train_acc= 0.97500 val_loss= 1.19222 val_acc= 0.71400 time= 0.02614
Test results: cost= 1.17929 accuracy= 0.71200 time= 0.01303
Epoch: 0138 train_loss= 0.35760 train_acc= 0.98333 val_loss= 1.19004 val_acc= 0.71400 time= 0.02597
Test results: cost= 1.17765 accuracy= 0.71300 time= 0.01293
Epoch: 0139 train_loss= 0.34580 train_acc= 0.97500 val_loss= 1.18881 val_acc= 0.71600 time= 0.02540
Test results: cost= 1.17694 accuracy= 0.71600 time= 0.01259
Epoch: 0140 train_loss= 0.38032 train_acc= 0.94167 val_loss= 1.19001 val_acc= 0.71600 time= 0.02590
Test results: cost= 1.17651 accuracy= 0.71500 time= 0.01303
Epoch: 0141 train_loss= 0.36370 train_acc= 0.95833 val_loss= 1.19195 val_acc= 0.71400 time= 0.02654
Test results: cost= 1.17696 accuracy= 0.71600 time= 0.01293
Epoch: 0142 train_loss= 0.35321 train_acc= 0.97500 val_loss= 1.19303 val_acc= 0.71400 time= 0.02636
Test results: cost= 1.17646 accuracy= 0.71700 time= 0.01298
Epoch: 0143 train_loss= 0.34087 train_acc= 0.96667 val_loss= 1.19321 val_acc= 0.71400 time= 0.02554
Test results: cost= 1.17496 accuracy= 0.71200 time= 0.01284
Epoch: 0144 train_loss= 0.36327 train_acc= 0.95833 val_loss= 1.19294 val_acc= 0.71200 time= 0.02519
Test results: cost= 1.17324 accuracy= 0.71400 time= 0.01276
Epoch: 0145 train_loss= 0.32562 train_acc= 0.98333 val_loss= 1.19138 val_acc= 0.71800 time= 0.02608
Test results: cost= 1.17079 accuracy= 0.71300 time= 0.01274
Epoch: 0146 train_loss= 0.37264 train_acc= 0.95833 val_loss= 1.18961 val_acc= 0.72000 time= 0.02573
Test results: cost= 1.16760 accuracy= 0.71300 time= 0.01279
Epoch: 0147 train_loss= 0.35646 train_acc= 0.97500 val_loss= 1.18818 val_acc= 0.72200 time= 0.02558
Test results: cost= 1.16559 accuracy= 0.71300 time= 0.01285
Epoch: 0148 train_loss= 0.35294 train_acc= 0.95833 val_loss= 1.18732 val_acc= 0.72200 time= 0.02569
Test results: cost= 1.16404 accuracy= 0.71300 time= 0.01300
Epoch: 0149 train_loss= 0.35600 train_acc= 0.97500 val_loss= 1.18566 val_acc= 0.72200 time= 0.02608
Test results: cost= 1.16216 accuracy= 0.71400 time= 0.01271
Epoch: 0150 train_loss= 0.34410 train_acc= 0.97500 val_loss= 1.18430 val_acc= 0.72600 time= 0.02560
Test results: cost= 1.16087 accuracy= 0.71900 time= 0.01278
Epoch: 0151 train_loss= 0.35876 train_acc= 0.95833 val_loss= 1.18244 val_acc= 0.72800 time= 0.02578
Test results: cost= 1.16025 accuracy= 0.71600 time= 0.01272
Epoch: 0152 train_loss= 0.34508 train_acc= 0.97500 val_loss= 1.18164 val_acc= 0.72600 time= 0.02608
Test results: cost= 1.16073 accuracy= 0.71700 time= 0.01262
Epoch: 0153 train_loss= 0.35553 train_acc= 0.96667 val_loss= 1.18267 val_acc= 0.72000 time= 0.02576
Test results: cost= 1.16311 accuracy= 0.71600 time= 0.01288
Epoch: 0154 train_loss= 0.35294 train_acc= 0.96667 val_loss= 1.18334 val_acc= 0.72000 time= 0.02640
Test results: cost= 1.16483 accuracy= 0.71300 time= 0.01277
Epoch: 0155 train_loss= 0.32568 train_acc= 0.98333 val_loss= 1.18240 val_acc= 0.72000 time= 0.02560
Test results: cost= 1.16506 accuracy= 0.71500 time= 0.01282
Epoch: 0156 train_loss= 0.30327 train_acc= 0.99167 val_loss= 1.18211 val_acc= 0.72400 time= 0.02594
Test results: cost= 1.16528 accuracy= 0.71500 time= 0.01277
Epoch: 0157 train_loss= 0.34287 train_acc= 0.96667 val_loss= 1.18288 val_acc= 0.72800 time= 0.02622
Test results: cost= 1.16570 accuracy= 0.71600 time= 0.01288
Epoch: 0158 train_loss= 0.32922 train_acc= 0.99167 val_loss= 1.18488 val_acc= 0.72400 time= 0.02529
Test results: cost= 1.16703 accuracy= 0.71500 time= 0.01267
Epoch: 0159 train_loss= 0.34310 train_acc= 0.96667 val_loss= 1.18720 val_acc= 0.72400 time= 0.02573
Test results: cost= 1.16859 accuracy= 0.71500 time= 0.01271
Epoch: 0160 train_loss= 0.37306 train_acc= 0.99167 val_loss= 1.19121 val_acc= 0.72400 time= 0.02598
Test results: cost= 1.17094 accuracy= 0.71300 time= 0.01289
Epoch: 0161 train_loss= 0.32966 train_acc= 0.98333 val_loss= 1.19503 val_acc= 0.72600 time= 0.02577
Test results: cost= 1.17345 accuracy= 0.71600 time= 0.01257
Epoch: 0162 train_loss= 0.31220 train_acc= 0.97500 val_loss= 1.19861 val_acc= 0.72400 time= 0.02608
Test results: cost= 1.17602 accuracy= 0.71400 time= 0.01262
Epoch: 0163 train_loss= 0.33829 train_acc= 0.97500 val_loss= 1.20093 val_acc= 0.72000 time= 0.02578
Test results: cost= 1.17827 accuracy= 0.71400 time= 0.01276
Epoch: 0164 train_loss= 0.32659 train_acc= 0.98333 val_loss= 1.20212 val_acc= 0.71800 time= 0.02604
Test results: cost= 1.17932 accuracy= 0.71200 time= 0.01288
Epoch: 0165 train_loss= 0.35706 train_acc= 0.95833 val_loss= 1.20572 val_acc= 0.71600 time= 0.02593
Test results: cost= 1.17989 accuracy= 0.71100 time= 0.01306
Epoch: 0166 train_loss= 0.30548 train_acc= 0.98333 val_loss= 1.20864 val_acc= 0.70400 time= 0.02616
Test results: cost= 1.18031 accuracy= 0.71000 time= 0.01275
Epoch: 0167 train_loss= 0.31927 train_acc= 0.99167 val_loss= 1.21057 val_acc= 0.70600 time= 0.02557
Test results: cost= 1.18108 accuracy= 0.71000 time= 0.01281
Epoch: 0168 train_loss= 0.34330 train_acc= 0.98333 val_loss= 1.21269 val_acc= 0.70400 time= 0.02608
Test results: cost= 1.18259 accuracy= 0.71000 time= 0.01291
Epoch: 0169 train_loss= 0.33151 train_acc= 0.96667 val_loss= 1.21445 val_acc= 0.70600 time= 0.02678
Test results: cost= 1.18466 accuracy= 0.70900 time= 0.01293
Epoch: 0170 train_loss= 0.33479 train_acc= 0.98333 val_loss= 1.21412 val_acc= 0.70600 time= 0.02618
Test results: cost= 1.18536 accuracy= 0.71000 time= 0.01291
Epoch: 0171 train_loss= 0.33786 train_acc= 0.95000 val_loss= 1.21404 val_acc= 0.71000 time= 0.02670
Test results: cost= 1.18703 accuracy= 0.71000 time= 0.01296
Epoch: 0172 train_loss= 0.31397 train_acc= 0.98333 val_loss= 1.21143 val_acc= 0.71200 time= 0.02677
Test results: cost= 1.18609 accuracy= 0.71200 time= 0.01285
Epoch: 0173 train_loss= 0.33203 train_acc= 0.97500 val_loss= 1.20711 val_acc= 0.72200 time= 0.02595
Test results: cost= 1.18407 accuracy= 0.71400 time= 0.01289
Epoch: 0174 train_loss= 0.37768 train_acc= 0.96667 val_loss= 1.20175 val_acc= 0.72200 time= 0.02588
Test results: cost= 1.18161 accuracy= 0.71700 time= 0.01290
Epoch: 0175 train_loss= 0.33774 train_acc= 0.97500 val_loss= 1.19864 val_acc= 0.72400 time= 0.02569
Test results: cost= 1.18044 accuracy= 0.71700 time= 0.01294
Epoch: 0176 train_loss= 0.31720 train_acc= 0.97500 val_loss= 1.19794 val_acc= 0.72200 time= 0.02602
Test results: cost= 1.18203 accuracy= 0.71500 time= 0.01288
Epoch: 0177 train_loss= 0.35809 train_acc= 0.95833 val_loss= 1.19829 val_acc= 0.72400 time= 0.02559
Test results: cost= 1.18518 accuracy= 0.71000 time= 0.01285
Epoch: 0178 train_loss= 0.31365 train_acc= 0.98333 val_loss= 1.19970 val_acc= 0.72400 time= 0.02618
Test results: cost= 1.18875 accuracy= 0.70700 time= 0.01292
Epoch: 0179 train_loss= 0.32595 train_acc= 0.98333 val_loss= 1.20094 val_acc= 0.72600 time= 0.02591
Test results: cost= 1.19192 accuracy= 0.70500 time= 0.01295
Epoch: 0180 train_loss= 0.33347 train_acc= 0.98333 val_loss= 1.20220 val_acc= 0.72400 time= 0.02610
Test results: cost= 1.19388 accuracy= 0.70100 time= 0.01286
Epoch: 0181 train_loss= 0.28614 train_acc= 0.97500 val_loss= 1.20246 val_acc= 0.72000 time= 0.02570
Test results: cost= 1.19443 accuracy= 0.70200 time= 0.01295
Epoch: 0182 train_loss= 0.35697 train_acc= 0.96667 val_loss= 1.20349 val_acc= 0.72000 time= 0.02586
Test results: cost= 1.19444 accuracy= 0.70500 time= 0.01273
Epoch: 0183 train_loss= 0.29704 train_acc= 0.99167 val_loss= 1.20389 val_acc= 0.72000 time= 0.02613
Test results: cost= 1.19442 accuracy= 0.70500 time= 0.01296
Epoch: 0184 train_loss= 0.37115 train_acc= 0.95833 val_loss= 1.20622 val_acc= 0.71800 time= 0.02576
Test results: cost= 1.19414 accuracy= 0.70400 time= 0.01286
Epoch: 0185 train_loss= 0.29241 train_acc= 0.98333 val_loss= 1.20794 val_acc= 0.71400 time= 0.02544
Test results: cost= 1.19303 accuracy= 0.70400 time= 0.01298
Epoch: 0186 train_loss= 0.32711 train_acc= 0.98333 val_loss= 1.20909 val_acc= 0.70400 time= 0.02574
Test results: cost= 1.19192 accuracy= 0.70700 time= 0.01288
Epoch: 0187 train_loss= 0.32719 train_acc= 0.98333 val_loss= 1.21198 val_acc= 0.70200 time= 0.02557
Test results: cost= 1.19190 accuracy= 0.70700 time= 0.01291
Epoch: 0188 train_loss= 0.37996 train_acc= 0.96667 val_loss= 1.21412 val_acc= 0.69400 time= 0.02556
Test results: cost= 1.19207 accuracy= 0.70700 time= 0.01294
Epoch: 0189 train_loss= 0.30168 train_acc= 0.97500 val_loss= 1.21772 val_acc= 0.69400 time= 0.02583
Test results: cost= 1.19336 accuracy= 0.70900 time= 0.01283
Epoch: 0190 train_loss= 0.35557 train_acc= 0.95000 val_loss= 1.21776 val_acc= 0.69400 time= 0.02542
Test results: cost= 1.19162 accuracy= 0.70900 time= 0.01266
Epoch: 0191 train_loss= 0.32756 train_acc= 0.97500 val_loss= 1.21858 val_acc= 0.69400 time= 0.02637
Test results: cost= 1.19071 accuracy= 0.70600 time= 0.01292
Epoch: 0192 train_loss= 0.34012 train_acc= 0.96667 val_loss= 1.21619 val_acc= 0.70200 time= 0.02596
Test results: cost= 1.18756 accuracy= 0.70600 time= 0.01274
Epoch: 0193 train_loss= 0.30482 train_acc= 0.97500 val_loss= 1.21327 val_acc= 0.70400 time= 0.02576
Test results: cost= 1.18425 accuracy= 0.70600 time= 0.01304
Epoch: 0194 train_loss= 0.33363 train_acc= 0.97500 val_loss= 1.20971 val_acc= 0.70400 time= 0.02553
Test results: cost= 1.18069 accuracy= 0.70700 time= 0.01289
Epoch: 0195 train_loss= 0.30504 train_acc= 0.98333 val_loss= 1.20608 val_acc= 0.71600 time= 0.02596
Test results: cost= 1.17711 accuracy= 0.70800 time= 0.01267
Epoch: 0196 train_loss= 0.35502 train_acc= 0.99167 val_loss= 1.20392 val_acc= 0.72000 time= 0.02569
Test results: cost= 1.17388 accuracy= 0.70800 time= 0.01284
Epoch: 0197 train_loss= 0.32774 train_acc= 0.96667 val_loss= 1.20108 val_acc= 0.71800 time= 0.02575
Test results: cost= 1.17060 accuracy= 0.70700 time= 0.01294
Epoch: 0198 train_loss= 0.30146 train_acc= 0.97500 val_loss= 1.19868 val_acc= 0.72400 time= 0.02562
Test results: cost= 1.16755 accuracy= 0.70900 time= 0.01252
Epoch: 0199 train_loss= 0.30445 train_acc= 0.97500 val_loss= 1.19937 val_acc= 0.72400 time= 0.02590
Test results: cost= 1.16702 accuracy= 0.70700 time= 0.01271
Epoch: 0200 train_loss= 0.30723 train_acc= 0.98333 val_loss= 1.20190 val_acc= 0.72600 time= 0.02569
Test results: cost= 1.16801 accuracy= 0.70700 time= 0.01290
Epoch: 0201 train_loss= 0.30078 train_acc= 0.97500 val_loss= 1.20425 val_acc= 0.72400 time= 0.02608
Test results: cost= 1.16905 accuracy= 0.70800 time= 0.01256
Epoch: 0202 train_loss= 0.33138 train_acc= 0.99167 val_loss= 1.20658 val_acc= 0.72600 time= 0.02590
Test results: cost= 1.16985 accuracy= 0.70500 time= 0.01264
Epoch: 0203 train_loss= 0.29911 train_acc= 0.98333 val_loss= 1.21014 val_acc= 0.72000 time= 0.02698
Test results: cost= 1.17122 accuracy= 0.70600 time= 0.01297
Epoch: 0204 train_loss= 0.32574 train_acc= 0.95833 val_loss= 1.21322 val_acc= 0.71600 time= 0.02539
Test results: cost= 1.17300 accuracy= 0.70600 time= 0.01267
Epoch: 0205 train_loss= 0.31756 train_acc= 0.96667 val_loss= 1.21790 val_acc= 0.71600 time= 0.02656
Test results: cost= 1.17702 accuracy= 0.70500 time= 0.01304
Epoch: 0206 train_loss= 0.34757 train_acc= 0.96667 val_loss= 1.22286 val_acc= 0.71000 time= 0.02560
Test results: cost= 1.18174 accuracy= 0.70300 time= 0.01272
Epoch: 0207 train_loss= 0.34053 train_acc= 0.96667 val_loss= 1.22879 val_acc= 0.70600 time= 0.02548
Test results: cost= 1.18703 accuracy= 0.70300 time= 0.01299
Epoch: 0208 train_loss= 0.31546 train_acc= 0.97500 val_loss= 1.23135 val_acc= 0.71000 time= 0.02606
Test results: cost= 1.19080 accuracy= 0.70500 time= 0.01291
Epoch: 0209 train_loss= 0.29673 train_acc= 0.98333 val_loss= 1.23049 val_acc= 0.71200 time= 0.02625
Test results: cost= 1.19217 accuracy= 0.70400 time= 0.01267
Epoch: 0210 train_loss= 0.28703 train_acc= 0.99167 val_loss= 1.22837 val_acc= 0.71400 time= 0.02588
Test results: cost= 1.19343 accuracy= 0.69800 time= 0.01304
Epoch: 0211 train_loss= 0.33206 train_acc= 0.95833 val_loss= 1.22554 val_acc= 0.71600 time= 0.02542
Test results: cost= 1.19409 accuracy= 0.70200 time= 0.01281
Epoch: 0212 train_loss= 0.32188 train_acc= 0.97500 val_loss= 1.22498 val_acc= 0.71200 time= 0.02604
Test results: cost= 1.19686 accuracy= 0.69900 time= 0.01288
Epoch: 0213 train_loss= 0.36774 train_acc= 0.94167 val_loss= 1.22262 val_acc= 0.71400 time= 0.02625
Test results: cost= 1.19797 accuracy= 0.69800 time= 0.01286
Epoch: 0214 train_loss= 0.28528 train_acc= 0.99167 val_loss= 1.22077 val_acc= 0.71600 time= 0.02565
Test results: cost= 1.19829 accuracy= 0.69800 time= 0.01281
Epoch: 0215 train_loss= 0.31284 train_acc= 0.98333 val_loss= 1.21821 val_acc= 0.71800 time= 0.02575
Test results: cost= 1.19721 accuracy= 0.69500 time= 0.01289
Epoch: 0216 train_loss= 0.29993 train_acc= 0.97500 val_loss= 1.21471 val_acc= 0.71800 time= 0.02572
Test results: cost= 1.19514 accuracy= 0.69900 time= 0.01301
Epoch: 0217 train_loss= 0.33315 train_acc= 0.96667 val_loss= 1.20985 val_acc= 0.72000 time= 0.02577
Test results: cost= 1.19050 accuracy= 0.70200 time= 0.01281
Epoch: 0218 train_loss= 0.35479 train_acc= 0.94167 val_loss= 1.20879 val_acc= 0.72200 time= 0.02599
Test results: cost= 1.18764 accuracy= 0.70700 time= 0.01265
Epoch: 0219 train_loss= 0.31385 train_acc= 0.95833 val_loss= 1.20657 val_acc= 0.71800 time= 0.02572
Test results: cost= 1.18436 accuracy= 0.70900 time= 0.01287
Epoch: 0220 train_loss= 0.30708 train_acc= 0.96667 val_loss= 1.20400 val_acc= 0.72000 time= 0.02564
Test results: cost= 1.18051 accuracy= 0.70900 time= 0.01291
Epoch: 0221 train_loss= 0.31126 train_acc= 0.97500 val_loss= 1.20168 val_acc= 0.72000 time= 0.02575
Test results: cost= 1.17622 accuracy= 0.71100 time= 0.01284
Epoch: 0222 train_loss= 0.29594 train_acc= 0.98333 val_loss= 1.19995 val_acc= 0.71800 time= 0.02579
Test results: cost= 1.17275 accuracy= 0.71000 time= 0.01286
Epoch: 0223 train_loss= 0.31532 train_acc= 0.97500 val_loss= 1.19872 val_acc= 0.72000 time= 0.02587
Test results: cost= 1.16935 accuracy= 0.71200 time= 0.01262
Epoch: 0224 train_loss= 0.29803 train_acc= 0.98333 val_loss= 1.19769 val_acc= 0.71800 time= 0.02567
Test results: cost= 1.16676 accuracy= 0.71500 time= 0.01287
Epoch: 0225 train_loss= 0.30730 train_acc= 0.98333 val_loss= 1.19710 val_acc= 0.71800 time= 0.02562
Test results: cost= 1.16460 accuracy= 0.71300 time= 0.01288
Epoch: 0226 train_loss= 0.31915 train_acc= 0.96667 val_loss= 1.19565 val_acc= 0.72400 time= 0.02563
Test results: cost= 1.16259 accuracy= 0.71400 time= 0.01295
Epoch: 0227 train_loss= 0.32730 train_acc= 0.95000 val_loss= 1.19505 val_acc= 0.72400 time= 0.02564
Test results: cost= 1.16227 accuracy= 0.71300 time= 0.01268
Epoch: 0228 train_loss= 0.34619 train_acc= 0.95833 val_loss= 1.19762 val_acc= 0.71800 time= 0.02632
Test results: cost= 1.16333 accuracy= 0.70900 time= 0.01280
Epoch: 0229 train_loss= 0.31266 train_acc= 0.97500 val_loss= 1.19984 val_acc= 0.71600 time= 0.02560
Test results: cost= 1.16414 accuracy= 0.71000 time= 0.01273
Epoch: 0230 train_loss= 0.28926 train_acc= 0.99167 val_loss= 1.20227 val_acc= 0.71600 time= 0.02559
Test results: cost= 1.16524 accuracy= 0.70700 time= 0.01273
Epoch: 0231 train_loss= 0.29665 train_acc= 0.97500 val_loss= 1.20403 val_acc= 0.71600 time= 0.02560
Test results: cost= 1.16622 accuracy= 0.70800 time= 0.01280
Epoch: 0232 train_loss= 0.31000 train_acc= 0.96667 val_loss= 1.20716 val_acc= 0.71400 time= 0.02593
Test results: cost= 1.16816 accuracy= 0.71100 time= 0.01294
Epoch: 0233 train_loss= 0.30986 train_acc= 0.97500 val_loss= 1.20980 val_acc= 0.71000 time= 0.02569
Test results: cost= 1.17119 accuracy= 0.70900 time= 0.01295
Epoch: 0234 train_loss= 0.28987 train_acc= 0.99167 val_loss= 1.21207 val_acc= 0.71000 time= 0.02689
Test results: cost= 1.17370 accuracy= 0.70600 time= 0.01248
Epoch: 0235 train_loss= 0.31061 train_acc= 0.98333 val_loss= 1.21263 val_acc= 0.70800 time= 0.02529
Test results: cost= 1.17543 accuracy= 0.70500 time= 0.01285
Epoch: 0236 train_loss= 0.32225 train_acc= 0.99167 val_loss= 1.21353 val_acc= 0.71200 time= 0.02660
Test results: cost= 1.17751 accuracy= 0.70400 time= 0.01289
Epoch: 0237 train_loss= 0.30657 train_acc= 0.96667 val_loss= 1.21352 val_acc= 0.71400 time= 0.02627
Test results: cost= 1.17901 accuracy= 0.70700 time= 0.01277
Epoch: 0238 train_loss= 0.31249 train_acc= 0.97500 val_loss= 1.21406 val_acc= 0.71400 time= 0.02536
Test results: cost= 1.18004 accuracy= 0.70900 time= 0.01303
Epoch: 0239 train_loss= 0.30143 train_acc= 0.97500 val_loss= 1.21527 val_acc= 0.71600 time= 0.02538
Test results: cost= 1.18194 accuracy= 0.70900 time= 0.01271
Epoch: 0240 train_loss= 0.29624 train_acc= 0.97500 val_loss= 1.21800 val_acc= 0.71400 time= 0.02597
Test results: cost= 1.18571 accuracy= 0.70300 time= 0.01291
Epoch: 0241 train_loss= 0.31563 train_acc= 0.95833 val_loss= 1.21977 val_acc= 0.71200 time= 0.02599
Test results: cost= 1.18836 accuracy= 0.70500 time= 0.01235
Epoch: 0242 train_loss= 0.32586 train_acc= 0.96667 val_loss= 1.22131 val_acc= 0.71200 time= 0.02600
Test results: cost= 1.19122 accuracy= 0.70200 time= 0.01273
Epoch: 0243 train_loss= 0.32782 train_acc= 0.96667 val_loss= 1.22088 val_acc= 0.71600 time= 0.02580
Test results: cost= 1.19189 accuracy= 0.70500 time= 0.01291
Epoch: 0244 train_loss= 0.31853 train_acc= 0.97500 val_loss= 1.22315 val_acc= 0.71600 time= 0.02604
Test results: cost= 1.19537 accuracy= 0.70500 time= 0.01280
Epoch: 0245 train_loss= 0.28125 train_acc= 0.97500 val_loss= 1.22301 val_acc= 0.71800 time= 0.02682
Test results: cost= 1.19652 accuracy= 0.70600 time= 0.01278
Epoch: 0246 train_loss= 0.29058 train_acc= 0.97500 val_loss= 1.22282 val_acc= 0.72000 time= 0.02584
Test results: cost= 1.19696 accuracy= 0.70200 time= 0.01316
Epoch: 0247 train_loss= 0.27578 train_acc= 0.98333 val_loss= 1.22262 val_acc= 0.71600 time= 0.02874
Test results: cost= 1.19739 accuracy= 0.70300 time= 0.01314
Epoch: 0248 train_loss= 0.29051 train_acc= 0.98333 val_loss= 1.22150 val_acc= 0.71400 time= 0.02549
Test results: cost= 1.19649 accuracy= 0.70200 time= 0.01275
Epoch: 0249 train_loss= 0.32161 train_acc= 0.95833 val_loss= 1.22336 val_acc= 0.71600 time= 0.02550
Test results: cost= 1.19665 accuracy= 0.70300 time= 0.01288
Epoch: 0250 train_loss= 0.27678 train_acc= 0.98333 val_loss= 1.22320 val_acc= 0.71400 time= 0.02562
Test results: cost= 1.19529 accuracy= 0.70000 time= 0.01266
Epoch: 0251 train_loss= 0.27084 train_acc= 0.99167 val_loss= 1.22210 val_acc= 0.71600 time= 0.02621
Test results: cost= 1.19404 accuracy= 0.70200 time= 0.01292
Epoch: 0252 train_loss= 0.29418 train_acc= 0.98333 val_loss= 1.22245 val_acc= 0.71400 time= 0.02552
Test results: cost= 1.19376 accuracy= 0.70300 time= 0.01280
Epoch: 0253 train_loss= 0.33714 train_acc= 0.96667 val_loss= 1.22134 val_acc= 0.71400 time= 0.02594
Test results: cost= 1.19284 accuracy= 0.70200 time= 0.01289
Epoch: 0254 train_loss= 0.30623 train_acc= 0.97500 val_loss= 1.21992 val_acc= 0.71600 time= 0.02615
Test results: cost= 1.19234 accuracy= 0.70500 time= 0.01302
Epoch: 0255 train_loss= 0.32699 train_acc= 0.97500 val_loss= 1.21914 val_acc= 0.71800 time= 0.02589
Test results: cost= 1.19346 accuracy= 0.70700 time= 0.01250
Epoch: 0256 train_loss= 0.34443 train_acc= 0.96667 val_loss= 1.21630 val_acc= 0.71600 time= 0.02553
Test results: cost= 1.19312 accuracy= 0.70200 time= 0.01299
Epoch: 0257 train_loss= 0.27666 train_acc= 0.98333 val_loss= 1.21293 val_acc= 0.71400 time= 0.02599
Test results: cost= 1.19188 accuracy= 0.70200 time= 0.01280
Epoch: 0258 train_loss= 0.33499 train_acc= 0.96667 val_loss= 1.20797 val_acc= 0.71400 time= 0.02576
Test results: cost= 1.19005 accuracy= 0.70300 time= 0.01287
Epoch: 0259 train_loss= 0.31944 train_acc= 0.96667 val_loss= 1.20468 val_acc= 0.71200 time= 0.02562
Test results: cost= 1.18878 accuracy= 0.70300 time= 0.01284
Epoch: 0260 train_loss= 0.29845 train_acc= 0.98333 val_loss= 1.20028 val_acc= 0.71400 time= 0.02573
Test results: cost= 1.18709 accuracy= 0.70400 time= 0.01297
Epoch: 0261 train_loss= 0.26968 train_acc= 0.99167 val_loss= 1.19742 val_acc= 0.71000 time= 0.02597
Test results: cost= 1.18646 accuracy= 0.70500 time= 0.01278
Epoch: 0262 train_loss= 0.30081 train_acc= 0.96667 val_loss= 1.19615 val_acc= 0.70800 time= 0.02711
Test results: cost= 1.18592 accuracy= 0.70500 time= 0.01295
Epoch: 0263 train_loss= 0.30481 train_acc= 0.96667 val_loss= 1.19402 val_acc= 0.70600 time= 0.02576
Test results: cost= 1.18410 accuracy= 0.70500 time= 0.01286
Epoch: 0264 train_loss= 0.29157 train_acc= 0.96667 val_loss= 1.19382 val_acc= 0.70400 time= 0.02594
Test results: cost= 1.18333 accuracy= 0.70300 time= 0.01287
Epoch: 0265 train_loss= 0.26992 train_acc= 0.97500 val_loss= 1.19415 val_acc= 0.70600 time= 0.02559
Test results: cost= 1.18274 accuracy= 0.70600 time= 0.01304
Epoch: 0266 train_loss= 0.31165 train_acc= 0.97500 val_loss= 1.19447 val_acc= 0.70600 time= 0.02593
Test results: cost= 1.18133 accuracy= 0.70300 time= 0.01277
Epoch: 0267 train_loss= 0.31567 train_acc= 0.95833 val_loss= 1.19547 val_acc= 0.70600 time= 0.02541
Test results: cost= 1.18029 accuracy= 0.70200 time= 0.01285
Epoch: 0268 train_loss= 0.30606 train_acc= 0.98333 val_loss= 1.19740 val_acc= 0.70800 time= 0.02683
Test results: cost= 1.18121 accuracy= 0.70500 time= 0.01299
Epoch: 0269 train_loss= 0.29746 train_acc= 0.98333 val_loss= 1.19947 val_acc= 0.70600 time= 0.02558
Test results: cost= 1.18210 accuracy= 0.70400 time= 0.01261
Epoch: 0270 train_loss= 0.29870 train_acc= 0.97500 val_loss= 1.20124 val_acc= 0.70400 time= 0.02584
Test results: cost= 1.18196 accuracy= 0.70300 time= 0.01294
Epoch: 0271 train_loss= 0.28254 train_acc= 0.98333 val_loss= 1.20247 val_acc= 0.70400 time= 0.02548
Test results: cost= 1.18124 accuracy= 0.70500 time= 0.01272
Epoch: 0272 train_loss= 0.28270 train_acc= 0.98333 val_loss= 1.20332 val_acc= 0.70400 time= 0.02564
Test results: cost= 1.18092 accuracy= 0.70300 time= 0.01253
Epoch: 0273 train_loss= 0.28599 train_acc= 0.98333 val_loss= 1.20233 val_acc= 0.70600 time= 0.02571
Test results: cost= 1.17957 accuracy= 0.70400 time= 0.01296
Epoch: 0274 train_loss= 0.33221 train_acc= 0.95000 val_loss= 1.20098 val_acc= 0.70600 time= 0.02566
Test results: cost= 1.17745 accuracy= 0.70400 time= 0.01267
Epoch: 0275 train_loss= 0.29302 train_acc= 0.98333 val_loss= 1.20153 val_acc= 0.70800 time= 0.02579
Test results: cost= 1.17689 accuracy= 0.70300 time= 0.01286
Epoch: 0276 train_loss= 0.28628 train_acc= 0.98333 val_loss= 1.20287 val_acc= 0.70800 time= 0.02528
Test results: cost= 1.17789 accuracy= 0.70300 time= 0.01262
Epoch: 0277 train_loss= 0.30164 train_acc= 0.99167 val_loss= 1.20329 val_acc= 0.70800 time= 0.02622
Test results: cost= 1.17870 accuracy= 0.70400 time= 0.01284
Epoch: 0278 train_loss= 0.28498 train_acc= 0.98333 val_loss= 1.20248 val_acc= 0.70600 time= 0.02576
Test results: cost= 1.17979 accuracy= 0.70400 time= 0.01292
Epoch: 0279 train_loss= 0.26992 train_acc= 0.98333 val_loss= 1.20300 val_acc= 0.71000 time= 0.02552
Test results: cost= 1.18163 accuracy= 0.70800 time= 0.01282
Epoch: 0280 train_loss= 0.28461 train_acc= 0.98333 val_loss= 1.20310 val_acc= 0.71000 time= 0.02570
Test results: cost= 1.18318 accuracy= 0.71000 time= 0.01284
Epoch: 0281 train_loss= 0.30406 train_acc= 0.96667 val_loss= 1.20403 val_acc= 0.71200 time= 0.02675
Test results: cost= 1.18480 accuracy= 0.70600 time= 0.01292
Epoch: 0282 train_loss= 0.29852 train_acc= 0.96667 val_loss= 1.20374 val_acc= 0.71400 time= 0.02531
Test results: cost= 1.18554 accuracy= 0.70500 time= 0.01306
Epoch: 0283 train_loss= 0.31655 train_acc= 0.97500 val_loss= 1.20242 val_acc= 0.71200 time= 0.02549
Test results: cost= 1.18476 accuracy= 0.70600 time= 0.01268
Epoch: 0284 train_loss= 0.26716 train_acc= 0.98333 val_loss= 1.20081 val_acc= 0.71400 time= 0.02564
Test results: cost= 1.18442 accuracy= 0.70400 time= 0.01262
Epoch: 0285 train_loss= 0.33937 train_acc= 0.96667 val_loss= 1.19893 val_acc= 0.71200 time= 0.02569
Test results: cost= 1.18488 accuracy= 0.70700 time= 0.01278
Epoch: 0286 train_loss= 0.30632 train_acc= 0.95000 val_loss= 1.20182 val_acc= 0.71400 time= 0.02604
Test results: cost= 1.19019 accuracy= 0.71100 time= 0.01312
Epoch: 0287 train_loss= 0.28192 train_acc= 0.99167 val_loss= 1.20369 val_acc= 0.70800 time= 0.02561
Test results: cost= 1.19375 accuracy= 0.71000 time= 0.01291
Epoch: 0288 train_loss= 0.30792 train_acc= 0.98333 val_loss= 1.20539 val_acc= 0.70200 time= 0.02582
Test results: cost= 1.19703 accuracy= 0.71000 time= 0.01262
Epoch: 0289 train_loss= 0.27915 train_acc= 0.99167 val_loss= 1.20682 val_acc= 0.70200 time= 0.02543
Test results: cost= 1.19922 accuracy= 0.70800 time= 0.01258
Epoch: 0290 train_loss= 0.30825 train_acc= 0.97500 val_loss= 1.20668 val_acc= 0.70000 time= 0.02529
Test results: cost= 1.19973 accuracy= 0.70600 time= 0.01293
Epoch: 0291 train_loss= 0.31372 train_acc= 0.98333 val_loss= 1.20751 val_acc= 0.70000 time= 0.02617
Test results: cost= 1.20139 accuracy= 0.70900 time= 0.01292
Epoch: 0292 train_loss= 0.29521 train_acc= 0.97500 val_loss= 1.20875 val_acc= 0.70200 time= 0.02587
Test results: cost= 1.20346 accuracy= 0.71300 time= 0.01290
Epoch: 0293 train_loss= 0.29379 train_acc= 0.97500 val_loss= 1.21153 val_acc= 0.70400 time= 0.02552
Test results: cost= 1.20529 accuracy= 0.70600 time= 0.01303
Epoch: 0294 train_loss= 0.30490 train_acc= 0.98333 val_loss= 1.21494 val_acc= 0.70600 time= 0.02565
Test results: cost= 1.20631 accuracy= 0.70600 time= 0.01252
Epoch: 0295 train_loss= 0.33999 train_acc= 0.95833 val_loss= 1.21609 val_acc= 0.70600 time= 0.02600
Test results: cost= 1.20561 accuracy= 0.70700 time= 0.01296
Epoch: 0296 train_loss= 0.35468 train_acc= 0.94167 val_loss= 1.21830 val_acc= 0.70800 time= 0.02579
Test results: cost= 1.20340 accuracy= 0.70600 time= 0.01261
Epoch: 0297 train_loss= 0.30957 train_acc= 0.95833 val_loss= 1.21609 val_acc= 0.71000 time= 0.02639
Test results: cost= 1.19651 accuracy= 0.70500 time= 0.01298
Epoch: 0298 train_loss= 0.28744 train_acc= 0.99167 val_loss= 1.21487 val_acc= 0.71200 time= 0.02557
Test results: cost= 1.19027 accuracy= 0.70300 time= 0.01280
Epoch: 0299 train_loss= 0.30402 train_acc= 0.98333 val_loss= 1.21555 val_acc= 0.71200 time= 0.02682
Test results: cost= 1.18604 accuracy= 0.70200 time= 0.01269
Epoch: 0300 train_loss= 0.30140 train_acc= 0.98333 val_loss= 1.21742 val_acc= 0.70600 time= 0.02576
Test results: cost= 1.18494 accuracy= 0.69600 time= 0.01290
Epoch: 0301 train_loss= 0.29901 train_acc= 0.97500 val_loss= 1.22069 val_acc= 0.70000 time= 0.02724
Test results: cost= 1.18587 accuracy= 0.69200 time= 0.01279
Epoch: 0302 train_loss= 0.29368 train_acc= 0.96667 val_loss= 1.22299 val_acc= 0.69600 time= 0.02590
Test results: cost= 1.18617 accuracy= 0.69500 time= 0.01294
Epoch: 0303 train_loss= 0.29658 train_acc= 0.97500 val_loss= 1.22400 val_acc= 0.69600 time= 0.02580
Test results: cost= 1.18587 accuracy= 0.69500 time= 0.01287
Epoch: 0304 train_loss= 0.28418 train_acc= 0.99167 val_loss= 1.22528 val_acc= 0.69000 time= 0.02539
Test results: cost= 1.18604 accuracy= 0.69500 time= 0.01281
Epoch: 0305 train_loss= 0.33496 train_acc= 0.95833 val_loss= 1.22167 val_acc= 0.70000 time= 0.02628
Test results: cost= 1.18502 accuracy= 0.69500 time= 0.01288
Epoch: 0306 train_loss= 0.31451 train_acc= 0.96667 val_loss= 1.22113 val_acc= 0.70400 time= 0.02589
Test results: cost= 1.18686 accuracy= 0.69500 time= 0.01302
Epoch: 0307 train_loss= 0.29704 train_acc= 0.97500 val_loss= 1.21909 val_acc= 0.70800 time= 0.02589
Test results: cost= 1.18725 accuracy= 0.70000 time= 0.01277
Epoch: 0308 train_loss= 0.34105 train_acc= 0.96667 val_loss= 1.21640 val_acc= 0.71000 time= 0.02579
Test results: cost= 1.18742 accuracy= 0.70400 time= 0.01260
Epoch: 0309 train_loss= 0.30387 train_acc= 0.98333 val_loss= 1.21584 val_acc= 0.71000 time= 0.02592
Test results: cost= 1.18966 accuracy= 0.70600 time= 0.01280
Epoch: 0310 train_loss= 0.31785 train_acc= 0.98333 val_loss= 1.21600 val_acc= 0.70800 time= 0.02661
Test results: cost= 1.19285 accuracy= 0.71100 time= 0.01299
Epoch: 0311 train_loss= 0.31288 train_acc= 0.97500 val_loss= 1.21895 val_acc= 0.70800 time= 0.02551
Test results: cost= 1.19845 accuracy= 0.70900 time= 0.01296
Epoch: 0312 train_loss= 0.33477 train_acc= 0.96667 val_loss= 1.22242 val_acc= 0.70000 time= 0.02594
Test results: cost= 1.20414 accuracy= 0.70800 time= 0.01265
Epoch: 0313 train_loss= 0.29339 train_acc= 0.96667 val_loss= 1.22627 val_acc= 0.70200 time= 0.02682
Test results: cost= 1.21041 accuracy= 0.70400 time= 0.01285
Epoch: 0314 train_loss= 0.31963 train_acc= 0.95000 val_loss= 1.22925 val_acc= 0.70200 time= 0.02622
Test results: cost= 1.21230 accuracy= 0.70700 time= 0.01270
Epoch: 0315 train_loss= 0.28169 train_acc= 0.98333 val_loss= 1.23240 val_acc= 0.70200 time= 0.02580
Test results: cost= 1.21352 accuracy= 0.70800 time= 0.01288
Epoch: 0316 train_loss= 0.29385 train_acc= 0.96667 val_loss= 1.23707 val_acc= 0.69400 time= 0.02573
Test results: cost= 1.21422 accuracy= 0.70500 time= 0.01299
Epoch: 0317 train_loss= 0.29500 train_acc= 0.98333 val_loss= 1.23961 val_acc= 0.69400 time= 0.02552
Test results: cost= 1.21352 accuracy= 0.70600 time= 0.01262
Epoch: 0318 train_loss= 0.29307 train_acc= 0.98333 val_loss= 1.24380 val_acc= 0.69600 time= 0.02599
Test results: cost= 1.21261 accuracy= 0.70700 time= 0.01303
Epoch: 0319 train_loss= 0.29511 train_acc= 0.98333 val_loss= 1.24536 val_acc= 0.69400 time= 0.02624
Test results: cost= 1.20974 accuracy= 0.70300 time= 0.01306
Epoch: 0320 train_loss= 0.30382 train_acc= 0.97500 val_loss= 1.24750 val_acc= 0.69600 time= 0.02628
Test results: cost= 1.20760 accuracy= 0.70300 time= 0.01276
Epoch: 0321 train_loss= 0.31808 train_acc= 0.96667 val_loss= 1.24990 val_acc= 0.69000 time= 0.02533
Test results: cost= 1.20522 accuracy= 0.70200 time= 0.01301
Epoch: 0322 train_loss= 0.28842 train_acc= 0.97500 val_loss= 1.25113 val_acc= 0.69200 time= 0.02548
Test results: cost= 1.20335 accuracy= 0.70200 time= 0.01261
Epoch: 0323 train_loss= 0.27289 train_acc= 0.98333 val_loss= 1.25038 val_acc= 0.69000 time= 0.02573
Test results: cost= 1.20095 accuracy= 0.70800 time= 0.01261
Epoch: 0324 train_loss= 0.30030 train_acc= 0.95833 val_loss= 1.24602 val_acc= 0.68600 time= 0.02575
Test results: cost= 1.19619 accuracy= 0.70700 time= 0.01265
Epoch: 0325 train_loss= 0.29619 train_acc= 0.97500 val_loss= 1.24064 val_acc= 0.68600 time= 0.02597
Test results: cost= 1.19049 accuracy= 0.70500 time= 0.01278
Epoch: 0326 train_loss= 0.28403 train_acc= 0.98333 val_loss= 1.23279 val_acc= 0.69400 time= 0.02545
Test results: cost= 1.18480 accuracy= 0.70900 time= 0.01271
Epoch: 0327 train_loss= 0.32843 train_acc= 0.97500 val_loss= 1.22312 val_acc= 0.70200 time= 0.02649
Test results: cost= 1.17943 accuracy= 0.71200 time= 0.01266
Epoch: 0328 train_loss= 0.28142 train_acc= 0.98333 val_loss= 1.21380 val_acc= 0.70800 time= 0.02711
Test results: cost= 1.17511 accuracy= 0.71300 time= 0.01261
Epoch: 0329 train_loss= 0.31022 train_acc= 0.96667 val_loss= 1.20746 val_acc= 0.70800 time= 0.02554
Test results: cost= 1.17237 accuracy= 0.71200 time= 0.01295
Epoch: 0330 train_loss= 0.29161 train_acc= 0.99167 val_loss= 1.20242 val_acc= 0.71000 time= 0.02557
Test results: cost= 1.17079 accuracy= 0.71400 time= 0.01297
Epoch: 0331 train_loss= 0.27074 train_acc= 0.98333 val_loss= 1.19773 val_acc= 0.71400 time= 0.02570
Test results: cost= 1.16910 accuracy= 0.71500 time= 0.01312
Epoch: 0332 train_loss= 0.30611 train_acc= 0.98333 val_loss= 1.19676 val_acc= 0.71600 time= 0.02607
Test results: cost= 1.16948 accuracy= 0.71200 time= 0.01287
Epoch: 0333 train_loss= 0.29352 train_acc= 0.97500 val_loss= 1.19635 val_acc= 0.71200 time= 0.02507
Test results: cost= 1.17192 accuracy= 0.71400 time= 0.01275
Epoch: 0334 train_loss= 0.29411 train_acc= 0.98333 val_loss= 1.19870 val_acc= 0.71200 time= 0.02575
Test results: cost= 1.17644 accuracy= 0.71300 time= 0.01300
Epoch: 0335 train_loss= 0.28985 train_acc= 0.97500 val_loss= 1.20033 val_acc= 0.70800 time= 0.02599
Test results: cost= 1.18004 accuracy= 0.70900 time= 0.01259
Epoch: 0336 train_loss= 0.30479 train_acc= 0.98333 val_loss= 1.20334 val_acc= 0.70800 time= 0.02528
Test results: cost= 1.18554 accuracy= 0.71100 time= 0.01295
Epoch: 0337 train_loss= 0.30246 train_acc= 0.95833 val_loss= 1.20679 val_acc= 0.70600 time= 0.02604
Test results: cost= 1.19078 accuracy= 0.70800 time= 0.01287
Epoch: 0338 train_loss= 0.30434 train_acc= 0.98333 val_loss= 1.21097 val_acc= 0.70200 time= 0.02580
Test results: cost= 1.19665 accuracy= 0.70600 time= 0.01293
Epoch: 0339 train_loss= 0.27600 train_acc= 0.99167 val_loss= 1.21625 val_acc= 0.70200 time= 0.02587
Test results: cost= 1.20332 accuracy= 0.70600 time= 0.01291
Epoch: 0340 train_loss= 0.28229 train_acc= 0.97500 val_loss= 1.22024 val_acc= 0.70000 time= 0.02592
Test results: cost= 1.20850 accuracy= 0.70400 time= 0.01284
Epoch: 0341 train_loss= 0.31835 train_acc= 0.97500 val_loss= 1.22477 val_acc= 0.70200 time= 0.02581
Test results: cost= 1.21495 accuracy= 0.70200 time= 0.01278
Epoch: 0342 train_loss= 0.30398 train_acc= 0.98333 val_loss= 1.22847 val_acc= 0.69400 time= 0.02611
Test results: cost= 1.22006 accuracy= 0.69900 time= 0.01295
Epoch: 0343 train_loss= 0.28090 train_acc= 0.98333 val_loss= 1.22931 val_acc= 0.68800 time= 0.02567
Test results: cost= 1.22250 accuracy= 0.69800 time= 0.01290
Epoch: 0344 train_loss= 0.27861 train_acc= 0.97500 val_loss= 1.22762 val_acc= 0.69200 time= 0.02565
Test results: cost= 1.22333 accuracy= 0.69700 time= 0.01263
Epoch: 0345 train_loss= 0.28179 train_acc= 0.97500 val_loss= 1.22347 val_acc= 0.69800 time= 0.02577
Test results: cost= 1.22030 accuracy= 0.70200 time= 0.01270
Epoch: 0346 train_loss= 0.30445 train_acc= 0.96667 val_loss= 1.21908 val_acc= 0.69800 time= 0.02659
Test results: cost= 1.21654 accuracy= 0.70300 time= 0.01272
Epoch: 0347 train_loss= 0.28361 train_acc= 0.98333 val_loss= 1.21446 val_acc= 0.70000 time= 0.02556
Test results: cost= 1.21111 accuracy= 0.70600 time= 0.01298
Epoch: 0348 train_loss= 0.30952 train_acc= 0.98333 val_loss= 1.20866 val_acc= 0.70600 time= 0.02602
Test results: cost= 1.20540 accuracy= 0.70600 time= 0.01296
Epoch: 0349 train_loss= 0.33300 train_acc= 0.95833 val_loss= 1.19841 val_acc= 0.70800 time= 0.02563
Test results: cost= 1.19672 accuracy= 0.70600 time= 0.01329
Epoch: 0350 train_loss= 0.32443 train_acc= 0.96667 val_loss= 1.19329 val_acc= 0.70600 time= 0.02590
Test results: cost= 1.19076 accuracy= 0.71100 time= 0.01261
Epoch: 0351 train_loss= 0.29589 train_acc= 0.96667 val_loss= 1.18907 val_acc= 0.71000 time= 0.02522
Test results: cost= 1.18549 accuracy= 0.71200 time= 0.01289
Epoch: 0352 train_loss= 0.28539 train_acc= 0.97500 val_loss= 1.18548 val_acc= 0.71600 time= 0.02569
Test results: cost= 1.18121 accuracy= 0.71300 time= 0.01279
Epoch: 0353 train_loss= 0.28794 train_acc= 0.98333 val_loss= 1.18204 val_acc= 0.71600 time= 0.02555
Test results: cost= 1.17810 accuracy= 0.71300 time= 0.01250
Epoch: 0354 train_loss= 0.28158 train_acc= 0.97500 val_loss= 1.17994 val_acc= 0.71600 time= 0.02535
Test results: cost= 1.17660 accuracy= 0.71200 time= 0.01311
Epoch: 0355 train_loss= 0.33898 train_acc= 0.97500 val_loss= 1.18070 val_acc= 0.71000 time= 0.02562
Test results: cost= 1.17710 accuracy= 0.71000 time= 0.01281
Epoch: 0356 train_loss= 0.28992 train_acc= 0.97500 val_loss= 1.18129 val_acc= 0.71200 time= 0.02582
Test results: cost= 1.17641 accuracy= 0.71000 time= 0.01279
Epoch: 0357 train_loss= 0.29458 train_acc= 0.97500 val_loss= 1.18508 val_acc= 0.71200 time= 0.02571
Test results: cost= 1.17663 accuracy= 0.71300 time= 0.01285
Epoch: 0358 train_loss= 0.27590 train_acc= 0.96667 val_loss= 1.18779 val_acc= 0.71200 time= 0.02845
Test results: cost= 1.17677 accuracy= 0.71400 time= 0.01299
Epoch: 0359 train_loss= 0.29726 train_acc= 0.95833 val_loss= 1.19188 val_acc= 0.70600 time= 0.02582
Test results: cost= 1.17819 accuracy= 0.71200 time= 0.01290
Epoch: 0360 train_loss= 0.30414 train_acc= 0.98333 val_loss= 1.19602 val_acc= 0.70800 time= 0.02601
Test results: cost= 1.17927 accuracy= 0.71300 time= 0.01284
Epoch: 0361 train_loss= 0.27893 train_acc= 0.97500 val_loss= 1.19907 val_acc= 0.70400 time= 0.02564
Test results: cost= 1.18022 accuracy= 0.70800 time= 0.01268
Epoch: 0362 train_loss= 0.28582 train_acc= 0.98333 val_loss= 1.19807 val_acc= 0.70600 time= 0.02649
Test results: cost= 1.17837 accuracy= 0.70800 time= 0.01288
Epoch: 0363 train_loss= 0.29724 train_acc= 0.97500 val_loss= 1.19718 val_acc= 0.71000 time= 0.02590
Test results: cost= 1.17748 accuracy= 0.70800 time= 0.01269
Epoch: 0364 train_loss= 0.28544 train_acc= 0.98333 val_loss= 1.19657 val_acc= 0.70600 time= 0.02575
Test results: cost= 1.17745 accuracy= 0.70900 time= 0.01282
Epoch: 0365 train_loss= 0.30114 train_acc= 0.98333 val_loss= 1.19472 val_acc= 0.70400 time= 0.02573
Test results: cost= 1.17611 accuracy= 0.71000 time= 0.01285
Epoch: 0366 train_loss= 0.29294 train_acc= 0.98333 val_loss= 1.19505 val_acc= 0.70400 time= 0.02563
Test results: cost= 1.17640 accuracy= 0.71000 time= 0.01281
Epoch: 0367 train_loss= 0.27353 train_acc= 0.98333 val_loss= 1.19467 val_acc= 0.70400 time= 0.02618
Test results: cost= 1.17643 accuracy= 0.71100 time= 0.01283
Epoch: 0368 train_loss= 0.28442 train_acc= 0.99167 val_loss= 1.19495 val_acc= 0.70600 time= 0.02602
Test results: cost= 1.17585 accuracy= 0.71000 time= 0.01289
Epoch: 0369 train_loss= 0.27437 train_acc= 0.97500 val_loss= 1.19558 val_acc= 0.70600 time= 0.02618
Test results: cost= 1.17576 accuracy= 0.70800 time= 0.01306
Epoch: 0370 train_loss= 0.31035 train_acc= 0.96667 val_loss= 1.19559 val_acc= 0.70200 time= 0.02591
Test results: cost= 1.17524 accuracy= 0.70800 time= 0.01311
Epoch: 0371 train_loss= 0.30177 train_acc= 0.98333 val_loss= 1.19411 val_acc= 0.70200 time= 0.02538
Test results: cost= 1.17320 accuracy= 0.70500 time= 0.01289
Epoch: 0372 train_loss= 0.28130 train_acc= 0.99167 val_loss= 1.19303 val_acc= 0.70400 time= 0.02574
Test results: cost= 1.17212 accuracy= 0.70500 time= 0.01251
Epoch: 0373 train_loss= 0.33483 train_acc= 0.96667 val_loss= 1.18806 val_acc= 0.70400 time= 0.02627
Test results: cost= 1.16805 accuracy= 0.70700 time= 0.01297
Epoch: 0374 train_loss= 0.29519 train_acc= 0.96667 val_loss= 1.18184 val_acc= 0.70600 time= 0.02533
Test results: cost= 1.16265 accuracy= 0.70600 time= 0.01302
Epoch: 0375 train_loss= 0.28855 train_acc= 0.97500 val_loss= 1.17676 val_acc= 0.70400 time= 0.02599
Test results: cost= 1.15859 accuracy= 0.70700 time= 0.01282
Epoch: 0376 train_loss= 0.28980 train_acc= 0.97500 val_loss= 1.17200 val_acc= 0.71000 time= 0.02543
Test results: cost= 1.15576 accuracy= 0.70500 time= 0.01260
Epoch: 0377 train_loss= 0.27936 train_acc= 0.99167 val_loss= 1.16831 val_acc= 0.71000 time= 0.02545
Test results: cost= 1.15384 accuracy= 0.70400 time= 0.01268
Epoch: 0378 train_loss= 0.30611 train_acc= 0.97500 val_loss= 1.16701 val_acc= 0.71400 time= 0.02592
Test results: cost= 1.15305 accuracy= 0.70800 time= 0.01288
Epoch: 0379 train_loss= 0.30166 train_acc= 0.99167 val_loss= 1.17119 val_acc= 0.71800 time= 0.02617
Test results: cost= 1.15646 accuracy= 0.71000 time= 0.01229
Epoch: 0380 train_loss= 0.29441 train_acc= 0.97500 val_loss= 1.17547 val_acc= 0.71800 time= 0.02558
Test results: cost= 1.15936 accuracy= 0.71000 time= 0.01293
Epoch: 0381 train_loss= 0.27184 train_acc= 0.98333 val_loss= 1.18033 val_acc= 0.72000 time= 0.02590
Test results: cost= 1.16216 accuracy= 0.71300 time= 0.01289
Epoch: 0382 train_loss= 0.27309 train_acc= 0.99167 val_loss= 1.18630 val_acc= 0.72200 time= 0.02624
Test results: cost= 1.16534 accuracy= 0.71300 time= 0.01294
Epoch: 0383 train_loss= 0.27598 train_acc= 0.99167 val_loss= 1.19267 val_acc= 0.71800 time= 0.02575
Test results: cost= 1.16909 accuracy= 0.71400 time= 0.01292
Epoch: 0384 train_loss= 0.26929 train_acc= 0.98333 val_loss= 1.19857 val_acc= 0.71800 time= 0.02584
Test results: cost= 1.17359 accuracy= 0.71300 time= 0.01297
Epoch: 0385 train_loss= 0.25937 train_acc= 0.98333 val_loss= 1.20327 val_acc= 0.71400 time= 0.02563
Test results: cost= 1.17710 accuracy= 0.71400 time= 0.01289
Epoch: 0386 train_loss= 0.29436 train_acc= 0.97500 val_loss= 1.20631 val_acc= 0.71200 time= 0.02569
Test results: cost= 1.17932 accuracy= 0.71000 time= 0.01283
Epoch: 0387 train_loss= 0.28903 train_acc= 0.98333 val_loss= 1.21210 val_acc= 0.71000 time= 0.02568
Test results: cost= 1.18210 accuracy= 0.71300 time= 0.01271
Epoch: 0388 train_loss= 0.30104 train_acc= 0.98333 val_loss= 1.21962 val_acc= 0.71200 time= 0.02550
Test results: cost= 1.18647 accuracy= 0.71000 time= 0.01248
Epoch: 0389 train_loss= 0.29155 train_acc= 0.97500 val_loss= 1.22716 val_acc= 0.71200 time= 0.02584
Test results: cost= 1.19096 accuracy= 0.70800 time= 0.01294
Epoch: 0390 train_loss= 0.29061 train_acc= 0.96667 val_loss= 1.23456 val_acc= 0.70000 time= 0.02543
Test results: cost= 1.19296 accuracy= 0.70800 time= 0.01264
Epoch: 0391 train_loss= 0.28749 train_acc= 0.98333 val_loss= 1.23805 val_acc= 0.70000 time= 0.02634
Test results: cost= 1.19416 accuracy= 0.71100 time= 0.01280
Epoch: 0392 train_loss= 0.27404 train_acc= 0.97500 val_loss= 1.24091 val_acc= 0.69800 time= 0.02591
Test results: cost= 1.19432 accuracy= 0.71000 time= 0.01286
Epoch: 0393 train_loss= 0.26285 train_acc= 0.98333 val_loss= 1.24195 val_acc= 0.69800 time= 0.02615
Test results: cost= 1.19452 accuracy= 0.71500 time= 0.01259
Epoch: 0394 train_loss= 0.26475 train_acc= 0.98333 val_loss= 1.24221 val_acc= 0.69600 time= 0.02577
Test results: cost= 1.19428 accuracy= 0.71400 time= 0.01284
Epoch: 0395 train_loss= 0.27122 train_acc= 0.97500 val_loss= 1.24112 val_acc= 0.69800 time= 0.02608
Test results: cost= 1.19272 accuracy= 0.71000 time= 0.01281
Epoch: 0396 train_loss= 0.27713 train_acc= 0.98333 val_loss= 1.23583 val_acc= 0.69600 time= 0.02542
Test results: cost= 1.18858 accuracy= 0.70900 time= 0.01306
Epoch: 0397 train_loss= 0.28291 train_acc= 0.96667 val_loss= 1.22904 val_acc= 0.70600 time= 0.02593
Test results: cost= 1.18286 accuracy= 0.70700 time= 0.01292
Epoch: 0398 train_loss= 0.30236 train_acc= 0.97500 val_loss= 1.22096 val_acc= 0.71200 time= 0.02603
Test results: cost= 1.17801 accuracy= 0.71300 time= 0.01279
Epoch: 0399 train_loss= 0.31486 train_acc= 0.97500 val_loss= 1.21429 val_acc= 0.72000 time= 0.02590
Test results: cost= 1.17537 accuracy= 0.71500 time= 0.01301
Epoch: 0400 train_loss= 0.27294 train_acc= 0.99167 val_loss= 1.20851 val_acc= 0.72400 time= 0.02645
Test results: cost= 1.17405 accuracy= 0.71200 time= 0.01279
Epoch: 0401 train_loss= 0.30447 train_acc= 0.96667 val_loss= 1.20678 val_acc= 0.72200 time= 0.02546
Test results: cost= 1.17644 accuracy= 0.71400 time= 0.01285
Epoch: 0402 train_loss= 0.28294 train_acc= 0.95833 val_loss= 1.20819 val_acc= 0.72200 time= 0.02574
Test results: cost= 1.17944 accuracy= 0.70900 time= 0.01252
Epoch: 0403 train_loss= 0.28709 train_acc= 0.95000 val_loss= 1.20969 val_acc= 0.72400 time= 0.02555
Test results: cost= 1.18215 accuracy= 0.70700 time= 0.01276
Epoch: 0404 train_loss= 0.27902 train_acc= 0.98333 val_loss= 1.21063 val_acc= 0.72200 time= 0.02609
Test results: cost= 1.18161 accuracy= 0.70600 time= 0.01252
Epoch: 0405 train_loss= 0.28181 train_acc= 0.98333 val_loss= 1.21155 val_acc= 0.72000 time= 0.02516
Test results: cost= 1.18084 accuracy= 0.70900 time= 0.01267
Epoch: 0406 train_loss= 0.30269 train_acc= 0.95833 val_loss= 1.21103 val_acc= 0.71600 time= 0.02579
Test results: cost= 1.17962 accuracy= 0.70800 time= 0.01259
Epoch: 0407 train_loss= 0.28817 train_acc= 0.97500 val_loss= 1.20884 val_acc= 0.71400 time= 0.02575
Test results: cost= 1.17697 accuracy= 0.70700 time= 0.01289
Epoch: 0408 train_loss= 0.29891 train_acc= 0.97500 val_loss= 1.20768 val_acc= 0.70800 time= 0.02549
Test results: cost= 1.17482 accuracy= 0.70400 time= 0.01273
Epoch: 0409 train_loss= 0.26370 train_acc= 0.98333 val_loss= 1.20602 val_acc= 0.70600 time= 0.02644
Test results: cost= 1.17254 accuracy= 0.70200 time= 0.01269
Epoch: 0410 train_loss= 0.27322 train_acc= 0.97500 val_loss= 1.20564 val_acc= 0.69800 time= 0.02595
Test results: cost= 1.17130 accuracy= 0.70400 time= 0.01276
Epoch: 0411 train_loss= 0.28221 train_acc= 0.98333 val_loss= 1.20558 val_acc= 0.69600 time= 0.02547
Test results: cost= 1.17176 accuracy= 0.70300 time= 0.01275
Epoch: 0412 train_loss= 0.30197 train_acc= 0.98333 val_loss= 1.20286 val_acc= 0.70200 time= 0.02610
Test results: cost= 1.17072 accuracy= 0.70400 time= 0.01271
Epoch: 0413 train_loss= 0.31893 train_acc= 0.96667 val_loss= 1.20296 val_acc= 0.70800 time= 0.02533
Test results: cost= 1.17364 accuracy= 0.70400 time= 0.01290
Epoch: 0414 train_loss= 0.26441 train_acc= 0.96667 val_loss= 1.20573 val_acc= 0.71000 time= 0.02603
Test results: cost= 1.17808 accuracy= 0.70500 time= 0.01248
Epoch: 0415 train_loss= 0.29251 train_acc= 0.95833 val_loss= 1.20824 val_acc= 0.70800 time= 0.02607
Test results: cost= 1.18048 accuracy= 0.70500 time= 0.01283
Epoch: 0416 train_loss= 0.28133 train_acc= 0.99167 val_loss= 1.21100 val_acc= 0.70400 time= 0.02558
Test results: cost= 1.18373 accuracy= 0.70400 time= 0.01299
Epoch: 0417 train_loss= 0.26862 train_acc= 0.99167 val_loss= 1.21262 val_acc= 0.70600 time= 0.02552
Test results: cost= 1.18603 accuracy= 0.70500 time= 0.01288
Epoch: 0418 train_loss= 0.29813 train_acc= 0.96667 val_loss= 1.21479 val_acc= 0.70400 time= 0.02564
Test results: cost= 1.18891 accuracy= 0.70600 time= 0.01292
Epoch: 0419 train_loss= 0.28117 train_acc= 0.98333 val_loss= 1.21438 val_acc= 0.70400 time= 0.02555
Test results: cost= 1.18952 accuracy= 0.70500 time= 0.01274
Epoch: 0420 train_loss= 0.27454 train_acc= 0.97500 val_loss= 1.21322 val_acc= 0.70600 time= 0.02642
Test results: cost= 1.19025 accuracy= 0.70400 time= 0.01293
Epoch: 0421 train_loss= 0.28964 train_acc= 0.98333 val_loss= 1.21093 val_acc= 0.70600 time= 0.02643
Test results: cost= 1.19049 accuracy= 0.70300 time= 0.01293
Epoch: 0422 train_loss= 0.26838 train_acc= 0.98333 val_loss= 1.20645 val_acc= 0.71000 time= 0.02611
Test results: cost= 1.18949 accuracy= 0.70600 time= 0.01309
Epoch: 0423 train_loss= 0.27172 train_acc= 0.99167 val_loss= 1.20342 val_acc= 0.71000 time= 0.02582
Test results: cost= 1.18915 accuracy= 0.70200 time= 0.01304
Epoch: 0424 train_loss= 0.28494 train_acc= 0.98333 val_loss= 1.19816 val_acc= 0.70800 time= 0.02555
Test results: cost= 1.18644 accuracy= 0.70500 time= 0.01283
Epoch: 0425 train_loss= 0.24972 train_acc= 0.99167 val_loss= 1.19338 val_acc= 0.71000 time= 0.02593
Test results: cost= 1.18351 accuracy= 0.70500 time= 0.01244
Epoch: 0426 train_loss= 0.26481 train_acc= 0.99167 val_loss= 1.18731 val_acc= 0.71400 time= 0.02547
Test results: cost= 1.17982 accuracy= 0.70600 time= 0.01278
Epoch: 0427 train_loss= 0.26052 train_acc= 0.98333 val_loss= 1.18039 val_acc= 0.71200 time= 0.02557
Test results: cost= 1.17535 accuracy= 0.70700 time= 0.01270
Epoch: 0428 train_loss= 0.29689 train_acc= 0.96667 val_loss= 1.17403 val_acc= 0.71400 time= 0.02634
Test results: cost= 1.17398 accuracy= 0.70900 time= 0.01278
Epoch: 0429 train_loss= 0.28904 train_acc= 0.99167 val_loss= 1.16923 val_acc= 0.71600 time= 0.02570
Test results: cost= 1.17299 accuracy= 0.70700 time= 0.01289
Epoch: 0430 train_loss= 0.30764 train_acc= 0.95833 val_loss= 1.16788 val_acc= 0.71400 time= 0.02546
Test results: cost= 1.17461 accuracy= 0.71000 time= 0.01254
Epoch: 0431 train_loss= 0.31195 train_acc= 0.98333 val_loss= 1.16799 val_acc= 0.71200 time= 0.02569
Test results: cost= 1.17595 accuracy= 0.70800 time= 0.01279
Epoch: 0432 train_loss= 0.27132 train_acc= 0.97500 val_loss= 1.16927 val_acc= 0.71200 time= 0.02556
Test results: cost= 1.17598 accuracy= 0.70800 time= 0.01281
Epoch: 0433 train_loss= 0.29705 train_acc= 0.95833 val_loss= 1.17276 val_acc= 0.71000 time= 0.02667
Test results: cost= 1.17657 accuracy= 0.70700 time= 0.01277
Epoch: 0434 train_loss= 0.28133 train_acc= 0.98333 val_loss= 1.17667 val_acc= 0.70800 time= 0.02602
Test results: cost= 1.17632 accuracy= 0.70900 time= 0.01285
Epoch: 0435 train_loss= 0.26623 train_acc= 0.97500 val_loss= 1.18268 val_acc= 0.70600 time= 0.02529
Test results: cost= 1.17722 accuracy= 0.70900 time= 0.01262
Epoch: 0436 train_loss= 0.30772 train_acc= 0.96667 val_loss= 1.19006 val_acc= 0.70400 time= 0.02517
Test results: cost= 1.17978 accuracy= 0.71000 time= 0.01302
Epoch: 0437 train_loss= 0.27890 train_acc= 0.96667 val_loss= 1.19744 val_acc= 0.69200 time= 0.02644
Test results: cost= 1.18258 accuracy= 0.70700 time= 0.01296
Epoch: 0438 train_loss= 0.28887 train_acc= 0.97500 val_loss= 1.20472 val_acc= 0.69000 time= 0.02566
Test results: cost= 1.18644 accuracy= 0.70500 time= 0.01289
Epoch: 0439 train_loss= 0.26363 train_acc= 0.99167 val_loss= 1.21087 val_acc= 0.69600 time= 0.02593
Test results: cost= 1.18904 accuracy= 0.70600 time= 0.01289
Epoch: 0440 train_loss= 0.28032 train_acc= 0.98333 val_loss= 1.21423 val_acc= 0.69600 time= 0.02618
Test results: cost= 1.19006 accuracy= 0.70700 time= 0.01293
Epoch: 0441 train_loss= 0.27574 train_acc= 0.98333 val_loss= 1.21769 val_acc= 0.69600 time= 0.02637
Test results: cost= 1.19180 accuracy= 0.70700 time= 0.01284
Epoch: 0442 train_loss= 0.29351 train_acc= 0.98333 val_loss= 1.21819 val_acc= 0.69600 time= 0.02659
Test results: cost= 1.19199 accuracy= 0.70700 time= 0.01297
Epoch: 0443 train_loss= 0.29747 train_acc= 0.97500 val_loss= 1.21355 val_acc= 0.69400 time= 0.02554
Test results: cost= 1.18845 accuracy= 0.70600 time= 0.01296
Epoch: 0444 train_loss= 0.27673 train_acc= 0.97500 val_loss= 1.20978 val_acc= 0.70000 time= 0.02591
Test results: cost= 1.18653 accuracy= 0.70700 time= 0.01294
Epoch: 0445 train_loss= 0.29125 train_acc= 0.98333 val_loss= 1.20397 val_acc= 0.70600 time= 0.02568
Test results: cost= 1.18339 accuracy= 0.71100 time= 0.01290
Epoch: 0446 train_loss= 0.26784 train_acc= 0.98333 val_loss= 1.19912 val_acc= 0.71000 time= 0.02623
Test results: cost= 1.18031 accuracy= 0.71600 time= 0.01300
Epoch: 0447 train_loss= 0.30907 train_acc= 0.98333 val_loss= 1.19490 val_acc= 0.71600 time= 0.02551
Test results: cost= 1.17850 accuracy= 0.71200 time= 0.01282
Epoch: 0448 train_loss= 0.28206 train_acc= 0.97500 val_loss= 1.19113 val_acc= 0.71800 time= 0.02520
Test results: cost= 1.17589 accuracy= 0.71300 time= 0.01286
Epoch: 0449 train_loss= 0.29758 train_acc= 0.98333 val_loss= 1.18915 val_acc= 0.72000 time= 0.02639
Test results: cost= 1.17389 accuracy= 0.71700 time= 0.01292
Epoch: 0450 train_loss= 0.31229 train_acc= 0.95833 val_loss= 1.18917 val_acc= 0.71600 time= 0.02613
Test results: cost= 1.17230 accuracy= 0.71900 time= 0.01289
Epoch: 0451 train_loss= 0.27580 train_acc= 0.97500 val_loss= 1.19043 val_acc= 0.71600 time= 0.02585
Test results: cost= 1.17136 accuracy= 0.71300 time= 0.01286
Epoch: 0452 train_loss= 0.25576 train_acc= 0.99167 val_loss= 1.19300 val_acc= 0.71600 time= 0.02597
Test results: cost= 1.17194 accuracy= 0.71300 time= 0.01281
Epoch: 0453 train_loss= 0.28901 train_acc= 0.97500 val_loss= 1.19640 val_acc= 0.71600 time= 0.02644
Test results: cost= 1.17376 accuracy= 0.71300 time= 0.01302
Epoch: 0454 train_loss= 0.27962 train_acc= 0.97500 val_loss= 1.20146 val_acc= 0.71400 time= 0.02576
Test results: cost= 1.17769 accuracy= 0.70800 time= 0.01298
Epoch: 0455 train_loss= 0.26309 train_acc= 0.98333 val_loss= 1.20734 val_acc= 0.71200 time= 0.02651
Test results: cost= 1.18300 accuracy= 0.71100 time= 0.01295
Epoch: 0456 train_loss= 0.27803 train_acc= 0.99167 val_loss= 1.21527 val_acc= 0.71200 time= 0.02570
Test results: cost= 1.19063 accuracy= 0.70900 time= 0.01295
Epoch: 0457 train_loss= 0.29213 train_acc= 0.98333 val_loss= 1.22360 val_acc= 0.71000 time= 0.02865
Test results: cost= 1.19936 accuracy= 0.70900 time= 0.01293
Epoch: 0458 train_loss= 0.28094 train_acc= 0.97500 val_loss= 1.22830 val_acc= 0.71200 time= 0.02608
Test results: cost= 1.20439 accuracy= 0.71000 time= 0.01283
Epoch: 0459 train_loss= 0.32369 train_acc= 0.96667 val_loss= 1.23053 val_acc= 0.71200 time= 0.02617
Test results: cost= 1.20864 accuracy= 0.70800 time= 0.01301
Epoch: 0460 train_loss= 0.30373 train_acc= 0.96667 val_loss= 1.22934 val_acc= 0.71200 time= 0.02659
Test results: cost= 1.20980 accuracy= 0.71100 time= 0.01276
Epoch: 0461 train_loss= 0.28905 train_acc= 0.98333 val_loss= 1.23259 val_acc= 0.71600 time= 0.02641
Test results: cost= 1.21438 accuracy= 0.70800 time= 0.01281
Epoch: 0462 train_loss= 0.26717 train_acc= 0.98333 val_loss= 1.23317 val_acc= 0.71200 time= 0.02579
Test results: cost= 1.21612 accuracy= 0.70500 time= 0.01300
Epoch: 0463 train_loss= 0.25878 train_acc= 0.98333 val_loss= 1.23308 val_acc= 0.71000 time= 0.02564
Test results: cost= 1.21704 accuracy= 0.70500 time= 0.01282
Epoch: 0464 train_loss= 0.30782 train_acc= 0.96667 val_loss= 1.23265 val_acc= 0.71000 time= 0.02565
Test results: cost= 1.21660 accuracy= 0.70600 time= 0.01292
Epoch: 0465 train_loss= 0.26928 train_acc= 0.98333 val_loss= 1.23167 val_acc= 0.71200 time= 0.02630
Test results: cost= 1.21532 accuracy= 0.70700 time= 0.01260
Epoch: 0466 train_loss= 0.24662 train_acc= 0.99167 val_loss= 1.23001 val_acc= 0.70800 time= 0.02556
Test results: cost= 1.21254 accuracy= 0.70600 time= 0.01280
Epoch: 0467 train_loss= 0.27042 train_acc= 0.99167 val_loss= 1.22631 val_acc= 0.71000 time= 0.02547
Test results: cost= 1.20658 accuracy= 0.70500 time= 0.01286
Epoch: 0468 train_loss= 0.28272 train_acc= 0.98333 val_loss= 1.22303 val_acc= 0.71400 time= 0.02624
Test results: cost= 1.20025 accuracy= 0.71000 time= 0.01287
Epoch: 0469 train_loss= 0.31847 train_acc= 0.95833 val_loss= 1.22371 val_acc= 0.71000 time= 0.02622
Test results: cost= 1.19620 accuracy= 0.71000 time= 0.01306
Epoch: 0470 train_loss= 0.27029 train_acc= 0.98333 val_loss= 1.22584 val_acc= 0.71200 time= 0.02578
Test results: cost= 1.19317 accuracy= 0.71100 time= 0.01290
Epoch: 0471 train_loss= 0.28674 train_acc= 0.97500 val_loss= 1.22570 val_acc= 0.71400 time= 0.02545
Test results: cost= 1.19003 accuracy= 0.71200 time= 0.01296
Epoch: 0472 train_loss= 0.28252 train_acc= 0.98333 val_loss= 1.22465 val_acc= 0.71000 time= 0.02582
Test results: cost= 1.18695 accuracy= 0.71700 time= 0.01282
Epoch: 0473 train_loss= 0.26513 train_acc= 0.97500 val_loss= 1.22463 val_acc= 0.70800 time= 0.02566
Test results: cost= 1.18488 accuracy= 0.71800 time= 0.01309
Epoch: 0474 train_loss= 0.27483 train_acc= 0.98333 val_loss= 1.22710 val_acc= 0.70400 time= 0.02572
Test results: cost= 1.18599 accuracy= 0.71400 time= 0.01273
Epoch: 0475 train_loss= 0.27993 train_acc= 0.98333 val_loss= 1.23020 val_acc= 0.70200 time= 0.02607
Test results: cost= 1.18803 accuracy= 0.71600 time= 0.01299
Epoch: 0476 train_loss= 0.28233 train_acc= 0.99167 val_loss= 1.23198 val_acc= 0.70200 time= 0.02564
Test results: cost= 1.19009 accuracy= 0.71700 time= 0.01269
Epoch: 0477 train_loss= 0.30098 train_acc= 0.97500 val_loss= 1.23072 val_acc= 0.70600 time= 0.02595
Test results: cost= 1.18994 accuracy= 0.71800 time= 0.01295
Epoch: 0478 train_loss= 0.29546 train_acc= 0.97500 val_loss= 1.22959 val_acc= 0.70800 time= 0.02571
Test results: cost= 1.18963 accuracy= 0.71700 time= 0.01281
Epoch: 0479 train_loss= 0.26778 train_acc= 0.98333 val_loss= 1.22815 val_acc= 0.70800 time= 0.02641
Test results: cost= 1.18918 accuracy= 0.71700 time= 0.01293
Epoch: 0480 train_loss= 0.28595 train_acc= 0.97500 val_loss= 1.22449 val_acc= 0.70800 time= 0.02618
Test results: cost= 1.18806 accuracy= 0.71800 time= 0.01281
Epoch: 0481 train_loss= 0.28600 train_acc= 0.98333 val_loss= 1.22161 val_acc= 0.71000 time= 0.02553
Test results: cost= 1.18733 accuracy= 0.71700 time= 0.01274
Epoch: 0482 train_loss= 0.27078 train_acc= 0.99167 val_loss= 1.21809 val_acc= 0.71000 time= 0.02586
Test results: cost= 1.18654 accuracy= 0.71800 time= 0.01303
Epoch: 0483 train_loss= 0.29666 train_acc= 0.96667 val_loss= 1.21443 val_acc= 0.71000 time= 0.02770
Test results: cost= 1.18503 accuracy= 0.72000 time= 0.01291
Epoch: 0484 train_loss= 0.26230 train_acc= 0.98333 val_loss= 1.21108 val_acc= 0.70800 time= 0.02601
Test results: cost= 1.18483 accuracy= 0.71800 time= 0.01288
Epoch: 0485 train_loss= 0.31312 train_acc= 0.96667 val_loss= 1.20888 val_acc= 0.71000 time= 0.02611
Test results: cost= 1.18830 accuracy= 0.71700 time= 0.01248
Epoch: 0486 train_loss= 0.28769 train_acc= 0.96667 val_loss= 1.20749 val_acc= 0.71400 time= 0.02575
Test results: cost= 1.19202 accuracy= 0.71800 time= 0.01295
Epoch: 0487 train_loss= 0.25643 train_acc= 0.98333 val_loss= 1.20680 val_acc= 0.71400 time= 0.02640
Test results: cost= 1.19529 accuracy= 0.71700 time= 0.01314
Epoch: 0488 train_loss= 0.30067 train_acc= 0.96667 val_loss= 1.20413 val_acc= 0.71000 time= 0.02589
Test results: cost= 1.19393 accuracy= 0.71600 time= 0.01307
Epoch: 0489 train_loss= 0.31154 train_acc= 0.98333 val_loss= 1.20111 val_acc= 0.71000 time= 0.02616
Test results: cost= 1.19140 accuracy= 0.71800 time= 0.01262
Epoch: 0490 train_loss= 0.27342 train_acc= 0.97500 val_loss= 1.19822 val_acc= 0.70800 time= 0.02567
Test results: cost= 1.18884 accuracy= 0.71800 time= 0.01297
Epoch: 0491 train_loss= 0.28947 train_acc= 0.96667 val_loss= 1.19819 val_acc= 0.70600 time= 0.02582
Test results: cost= 1.18942 accuracy= 0.71600 time= 0.01289
Epoch: 0492 train_loss= 0.29977 train_acc= 0.98333 val_loss= 1.19884 val_acc= 0.70600 time= 0.02697
Test results: cost= 1.19032 accuracy= 0.71500 time= 0.01285
Epoch: 0493 train_loss= 0.28066 train_acc= 0.99167 val_loss= 1.19993 val_acc= 0.70400 time= 0.02591
Test results: cost= 1.19091 accuracy= 0.71700 time= 0.01297
Epoch: 0494 train_loss= 0.29288 train_acc= 0.98333 val_loss= 1.20449 val_acc= 0.70400 time= 0.02579
Test results: cost= 1.19187 accuracy= 0.71300 time= 0.01295
Epoch: 0495 train_loss= 0.24873 train_acc= 0.99167 val_loss= 1.21124 val_acc= 0.69800 time= 0.02664
Test results: cost= 1.19589 accuracy= 0.71200 time= 0.01273
Epoch: 0496 train_loss= 0.29529 train_acc= 0.97500 val_loss= 1.21853 val_acc= 0.69200 time= 0.02589
Test results: cost= 1.20172 accuracy= 0.71000 time= 0.01292
Epoch: 0497 train_loss= 0.31213 train_acc= 0.96667 val_loss= 1.22790 val_acc= 0.69600 time= 0.02629
Test results: cost= 1.21008 accuracy= 0.70400 time= 0.01306
Epoch: 0498 train_loss= 0.27245 train_acc= 0.97500 val_loss= 1.23258 val_acc= 0.69200 time= 0.02615
Test results: cost= 1.21510 accuracy= 0.70300 time= 0.01285
Epoch: 0499 train_loss= 0.27444 train_acc= 0.97500 val_loss= 1.23330 val_acc= 0.69200 time= 0.02583
Test results: cost= 1.21696 accuracy= 0.70100 time= 0.01260
Epoch: 0500 train_loss= 0.27903 train_acc= 0.98333 val_loss= 1.23374 val_acc= 0.68400 time= 0.02628
Test results: cost= 1.21847 accuracy= 0.70000 time= 0.01272
best epoch: 91
best test: 0.71499974
Optimization Finished!
