
		{"dataset": "citeseer", "weight_decay": 0.0005, "hidden1": 16, "dropout": 0.5, "model": "gcn_mi", "train_ratio": 20, "epochs": 500}
citeseer
{'dataset': 'citeseer', 'model': 'gcn_mi', 'learning_rate': 0.01, 'epochs': 500, 'hidden1': 16, 'dropout': 0.5, 'weight_decay': 0.0005, 'early_stopping': 200, 'train_ratio': 20, 'repeat': 12}
500 500
Epoch: 0001 train_loss= 1.78294 train_acc= 0.15833 val_loss= 1.80150 val_acc= 0.44200 time= 0.05014
Test results: cost= 1.80104 accuracy= 0.46600 time= 0.01194
Epoch: 0002 train_loss= 1.76642 train_acc= 0.46667 val_loss= 1.79038 val_acc= 0.47600 time= 0.02570
Test results: cost= 1.78930 accuracy= 0.50600 time= 0.01194
Epoch: 0003 train_loss= 1.74836 train_acc= 0.53333 val_loss= 1.78013 val_acc= 0.46000 time= 0.02394
Test results: cost= 1.77815 accuracy= 0.48600 time= 0.01183
Epoch: 0004 train_loss= 1.72675 train_acc= 0.55000 val_loss= 1.77076 val_acc= 0.46600 time= 0.02412
Test results: cost= 1.76783 accuracy= 0.49400 time= 0.01218
Epoch: 0005 train_loss= 1.70604 train_acc= 0.53333 val_loss= 1.76158 val_acc= 0.47800 time= 0.02403
Test results: cost= 1.75785 accuracy= 0.51100 time= 0.01177
Epoch: 0006 train_loss= 1.68826 train_acc= 0.55000 val_loss= 1.75245 val_acc= 0.48400 time= 0.02446
Test results: cost= 1.74794 accuracy= 0.52400 time= 0.01200
Epoch: 0007 train_loss= 1.66694 train_acc= 0.61667 val_loss= 1.74311 val_acc= 0.50600 time= 0.02532
Test results: cost= 1.73780 accuracy= 0.53200 time= 0.01211
Epoch: 0008 train_loss= 1.63289 train_acc= 0.62500 val_loss= 1.73372 val_acc= 0.53200 time= 0.02369
Test results: cost= 1.72751 accuracy= 0.54500 time= 0.01168
Epoch: 0009 train_loss= 1.61002 train_acc= 0.65833 val_loss= 1.72438 val_acc= 0.54600 time= 0.02416
Test results: cost= 1.71719 accuracy= 0.56000 time= 0.01177
Epoch: 0010 train_loss= 1.58187 train_acc= 0.65000 val_loss= 1.71472 val_acc= 0.55200 time= 0.02363
Test results: cost= 1.70658 accuracy= 0.56600 time= 0.01179
Epoch: 0011 train_loss= 1.54798 train_acc= 0.71667 val_loss= 1.70478 val_acc= 0.56000 time= 0.02396
Test results: cost= 1.69565 accuracy= 0.57300 time= 0.01195
Epoch: 0012 train_loss= 1.51291 train_acc= 0.72500 val_loss= 1.69450 val_acc= 0.56800 time= 0.02410
Test results: cost= 1.68443 accuracy= 0.57900 time= 0.01194
Epoch: 0013 train_loss= 1.49414 train_acc= 0.77500 val_loss= 1.68402 val_acc= 0.57400 time= 0.02380
Test results: cost= 1.67303 accuracy= 0.58400 time= 0.01195
Epoch: 0014 train_loss= 1.45177 train_acc= 0.73333 val_loss= 1.67312 val_acc= 0.58000 time= 0.02348
Test results: cost= 1.66129 accuracy= 0.59100 time= 0.01189
Epoch: 0015 train_loss= 1.41780 train_acc= 0.70833 val_loss= 1.66172 val_acc= 0.59000 time= 0.02391
Test results: cost= 1.64911 accuracy= 0.59900 time= 0.01174
Epoch: 0016 train_loss= 1.41048 train_acc= 0.75000 val_loss= 1.65008 val_acc= 0.59200 time= 0.02341
Test results: cost= 1.63661 accuracy= 0.60500 time= 0.01159
Epoch: 0017 train_loss= 1.37484 train_acc= 0.70000 val_loss= 1.63819 val_acc= 0.59400 time= 0.02400
Test results: cost= 1.62388 accuracy= 0.60900 time= 0.01207
Epoch: 0018 train_loss= 1.31214 train_acc= 0.72500 val_loss= 1.62587 val_acc= 0.59800 time= 0.02491
Test results: cost= 1.61084 accuracy= 0.61000 time= 0.01204
Epoch: 0019 train_loss= 1.30189 train_acc= 0.76667 val_loss= 1.61308 val_acc= 0.61200 time= 0.02393
Test results: cost= 1.59749 accuracy= 0.61300 time= 0.01201
Epoch: 0020 train_loss= 1.23330 train_acc= 0.75833 val_loss= 1.60031 val_acc= 0.62200 time= 0.02401
Test results: cost= 1.58424 accuracy= 0.62400 time= 0.01214
Epoch: 0021 train_loss= 1.23765 train_acc= 0.73333 val_loss= 1.58716 val_acc= 0.64400 time= 0.02361
Test results: cost= 1.57060 accuracy= 0.63100 time= 0.01168
Epoch: 0022 train_loss= 1.17729 train_acc= 0.76667 val_loss= 1.57375 val_acc= 0.65200 time= 0.02400
Test results: cost= 1.55688 accuracy= 0.64800 time= 0.01178
Epoch: 0023 train_loss= 1.14728 train_acc= 0.77500 val_loss= 1.55995 val_acc= 0.65400 time= 0.02389
Test results: cost= 1.54295 accuracy= 0.65700 time= 0.01178
Epoch: 0024 train_loss= 1.10379 train_acc= 0.78333 val_loss= 1.54625 val_acc= 0.66400 time= 0.02373
Test results: cost= 1.52929 accuracy= 0.67600 time= 0.01190
Epoch: 0025 train_loss= 1.07930 train_acc= 0.76667 val_loss= 1.53294 val_acc= 0.69400 time= 0.02437
Test results: cost= 1.51607 accuracy= 0.68200 time= 0.01192
Epoch: 0026 train_loss= 1.04873 train_acc= 0.79167 val_loss= 1.52023 val_acc= 0.70200 time= 0.02394
Test results: cost= 1.50330 accuracy= 0.68400 time= 0.01180
Epoch: 0027 train_loss= 1.03417 train_acc= 0.78333 val_loss= 1.50828 val_acc= 0.71600 time= 0.02387
Test results: cost= 1.49145 accuracy= 0.68800 time= 0.01194
Epoch: 0028 train_loss= 0.97882 train_acc= 0.82500 val_loss= 1.49673 val_acc= 0.72200 time= 0.02345
Test results: cost= 1.48008 accuracy= 0.69800 time= 0.01197
Epoch: 0029 train_loss= 0.92020 train_acc= 0.84167 val_loss= 1.48563 val_acc= 0.73400 time= 0.02433
Test results: cost= 1.46928 accuracy= 0.70200 time= 0.01159
Epoch: 0030 train_loss= 0.88802 train_acc= 0.83333 val_loss= 1.47552 val_acc= 0.73800 time= 0.02395
Test results: cost= 1.45935 accuracy= 0.70500 time= 0.01203
Epoch: 0031 train_loss= 0.92229 train_acc= 0.82500 val_loss= 1.46581 val_acc= 0.73800 time= 0.02389
Test results: cost= 1.44984 accuracy= 0.70600 time= 0.01192
Epoch: 0032 train_loss= 0.91115 train_acc= 0.85833 val_loss= 1.45715 val_acc= 0.74200 time= 0.02401
Test results: cost= 1.44139 accuracy= 0.70800 time= 0.01185
Epoch: 0033 train_loss= 0.87589 train_acc= 0.84167 val_loss= 1.44894 val_acc= 0.74400 time= 0.02384
Test results: cost= 1.43356 accuracy= 0.70800 time= 0.01181
Epoch: 0034 train_loss= 0.85530 train_acc= 0.88333 val_loss= 1.44153 val_acc= 0.74200 time= 0.02428
Test results: cost= 1.42663 accuracy= 0.70700 time= 0.01217
Epoch: 0035 train_loss= 0.83238 train_acc= 0.87500 val_loss= 1.43470 val_acc= 0.74200 time= 0.02372
Test results: cost= 1.42030 accuracy= 0.71100 time= 0.01189
Epoch: 0036 train_loss= 0.79770 train_acc= 0.90833 val_loss= 1.42837 val_acc= 0.74000 time= 0.02381
Test results: cost= 1.41465 accuracy= 0.71300 time= 0.01205
Epoch: 0037 train_loss= 0.72955 train_acc= 0.91667 val_loss= 1.42184 val_acc= 0.73400 time= 0.02425
Test results: cost= 1.40902 accuracy= 0.70800 time= 0.01178
Epoch: 0038 train_loss= 0.75801 train_acc= 0.90000 val_loss= 1.41587 val_acc= 0.73200 time= 0.02393
Test results: cost= 1.40365 accuracy= 0.70800 time= 0.01156
Epoch: 0039 train_loss= 0.76791 train_acc= 0.89167 val_loss= 1.41056 val_acc= 0.73000 time= 0.02391
Test results: cost= 1.39866 accuracy= 0.70700 time= 0.01162
Epoch: 0040 train_loss= 0.68009 train_acc= 0.93333 val_loss= 1.40546 val_acc= 0.72600 time= 0.02479
Test results: cost= 1.39401 accuracy= 0.70600 time= 0.01209
Epoch: 0041 train_loss= 0.68836 train_acc= 0.90833 val_loss= 1.40070 val_acc= 0.72400 time= 0.02387
Test results: cost= 1.38996 accuracy= 0.70500 time= 0.01182
Epoch: 0042 train_loss= 0.67088 train_acc= 0.95000 val_loss= 1.39611 val_acc= 0.72200 time= 0.02338
Test results: cost= 1.38583 accuracy= 0.70500 time= 0.01184
Epoch: 0043 train_loss= 0.66397 train_acc= 0.94167 val_loss= 1.39181 val_acc= 0.72000 time= 0.02372
Test results: cost= 1.38161 accuracy= 0.70200 time= 0.01174
Epoch: 0044 train_loss= 0.70775 train_acc= 0.89167 val_loss= 1.38735 val_acc= 0.71800 time= 0.02456
Test results: cost= 1.37703 accuracy= 0.70300 time= 0.01217
Epoch: 0045 train_loss= 0.66628 train_acc= 0.93333 val_loss= 1.38221 val_acc= 0.71600 time= 0.02506
Test results: cost= 1.37187 accuracy= 0.70600 time= 0.01204
Epoch: 0046 train_loss= 0.66494 train_acc= 0.94167 val_loss= 1.37606 val_acc= 0.71800 time= 0.02456
Test results: cost= 1.36561 accuracy= 0.70800 time= 0.01205
Epoch: 0047 train_loss= 0.67573 train_acc= 0.92500 val_loss= 1.36982 val_acc= 0.72000 time= 0.02444
Test results: cost= 1.35938 accuracy= 0.70900 time= 0.01194
Epoch: 0048 train_loss= 0.63645 train_acc= 0.95000 val_loss= 1.36374 val_acc= 0.72000 time= 0.02401
Test results: cost= 1.35352 accuracy= 0.70700 time= 0.01198
Epoch: 0049 train_loss= 0.66112 train_acc= 0.90000 val_loss= 1.35773 val_acc= 0.72000 time= 0.02543
Test results: cost= 1.34789 accuracy= 0.70700 time= 0.01218
Epoch: 0050 train_loss= 0.62868 train_acc= 0.93333 val_loss= 1.35231 val_acc= 0.72000 time= 0.02462
Test results: cost= 1.34245 accuracy= 0.70600 time= 0.01179
Epoch: 0051 train_loss= 0.59885 train_acc= 0.92500 val_loss= 1.34700 val_acc= 0.71800 time= 0.02373
Test results: cost= 1.33730 accuracy= 0.70600 time= 0.01199
Epoch: 0052 train_loss= 0.56680 train_acc= 0.94167 val_loss= 1.34091 val_acc= 0.71800 time= 0.02412
Test results: cost= 1.33147 accuracy= 0.70400 time= 0.01201
Epoch: 0053 train_loss= 0.62383 train_acc= 0.91667 val_loss= 1.33456 val_acc= 0.71800 time= 0.02417
Test results: cost= 1.32531 accuracy= 0.70600 time= 0.01191
Epoch: 0054 train_loss= 0.60089 train_acc= 0.94167 val_loss= 1.32820 val_acc= 0.71800 time= 0.02428
Test results: cost= 1.31982 accuracy= 0.70700 time= 0.01178
Epoch: 0055 train_loss= 0.62263 train_acc= 0.92500 val_loss= 1.32197 val_acc= 0.71800 time= 0.02378
Test results: cost= 1.31444 accuracy= 0.70700 time= 0.01209
Epoch: 0056 train_loss= 0.60003 train_acc= 0.91667 val_loss= 1.31542 val_acc= 0.72600 time= 0.02399
Test results: cost= 1.30898 accuracy= 0.70700 time= 0.01185
Epoch: 0057 train_loss= 0.59773 train_acc= 0.91667 val_loss= 1.30972 val_acc= 0.72800 time= 0.02431
Test results: cost= 1.30466 accuracy= 0.70600 time= 0.01167
Epoch: 0058 train_loss= 0.50819 train_acc= 0.97500 val_loss= 1.30399 val_acc= 0.72600 time= 0.02389
Test results: cost= 1.30003 accuracy= 0.70500 time= 0.01197
Epoch: 0059 train_loss= 0.54354 train_acc= 0.92500 val_loss= 1.29900 val_acc= 0.72600 time= 0.02383
Test results: cost= 1.29616 accuracy= 0.70200 time= 0.01175
Epoch: 0060 train_loss= 0.54784 train_acc= 0.93333 val_loss= 1.29535 val_acc= 0.72000 time= 0.02357
Test results: cost= 1.29410 accuracy= 0.70300 time= 0.01204
Epoch: 0061 train_loss= 0.53601 train_acc= 0.93333 val_loss= 1.29325 val_acc= 0.71800 time= 0.02392
Test results: cost= 1.29365 accuracy= 0.70100 time= 0.01183
Epoch: 0062 train_loss= 0.50904 train_acc= 0.95833 val_loss= 1.29074 val_acc= 0.71800 time= 0.02504
Test results: cost= 1.29327 accuracy= 0.69700 time= 0.01185
Epoch: 0063 train_loss= 0.55604 train_acc= 0.93333 val_loss= 1.28793 val_acc= 0.71800 time= 0.02389
Test results: cost= 1.29174 accuracy= 0.69700 time= 0.01177
Epoch: 0064 train_loss= 0.52390 train_acc= 0.94167 val_loss= 1.28531 val_acc= 0.71400 time= 0.02423
Test results: cost= 1.29002 accuracy= 0.69700 time= 0.01192
Epoch: 0065 train_loss= 0.59974 train_acc= 0.90000 val_loss= 1.28264 val_acc= 0.71400 time= 0.02394
Test results: cost= 1.28675 accuracy= 0.69400 time= 0.01190
Epoch: 0066 train_loss= 0.52736 train_acc= 0.95000 val_loss= 1.28050 val_acc= 0.71400 time= 0.02397
Test results: cost= 1.28325 accuracy= 0.69100 time= 0.01161
Epoch: 0067 train_loss= 0.54922 train_acc= 0.93333 val_loss= 1.27845 val_acc= 0.71000 time= 0.02414
Test results: cost= 1.28011 accuracy= 0.69200 time= 0.01185
Epoch: 0068 train_loss= 0.49330 train_acc= 0.95000 val_loss= 1.27595 val_acc= 0.71000 time= 0.02421
Test results: cost= 1.27602 accuracy= 0.69400 time= 0.01170
Epoch: 0069 train_loss= 0.52991 train_acc= 0.93333 val_loss= 1.27294 val_acc= 0.70800 time= 0.02404
Test results: cost= 1.27152 accuracy= 0.69300 time= 0.01198
Epoch: 0070 train_loss= 0.53815 train_acc= 0.94167 val_loss= 1.26960 val_acc= 0.71000 time= 0.02344
Test results: cost= 1.26701 accuracy= 0.69100 time= 0.01199
Epoch: 0071 train_loss= 0.48378 train_acc= 0.96667 val_loss= 1.26545 val_acc= 0.71000 time= 0.02370
Test results: cost= 1.26194 accuracy= 0.69100 time= 0.01196
Epoch: 0072 train_loss= 0.53603 train_acc= 0.93333 val_loss= 1.26053 val_acc= 0.71000 time= 0.02373
Test results: cost= 1.25630 accuracy= 0.69300 time= 0.01207
Epoch: 0073 train_loss= 0.52201 train_acc= 0.95833 val_loss= 1.25580 val_acc= 0.71000 time= 0.02378
Test results: cost= 1.25097 accuracy= 0.69800 time= 0.01206
Epoch: 0074 train_loss= 0.49390 train_acc= 0.95000 val_loss= 1.25183 val_acc= 0.71400 time= 0.02388
Test results: cost= 1.24663 accuracy= 0.69900 time= 0.01209
Epoch: 0075 train_loss= 0.54505 train_acc= 0.94167 val_loss= 1.24867 val_acc= 0.72000 time= 0.02479
Test results: cost= 1.24303 accuracy= 0.70300 time= 0.01188
Epoch: 0076 train_loss= 0.45431 train_acc= 0.95000 val_loss= 1.24591 val_acc= 0.72000 time= 0.02422
Test results: cost= 1.24056 accuracy= 0.70700 time= 0.01170
Epoch: 0077 train_loss= 0.45620 train_acc= 0.95833 val_loss= 1.24336 val_acc= 0.72000 time= 0.02402
Test results: cost= 1.23830 accuracy= 0.70900 time= 0.01187
Epoch: 0078 train_loss= 0.47553 train_acc= 0.95833 val_loss= 1.24113 val_acc= 0.71800 time= 0.02473
Test results: cost= 1.23651 accuracy= 0.70800 time= 0.01159
Epoch: 0079 train_loss= 0.47931 train_acc= 0.96667 val_loss= 1.23973 val_acc= 0.71800 time= 0.02363
Test results: cost= 1.23562 accuracy= 0.70600 time= 0.01181
Epoch: 0080 train_loss= 0.49630 train_acc= 0.95000 val_loss= 1.23793 val_acc= 0.71800 time= 0.02367
Test results: cost= 1.23422 accuracy= 0.70500 time= 0.01196
Epoch: 0081 train_loss= 0.48913 train_acc= 0.96667 val_loss= 1.23665 val_acc= 0.71400 time= 0.02385
Test results: cost= 1.23425 accuracy= 0.70400 time= 0.01194
Epoch: 0082 train_loss= 0.48961 train_acc= 0.95833 val_loss= 1.23492 val_acc= 0.71200 time= 0.02394
Test results: cost= 1.23386 accuracy= 0.70400 time= 0.01203
Epoch: 0083 train_loss= 0.46849 train_acc= 0.94167 val_loss= 1.23264 val_acc= 0.71000 time= 0.02449
Test results: cost= 1.23350 accuracy= 0.70300 time= 0.01169
Epoch: 0084 train_loss= 0.42052 train_acc= 0.97500 val_loss= 1.23026 val_acc= 0.71000 time= 0.02418
Test results: cost= 1.23277 accuracy= 0.70700 time= 0.01176
Epoch: 0085 train_loss= 0.45478 train_acc= 0.96667 val_loss= 1.22799 val_acc= 0.71000 time= 0.02422
Test results: cost= 1.23152 accuracy= 0.70600 time= 0.01178
Epoch: 0086 train_loss= 0.44644 train_acc= 0.95000 val_loss= 1.22489 val_acc= 0.71200 time= 0.02376
Test results: cost= 1.22860 accuracy= 0.70900 time= 0.01158
Epoch: 0087 train_loss= 0.45569 train_acc= 0.96667 val_loss= 1.22190 val_acc= 0.71600 time= 0.02389
Test results: cost= 1.22502 accuracy= 0.70900 time= 0.01200
Epoch: 0088 train_loss= 0.47411 train_acc= 0.95000 val_loss= 1.21952 val_acc= 0.71600 time= 0.02446
Test results: cost= 1.22158 accuracy= 0.70600 time= 0.01181
Epoch: 0089 train_loss= 0.46358 train_acc= 0.94167 val_loss= 1.21675 val_acc= 0.72200 time= 0.02430
Test results: cost= 1.21799 accuracy= 0.70900 time= 0.01207
Epoch: 0090 train_loss= 0.42875 train_acc= 0.96667 val_loss= 1.21368 val_acc= 0.72000 time= 0.02379
Test results: cost= 1.21442 accuracy= 0.71200 time= 0.01188
Epoch: 0091 train_loss= 0.42398 train_acc= 0.95000 val_loss= 1.21075 val_acc= 0.72200 time= 0.02359
Test results: cost= 1.21096 accuracy= 0.70900 time= 0.01189
Epoch: 0092 train_loss= 0.47246 train_acc= 0.92500 val_loss= 1.20808 val_acc= 0.72200 time= 0.02413
Test results: cost= 1.20760 accuracy= 0.71100 time= 0.01194
Epoch: 0093 train_loss= 0.42947 train_acc= 0.92500 val_loss= 1.20580 val_acc= 0.71800 time= 0.02402
Test results: cost= 1.20517 accuracy= 0.71300 time= 0.01190
Epoch: 0094 train_loss= 0.42183 train_acc= 0.96667 val_loss= 1.20398 val_acc= 0.71600 time= 0.02411
Test results: cost= 1.20372 accuracy= 0.71400 time= 0.01202
Epoch: 0095 train_loss= 0.43257 train_acc= 0.97500 val_loss= 1.20228 val_acc= 0.71600 time= 0.02376
Test results: cost= 1.20272 accuracy= 0.71500 time= 0.01182
Epoch: 0096 train_loss= 0.43979 train_acc= 0.95000 val_loss= 1.19986 val_acc= 0.71800 time= 0.02399
Test results: cost= 1.20065 accuracy= 0.71600 time= 0.01185
Epoch: 0097 train_loss= 0.45215 train_acc= 0.95833 val_loss= 1.19885 val_acc= 0.72200 time= 0.02397
Test results: cost= 1.20006 accuracy= 0.71200 time= 0.01166
Epoch: 0098 train_loss= 0.45773 train_acc= 0.95000 val_loss= 1.19854 val_acc= 0.71600 time= 0.02391
Test results: cost= 1.20026 accuracy= 0.71300 time= 0.01200
Epoch: 0099 train_loss= 0.42626 train_acc= 0.95833 val_loss= 1.19774 val_acc= 0.72000 time= 0.02475
Test results: cost= 1.20007 accuracy= 0.71100 time= 0.01182
Epoch: 0100 train_loss= 0.40632 train_acc= 0.96667 val_loss= 1.19690 val_acc= 0.72400 time= 0.02362
Test results: cost= 1.19963 accuracy= 0.71200 time= 0.01190
Epoch: 0101 train_loss= 0.40742 train_acc= 0.97500 val_loss= 1.19602 val_acc= 0.72200 time= 0.02369
Test results: cost= 1.19932 accuracy= 0.71300 time= 0.01164
Epoch: 0102 train_loss= 0.43303 train_acc= 0.96667 val_loss= 1.19571 val_acc= 0.72400 time= 0.02408
Test results: cost= 1.19911 accuracy= 0.71300 time= 0.01204
Epoch: 0103 train_loss= 0.43981 train_acc= 0.95000 val_loss= 1.19601 val_acc= 0.72200 time= 0.02420
Test results: cost= 1.19873 accuracy= 0.71200 time= 0.01186
Epoch: 0104 train_loss= 0.44763 train_acc= 0.95000 val_loss= 1.19591 val_acc= 0.71800 time= 0.02418
Test results: cost= 1.19753 accuracy= 0.71000 time= 0.01203
Epoch: 0105 train_loss= 0.42817 train_acc= 0.96667 val_loss= 1.19649 val_acc= 0.71800 time= 0.02412
Test results: cost= 1.19732 accuracy= 0.71000 time= 0.01206
Epoch: 0106 train_loss= 0.44355 train_acc= 0.95000 val_loss= 1.19741 val_acc= 0.72400 time= 0.02437
Test results: cost= 1.19717 accuracy= 0.70700 time= 0.01188
Epoch: 0107 train_loss= 0.42845 train_acc= 0.96667 val_loss= 1.19850 val_acc= 0.72000 time= 0.02480
Test results: cost= 1.19680 accuracy= 0.70500 time= 0.01193
Epoch: 0108 train_loss= 0.44157 train_acc= 0.95000 val_loss= 1.19971 val_acc= 0.71800 time= 0.02395
Test results: cost= 1.19771 accuracy= 0.70400 time= 0.01196
Epoch: 0109 train_loss= 0.40021 train_acc= 0.96667 val_loss= 1.20176 val_acc= 0.71400 time= 0.02384
Test results: cost= 1.19921 accuracy= 0.70400 time= 0.01155
Epoch: 0110 train_loss= 0.43272 train_acc= 0.95000 val_loss= 1.20406 val_acc= 0.71000 time= 0.02411
Test results: cost= 1.20060 accuracy= 0.70000 time= 0.01162
Epoch: 0111 train_loss= 0.42792 train_acc= 0.95833 val_loss= 1.20611 val_acc= 0.71200 time= 0.02436
Test results: cost= 1.20227 accuracy= 0.70100 time= 0.01195
Epoch: 0112 train_loss= 0.42706 train_acc= 0.95000 val_loss= 1.20746 val_acc= 0.70800 time= 0.02430
Test results: cost= 1.20371 accuracy= 0.70000 time= 0.01206
Epoch: 0113 train_loss= 0.39343 train_acc= 0.96667 val_loss= 1.20877 val_acc= 0.70600 time= 0.02467
Test results: cost= 1.20510 accuracy= 0.70000 time= 0.01192
Epoch: 0114 train_loss= 0.38264 train_acc= 0.96667 val_loss= 1.21000 val_acc= 0.70800 time= 0.02397
Test results: cost= 1.20620 accuracy= 0.69600 time= 0.01182
Epoch: 0115 train_loss= 0.39627 train_acc= 0.95000 val_loss= 1.21137 val_acc= 0.70000 time= 0.02391
Test results: cost= 1.20722 accuracy= 0.69600 time= 0.01197
Epoch: 0116 train_loss= 0.41019 train_acc= 0.95833 val_loss= 1.21325 val_acc= 0.70200 time= 0.02394
Test results: cost= 1.20874 accuracy= 0.69400 time= 0.01194
Epoch: 0117 train_loss= 0.37868 train_acc= 0.95833 val_loss= 1.21533 val_acc= 0.70600 time= 0.02495
Test results: cost= 1.21077 accuracy= 0.69100 time= 0.01162
Epoch: 0118 train_loss= 0.39440 train_acc= 0.95000 val_loss= 1.21572 val_acc= 0.70800 time= 0.02383
Test results: cost= 1.21102 accuracy= 0.69000 time= 0.01178
Epoch: 0119 train_loss= 0.40495 train_acc= 0.97500 val_loss= 1.21524 val_acc= 0.71000 time= 0.02459
Test results: cost= 1.21099 accuracy= 0.69100 time= 0.01162
Epoch: 0120 train_loss= 0.37938 train_acc= 0.98333 val_loss= 1.21455 val_acc= 0.70800 time= 0.02402
Test results: cost= 1.21052 accuracy= 0.69300 time= 0.01185
Epoch: 0121 train_loss= 0.43863 train_acc= 0.94167 val_loss= 1.21165 val_acc= 0.71000 time= 0.02475
Test results: cost= 1.20827 accuracy= 0.69100 time= 0.01195
Epoch: 0122 train_loss= 0.38394 train_acc= 0.97500 val_loss= 1.20844 val_acc= 0.71000 time= 0.02384
Test results: cost= 1.20620 accuracy= 0.69100 time= 0.01172
Epoch: 0123 train_loss= 0.38862 train_acc= 0.95833 val_loss= 1.20522 val_acc= 0.71200 time= 0.02400
Test results: cost= 1.20351 accuracy= 0.69500 time= 0.01168
Epoch: 0124 train_loss= 0.45596 train_acc= 0.91667 val_loss= 1.20144 val_acc= 0.71200 time= 0.02415
Test results: cost= 1.20041 accuracy= 0.69800 time= 0.01172
Epoch: 0125 train_loss= 0.45089 train_acc= 0.95000 val_loss= 1.19735 val_acc= 0.71200 time= 0.02386
Test results: cost= 1.19763 accuracy= 0.69900 time= 0.01191
Epoch: 0126 train_loss= 0.45618 train_acc= 0.93333 val_loss= 1.19264 val_acc= 0.71000 time= 0.02380
Test results: cost= 1.19372 accuracy= 0.69700 time= 0.01193
Epoch: 0127 train_loss= 0.41656 train_acc= 0.95833 val_loss= 1.18832 val_acc= 0.70800 time= 0.02460
Test results: cost= 1.19048 accuracy= 0.70200 time= 0.01203
Epoch: 0128 train_loss= 0.41453 train_acc= 0.95833 val_loss= 1.18485 val_acc= 0.71000 time= 0.02463
Test results: cost= 1.18898 accuracy= 0.70300 time= 0.01202
Epoch: 0129 train_loss= 0.43514 train_acc= 0.94167 val_loss= 1.18216 val_acc= 0.71200 time= 0.02539
Test results: cost= 1.18853 accuracy= 0.70700 time= 0.01194
Epoch: 0130 train_loss= 0.41529 train_acc= 0.96667 val_loss= 1.17983 val_acc= 0.71600 time= 0.02446
Test results: cost= 1.18851 accuracy= 0.71000 time= 0.01322
Epoch: 0131 train_loss= 0.41473 train_acc= 0.94167 val_loss= 1.17846 val_acc= 0.72200 time= 0.02392
Test results: cost= 1.18885 accuracy= 0.71300 time= 0.01196
Epoch: 0132 train_loss= 0.46895 train_acc= 0.93333 val_loss= 1.17744 val_acc= 0.72600 time= 0.02448
Test results: cost= 1.18986 accuracy= 0.71400 time= 0.01225
Epoch: 0133 train_loss= 0.38266 train_acc= 0.95833 val_loss= 1.17610 val_acc= 0.72400 time= 0.02348
Test results: cost= 1.19007 accuracy= 0.71300 time= 0.01196
Epoch: 0134 train_loss= 0.36058 train_acc= 0.97500 val_loss= 1.17562 val_acc= 0.73000 time= 0.02373
Test results: cost= 1.19133 accuracy= 0.70700 time= 0.01197
Epoch: 0135 train_loss= 0.38110 train_acc= 0.95000 val_loss= 1.17637 val_acc= 0.73000 time= 0.02414
Test results: cost= 1.19324 accuracy= 0.70900 time= 0.01197
Epoch: 0136 train_loss= 0.44718 train_acc= 0.93333 val_loss= 1.17771 val_acc= 0.73200 time= 0.02424
Test results: cost= 1.19549 accuracy= 0.70900 time= 0.01204
Epoch: 0137 train_loss= 0.41538 train_acc= 0.94167 val_loss= 1.17971 val_acc= 0.73400 time= 0.02346
Test results: cost= 1.19776 accuracy= 0.70700 time= 0.01183
Epoch: 0138 train_loss= 0.38256 train_acc= 0.96667 val_loss= 1.18081 val_acc= 0.72600 time= 0.02387
Test results: cost= 1.19817 accuracy= 0.70700 time= 0.01173
Epoch: 0139 train_loss= 0.39513 train_acc= 0.96667 val_loss= 1.18156 val_acc= 0.72000 time= 0.02376
Test results: cost= 1.19802 accuracy= 0.70300 time= 0.01205
Epoch: 0140 train_loss= 0.38789 train_acc= 0.96667 val_loss= 1.18195 val_acc= 0.71400 time= 0.02385
Test results: cost= 1.19726 accuracy= 0.70400 time= 0.01188
Epoch: 0141 train_loss= 0.39036 train_acc= 0.96667 val_loss= 1.18160 val_acc= 0.70400 time= 0.02424
Test results: cost= 1.19599 accuracy= 0.70000 time= 0.01198
Epoch: 0142 train_loss= 0.33843 train_acc= 0.97500 val_loss= 1.18105 val_acc= 0.70400 time= 0.02399
Test results: cost= 1.19437 accuracy= 0.70400 time= 0.01190
Epoch: 0143 train_loss= 0.34629 train_acc= 0.96667 val_loss= 1.18026 val_acc= 0.70400 time= 0.02418
Test results: cost= 1.19252 accuracy= 0.70500 time= 0.01187
Epoch: 0144 train_loss= 0.33948 train_acc= 0.98333 val_loss= 1.17889 val_acc= 0.70800 time= 0.02396
Test results: cost= 1.18929 accuracy= 0.70500 time= 0.01163
Epoch: 0145 train_loss= 0.36049 train_acc= 0.97500 val_loss= 1.17679 val_acc= 0.71200 time= 0.02455
Test results: cost= 1.18564 accuracy= 0.70600 time= 0.01199
Epoch: 0146 train_loss= 0.40623 train_acc= 0.95000 val_loss= 1.17605 val_acc= 0.71200 time= 0.02439
Test results: cost= 1.18296 accuracy= 0.70300 time= 0.01192
Epoch: 0147 train_loss= 0.39737 train_acc= 0.95000 val_loss= 1.17576 val_acc= 0.71000 time= 0.02490
Test results: cost= 1.18148 accuracy= 0.69900 time= 0.01200
Epoch: 0148 train_loss= 0.38185 train_acc= 0.97500 val_loss= 1.17473 val_acc= 0.71400 time= 0.02389
Test results: cost= 1.17958 accuracy= 0.69300 time= 0.01210
Epoch: 0149 train_loss= 0.40190 train_acc= 0.94167 val_loss= 1.17376 val_acc= 0.71400 time= 0.02411
Test results: cost= 1.17874 accuracy= 0.69500 time= 0.01192
Epoch: 0150 train_loss= 0.35261 train_acc= 0.98333 val_loss= 1.17272 val_acc= 0.71400 time= 0.02509
Test results: cost= 1.17819 accuracy= 0.69500 time= 0.01186
Epoch: 0151 train_loss= 0.41287 train_acc= 0.95000 val_loss= 1.17275 val_acc= 0.71200 time= 0.02439
Test results: cost= 1.17852 accuracy= 0.69600 time= 0.01195
Epoch: 0152 train_loss= 0.36072 train_acc= 0.96667 val_loss= 1.17279 val_acc= 0.71000 time= 0.02404
Test results: cost= 1.17910 accuracy= 0.69400 time= 0.01177
Epoch: 0153 train_loss= 0.37318 train_acc= 0.95833 val_loss= 1.17213 val_acc= 0.71000 time= 0.02390
Test results: cost= 1.17952 accuracy= 0.69600 time= 0.01165
Epoch: 0154 train_loss= 0.38055 train_acc= 0.95000 val_loss= 1.17084 val_acc= 0.71200 time= 0.02425
Test results: cost= 1.17973 accuracy= 0.69800 time= 0.01210
Epoch: 0155 train_loss= 0.36518 train_acc= 0.97500 val_loss= 1.16977 val_acc= 0.71200 time= 0.02538
Test results: cost= 1.17939 accuracy= 0.69900 time= 0.01195
Epoch: 0156 train_loss= 0.36629 train_acc= 0.96667 val_loss= 1.16894 val_acc= 0.71200 time= 0.02394
Test results: cost= 1.17914 accuracy= 0.69800 time= 0.01193
Epoch: 0157 train_loss= 0.37085 train_acc= 0.97500 val_loss= 1.16850 val_acc= 0.71000 time= 0.02412
Test results: cost= 1.17874 accuracy= 0.69800 time= 0.01209
Epoch: 0158 train_loss= 0.39374 train_acc= 0.95833 val_loss= 1.16864 val_acc= 0.71200 time= 0.02407
Test results: cost= 1.17901 accuracy= 0.69700 time= 0.01192
Epoch: 0159 train_loss= 0.34238 train_acc= 0.96667 val_loss= 1.16894 val_acc= 0.71200 time= 0.02452
Test results: cost= 1.17952 accuracy= 0.69700 time= 0.01175
Epoch: 0160 train_loss= 0.40742 train_acc= 0.93333 val_loss= 1.17041 val_acc= 0.71200 time= 0.02362
Test results: cost= 1.18115 accuracy= 0.69600 time= 0.01168
Epoch: 0161 train_loss= 0.38069 train_acc= 0.95833 val_loss= 1.17141 val_acc= 0.71200 time= 0.02409
Test results: cost= 1.18244 accuracy= 0.69400 time= 0.01195
Epoch: 0162 train_loss= 0.36905 train_acc= 0.97500 val_loss= 1.17172 val_acc= 0.71200 time= 0.02398
Test results: cost= 1.18338 accuracy= 0.69600 time= 0.01195
Epoch: 0163 train_loss= 0.35980 train_acc= 0.96667 val_loss= 1.17209 val_acc= 0.71000 time= 0.02392
Test results: cost= 1.18426 accuracy= 0.69600 time= 0.01201
Epoch: 0164 train_loss= 0.34274 train_acc= 0.97500 val_loss= 1.17259 val_acc= 0.71000 time= 0.02455
Test results: cost= 1.18505 accuracy= 0.69700 time= 0.01202
Epoch: 0165 train_loss= 0.40500 train_acc= 0.95000 val_loss= 1.17358 val_acc= 0.70800 time= 0.02396
Test results: cost= 1.18562 accuracy= 0.69300 time= 0.01162
Epoch: 0166 train_loss= 0.35089 train_acc= 0.95000 val_loss= 1.17364 val_acc= 0.71000 time= 0.02385
Test results: cost= 1.18525 accuracy= 0.69700 time= 0.01168
Epoch: 0167 train_loss= 0.37390 train_acc= 0.96667 val_loss= 1.17387 val_acc= 0.71000 time= 0.02413
Test results: cost= 1.18534 accuracy= 0.69700 time= 0.01197
Epoch: 0168 train_loss= 0.35997 train_acc= 0.98333 val_loss= 1.17283 val_acc= 0.70800 time= 0.02413
Test results: cost= 1.18353 accuracy= 0.69800 time= 0.01174
Epoch: 0169 train_loss= 0.39954 train_acc= 0.93333 val_loss= 1.17006 val_acc= 0.70600 time= 0.02355
Test results: cost= 1.18037 accuracy= 0.69800 time= 0.01194
Epoch: 0170 train_loss= 0.35824 train_acc= 0.96667 val_loss= 1.16918 val_acc= 0.70800 time= 0.02420
Test results: cost= 1.17900 accuracy= 0.69900 time= 0.01190
Epoch: 0171 train_loss= 0.38383 train_acc= 0.95000 val_loss= 1.16778 val_acc= 0.70600 time= 0.02467
Test results: cost= 1.17712 accuracy= 0.69800 time= 0.01199
Epoch: 0172 train_loss= 0.38892 train_acc= 0.95000 val_loss= 1.16487 val_acc= 0.70800 time= 0.02390
Test results: cost= 1.17486 accuracy= 0.69800 time= 0.01204
Epoch: 0173 train_loss= 0.34994 train_acc= 0.96667 val_loss= 1.16123 val_acc= 0.70600 time= 0.02411
Test results: cost= 1.17231 accuracy= 0.70200 time= 0.01204
Epoch: 0174 train_loss= 0.40611 train_acc= 0.96667 val_loss= 1.15809 val_acc= 0.70600 time= 0.02408
Test results: cost= 1.16997 accuracy= 0.70700 time= 0.01189
Epoch: 0175 train_loss= 0.36738 train_acc= 0.97500 val_loss= 1.15492 val_acc= 0.70400 time= 0.02410
Test results: cost= 1.16804 accuracy= 0.70800 time= 0.01182
Epoch: 0176 train_loss= 0.34320 train_acc= 0.97500 val_loss= 1.15351 val_acc= 0.70600 time= 0.02390
Test results: cost= 1.16758 accuracy= 0.70800 time= 0.01205
Epoch: 0177 train_loss= 0.41990 train_acc= 0.91667 val_loss= 1.15332 val_acc= 0.70600 time= 0.02382
Test results: cost= 1.16749 accuracy= 0.70900 time= 0.01171
Epoch: 0178 train_loss= 0.42718 train_acc= 0.94167 val_loss= 1.15374 val_acc= 0.70400 time= 0.02419
Test results: cost= 1.16787 accuracy= 0.71000 time= 0.01165
Epoch: 0179 train_loss= 0.42294 train_acc= 0.94167 val_loss= 1.15539 val_acc= 0.70600 time= 0.02537
Test results: cost= 1.17027 accuracy= 0.70600 time= 0.01211
Epoch: 0180 train_loss= 0.37208 train_acc= 0.97500 val_loss= 1.15776 val_acc= 0.70600 time= 0.02388
Test results: cost= 1.17297 accuracy= 0.70200 time= 0.01185
Epoch: 0181 train_loss= 0.39892 train_acc= 0.95000 val_loss= 1.16012 val_acc= 0.70800 time= 0.02390
Test results: cost= 1.17531 accuracy= 0.70000 time= 0.01188
Epoch: 0182 train_loss= 0.34860 train_acc= 0.96667 val_loss= 1.16232 val_acc= 0.71200 time= 0.02393
Test results: cost= 1.17737 accuracy= 0.69800 time= 0.01195
Epoch: 0183 train_loss= 0.37741 train_acc= 0.95833 val_loss= 1.16449 val_acc= 0.71400 time= 0.02511
Test results: cost= 1.17923 accuracy= 0.69800 time= 0.01211
Epoch: 0184 train_loss= 0.39068 train_acc= 0.95000 val_loss= 1.16710 val_acc= 0.71200 time= 0.02361
Test results: cost= 1.18067 accuracy= 0.69500 time= 0.01202
Epoch: 0185 train_loss= 0.36042 train_acc= 0.95000 val_loss= 1.17054 val_acc= 0.71000 time= 0.02390
Test results: cost= 1.18228 accuracy= 0.69100 time= 0.01202
Epoch: 0186 train_loss= 0.37484 train_acc= 0.95833 val_loss= 1.17361 val_acc= 0.70400 time= 0.02429
Test results: cost= 1.18394 accuracy= 0.69000 time= 0.01195
Epoch: 0187 train_loss= 0.32326 train_acc= 0.98333 val_loss= 1.17687 val_acc= 0.70200 time= 0.02397
Test results: cost= 1.18671 accuracy= 0.69000 time= 0.01185
Epoch: 0188 train_loss= 0.32394 train_acc= 0.97500 val_loss= 1.17997 val_acc= 0.69800 time= 0.02372
Test results: cost= 1.18913 accuracy= 0.69600 time= 0.01180
Epoch: 0189 train_loss= 0.33443 train_acc= 0.96667 val_loss= 1.18270 val_acc= 0.69600 time= 0.02439
Test results: cost= 1.19225 accuracy= 0.69200 time= 0.01202
Epoch: 0190 train_loss= 0.38892 train_acc= 0.95833 val_loss= 1.18473 val_acc= 0.69600 time= 0.02446
Test results: cost= 1.19538 accuracy= 0.68800 time= 0.01206
Epoch: 0191 train_loss= 0.39202 train_acc= 0.95833 val_loss= 1.18800 val_acc= 0.69600 time= 0.02476
Test results: cost= 1.19950 accuracy= 0.69000 time= 0.01196
Epoch: 0192 train_loss= 0.37116 train_acc= 0.96667 val_loss= 1.18820 val_acc= 0.69600 time= 0.02399
Test results: cost= 1.20039 accuracy= 0.69000 time= 0.01201
Epoch: 0193 train_loss= 0.38852 train_acc= 0.95833 val_loss= 1.18579 val_acc= 0.69600 time= 0.02400
Test results: cost= 1.19855 accuracy= 0.69000 time= 0.01173
Epoch: 0194 train_loss= 0.36078 train_acc= 0.95833 val_loss= 1.18240 val_acc= 0.70000 time= 0.02399
Test results: cost= 1.19570 accuracy= 0.69300 time= 0.01206
Epoch: 0195 train_loss= 0.37985 train_acc= 0.95833 val_loss= 1.17876 val_acc= 0.70400 time= 0.02400
Test results: cost= 1.19303 accuracy= 0.69200 time= 0.01179
Epoch: 0196 train_loss= 0.37404 train_acc= 0.96667 val_loss= 1.17359 val_acc= 0.70400 time= 0.02385
Test results: cost= 1.18867 accuracy= 0.69100 time= 0.01180
Epoch: 0197 train_loss= 0.37598 train_acc= 0.95000 val_loss= 1.16781 val_acc= 0.70400 time= 0.02410
Test results: cost= 1.18408 accuracy= 0.69300 time= 0.01199
Epoch: 0198 train_loss= 0.36874 train_acc= 0.95000 val_loss= 1.16197 val_acc= 0.70400 time= 0.02370
Test results: cost= 1.17972 accuracy= 0.69400 time= 0.01189
Epoch: 0199 train_loss= 0.36124 train_acc= 0.97500 val_loss= 1.15710 val_acc= 0.70200 time= 0.02414
Test results: cost= 1.17564 accuracy= 0.69900 time= 0.01198
Epoch: 0200 train_loss= 0.34573 train_acc= 0.96667 val_loss= 1.15296 val_acc= 0.70600 time= 0.02372
Test results: cost= 1.17202 accuracy= 0.69300 time= 0.01194
Epoch: 0201 train_loss= 0.35514 train_acc= 0.97500 val_loss= 1.15018 val_acc= 0.70800 time= 0.02413
Test results: cost= 1.17006 accuracy= 0.69500 time= 0.01211
Epoch: 0202 train_loss= 0.38111 train_acc= 0.95000 val_loss= 1.14853 val_acc= 0.70800 time= 0.02414
Test results: cost= 1.16945 accuracy= 0.69400 time= 0.01184
Epoch: 0203 train_loss= 0.37514 train_acc= 0.94167 val_loss= 1.14777 val_acc= 0.71200 time= 0.02384
Test results: cost= 1.16956 accuracy= 0.69400 time= 0.01206
Epoch: 0204 train_loss= 0.37975 train_acc= 0.95833 val_loss= 1.14669 val_acc= 0.71000 time= 0.02401
Test results: cost= 1.16994 accuracy= 0.69800 time= 0.01197
Epoch: 0205 train_loss= 0.39182 train_acc= 0.95000 val_loss= 1.14586 val_acc= 0.71000 time= 0.02430
Test results: cost= 1.17016 accuracy= 0.69600 time= 0.01192
Epoch: 0206 train_loss= 0.35396 train_acc= 0.96667 val_loss= 1.14558 val_acc= 0.71200 time= 0.02437
Test results: cost= 1.17082 accuracy= 0.69200 time= 0.01186
Epoch: 0207 train_loss= 0.36111 train_acc= 0.95833 val_loss= 1.14687 val_acc= 0.72000 time= 0.02448
Test results: cost= 1.17225 accuracy= 0.69300 time= 0.01165
Epoch: 0208 train_loss= 0.34242 train_acc= 0.98333 val_loss= 1.14862 val_acc= 0.72000 time= 0.02380
Test results: cost= 1.17374 accuracy= 0.69500 time= 0.01193
Epoch: 0209 train_loss= 0.31537 train_acc= 0.97500 val_loss= 1.15111 val_acc= 0.72000 time= 0.02375
Test results: cost= 1.17569 accuracy= 0.69900 time= 0.01168
Epoch: 0210 train_loss= 0.37293 train_acc= 0.98333 val_loss= 1.15366 val_acc= 0.72000 time= 0.02412
Test results: cost= 1.17749 accuracy= 0.69700 time= 0.01183
Epoch: 0211 train_loss= 0.39655 train_acc= 0.95000 val_loss= 1.15623 val_acc= 0.71600 time= 0.02366
Test results: cost= 1.17946 accuracy= 0.69900 time= 0.01171
Epoch: 0212 train_loss= 0.35794 train_acc= 0.96667 val_loss= 1.16006 val_acc= 0.71600 time= 0.02421
Test results: cost= 1.18250 accuracy= 0.69800 time= 0.01228
Epoch: 0213 train_loss= 0.38044 train_acc= 0.94167 val_loss= 1.16292 val_acc= 0.71200 time= 0.02419
Test results: cost= 1.18501 accuracy= 0.70000 time= 0.01228
Epoch: 0214 train_loss= 0.34594 train_acc= 0.96667 val_loss= 1.16573 val_acc= 0.70600 time= 0.02464
Test results: cost= 1.18760 accuracy= 0.69600 time= 0.01186
Epoch: 0215 train_loss= 0.32555 train_acc= 0.98333 val_loss= 1.16838 val_acc= 0.70200 time= 0.02446
Test results: cost= 1.19075 accuracy= 0.69500 time= 0.01216
Epoch: 0216 train_loss= 0.32387 train_acc= 0.98333 val_loss= 1.17027 val_acc= 0.70000 time= 0.02372
Test results: cost= 1.19317 accuracy= 0.69400 time= 0.01183
Epoch: 0217 train_loss= 0.35525 train_acc= 0.95000 val_loss= 1.17081 val_acc= 0.70200 time= 0.02434
Test results: cost= 1.19463 accuracy= 0.69300 time= 0.01224
Epoch: 0218 train_loss= 0.35182 train_acc= 0.95000 val_loss= 1.16998 val_acc= 0.70400 time= 0.02424
Test results: cost= 1.19440 accuracy= 0.69000 time= 0.01204
Epoch: 0219 train_loss= 0.38534 train_acc= 0.93333 val_loss= 1.16914 val_acc= 0.70800 time= 0.02401
Test results: cost= 1.19388 accuracy= 0.69000 time= 0.01189
Epoch: 0220 train_loss= 0.34877 train_acc= 0.95833 val_loss= 1.16685 val_acc= 0.71000 time= 0.02412
Test results: cost= 1.19181 accuracy= 0.69400 time= 0.01205
Epoch: 0221 train_loss= 0.38781 train_acc= 0.95833 val_loss= 1.16567 val_acc= 0.71200 time= 0.02383
Test results: cost= 1.19048 accuracy= 0.69300 time= 0.01191
Epoch: 0222 train_loss= 0.33542 train_acc= 0.96667 val_loss= 1.16588 val_acc= 0.71000 time= 0.02368
Test results: cost= 1.18971 accuracy= 0.69700 time= 0.01183
Epoch: 0223 train_loss= 0.35955 train_acc= 0.95000 val_loss= 1.16630 val_acc= 0.70800 time= 0.02388
Test results: cost= 1.18901 accuracy= 0.70000 time= 0.01209
Epoch: 0224 train_loss= 0.37755 train_acc= 0.96667 val_loss= 1.16663 val_acc= 0.70600 time= 0.02455
Test results: cost= 1.18921 accuracy= 0.70200 time= 0.01191
Epoch: 0225 train_loss= 0.34505 train_acc= 0.95833 val_loss= 1.16574 val_acc= 0.71000 time= 0.02383
Test results: cost= 1.18841 accuracy= 0.70100 time= 0.01212
Epoch: 0226 train_loss= 0.36567 train_acc= 0.96667 val_loss= 1.16547 val_acc= 0.71000 time= 0.02428
Test results: cost= 1.18850 accuracy= 0.70100 time= 0.01203
Epoch: 0227 train_loss= 0.34601 train_acc= 0.97500 val_loss= 1.16475 val_acc= 0.71000 time= 0.02416
Test results: cost= 1.18842 accuracy= 0.70000 time= 0.01192
Epoch: 0228 train_loss= 0.30378 train_acc= 0.97500 val_loss= 1.16310 val_acc= 0.71200 time= 0.02366
Test results: cost= 1.18688 accuracy= 0.70200 time= 0.01152
Epoch: 0229 train_loss= 0.32670 train_acc= 0.97500 val_loss= 1.16203 val_acc= 0.71600 time= 0.02393
Test results: cost= 1.18594 accuracy= 0.69900 time= 0.01181
Epoch: 0230 train_loss= 0.33079 train_acc= 0.97500 val_loss= 1.16064 val_acc= 0.71800 time= 0.02396
Test results: cost= 1.18407 accuracy= 0.69700 time= 0.01210
Epoch: 0231 train_loss= 0.34077 train_acc= 0.96667 val_loss= 1.15933 val_acc= 0.71800 time= 0.02436
Test results: cost= 1.18218 accuracy= 0.70000 time= 0.01159
Epoch: 0232 train_loss= 0.34303 train_acc= 0.95833 val_loss= 1.15731 val_acc= 0.72200 time= 0.02376
Test results: cost= 1.17941 accuracy= 0.69900 time= 0.01174
Epoch: 0233 train_loss= 0.33813 train_acc= 0.96667 val_loss= 1.15668 val_acc= 0.72400 time= 0.02413
Test results: cost= 1.17798 accuracy= 0.70200 time= 0.01210
Epoch: 0234 train_loss= 0.36655 train_acc= 0.95833 val_loss= 1.15683 val_acc= 0.72200 time= 0.02418
Test results: cost= 1.17656 accuracy= 0.70100 time= 0.01182
Epoch: 0235 train_loss= 0.36788 train_acc= 0.96667 val_loss= 1.15648 val_acc= 0.72000 time= 0.02476
Test results: cost= 1.17490 accuracy= 0.70400 time= 0.01185
Epoch: 0236 train_loss= 0.35918 train_acc= 0.95833 val_loss= 1.15648 val_acc= 0.71800 time= 0.02418
Test results: cost= 1.17366 accuracy= 0.70300 time= 0.01209
Epoch: 0237 train_loss= 0.33662 train_acc= 0.96667 val_loss= 1.15639 val_acc= 0.72400 time= 0.02366
Test results: cost= 1.17213 accuracy= 0.70500 time= 0.01174
Epoch: 0238 train_loss= 0.31646 train_acc= 0.98333 val_loss= 1.15664 val_acc= 0.72200 time= 0.02402
Test results: cost= 1.17115 accuracy= 0.70700 time= 0.01162
Epoch: 0239 train_loss= 0.32272 train_acc= 0.96667 val_loss= 1.15717 val_acc= 0.72200 time= 0.02387
Test results: cost= 1.16966 accuracy= 0.70900 time= 0.01190
Epoch: 0240 train_loss= 0.33080 train_acc= 0.96667 val_loss= 1.15816 val_acc= 0.71600 time= 0.02482
Test results: cost= 1.16864 accuracy= 0.70800 time= 0.01188
Epoch: 0241 train_loss= 0.33484 train_acc= 0.96667 val_loss= 1.15966 val_acc= 0.71200 time= 0.02415
Test results: cost= 1.16817 accuracy= 0.70300 time= 0.01208
Epoch: 0242 train_loss= 0.34714 train_acc= 0.95833 val_loss= 1.16159 val_acc= 0.70800 time= 0.02415
Test results: cost= 1.16827 accuracy= 0.70000 time= 0.01162
Epoch: 0243 train_loss= 0.34444 train_acc= 0.95833 val_loss= 1.16231 val_acc= 0.71000 time= 0.02402
Test results: cost= 1.16812 accuracy= 0.69600 time= 0.01179
Epoch: 0244 train_loss= 0.34547 train_acc= 0.97500 val_loss= 1.16248 val_acc= 0.70800 time= 0.02381
Test results: cost= 1.16830 accuracy= 0.69500 time= 0.01189
Epoch: 0245 train_loss= 0.30034 train_acc= 0.96667 val_loss= 1.16201 val_acc= 0.70600 time= 0.02387
Test results: cost= 1.16677 accuracy= 0.69500 time= 0.01186
Epoch: 0246 train_loss= 0.31760 train_acc= 0.97500 val_loss= 1.16173 val_acc= 0.70200 time= 0.02496
Test results: cost= 1.16572 accuracy= 0.69400 time= 0.01196
Epoch: 0247 train_loss= 0.34771 train_acc= 0.95833 val_loss= 1.16197 val_acc= 0.70400 time= 0.02460
Test results: cost= 1.16513 accuracy= 0.69500 time= 0.01201
Epoch: 0248 train_loss= 0.35265 train_acc= 0.94167 val_loss= 1.16237 val_acc= 0.70800 time= 0.02474
Test results: cost= 1.16436 accuracy= 0.70200 time= 0.01210
Epoch: 0249 train_loss= 0.35043 train_acc= 0.96667 val_loss= 1.16152 val_acc= 0.71200 time= 0.02372
Test results: cost= 1.16329 accuracy= 0.70100 time= 0.01202
Epoch: 0250 train_loss= 0.34100 train_acc= 0.95833 val_loss= 1.16139 val_acc= 0.71600 time= 0.02405
Test results: cost= 1.16430 accuracy= 0.70200 time= 0.01203
Epoch: 0251 train_loss= 0.32942 train_acc= 0.97500 val_loss= 1.16208 val_acc= 0.71200 time= 0.02434
Test results: cost= 1.16720 accuracy= 0.70000 time= 0.01172
Epoch: 0252 train_loss= 0.31503 train_acc= 0.99167 val_loss= 1.16216 val_acc= 0.71200 time= 0.02385
Test results: cost= 1.17011 accuracy= 0.69500 time= 0.01219
Epoch: 0253 train_loss= 0.32010 train_acc= 0.97500 val_loss= 1.16218 val_acc= 0.71200 time= 0.02386
Test results: cost= 1.17354 accuracy= 0.69200 time= 0.01179
Epoch: 0254 train_loss= 0.37606 train_acc= 0.94167 val_loss= 1.16188 val_acc= 0.71600 time= 0.02424
Test results: cost= 1.17642 accuracy= 0.69100 time= 0.01214
Epoch: 0255 train_loss= 0.33921 train_acc= 0.97500 val_loss= 1.16149 val_acc= 0.71800 time= 0.02468
Test results: cost= 1.17897 accuracy= 0.69400 time= 0.01195
Epoch: 0256 train_loss= 0.34021 train_acc= 0.95833 val_loss= 1.15952 val_acc= 0.71400 time= 0.02438
Test results: cost= 1.17886 accuracy= 0.69500 time= 0.01201
Epoch: 0257 train_loss= 0.36494 train_acc= 0.95833 val_loss= 1.15850 val_acc= 0.71200 time= 0.02425
Test results: cost= 1.18001 accuracy= 0.69800 time= 0.01204
Epoch: 0258 train_loss= 0.37749 train_acc= 0.95000 val_loss= 1.15866 val_acc= 0.71200 time= 0.02394
Test results: cost= 1.18180 accuracy= 0.69600 time= 0.01178
Epoch: 0259 train_loss= 0.38905 train_acc= 0.95000 val_loss= 1.15973 val_acc= 0.71400 time= 0.02415
Test results: cost= 1.18331 accuracy= 0.70100 time= 0.01179
Epoch: 0260 train_loss= 0.32156 train_acc= 0.95833 val_loss= 1.16084 val_acc= 0.71000 time= 0.02379
Test results: cost= 1.18366 accuracy= 0.69700 time= 0.01177
Epoch: 0261 train_loss= 0.34723 train_acc= 0.95833 val_loss= 1.16201 val_acc= 0.70800 time= 0.02467
Test results: cost= 1.18468 accuracy= 0.69700 time= 0.01218
Epoch: 0262 train_loss= 0.33639 train_acc= 0.98333 val_loss= 1.16338 val_acc= 0.71000 time= 0.02413
Test results: cost= 1.18517 accuracy= 0.69600 time= 0.01224
Epoch: 0263 train_loss= 0.34183 train_acc= 0.96667 val_loss= 1.16563 val_acc= 0.70200 time= 0.02416
Test results: cost= 1.18610 accuracy= 0.69500 time= 0.01167
Epoch: 0264 train_loss= 0.36064 train_acc= 0.95833 val_loss= 1.16743 val_acc= 0.70200 time= 0.02436
Test results: cost= 1.18701 accuracy= 0.69600 time= 0.01202
Epoch: 0265 train_loss= 0.39246 train_acc= 0.93333 val_loss= 1.16811 val_acc= 0.70200 time= 0.02392
Test results: cost= 1.18690 accuracy= 0.69300 time= 0.01174
Epoch: 0266 train_loss= 0.34024 train_acc= 0.95000 val_loss= 1.16767 val_acc= 0.70400 time= 0.02472
Test results: cost= 1.18653 accuracy= 0.69100 time= 0.01223
Epoch: 0267 train_loss= 0.34114 train_acc= 0.95833 val_loss= 1.16725 val_acc= 0.69800 time= 0.02391
Test results: cost= 1.18757 accuracy= 0.69100 time= 0.01191
Epoch: 0268 train_loss= 0.31951 train_acc= 0.98333 val_loss= 1.16631 val_acc= 0.70200 time= 0.02354
Test results: cost= 1.18822 accuracy= 0.69000 time= 0.01186
Epoch: 0269 train_loss= 0.31825 train_acc= 0.95833 val_loss= 1.16470 val_acc= 0.70000 time= 0.02381
Test results: cost= 1.18798 accuracy= 0.69100 time= 0.01217
Epoch: 0270 train_loss= 0.35344 train_acc= 0.97500 val_loss= 1.16204 val_acc= 0.70800 time= 0.02406
Test results: cost= 1.18598 accuracy= 0.69200 time= 0.01190
Epoch: 0271 train_loss= 0.32023 train_acc= 0.95833 val_loss= 1.15906 val_acc= 0.71000 time= 0.02389
Test results: cost= 1.18343 accuracy= 0.69300 time= 0.01183
Epoch: 0272 train_loss= 0.33250 train_acc= 0.94167 val_loss= 1.15478 val_acc= 0.71400 time= 0.02424
Test results: cost= 1.17966 accuracy= 0.69700 time= 0.01187
Epoch: 0273 train_loss= 0.31752 train_acc= 0.96667 val_loss= 1.15091 val_acc= 0.71400 time= 0.02416
Test results: cost= 1.17649 accuracy= 0.69700 time= 0.01218
Epoch: 0274 train_loss= 0.32826 train_acc= 0.97500 val_loss= 1.14784 val_acc= 0.71400 time= 0.02461
Test results: cost= 1.17345 accuracy= 0.69700 time= 0.01190
Epoch: 0275 train_loss= 0.37159 train_acc= 0.93333 val_loss= 1.14553 val_acc= 0.71800 time= 0.02414
Test results: cost= 1.17074 accuracy= 0.70000 time= 0.01180
Epoch: 0276 train_loss= 0.36615 train_acc= 0.94167 val_loss= 1.14410 val_acc= 0.71600 time= 0.02427
Test results: cost= 1.16963 accuracy= 0.70000 time= 0.01206
Epoch: 0277 train_loss= 0.37820 train_acc= 0.93333 val_loss= 1.14291 val_acc= 0.71400 time= 0.02373
Test results: cost= 1.16951 accuracy= 0.70100 time= 0.01214
Epoch: 0278 train_loss= 0.30117 train_acc= 0.97500 val_loss= 1.14222 val_acc= 0.71800 time= 0.02426
Test results: cost= 1.16996 accuracy= 0.70200 time= 0.01200
Epoch: 0279 train_loss= 0.29306 train_acc= 0.97500 val_loss= 1.14120 val_acc= 0.71800 time= 0.02343
Test results: cost= 1.17012 accuracy= 0.70400 time= 0.01172
Epoch: 0280 train_loss= 0.31075 train_acc= 0.96667 val_loss= 1.14085 val_acc= 0.72200 time= 0.02366
Test results: cost= 1.16972 accuracy= 0.70500 time= 0.01179
Epoch: 0281 train_loss= 0.32377 train_acc= 0.95833 val_loss= 1.14111 val_acc= 0.71400 time= 0.02415
Test results: cost= 1.16931 accuracy= 0.70600 time= 0.01171
Epoch: 0282 train_loss= 0.31090 train_acc= 0.98333 val_loss= 1.14250 val_acc= 0.71000 time= 0.02374
Test results: cost= 1.16900 accuracy= 0.70400 time= 0.01204
Epoch: 0283 train_loss= 0.34227 train_acc= 0.95000 val_loss= 1.14531 val_acc= 0.70200 time= 0.02431
Test results: cost= 1.16915 accuracy= 0.70600 time= 0.01200
Epoch: 0284 train_loss= 0.35106 train_acc= 0.96667 val_loss= 1.14875 val_acc= 0.70600 time= 0.02400
Test results: cost= 1.16974 accuracy= 0.70300 time= 0.01211
Epoch: 0285 train_loss= 0.36317 train_acc= 0.97500 val_loss= 1.15308 val_acc= 0.70800 time= 0.02412
Test results: cost= 1.17088 accuracy= 0.70600 time= 0.01177
Epoch: 0286 train_loss= 0.30706 train_acc= 0.97500 val_loss= 1.15830 val_acc= 0.70600 time= 0.02450
Test results: cost= 1.17245 accuracy= 0.70600 time= 0.01177
Epoch: 0287 train_loss= 0.33630 train_acc= 0.96667 val_loss= 1.16319 val_acc= 0.70000 time= 0.02381
Test results: cost= 1.17454 accuracy= 0.70200 time= 0.01195
Epoch: 0288 train_loss= 0.33750 train_acc= 0.96667 val_loss= 1.16732 val_acc= 0.69800 time= 0.02489
Test results: cost= 1.17714 accuracy= 0.70100 time= 0.01201
Epoch: 0289 train_loss= 0.33932 train_acc= 0.97500 val_loss= 1.16982 val_acc= 0.69800 time= 0.02359
Test results: cost= 1.17875 accuracy= 0.70100 time= 0.01195
Epoch: 0290 train_loss= 0.33116 train_acc= 0.97500 val_loss= 1.17081 val_acc= 0.70400 time= 0.02367
Test results: cost= 1.18067 accuracy= 0.70000 time= 0.01180
Epoch: 0291 train_loss= 0.36807 train_acc= 0.96667 val_loss= 1.16998 val_acc= 0.70800 time= 0.02368
Test results: cost= 1.18089 accuracy= 0.69900 time= 0.01200
Epoch: 0292 train_loss= 0.30414 train_acc= 0.97500 val_loss= 1.16859 val_acc= 0.70800 time= 0.02368
Test results: cost= 1.18094 accuracy= 0.69800 time= 0.01189
Epoch: 0293 train_loss= 0.33665 train_acc= 0.96667 val_loss= 1.16709 val_acc= 0.70800 time= 0.02391
Test results: cost= 1.18141 accuracy= 0.69800 time= 0.01166
Epoch: 0294 train_loss= 0.34764 train_acc= 0.95833 val_loss= 1.16674 val_acc= 0.70400 time= 0.02436
Test results: cost= 1.18218 accuracy= 0.70300 time= 0.01203
Epoch: 0295 train_loss= 0.33499 train_acc= 0.96667 val_loss= 1.16717 val_acc= 0.70800 time= 0.02378
Test results: cost= 1.18316 accuracy= 0.70200 time= 0.01195
Epoch: 0296 train_loss= 0.34403 train_acc= 0.96667 val_loss= 1.16883 val_acc= 0.70600 time= 0.02422
Test results: cost= 1.18439 accuracy= 0.70000 time= 0.01195
Epoch: 0297 train_loss= 0.32603 train_acc= 0.96667 val_loss= 1.17163 val_acc= 0.70400 time= 0.02419
Test results: cost= 1.18612 accuracy= 0.69800 time= 0.01172
Epoch: 0298 train_loss= 0.32207 train_acc= 0.96667 val_loss= 1.17369 val_acc= 0.70400 time= 0.02385
Test results: cost= 1.18606 accuracy= 0.69800 time= 0.01195
Epoch: 0299 train_loss= 0.33943 train_acc= 0.95000 val_loss= 1.17535 val_acc= 0.70600 time= 0.02428
Test results: cost= 1.18538 accuracy= 0.69800 time= 0.01189
Epoch: 0300 train_loss= 0.35432 train_acc= 0.93333 val_loss= 1.17695 val_acc= 0.70400 time= 0.02397
Test results: cost= 1.18588 accuracy= 0.69400 time= 0.01208
Epoch: 0301 train_loss= 0.34293 train_acc= 0.95833 val_loss= 1.17855 val_acc= 0.70400 time= 0.02458
Test results: cost= 1.18546 accuracy= 0.69500 time= 0.01195
Epoch: 0302 train_loss= 0.31281 train_acc= 0.95833 val_loss= 1.17998 val_acc= 0.70400 time= 0.02424
Test results: cost= 1.18468 accuracy= 0.69800 time= 0.01184
Epoch: 0303 train_loss= 0.32916 train_acc= 0.95833 val_loss= 1.18178 val_acc= 0.69600 time= 0.02420
Test results: cost= 1.18397 accuracy= 0.69600 time= 0.01188
Epoch: 0304 train_loss= 0.32509 train_acc= 0.96667 val_loss= 1.18374 val_acc= 0.69400 time= 0.02447
Test results: cost= 1.18372 accuracy= 0.70200 time= 0.01205
Epoch: 0305 train_loss= 0.35449 train_acc= 0.93333 val_loss= 1.18543 val_acc= 0.69200 time= 0.02461
Test results: cost= 1.18373 accuracy= 0.70100 time= 0.01192
Epoch: 0306 train_loss= 0.35063 train_acc= 0.94167 val_loss= 1.18650 val_acc= 0.69200 time= 0.02468
Test results: cost= 1.18376 accuracy= 0.70500 time= 0.01196
Epoch: 0307 train_loss= 0.35707 train_acc= 0.95833 val_loss= 1.18516 val_acc= 0.69400 time= 0.02382
Test results: cost= 1.18216 accuracy= 0.70500 time= 0.01194
Epoch: 0308 train_loss= 0.33789 train_acc= 0.95833 val_loss= 1.18195 val_acc= 0.69200 time= 0.02374
Test results: cost= 1.17881 accuracy= 0.70700 time= 0.01168
Epoch: 0309 train_loss= 0.30434 train_acc= 0.98333 val_loss= 1.17821 val_acc= 0.69200 time= 0.02362
Test results: cost= 1.17559 accuracy= 0.70800 time= 0.01196
Epoch: 0310 train_loss= 0.39726 train_acc= 0.95000 val_loss= 1.17611 val_acc= 0.69400 time= 0.02538
Test results: cost= 1.17389 accuracy= 0.70800 time= 0.01211
Epoch: 0311 train_loss= 0.31029 train_acc= 0.96667 val_loss= 1.17436 val_acc= 0.69800 time= 0.02425
Test results: cost= 1.17326 accuracy= 0.70600 time= 0.01215
Epoch: 0312 train_loss= 0.34350 train_acc= 0.95000 val_loss= 1.17227 val_acc= 0.69400 time= 0.02397
Test results: cost= 1.17296 accuracy= 0.70500 time= 0.01201
Epoch: 0313 train_loss= 0.33491 train_acc= 0.95000 val_loss= 1.16953 val_acc= 0.69600 time= 0.02376
Test results: cost= 1.17184 accuracy= 0.70300 time= 0.01178
Epoch: 0314 train_loss= 0.35210 train_acc= 0.95833 val_loss= 1.16686 val_acc= 0.70000 time= 0.02414
Test results: cost= 1.17178 accuracy= 0.70400 time= 0.01213
Epoch: 0315 train_loss= 0.35473 train_acc= 0.97500 val_loss= 1.16449 val_acc= 0.70400 time= 0.02405
Test results: cost= 1.17264 accuracy= 0.70200 time= 0.01178
Epoch: 0316 train_loss= 0.33814 train_acc= 0.95833 val_loss= 1.16162 val_acc= 0.71200 time= 0.02399
Test results: cost= 1.17348 accuracy= 0.69900 time= 0.01187
Epoch: 0317 train_loss= 0.32624 train_acc= 0.97500 val_loss= 1.15813 val_acc= 0.71200 time= 0.02399
Test results: cost= 1.17379 accuracy= 0.70000 time= 0.01157
Epoch: 0318 train_loss= 0.33483 train_acc= 0.97500 val_loss= 1.15474 val_acc= 0.71400 time= 0.02395
Test results: cost= 1.17413 accuracy= 0.70000 time= 0.01177
Epoch: 0319 train_loss= 0.34561 train_acc= 0.96667 val_loss= 1.15208 val_acc= 0.71000 time= 0.02368
Test results: cost= 1.17426 accuracy= 0.69700 time= 0.01205
Epoch: 0320 train_loss= 0.33781 train_acc= 0.95833 val_loss= 1.14896 val_acc= 0.71000 time= 0.02401
Test results: cost= 1.17289 accuracy= 0.69800 time= 0.01180
Epoch: 0321 train_loss= 0.32859 train_acc= 0.96667 val_loss= 1.14801 val_acc= 0.70800 time= 0.02482
Test results: cost= 1.17208 accuracy= 0.69800 time= 0.01188
Epoch: 0322 train_loss= 0.34947 train_acc= 0.95833 val_loss= 1.14742 val_acc= 0.70800 time= 0.02392
Test results: cost= 1.17173 accuracy= 0.70300 time= 0.01201
Epoch: 0323 train_loss= 0.34006 train_acc= 0.95833 val_loss= 1.14763 val_acc= 0.70800 time= 0.02367
Test results: cost= 1.17211 accuracy= 0.70400 time= 0.01197
Epoch: 0324 train_loss= 0.30333 train_acc= 0.97500 val_loss= 1.14864 val_acc= 0.70800 time= 0.02396
Test results: cost= 1.17348 accuracy= 0.70400 time= 0.01197
Epoch: 0325 train_loss= 0.33282 train_acc= 0.96667 val_loss= 1.15031 val_acc= 0.71000 time= 0.02437
Test results: cost= 1.17527 accuracy= 0.70500 time= 0.01208
Epoch: 0326 train_loss= 0.31741 train_acc= 0.96667 val_loss= 1.15224 val_acc= 0.70800 time= 0.02429
Test results: cost= 1.17766 accuracy= 0.70200 time= 0.01186
Epoch: 0327 train_loss= 0.34654 train_acc= 0.95833 val_loss= 1.15356 val_acc= 0.71000 time= 0.02434
Test results: cost= 1.18086 accuracy= 0.70100 time= 0.01206
Epoch: 0328 train_loss= 0.34238 train_acc= 0.97500 val_loss= 1.15547 val_acc= 0.70800 time= 0.02413
Test results: cost= 1.18340 accuracy= 0.70100 time= 0.01166
Epoch: 0329 train_loss= 0.32423 train_acc= 0.95833 val_loss= 1.15820 val_acc= 0.70000 time= 0.02404
Test results: cost= 1.18606 accuracy= 0.70200 time= 0.01196
Epoch: 0330 train_loss= 0.34795 train_acc= 0.96667 val_loss= 1.16115 val_acc= 0.70000 time= 0.02394
Test results: cost= 1.18725 accuracy= 0.69900 time= 0.01184
Epoch: 0331 train_loss= 0.31912 train_acc= 0.95833 val_loss= 1.16429 val_acc= 0.70000 time= 0.02375
Test results: cost= 1.18861 accuracy= 0.69700 time= 0.01202
Epoch: 0332 train_loss= 0.38993 train_acc= 0.93333 val_loss= 1.16527 val_acc= 0.70000 time= 0.02439
Test results: cost= 1.18668 accuracy= 0.69900 time= 0.01172
Epoch: 0333 train_loss= 0.30434 train_acc= 0.97500 val_loss= 1.16627 val_acc= 0.70400 time= 0.02469
Test results: cost= 1.18523 accuracy= 0.70000 time= 0.01202
Epoch: 0334 train_loss= 0.33667 train_acc= 0.94167 val_loss= 1.16668 val_acc= 0.70000 time= 0.02417
Test results: cost= 1.18502 accuracy= 0.70100 time= 0.01185
Epoch: 0335 train_loss= 0.33895 train_acc= 0.95833 val_loss= 1.16310 val_acc= 0.70400 time= 0.02400
Test results: cost= 1.18202 accuracy= 0.69900 time= 0.01215
Epoch: 0336 train_loss= 0.35698 train_acc= 0.95000 val_loss= 1.16003 val_acc= 0.70600 time= 0.02383
Test results: cost= 1.18007 accuracy= 0.69900 time= 0.01197
Epoch: 0337 train_loss= 0.32772 train_acc= 0.97500 val_loss= 1.15676 val_acc= 0.70600 time= 0.02392
Test results: cost= 1.17859 accuracy= 0.69400 time= 0.01172
Epoch: 0338 train_loss= 0.34094 train_acc= 0.94167 val_loss= 1.15246 val_acc= 0.71000 time= 0.02372
Test results: cost= 1.17679 accuracy= 0.69800 time= 0.01172
Epoch: 0339 train_loss= 0.33228 train_acc= 0.96667 val_loss= 1.15022 val_acc= 0.71200 time= 0.02390
Test results: cost= 1.17652 accuracy= 0.69900 time= 0.01171
Epoch: 0340 train_loss= 0.32568 train_acc= 0.96667 val_loss= 1.14868 val_acc= 0.71200 time= 0.02380
Test results: cost= 1.17608 accuracy= 0.69800 time= 0.01230
Epoch: 0341 train_loss= 0.30985 train_acc= 0.98333 val_loss= 1.14788 val_acc= 0.71200 time= 0.02453
Test results: cost= 1.17622 accuracy= 0.70100 time= 0.01198
Epoch: 0342 train_loss= 0.34643 train_acc= 0.95000 val_loss= 1.14725 val_acc= 0.71200 time= 0.02385
Test results: cost= 1.17592 accuracy= 0.70000 time= 0.01182
Epoch: 0343 train_loss= 0.32909 train_acc= 0.96667 val_loss= 1.14791 val_acc= 0.71200 time= 0.02388
Test results: cost= 1.17667 accuracy= 0.70000 time= 0.01173
Epoch: 0344 train_loss= 0.37612 train_acc= 0.95000 val_loss= 1.14767 val_acc= 0.71200 time= 0.02406
Test results: cost= 1.17613 accuracy= 0.70300 time= 0.01231
Epoch: 0345 train_loss= 0.32069 train_acc= 0.98333 val_loss= 1.14754 val_acc= 0.70800 time= 0.02406
Test results: cost= 1.17552 accuracy= 0.70100 time= 0.01197
Epoch: 0346 train_loss= 0.36231 train_acc= 0.95000 val_loss= 1.14826 val_acc= 0.71000 time= 0.02437
Test results: cost= 1.17625 accuracy= 0.69800 time= 0.01211
Epoch: 0347 train_loss= 0.36723 train_acc= 0.92500 val_loss= 1.14951 val_acc= 0.71000 time= 0.02389
Test results: cost= 1.17769 accuracy= 0.69500 time= 0.01221
Epoch: 0348 train_loss= 0.35159 train_acc= 0.94167 val_loss= 1.15077 val_acc= 0.71000 time= 0.02414
Test results: cost= 1.17953 accuracy= 0.69400 time= 0.01198
Epoch: 0349 train_loss= 0.29080 train_acc= 0.97500 val_loss= 1.15162 val_acc= 0.71000 time= 0.02436
Test results: cost= 1.18120 accuracy= 0.69300 time= 0.01190
Epoch: 0350 train_loss= 0.31663 train_acc= 0.97500 val_loss= 1.15306 val_acc= 0.71400 time= 0.02402
Test results: cost= 1.18317 accuracy= 0.69400 time= 0.01179
Epoch: 0351 train_loss= 0.34720 train_acc= 0.94167 val_loss= 1.15379 val_acc= 0.71200 time= 0.02439
Test results: cost= 1.18402 accuracy= 0.69400 time= 0.01210
Epoch: 0352 train_loss= 0.38390 train_acc= 0.94167 val_loss= 1.15482 val_acc= 0.71200 time= 0.02418
Test results: cost= 1.18544 accuracy= 0.69400 time= 0.01190
Epoch: 0353 train_loss= 0.35362 train_acc= 0.94167 val_loss= 1.15627 val_acc= 0.71200 time= 0.02401
Test results: cost= 1.18707 accuracy= 0.69700 time= 0.01206
Epoch: 0354 train_loss= 0.32667 train_acc= 0.95833 val_loss= 1.15676 val_acc= 0.70800 time= 0.02422
Test results: cost= 1.18769 accuracy= 0.69500 time= 0.01196
Epoch: 0355 train_loss= 0.30612 train_acc= 0.96667 val_loss= 1.15732 val_acc= 0.70600 time= 0.02473
Test results: cost= 1.18774 accuracy= 0.69200 time= 0.01199
Epoch: 0356 train_loss= 0.31917 train_acc= 0.96667 val_loss= 1.15733 val_acc= 0.70800 time= 0.02453
Test results: cost= 1.18776 accuracy= 0.69200 time= 0.01213
Epoch: 0357 train_loss= 0.33858 train_acc= 0.96667 val_loss= 1.15803 val_acc= 0.70600 time= 0.02460
Test results: cost= 1.18736 accuracy= 0.69300 time= 0.01196
Epoch: 0358 train_loss= 0.35896 train_acc= 0.94167 val_loss= 1.15892 val_acc= 0.70400 time= 0.02454
Test results: cost= 1.18678 accuracy= 0.69100 time= 0.01187
Epoch: 0359 train_loss= 0.30952 train_acc= 0.96667 val_loss= 1.16110 val_acc= 0.71200 time= 0.02415
Test results: cost= 1.18762 accuracy= 0.69000 time= 0.01212
Epoch: 0360 train_loss= 0.31874 train_acc= 0.98333 val_loss= 1.16502 val_acc= 0.70600 time= 0.02439
Test results: cost= 1.18947 accuracy= 0.68700 time= 0.01177
Epoch: 0361 train_loss= 0.35598 train_acc= 0.95833 val_loss= 1.16748 val_acc= 0.70400 time= 0.02388
Test results: cost= 1.19084 accuracy= 0.68600 time= 0.01214
Epoch: 0362 train_loss= 0.32604 train_acc= 0.98333 val_loss= 1.16967 val_acc= 0.70400 time= 0.02441
Test results: cost= 1.19152 accuracy= 0.68700 time= 0.01214
Epoch: 0363 train_loss= 0.33271 train_acc= 0.98333 val_loss= 1.17088 val_acc= 0.70600 time= 0.02420
Test results: cost= 1.19124 accuracy= 0.69100 time= 0.01186
Epoch: 0364 train_loss= 0.32921 train_acc= 0.96667 val_loss= 1.17105 val_acc= 0.70200 time= 0.02432
Test results: cost= 1.19037 accuracy= 0.69400 time= 0.01180
Epoch: 0365 train_loss= 0.33216 train_acc= 0.96667 val_loss= 1.17020 val_acc= 0.70400 time= 0.02415
Test results: cost= 1.18899 accuracy= 0.69700 time= 0.01178
Epoch: 0366 train_loss= 0.32434 train_acc= 0.95833 val_loss= 1.16992 val_acc= 0.71000 time= 0.02402
Test results: cost= 1.18827 accuracy= 0.69800 time= 0.01201
Epoch: 0367 train_loss= 0.32428 train_acc= 0.97500 val_loss= 1.16918 val_acc= 0.71400 time= 0.02391
Test results: cost= 1.18803 accuracy= 0.69800 time= 0.01206
Epoch: 0368 train_loss= 0.27900 train_acc= 0.98333 val_loss= 1.16803 val_acc= 0.71200 time= 0.02386
Test results: cost= 1.18716 accuracy= 0.70000 time= 0.01189
Epoch: 0369 train_loss= 0.31477 train_acc= 0.98333 val_loss= 1.16577 val_acc= 0.71400 time= 0.02361
Test results: cost= 1.18674 accuracy= 0.70000 time= 0.01188
Epoch: 0370 train_loss= 0.32876 train_acc= 0.96667 val_loss= 1.16355 val_acc= 0.71400 time= 0.02451
Test results: cost= 1.18580 accuracy= 0.70200 time= 0.01201
Epoch: 0371 train_loss= 0.38087 train_acc= 0.92500 val_loss= 1.16154 val_acc= 0.71600 time= 0.02415
Test results: cost= 1.18517 accuracy= 0.70300 time= 0.01207
Epoch: 0372 train_loss= 0.31487 train_acc= 0.96667 val_loss= 1.16009 val_acc= 0.71400 time= 0.02433
Test results: cost= 1.18501 accuracy= 0.70000 time= 0.01199
Epoch: 0373 train_loss= 0.38414 train_acc= 0.95833 val_loss= 1.15861 val_acc= 0.70600 time= 0.02539
Test results: cost= 1.18405 accuracy= 0.70100 time= 0.01186
Epoch: 0374 train_loss= 0.35096 train_acc= 0.96667 val_loss= 1.16104 val_acc= 0.70800 time= 0.02444
Test results: cost= 1.18575 accuracy= 0.70500 time= 0.01188
Epoch: 0375 train_loss= 0.32772 train_acc= 0.98333 val_loss= 1.16487 val_acc= 0.70600 time= 0.02395
Test results: cost= 1.18903 accuracy= 0.70300 time= 0.01181
Epoch: 0376 train_loss= 0.32142 train_acc= 0.97500 val_loss= 1.16947 val_acc= 0.70800 time= 0.02403
Test results: cost= 1.19329 accuracy= 0.70200 time= 0.01172
Epoch: 0377 train_loss= 0.31930 train_acc= 0.96667 val_loss= 1.17341 val_acc= 0.70600 time= 0.02420
Test results: cost= 1.19736 accuracy= 0.70100 time= 0.01184
Epoch: 0378 train_loss= 0.33060 train_acc= 0.97500 val_loss= 1.17741 val_acc= 0.71000 time= 0.02419
Test results: cost= 1.20179 accuracy= 0.69900 time= 0.01194
Epoch: 0379 train_loss= 0.32304 train_acc= 0.95833 val_loss= 1.17993 val_acc= 0.71200 time= 0.02364
Test results: cost= 1.20462 accuracy= 0.69900 time= 0.01184
Epoch: 0380 train_loss= 0.36981 train_acc= 0.95000 val_loss= 1.18168 val_acc= 0.71400 time= 0.02425
Test results: cost= 1.20735 accuracy= 0.69800 time= 0.01181
Epoch: 0381 train_loss= 0.30222 train_acc= 0.97500 val_loss= 1.18305 val_acc= 0.71400 time= 0.02405
Test results: cost= 1.20975 accuracy= 0.70100 time= 0.01200
Epoch: 0382 train_loss= 0.39344 train_acc= 0.93333 val_loss= 1.18495 val_acc= 0.71200 time= 0.02381
Test results: cost= 1.21227 accuracy= 0.69900 time= 0.01179
Epoch: 0383 train_loss= 0.36561 train_acc= 0.95000 val_loss= 1.18581 val_acc= 0.71000 time= 0.02388
Test results: cost= 1.21382 accuracy= 0.69600 time= 0.01203
Epoch: 0384 train_loss= 0.29979 train_acc= 0.98333 val_loss= 1.18557 val_acc= 0.71000 time= 0.02441
Test results: cost= 1.21398 accuracy= 0.69700 time= 0.01218
Epoch: 0385 train_loss= 0.29949 train_acc= 0.97500 val_loss= 1.18436 val_acc= 0.71200 time= 0.02429
Test results: cost= 1.21368 accuracy= 0.69300 time= 0.01169
Epoch: 0386 train_loss= 0.30694 train_acc= 0.98333 val_loss= 1.18249 val_acc= 0.71000 time= 0.02416
Test results: cost= 1.21269 accuracy= 0.68900 time= 0.01181
Epoch: 0387 train_loss= 0.36390 train_acc= 0.96667 val_loss= 1.17978 val_acc= 0.71400 time= 0.02431
Test results: cost= 1.20952 accuracy= 0.69000 time= 0.01194
Epoch: 0388 train_loss= 0.31442 train_acc= 0.97500 val_loss= 1.17699 val_acc= 0.71000 time= 0.02447
Test results: cost= 1.20611 accuracy= 0.68800 time= 0.01199
Epoch: 0389 train_loss= 0.31516 train_acc= 0.96667 val_loss= 1.17498 val_acc= 0.71000 time= 0.02437
Test results: cost= 1.20315 accuracy= 0.69100 time= 0.01165
Epoch: 0390 train_loss= 0.28881 train_acc= 0.97500 val_loss= 1.17256 val_acc= 0.70600 time= 0.02456
Test results: cost= 1.19970 accuracy= 0.69100 time= 0.01198
Epoch: 0391 train_loss= 0.37362 train_acc= 0.94167 val_loss= 1.17063 val_acc= 0.70600 time= 0.02395
Test results: cost= 1.19689 accuracy= 0.69500 time= 0.01164
Epoch: 0392 train_loss= 0.29844 train_acc= 0.96667 val_loss= 1.17048 val_acc= 0.70800 time= 0.02393
Test results: cost= 1.19638 accuracy= 0.69600 time= 0.01169
Epoch: 0393 train_loss= 0.28989 train_acc= 0.97500 val_loss= 1.17109 val_acc= 0.70400 time= 0.02402
Test results: cost= 1.19688 accuracy= 0.69700 time= 0.01195
Epoch: 0394 train_loss= 0.35887 train_acc= 0.94167 val_loss= 1.17336 val_acc= 0.70000 time= 0.02373
Test results: cost= 1.19930 accuracy= 0.69000 time= 0.01223
Epoch: 0395 train_loss= 0.32935 train_acc= 0.95833 val_loss= 1.17407 val_acc= 0.70000 time= 0.02417
Test results: cost= 1.20143 accuracy= 0.68900 time= 0.01194
Epoch: 0396 train_loss= 0.35107 train_acc= 0.95000 val_loss= 1.17516 val_acc= 0.70200 time= 0.02435
Test results: cost= 1.20414 accuracy= 0.69000 time= 0.01192
Epoch: 0397 train_loss= 0.34126 train_acc= 0.95000 val_loss= 1.17577 val_acc= 0.70200 time= 0.02499
Test results: cost= 1.20567 accuracy= 0.69000 time= 0.01181
Epoch: 0398 train_loss= 0.33020 train_acc= 0.97500 val_loss= 1.17603 val_acc= 0.70200 time= 0.02402
Test results: cost= 1.20627 accuracy= 0.69200 time= 0.01182
Epoch: 0399 train_loss= 0.34021 train_acc= 0.95000 val_loss= 1.17619 val_acc= 0.70400 time= 0.02390
Test results: cost= 1.20658 accuracy= 0.69200 time= 0.01179
Epoch: 0400 train_loss= 0.33014 train_acc= 0.95833 val_loss= 1.17660 val_acc= 0.70600 time= 0.02412
Test results: cost= 1.20636 accuracy= 0.68900 time= 0.01200
Epoch: 0401 train_loss= 0.33533 train_acc= 0.96667 val_loss= 1.17752 val_acc= 0.70600 time= 0.02615
Test results: cost= 1.20645 accuracy= 0.68700 time= 0.01189
Epoch: 0402 train_loss= 0.30131 train_acc= 0.97500 val_loss= 1.17895 val_acc= 0.70400 time= 0.02396
Test results: cost= 1.20706 accuracy= 0.68900 time= 0.01199
Epoch: 0403 train_loss= 0.33651 train_acc= 0.96667 val_loss= 1.17968 val_acc= 0.70400 time= 0.02386
Test results: cost= 1.20673 accuracy= 0.68900 time= 0.01204
Epoch: 0404 train_loss= 0.33296 train_acc= 0.95833 val_loss= 1.18085 val_acc= 0.70400 time= 0.02385
Test results: cost= 1.20624 accuracy= 0.69200 time= 0.01200
Epoch: 0405 train_loss= 0.33520 train_acc= 0.95000 val_loss= 1.18223 val_acc= 0.70400 time= 0.02420
Test results: cost= 1.20655 accuracy= 0.69200 time= 0.01171
Epoch: 0406 train_loss= 0.29805 train_acc= 0.95833 val_loss= 1.18338 val_acc= 0.70400 time= 0.02365
Test results: cost= 1.20624 accuracy= 0.69100 time= 0.01187
Epoch: 0407 train_loss= 0.35404 train_acc= 0.94167 val_loss= 1.18325 val_acc= 0.70200 time= 0.02405
Test results: cost= 1.20459 accuracy= 0.69200 time= 0.01150
Epoch: 0408 train_loss= 0.32244 train_acc= 0.96667 val_loss= 1.18300 val_acc= 0.70200 time= 0.02412
Test results: cost= 1.20284 accuracy= 0.68900 time= 0.01221
Epoch: 0409 train_loss= 0.30628 train_acc= 0.96667 val_loss= 1.18272 val_acc= 0.70000 time= 0.02384
Test results: cost= 1.20116 accuracy= 0.68500 time= 0.01197
Epoch: 0410 train_loss= 0.30880 train_acc= 0.97500 val_loss= 1.18294 val_acc= 0.70200 time= 0.02408
Test results: cost= 1.20088 accuracy= 0.68700 time= 0.01206
Epoch: 0411 train_loss= 0.34702 train_acc= 0.92500 val_loss= 1.18274 val_acc= 0.71000 time= 0.02413
Test results: cost= 1.20172 accuracy= 0.69300 time= 0.01193
Epoch: 0412 train_loss= 0.31585 train_acc= 0.96667 val_loss= 1.18146 val_acc= 0.71600 time= 0.02457
Test results: cost= 1.20241 accuracy= 0.69700 time= 0.01197
Epoch: 0413 train_loss= 0.33343 train_acc= 0.95833 val_loss= 1.18229 val_acc= 0.71800 time= 0.02403
Test results: cost= 1.20388 accuracy= 0.69800 time= 0.01212
Epoch: 0414 train_loss= 0.34715 train_acc= 0.97500 val_loss= 1.18396 val_acc= 0.71200 time= 0.02380
Test results: cost= 1.20456 accuracy= 0.69700 time= 0.01216
Epoch: 0415 train_loss= 0.30819 train_acc= 0.96667 val_loss= 1.18562 val_acc= 0.71200 time= 0.02416
Test results: cost= 1.20535 accuracy= 0.69900 time= 0.01212
Epoch: 0416 train_loss= 0.30435 train_acc= 0.96667 val_loss= 1.18622 val_acc= 0.71400 time= 0.02456
Test results: cost= 1.20592 accuracy= 0.70100 time= 0.01207
Epoch: 0417 train_loss= 0.33809 train_acc= 0.96667 val_loss= 1.18676 val_acc= 0.71600 time= 0.02406
Test results: cost= 1.20716 accuracy= 0.70000 time= 0.01178
Epoch: 0418 train_loss= 0.30779 train_acc= 0.95833 val_loss= 1.18544 val_acc= 0.71600 time= 0.02512
Test results: cost= 1.20714 accuracy= 0.69900 time= 0.01193
Epoch: 0419 train_loss= 0.29353 train_acc= 0.97500 val_loss= 1.18320 val_acc= 0.71400 time= 0.02438
Test results: cost= 1.20531 accuracy= 0.69600 time= 0.01191
Epoch: 0420 train_loss= 0.27648 train_acc= 0.97500 val_loss= 1.18057 val_acc= 0.71800 time= 0.02404
Test results: cost= 1.20282 accuracy= 0.69500 time= 0.01206
Epoch: 0421 train_loss= 0.30864 train_acc= 0.98333 val_loss= 1.17976 val_acc= 0.71400 time= 0.02456
Test results: cost= 1.20286 accuracy= 0.69400 time= 0.01190
Epoch: 0422 train_loss= 0.35154 train_acc= 0.95000 val_loss= 1.18023 val_acc= 0.70400 time= 0.02406
Test results: cost= 1.20332 accuracy= 0.69600 time= 0.01195
Epoch: 0423 train_loss= 0.34265 train_acc= 0.96667 val_loss= 1.18016 val_acc= 0.70200 time= 0.02519
Test results: cost= 1.20354 accuracy= 0.69600 time= 0.01198
Epoch: 0424 train_loss= 0.33236 train_acc= 0.96667 val_loss= 1.17985 val_acc= 0.70200 time= 0.02396
Test results: cost= 1.20361 accuracy= 0.69800 time= 0.01181
Epoch: 0425 train_loss= 0.28421 train_acc= 0.96667 val_loss= 1.18034 val_acc= 0.70400 time= 0.02395
Test results: cost= 1.20380 accuracy= 0.69600 time= 0.01201
Epoch: 0426 train_loss= 0.35335 train_acc= 0.94167 val_loss= 1.17969 val_acc= 0.70400 time= 0.02369
Test results: cost= 1.20314 accuracy= 0.69700 time= 0.01173
Epoch: 0427 train_loss= 0.31494 train_acc= 0.96667 val_loss= 1.17813 val_acc= 0.70600 time= 0.02447
Test results: cost= 1.20280 accuracy= 0.69800 time= 0.01199
Epoch: 0428 train_loss= 0.32490 train_acc= 0.95000 val_loss= 1.17524 val_acc= 0.70400 time= 0.02439
Test results: cost= 1.20043 accuracy= 0.70200 time= 0.01217
Epoch: 0429 train_loss= 0.34148 train_acc= 0.95833 val_loss= 1.17283 val_acc= 0.70600 time= 0.02361
Test results: cost= 1.19759 accuracy= 0.70100 time= 0.01188
Epoch: 0430 train_loss= 0.33175 train_acc= 0.96667 val_loss= 1.17121 val_acc= 0.70400 time= 0.02440
Test results: cost= 1.19528 accuracy= 0.70400 time= 0.01187
Epoch: 0431 train_loss= 0.30892 train_acc= 0.96667 val_loss= 1.17003 val_acc= 0.70600 time= 0.02428
Test results: cost= 1.19349 accuracy= 0.70300 time= 0.01200
Epoch: 0432 train_loss= 0.30499 train_acc= 0.97500 val_loss= 1.16971 val_acc= 0.71000 time= 0.02423
Test results: cost= 1.19361 accuracy= 0.70500 time= 0.01210
Epoch: 0433 train_loss= 0.31585 train_acc= 0.97500 val_loss= 1.16939 val_acc= 0.71000 time= 0.02411
Test results: cost= 1.19440 accuracy= 0.70300 time= 0.01199
Epoch: 0434 train_loss= 0.34960 train_acc= 0.95000 val_loss= 1.16883 val_acc= 0.71000 time= 0.02476
Test results: cost= 1.19505 accuracy= 0.70500 time= 0.01214
Epoch: 0435 train_loss= 0.33200 train_acc= 0.96667 val_loss= 1.16865 val_acc= 0.70800 time= 0.02490
Test results: cost= 1.19568 accuracy= 0.70500 time= 0.01183
Epoch: 0436 train_loss= 0.36719 train_acc= 0.95000 val_loss= 1.16829 val_acc= 0.70800 time= 0.02408
Test results: cost= 1.19621 accuracy= 0.70600 time= 0.01199
Epoch: 0437 train_loss= 0.32007 train_acc= 0.95833 val_loss= 1.17048 val_acc= 0.70800 time= 0.02421
Test results: cost= 1.19877 accuracy= 0.70400 time= 0.01188
Epoch: 0438 train_loss= 0.33214 train_acc= 0.95833 val_loss= 1.17461 val_acc= 0.70400 time= 0.02453
Test results: cost= 1.20248 accuracy= 0.70500 time= 0.01189
Epoch: 0439 train_loss= 0.33943 train_acc= 0.96667 val_loss= 1.17859 val_acc= 0.70600 time= 0.02376
Test results: cost= 1.20521 accuracy= 0.70300 time= 0.01198
Epoch: 0440 train_loss= 0.29563 train_acc= 0.98333 val_loss= 1.18145 val_acc= 0.70400 time= 0.02402
Test results: cost= 1.20667 accuracy= 0.69700 time= 0.01206
Epoch: 0441 train_loss= 0.31172 train_acc= 0.97500 val_loss= 1.18375 val_acc= 0.70200 time= 0.02450
Test results: cost= 1.20790 accuracy= 0.69700 time= 0.01198
Epoch: 0442 train_loss= 0.30938 train_acc= 0.97500 val_loss= 1.18434 val_acc= 0.70000 time= 0.02498
Test results: cost= 1.20750 accuracy= 0.69700 time= 0.01196
Epoch: 0443 train_loss= 0.30914 train_acc= 0.98333 val_loss= 1.18332 val_acc= 0.70000 time= 0.02425
Test results: cost= 1.20628 accuracy= 0.70000 time= 0.01188
Epoch: 0444 train_loss= 0.32747 train_acc= 0.95833 val_loss= 1.18153 val_acc= 0.70400 time= 0.02391
Test results: cost= 1.20348 accuracy= 0.70000 time= 0.01182
Epoch: 0445 train_loss= 0.31321 train_acc= 0.96667 val_loss= 1.17966 val_acc= 0.70000 time= 0.02517
Test results: cost= 1.20127 accuracy= 0.69400 time= 0.01198
Epoch: 0446 train_loss= 0.33140 train_acc= 0.98333 val_loss= 1.17880 val_acc= 0.70000 time= 0.02401
Test results: cost= 1.19989 accuracy= 0.69200 time= 0.01187
Epoch: 0447 train_loss= 0.34247 train_acc= 0.95000 val_loss= 1.17810 val_acc= 0.70000 time= 0.02475
Test results: cost= 1.19968 accuracy= 0.69300 time= 0.01195
Epoch: 0448 train_loss= 0.36797 train_acc= 0.92500 val_loss= 1.17565 val_acc= 0.69600 time= 0.02416
Test results: cost= 1.19742 accuracy= 0.69500 time= 0.01191
Epoch: 0449 train_loss= 0.32725 train_acc= 0.96667 val_loss= 1.17192 val_acc= 0.69800 time= 0.02379
Test results: cost= 1.19511 accuracy= 0.69700 time= 0.01197
Epoch: 0450 train_loss= 0.34130 train_acc= 0.95833 val_loss= 1.16928 val_acc= 0.70200 time= 0.02402
Test results: cost= 1.19446 accuracy= 0.69600 time= 0.01194
Epoch: 0451 train_loss= 0.33059 train_acc= 0.94167 val_loss= 1.16857 val_acc= 0.69600 time= 0.02441
Test results: cost= 1.19559 accuracy= 0.69300 time= 0.01174
Epoch: 0452 train_loss= 0.32241 train_acc= 0.96667 val_loss= 1.16861 val_acc= 0.70200 time= 0.02379
Test results: cost= 1.19721 accuracy= 0.68900 time= 0.01190
Epoch: 0453 train_loss= 0.34064 train_acc= 0.95833 val_loss= 1.17030 val_acc= 0.70000 time= 0.02397
Test results: cost= 1.20009 accuracy= 0.68700 time= 0.01223
Epoch: 0454 train_loss= 0.28977 train_acc= 0.97500 val_loss= 1.17204 val_acc= 0.70400 time= 0.02375
Test results: cost= 1.20295 accuracy= 0.68700 time= 0.01186
Epoch: 0455 train_loss= 0.30814 train_acc= 0.97500 val_loss= 1.17433 val_acc= 0.70000 time= 0.02410
Test results: cost= 1.20599 accuracy= 0.68700 time= 0.01203
Epoch: 0456 train_loss= 0.32975 train_acc= 0.97500 val_loss= 1.17701 val_acc= 0.70000 time= 0.02412
Test results: cost= 1.20894 accuracy= 0.68900 time= 0.01181
Epoch: 0457 train_loss= 0.31641 train_acc= 0.96667 val_loss= 1.17856 val_acc= 0.69600 time= 0.02405
Test results: cost= 1.21085 accuracy= 0.69000 time= 0.01175
Epoch: 0458 train_loss= 0.33281 train_acc= 0.98333 val_loss= 1.17805 val_acc= 0.70400 time= 0.02371
Test results: cost= 1.21038 accuracy= 0.69000 time= 0.01193
Epoch: 0459 train_loss= 0.31579 train_acc= 0.97500 val_loss= 1.17605 val_acc= 0.70400 time= 0.02469
Test results: cost= 1.20817 accuracy= 0.69100 time= 0.01183
Epoch: 0460 train_loss= 0.34618 train_acc= 0.95000 val_loss= 1.17470 val_acc= 0.70000 time= 0.02423
Test results: cost= 1.20557 accuracy= 0.69500 time= 0.01193
Epoch: 0461 train_loss= 0.31250 train_acc= 0.98333 val_loss= 1.17408 val_acc= 0.69800 time= 0.02605
Test results: cost= 1.20318 accuracy= 0.69000 time= 0.01156
Epoch: 0462 train_loss= 0.33366 train_acc= 0.95833 val_loss= 1.17502 val_acc= 0.70000 time= 0.02422
Test results: cost= 1.20190 accuracy= 0.69100 time= 0.01204
Epoch: 0463 train_loss= 0.32918 train_acc= 0.97500 val_loss= 1.17738 val_acc= 0.69800 time= 0.02407
Test results: cost= 1.20222 accuracy= 0.69300 time= 0.01191
Epoch: 0464 train_loss= 0.37978 train_acc= 0.95000 val_loss= 1.18405 val_acc= 0.70000 time= 0.02391
Test results: cost= 1.20734 accuracy= 0.69000 time= 0.01181
Epoch: 0465 train_loss= 0.33672 train_acc= 0.95833 val_loss= 1.18969 val_acc= 0.69600 time= 0.02405
Test results: cost= 1.21175 accuracy= 0.68900 time= 0.01199
Epoch: 0466 train_loss= 0.31252 train_acc= 0.97500 val_loss= 1.19400 val_acc= 0.69200 time= 0.02429
Test results: cost= 1.21468 accuracy= 0.69100 time= 0.01222
Epoch: 0467 train_loss= 0.31650 train_acc= 0.97500 val_loss= 1.19724 val_acc= 0.69000 time= 0.02442
Test results: cost= 1.21741 accuracy= 0.69000 time= 0.01210
Epoch: 0468 train_loss= 0.29743 train_acc= 0.97500 val_loss= 1.19761 val_acc= 0.68800 time= 0.02424
Test results: cost= 1.21829 accuracy= 0.68800 time= 0.01205
Epoch: 0469 train_loss= 0.34387 train_acc= 0.95833 val_loss= 1.19590 val_acc= 0.68600 time= 0.02440
Test results: cost= 1.21856 accuracy= 0.68600 time= 0.01204
Epoch: 0470 train_loss= 0.31919 train_acc= 0.96667 val_loss= 1.19332 val_acc= 0.69000 time= 0.02397
Test results: cost= 1.21842 accuracy= 0.69100 time= 0.01221
Epoch: 0471 train_loss= 0.32194 train_acc= 0.98333 val_loss= 1.19040 val_acc= 0.70200 time= 0.02460
Test results: cost= 1.21841 accuracy= 0.68900 time= 0.01201
Epoch: 0472 train_loss= 0.30257 train_acc= 0.97500 val_loss= 1.18920 val_acc= 0.70000 time= 0.02360
Test results: cost= 1.21905 accuracy= 0.68700 time= 0.01183
Epoch: 0473 train_loss= 0.30734 train_acc= 0.96667 val_loss= 1.18880 val_acc= 0.70200 time= 0.02386
Test results: cost= 1.21911 accuracy= 0.68800 time= 0.01190
Epoch: 0474 train_loss= 0.32447 train_acc= 0.97500 val_loss= 1.18879 val_acc= 0.70200 time= 0.02410
Test results: cost= 1.21928 accuracy= 0.68900 time= 0.01193
Epoch: 0475 train_loss= 0.27964 train_acc= 0.97500 val_loss= 1.18768 val_acc= 0.70200 time= 0.02540
Test results: cost= 1.21827 accuracy= 0.68900 time= 0.01172
Epoch: 0476 train_loss= 0.32327 train_acc= 0.97500 val_loss= 1.18700 val_acc= 0.70600 time= 0.02512
Test results: cost= 1.21760 accuracy= 0.69300 time= 0.01206
Epoch: 0477 train_loss= 0.34630 train_acc= 0.95833 val_loss= 1.18697 val_acc= 0.70600 time= 0.02456
Test results: cost= 1.21714 accuracy= 0.69400 time= 0.01207
Epoch: 0478 train_loss= 0.32771 train_acc= 0.97500 val_loss= 1.18786 val_acc= 0.71000 time= 0.02421
Test results: cost= 1.21723 accuracy= 0.69400 time= 0.01199
Epoch: 0479 train_loss= 0.31369 train_acc= 0.96667 val_loss= 1.18982 val_acc= 0.70800 time= 0.02418
Test results: cost= 1.21840 accuracy= 0.69300 time= 0.01236
Epoch: 0480 train_loss= 0.31543 train_acc= 0.98333 val_loss= 1.19274 val_acc= 0.70800 time= 0.02413
Test results: cost= 1.21963 accuracy= 0.68900 time= 0.01158
Epoch: 0481 train_loss= 0.32760 train_acc= 0.96667 val_loss= 1.19420 val_acc= 0.70400 time= 0.02423
Test results: cost= 1.21804 accuracy= 0.69100 time= 0.01184
Epoch: 0482 train_loss= 0.30998 train_acc= 0.96667 val_loss= 1.19516 val_acc= 0.70400 time= 0.02421
Test results: cost= 1.21679 accuracy= 0.69100 time= 0.01204
Epoch: 0483 train_loss= 0.31909 train_acc= 0.96667 val_loss= 1.19560 val_acc= 0.70200 time= 0.02366
Test results: cost= 1.21487 accuracy= 0.68900 time= 0.01200
Epoch: 0484 train_loss= 0.30368 train_acc= 0.97500 val_loss= 1.19704 val_acc= 0.69800 time= 0.02403
Test results: cost= 1.21444 accuracy= 0.69100 time= 0.01172
Epoch: 0485 train_loss= 0.31344 train_acc= 0.96667 val_loss= 1.19956 val_acc= 0.69000 time= 0.02444
Test results: cost= 1.21552 accuracy= 0.69100 time= 0.01205
Epoch: 0486 train_loss= 0.30361 train_acc= 0.97500 val_loss= 1.20126 val_acc= 0.69000 time= 0.02472
Test results: cost= 1.21667 accuracy= 0.69400 time= 0.01192
Epoch: 0487 train_loss= 0.31475 train_acc= 0.96667 val_loss= 1.20314 val_acc= 0.69000 time= 0.02474
Test results: cost= 1.21720 accuracy= 0.69700 time= 0.01196
Epoch: 0488 train_loss= 0.32751 train_acc= 0.95000 val_loss= 1.20369 val_acc= 0.68800 time= 0.02437
Test results: cost= 1.21674 accuracy= 0.69500 time= 0.01203
Epoch: 0489 train_loss= 0.33017 train_acc= 0.95833 val_loss= 1.20168 val_acc= 0.69200 time= 0.02401
Test results: cost= 1.21413 accuracy= 0.69600 time= 0.01187
Epoch: 0490 train_loss= 0.28685 train_acc= 0.99167 val_loss= 1.19828 val_acc= 0.70000 time= 0.02415
Test results: cost= 1.21120 accuracy= 0.69800 time= 0.01205
Epoch: 0491 train_loss= 0.31210 train_acc= 0.95833 val_loss= 1.19462 val_acc= 0.70400 time= 0.02479
Test results: cost= 1.20893 accuracy= 0.69900 time= 0.01195
Epoch: 0492 train_loss= 0.33851 train_acc= 0.95000 val_loss= 1.19352 val_acc= 0.70600 time= 0.02436
Test results: cost= 1.20885 accuracy= 0.70200 time= 0.01188
Epoch: 0493 train_loss= 0.29585 train_acc= 0.95833 val_loss= 1.19299 val_acc= 0.71000 time= 0.02394
Test results: cost= 1.20905 accuracy= 0.69800 time= 0.01200
Epoch: 0494 train_loss= 0.27957 train_acc= 0.96667 val_loss= 1.19270 val_acc= 0.71200 time= 0.02405
Test results: cost= 1.20908 accuracy= 0.69500 time= 0.01182
Epoch: 0495 train_loss= 0.28405 train_acc= 0.98333 val_loss= 1.19259 val_acc= 0.71000 time= 0.02442
Test results: cost= 1.20965 accuracy= 0.69400 time= 0.01184
Epoch: 0496 train_loss= 0.29891 train_acc= 0.98333 val_loss= 1.19194 val_acc= 0.71000 time= 0.02397
Test results: cost= 1.20852 accuracy= 0.69400 time= 0.01189
Epoch: 0497 train_loss= 0.31745 train_acc= 0.96667 val_loss= 1.19153 val_acc= 0.70800 time= 0.02371
Test results: cost= 1.20679 accuracy= 0.69400 time= 0.01216
Epoch: 0498 train_loss= 0.36935 train_acc= 0.91667 val_loss= 1.19126 val_acc= 0.70400 time= 0.02433
Test results: cost= 1.20711 accuracy= 0.69600 time= 0.01199
Epoch: 0499 train_loss= 0.33184 train_acc= 0.97500 val_loss= 1.19045 val_acc= 0.70600 time= 0.02420
Test results: cost= 1.20796 accuracy= 0.69300 time= 0.01197
Epoch: 0500 train_loss= 0.29871 train_acc= 0.97500 val_loss= 1.19025 val_acc= 0.70800 time= 0.02446
Test results: cost= 1.21013 accuracy= 0.69800 time= 0.01227
best epoch: 32
best test: 0.70799977
Optimization Finished!
