
		{"dataset": "citeseer", "weight_decay": 0.0005, "hidden1": 16, "dropout": 0.5, "model": "gcn_mi1", "train_ratio": 20, "epochs": 500}
citeseer
{'dataset': 'citeseer', 'model': 'gcn_mi1', 'learning_rate': 0.01, 'epochs': 500, 'hidden1': 16, 'dropout': 0.5, 'weight_decay': 0.0005, 'early_stopping': 200, 'train_ratio': 20, 'repeat': 0}
500 500
Epoch: 0001 train_loss= 1.79758 train_acc= 0.21667 val_loss= 1.79306 val_acc= 0.40600 time= 0.03726
Test results: cost= 1.79302 accuracy= 0.42900 time= 0.00929
Epoch: 0002 train_loss= 1.78404 train_acc= 0.83333 val_loss= 1.78975 val_acc= 0.51400 time= 0.01789
Test results: cost= 1.78950 accuracy= 0.54400 time= 0.00963
Epoch: 0003 train_loss= 1.77227 train_acc= 0.96667 val_loss= 1.78752 val_acc= 0.56400 time= 0.01831
Test results: cost= 1.78710 accuracy= 0.57600 time= 0.00939
Epoch: 0004 train_loss= 1.76087 train_acc= 0.97500 val_loss= 1.78618 val_acc= 0.58400 time= 0.01849
Test results: cost= 1.78555 accuracy= 0.59400 time= 0.00975
Epoch: 0005 train_loss= 1.75185 train_acc= 0.97500 val_loss= 1.78535 val_acc= 0.59600 time= 0.01829
Test results: cost= 1.78454 accuracy= 0.60600 time= 0.00919
Epoch: 0006 train_loss= 1.74189 train_acc= 0.98333 val_loss= 1.78495 val_acc= 0.60200 time= 0.01848
Test results: cost= 1.78397 accuracy= 0.61500 time= 0.00953
Epoch: 0007 train_loss= 1.73325 train_acc= 0.98333 val_loss= 1.78489 val_acc= 0.59600 time= 0.01839
Test results: cost= 1.78372 accuracy= 0.61400 time= 0.00932
Epoch: 0008 train_loss= 1.72339 train_acc= 1.00000 val_loss= 1.78502 val_acc= 0.59600 time= 0.01807
Test results: cost= 1.78370 accuracy= 0.61200 time= 0.00938
Epoch: 0009 train_loss= 1.72035 train_acc= 0.98333 val_loss= 1.78531 val_acc= 0.60000 time= 0.01784
Test results: cost= 1.78386 accuracy= 0.61800 time= 0.00929
Epoch: 0010 train_loss= 1.71108 train_acc= 0.99167 val_loss= 1.78576 val_acc= 0.60800 time= 0.01822
Test results: cost= 1.78418 accuracy= 0.62100 time= 0.00932
Epoch: 0011 train_loss= 1.70187 train_acc= 0.99167 val_loss= 1.78632 val_acc= 0.60800 time= 0.01808
Test results: cost= 1.78462 accuracy= 0.62700 time= 0.00942
Epoch: 0012 train_loss= 1.69659 train_acc= 0.98333 val_loss= 1.78700 val_acc= 0.61800 time= 0.01752
Test results: cost= 1.78518 accuracy= 0.62300 time= 0.00933
Epoch: 0013 train_loss= 1.69222 train_acc= 0.97500 val_loss= 1.78775 val_acc= 0.61600 time= 0.01786
Test results: cost= 1.78581 accuracy= 0.62800 time= 0.00919
Epoch: 0014 train_loss= 1.68545 train_acc= 0.99167 val_loss= 1.78856 val_acc= 0.61800 time= 0.01771
Test results: cost= 1.78650 accuracy= 0.63000 time= 0.00901
Epoch: 0015 train_loss= 1.67632 train_acc= 1.00000 val_loss= 1.78937 val_acc= 0.62000 time= 0.01842
Test results: cost= 1.78720 accuracy= 0.63400 time= 0.00938
Epoch: 0016 train_loss= 1.67239 train_acc= 0.99167 val_loss= 1.79017 val_acc= 0.62200 time= 0.01845
Test results: cost= 1.78788 accuracy= 0.63600 time= 0.00961
Epoch: 0017 train_loss= 1.66858 train_acc= 0.99167 val_loss= 1.79097 val_acc= 0.62600 time= 0.01818
Test results: cost= 1.78856 accuracy= 0.63500 time= 0.00937
Epoch: 0018 train_loss= 1.66843 train_acc= 1.00000 val_loss= 1.79175 val_acc= 0.63200 time= 0.01823
Test results: cost= 1.78922 accuracy= 0.63600 time= 0.00955
Epoch: 0019 train_loss= 1.65975 train_acc= 0.98333 val_loss= 1.79251 val_acc= 0.63200 time= 0.01819
Test results: cost= 1.78987 accuracy= 0.63900 time= 0.00935
Epoch: 0020 train_loss= 1.65556 train_acc= 0.99167 val_loss= 1.79324 val_acc= 0.62800 time= 0.01752
Test results: cost= 1.79049 accuracy= 0.63900 time= 0.00941
Epoch: 0021 train_loss= 1.65120 train_acc= 0.98333 val_loss= 1.79396 val_acc= 0.63000 time= 0.01808
Test results: cost= 1.79109 accuracy= 0.63900 time= 0.00929
Epoch: 0022 train_loss= 1.64685 train_acc= 0.98333 val_loss= 1.79465 val_acc= 0.62600 time= 0.01821
Test results: cost= 1.79166 accuracy= 0.63700 time= 0.00932
Epoch: 0023 train_loss= 1.64290 train_acc= 0.99167 val_loss= 1.79534 val_acc= 0.62600 time= 0.01801
Test results: cost= 1.79222 accuracy= 0.63700 time= 0.00939
Epoch: 0024 train_loss= 1.63383 train_acc= 0.98333 val_loss= 1.79603 val_acc= 0.62800 time= 0.01794
Test results: cost= 1.79280 accuracy= 0.64200 time= 0.00903
Epoch: 0025 train_loss= 1.63128 train_acc= 0.99167 val_loss= 1.79673 val_acc= 0.62800 time= 0.01808
Test results: cost= 1.79339 accuracy= 0.64500 time= 0.00930
Epoch: 0026 train_loss= 1.63539 train_acc= 1.00000 val_loss= 1.79740 val_acc= 0.62800 time= 0.01823
Test results: cost= 1.79395 accuracy= 0.64700 time= 0.00930
Epoch: 0027 train_loss= 1.62731 train_acc= 0.98333 val_loss= 1.79808 val_acc= 0.62800 time= 0.01796
Test results: cost= 1.79452 accuracy= 0.64400 time= 0.00932
Epoch: 0028 train_loss= 1.62123 train_acc= 0.97500 val_loss= 1.79873 val_acc= 0.62600 time= 0.01857
Test results: cost= 1.79507 accuracy= 0.64600 time= 0.00956
Epoch: 0029 train_loss= 1.62544 train_acc= 0.99167 val_loss= 1.79935 val_acc= 0.62600 time= 0.01826
Test results: cost= 1.79559 accuracy= 0.64600 time= 0.00928
Epoch: 0030 train_loss= 1.61895 train_acc= 0.98333 val_loss= 1.79995 val_acc= 0.62800 time= 0.01775
Test results: cost= 1.79609 accuracy= 0.64600 time= 0.00934
Epoch: 0031 train_loss= 1.61133 train_acc= 0.97500 val_loss= 1.80054 val_acc= 0.63200 time= 0.01762
Test results: cost= 1.79660 accuracy= 0.64800 time= 0.00955
Epoch: 0032 train_loss= 1.60970 train_acc= 0.97500 val_loss= 1.80113 val_acc= 0.63600 time= 0.01788
Test results: cost= 1.79713 accuracy= 0.64700 time= 0.00960
Epoch: 0033 train_loss= 1.61258 train_acc= 0.99167 val_loss= 1.80171 val_acc= 0.64000 time= 0.01817
Test results: cost= 1.79766 accuracy= 0.64700 time= 0.00931
Epoch: 0034 train_loss= 1.60737 train_acc= 0.98333 val_loss= 1.80233 val_acc= 0.64000 time= 0.01812
Test results: cost= 1.79822 accuracy= 0.64600 time= 0.00951
Epoch: 0035 train_loss= 1.60825 train_acc= 0.97500 val_loss= 1.80295 val_acc= 0.64000 time= 0.01858
Test results: cost= 1.79877 accuracy= 0.64700 time= 0.00934
Epoch: 0036 train_loss= 1.60023 train_acc= 0.96667 val_loss= 1.80355 val_acc= 0.63400 time= 0.01816
Test results: cost= 1.79931 accuracy= 0.64800 time= 0.00925
Epoch: 0037 train_loss= 1.59905 train_acc= 0.96667 val_loss= 1.80414 val_acc= 0.63200 time= 0.01831
Test results: cost= 1.79984 accuracy= 0.64700 time= 0.00948
Epoch: 0038 train_loss= 1.59581 train_acc= 0.97500 val_loss= 1.80475 val_acc= 0.63800 time= 0.01831
Test results: cost= 1.80041 accuracy= 0.64900 time= 0.00926
Epoch: 0039 train_loss= 1.59512 train_acc= 0.97500 val_loss= 1.80535 val_acc= 0.64200 time= 0.01856
Test results: cost= 1.80097 accuracy= 0.65000 time= 0.00928
Epoch: 0040 train_loss= 1.59276 train_acc= 0.96667 val_loss= 1.80596 val_acc= 0.64200 time= 0.01839
Test results: cost= 1.80152 accuracy= 0.64900 time= 0.00925
Epoch: 0041 train_loss= 1.58425 train_acc= 0.99167 val_loss= 1.80656 val_acc= 0.64200 time= 0.01810
Test results: cost= 1.80206 accuracy= 0.65100 time= 0.00950
Epoch: 0042 train_loss= 1.59289 train_acc= 0.97500 val_loss= 1.80715 val_acc= 0.64400 time= 0.01792
Test results: cost= 1.80259 accuracy= 0.65300 time= 0.00938
Epoch: 0043 train_loss= 1.58501 train_acc= 1.00000 val_loss= 1.80774 val_acc= 0.64600 time= 0.01838
Test results: cost= 1.80313 accuracy= 0.65300 time= 0.00927
Epoch: 0044 train_loss= 1.59189 train_acc= 0.95833 val_loss= 1.80830 val_acc= 0.64600 time= 0.01791
Test results: cost= 1.80363 accuracy= 0.65300 time= 0.00915
Epoch: 0045 train_loss= 1.58215 train_acc= 0.96667 val_loss= 1.80886 val_acc= 0.64400 time= 0.01841
Test results: cost= 1.80414 accuracy= 0.65300 time= 0.00941
Epoch: 0046 train_loss= 1.57859 train_acc= 0.96667 val_loss= 1.80944 val_acc= 0.64400 time= 0.01802
Test results: cost= 1.80469 accuracy= 0.65200 time= 0.00937
Epoch: 0047 train_loss= 1.58417 train_acc= 0.96667 val_loss= 1.81001 val_acc= 0.64200 time= 0.01769
Test results: cost= 1.80520 accuracy= 0.65000 time= 0.00928
Epoch: 0048 train_loss= 1.58138 train_acc= 0.96667 val_loss= 1.81058 val_acc= 0.64000 time= 0.01852
Test results: cost= 1.80574 accuracy= 0.64900 time= 0.00950
Epoch: 0049 train_loss= 1.57762 train_acc= 0.96667 val_loss= 1.81114 val_acc= 0.64200 time= 0.01837
Test results: cost= 1.80625 accuracy= 0.65100 time= 0.00941
Epoch: 0050 train_loss= 1.56434 train_acc= 0.97500 val_loss= 1.81169 val_acc= 0.64400 time= 0.01847
Test results: cost= 1.80677 accuracy= 0.65000 time= 0.00945
Epoch: 0051 train_loss= 1.56613 train_acc= 0.98333 val_loss= 1.81227 val_acc= 0.64200 time= 0.01818
Test results: cost= 1.80730 accuracy= 0.65100 time= 0.00919
Epoch: 0052 train_loss= 1.56817 train_acc= 0.98333 val_loss= 1.81289 val_acc= 0.64200 time= 0.01907
Test results: cost= 1.80788 accuracy= 0.65200 time= 0.00939
Epoch: 0053 train_loss= 1.56579 train_acc= 0.99167 val_loss= 1.81353 val_acc= 0.64600 time= 0.01827
Test results: cost= 1.80846 accuracy= 0.65400 time= 0.00926
Epoch: 0054 train_loss= 1.56625 train_acc= 0.98333 val_loss= 1.81418 val_acc= 0.64600 time= 0.01812
Test results: cost= 1.80903 accuracy= 0.65300 time= 0.00938
Epoch: 0055 train_loss= 1.56966 train_acc= 0.96667 val_loss= 1.81484 val_acc= 0.64400 time= 0.01821
Test results: cost= 1.80961 accuracy= 0.65300 time= 0.00944
Epoch: 0056 train_loss= 1.55861 train_acc= 0.95833 val_loss= 1.81549 val_acc= 0.64400 time= 0.01827
Test results: cost= 1.81017 accuracy= 0.65400 time= 0.00949
Epoch: 0057 train_loss= 1.55502 train_acc= 0.98333 val_loss= 1.81613 val_acc= 0.64200 time= 0.01780
Test results: cost= 1.81074 accuracy= 0.65300 time= 0.00925
Epoch: 0058 train_loss= 1.56363 train_acc= 0.96667 val_loss= 1.81680 val_acc= 0.64200 time= 0.01810
Test results: cost= 1.81132 accuracy= 0.65300 time= 0.00938
Epoch: 0059 train_loss= 1.55266 train_acc= 0.96667 val_loss= 1.81743 val_acc= 0.64200 time= 0.01823
Test results: cost= 1.81185 accuracy= 0.65300 time= 0.00944
Epoch: 0060 train_loss= 1.57028 train_acc= 0.96667 val_loss= 1.81803 val_acc= 0.64400 time= 0.01856
Test results: cost= 1.81235 accuracy= 0.65400 time= 0.00959
Epoch: 0061 train_loss= 1.54462 train_acc= 0.97500 val_loss= 1.81864 val_acc= 0.64200 time= 0.01798
Test results: cost= 1.81285 accuracy= 0.65500 time= 0.00936
Epoch: 0062 train_loss= 1.55967 train_acc= 0.98333 val_loss= 1.81924 val_acc= 0.64200 time= 0.01788
Test results: cost= 1.81335 accuracy= 0.65500 time= 0.00965
Epoch: 0063 train_loss= 1.55294 train_acc= 0.96667 val_loss= 1.81985 val_acc= 0.64200 time= 0.01817
Test results: cost= 1.81386 accuracy= 0.65500 time= 0.00940
Epoch: 0064 train_loss= 1.55014 train_acc= 0.95833 val_loss= 1.82045 val_acc= 0.64400 time= 0.01823
Test results: cost= 1.81438 accuracy= 0.65700 time= 0.00926
Epoch: 0065 train_loss= 1.55933 train_acc= 0.95000 val_loss= 1.82104 val_acc= 0.65000 time= 0.01816
Test results: cost= 1.81489 accuracy= 0.65600 time= 0.00933
Epoch: 0066 train_loss= 1.55390 train_acc= 0.98333 val_loss= 1.82163 val_acc= 0.65200 time= 0.01806
Test results: cost= 1.81540 accuracy= 0.65600 time= 0.00943
Epoch: 0067 train_loss= 1.54135 train_acc= 0.95833 val_loss= 1.82224 val_acc= 0.65200 time= 0.01827
Test results: cost= 1.81591 accuracy= 0.65800 time= 0.00928
Epoch: 0068 train_loss= 1.54352 train_acc= 0.96667 val_loss= 1.82281 val_acc= 0.65400 time= 0.01808
Test results: cost= 1.81640 accuracy= 0.65800 time= 0.00934
Epoch: 0069 train_loss= 1.53730 train_acc= 0.98333 val_loss= 1.82338 val_acc= 0.65400 time= 0.01846
Test results: cost= 1.81690 accuracy= 0.66000 time= 0.00950
Epoch: 0070 train_loss= 1.54571 train_acc= 0.95833 val_loss= 1.82396 val_acc= 0.65400 time= 0.01796
Test results: cost= 1.81740 accuracy= 0.65900 time= 0.00936
Epoch: 0071 train_loss= 1.55855 train_acc= 0.94167 val_loss= 1.82456 val_acc= 0.65200 time= 0.01811
Test results: cost= 1.81791 accuracy= 0.65800 time= 0.00955
Epoch: 0072 train_loss= 1.54676 train_acc= 0.95833 val_loss= 1.82515 val_acc= 0.65400 time= 0.01856
Test results: cost= 1.81839 accuracy= 0.65800 time= 0.00950
Epoch: 0073 train_loss= 1.53592 train_acc= 0.97500 val_loss= 1.82578 val_acc= 0.65200 time= 0.01785
Test results: cost= 1.81890 accuracy= 0.65800 time= 0.00934
Epoch: 0074 train_loss= 1.53837 train_acc= 0.97500 val_loss= 1.82641 val_acc= 0.65200 time= 0.01773
Test results: cost= 1.81940 accuracy= 0.66200 time= 0.00926
Epoch: 0075 train_loss= 1.53952 train_acc= 0.97500 val_loss= 1.82701 val_acc= 0.65200 time= 0.01839
Test results: cost= 1.81989 accuracy= 0.66100 time= 0.00951
Epoch: 0076 train_loss= 1.54400 train_acc= 0.95833 val_loss= 1.82760 val_acc= 0.65000 time= 0.01816
Test results: cost= 1.82038 accuracy= 0.66200 time= 0.00950
Epoch: 0077 train_loss= 1.53663 train_acc= 0.96667 val_loss= 1.82820 val_acc= 0.64600 time= 0.01784
Test results: cost= 1.82090 accuracy= 0.66100 time= 0.00938
Epoch: 0078 train_loss= 1.53539 train_acc= 0.95000 val_loss= 1.82877 val_acc= 0.64600 time= 0.01811
Test results: cost= 1.82141 accuracy= 0.66100 time= 0.00924
Epoch: 0079 train_loss= 1.52844 train_acc= 0.95833 val_loss= 1.82937 val_acc= 0.64800 time= 0.01799
Test results: cost= 1.82195 accuracy= 0.66000 time= 0.00935
Epoch: 0080 train_loss= 1.53810 train_acc= 0.95000 val_loss= 1.83000 val_acc= 0.64600 time= 0.01841
Test results: cost= 1.82250 accuracy= 0.66000 time= 0.00959
Epoch: 0081 train_loss= 1.54583 train_acc= 0.96667 val_loss= 1.83057 val_acc= 0.64600 time= 0.01812
Test results: cost= 1.82300 accuracy= 0.66000 time= 0.00948
Epoch: 0082 train_loss= 1.53975 train_acc= 0.93333 val_loss= 1.83114 val_acc= 0.64800 time= 0.01836
Test results: cost= 1.82349 accuracy= 0.65900 time= 0.00946
Epoch: 0083 train_loss= 1.53243 train_acc= 0.97500 val_loss= 1.83167 val_acc= 0.64800 time= 0.01870
Test results: cost= 1.82396 accuracy= 0.65900 time= 0.00942
Epoch: 0084 train_loss= 1.53209 train_acc= 0.98333 val_loss= 1.83217 val_acc= 0.64800 time= 0.01817
Test results: cost= 1.82440 accuracy= 0.65900 time= 0.00926
Epoch: 0085 train_loss= 1.53650 train_acc= 0.96667 val_loss= 1.83267 val_acc= 0.64600 time= 0.01748
Test results: cost= 1.82483 accuracy= 0.65900 time= 0.00919
Epoch: 0086 train_loss= 1.53652 train_acc= 0.96667 val_loss= 1.83315 val_acc= 0.64600 time= 0.01782
Test results: cost= 1.82526 accuracy= 0.65800 time= 0.00951
Epoch: 0087 train_loss= 1.53178 train_acc= 0.95833 val_loss= 1.83363 val_acc= 0.64600 time= 0.01801
Test results: cost= 1.82569 accuracy= 0.65700 time= 0.00958
Epoch: 0088 train_loss= 1.53444 train_acc= 0.95833 val_loss= 1.83406 val_acc= 0.64800 time= 0.01821
Test results: cost= 1.82609 accuracy= 0.65700 time= 0.00943
Epoch: 0089 train_loss= 1.52346 train_acc= 0.95833 val_loss= 1.83446 val_acc= 0.64600 time= 0.01815
Test results: cost= 1.82646 accuracy= 0.65800 time= 0.00936
Epoch: 0090 train_loss= 1.53673 train_acc= 0.97500 val_loss= 1.83486 val_acc= 0.64600 time= 0.01775
Test results: cost= 1.82679 accuracy= 0.66000 time= 0.00924
Epoch: 0091 train_loss= 1.52643 train_acc= 0.96667 val_loss= 1.83523 val_acc= 0.64600 time= 0.01800
Test results: cost= 1.82712 accuracy= 0.65900 time= 0.00953
Epoch: 0092 train_loss= 1.53234 train_acc= 0.94167 val_loss= 1.83557 val_acc= 0.64800 time= 0.01823
Test results: cost= 1.82740 accuracy= 0.65900 time= 0.00954
Epoch: 0093 train_loss= 1.53116 train_acc= 0.96667 val_loss= 1.83585 val_acc= 0.64800 time= 0.01811
Test results: cost= 1.82762 accuracy= 0.65900 time= 0.00924
Epoch: 0094 train_loss= 1.52723 train_acc= 0.96667 val_loss= 1.83613 val_acc= 0.65000 time= 0.01823
Test results: cost= 1.82783 accuracy= 0.66200 time= 0.00947
Epoch: 0095 train_loss= 1.53177 train_acc= 0.95000 val_loss= 1.83637 val_acc= 0.65200 time= 0.01824
Test results: cost= 1.82802 accuracy= 0.66300 time= 0.00933
Epoch: 0096 train_loss= 1.52835 train_acc= 0.95000 val_loss= 1.83665 val_acc= 0.65200 time= 0.01786
Test results: cost= 1.82823 accuracy= 0.66100 time= 0.00950
Epoch: 0097 train_loss= 1.52832 train_acc= 0.96667 val_loss= 1.83689 val_acc= 0.65600 time= 0.01814
Test results: cost= 1.82841 accuracy= 0.66500 time= 0.00932
Epoch: 0098 train_loss= 1.51866 train_acc= 0.95833 val_loss= 1.83716 val_acc= 0.65600 time= 0.01788
Test results: cost= 1.82863 accuracy= 0.66400 time= 0.00963
Epoch: 0099 train_loss= 1.52522 train_acc= 0.96667 val_loss= 1.83742 val_acc= 0.66000 time= 0.01817
Test results: cost= 1.82886 accuracy= 0.66300 time= 0.00930
Epoch: 0100 train_loss= 1.51419 train_acc= 0.97500 val_loss= 1.83769 val_acc= 0.66400 time= 0.01847
Test results: cost= 1.82910 accuracy= 0.66200 time= 0.00923
Epoch: 0101 train_loss= 1.50818 train_acc= 0.95833 val_loss= 1.83796 val_acc= 0.66600 time= 0.01822
Test results: cost= 1.82935 accuracy= 0.66300 time= 0.00970
Epoch: 0102 train_loss= 1.52350 train_acc= 0.98333 val_loss= 1.83827 val_acc= 0.66800 time= 0.01804
Test results: cost= 1.82962 accuracy= 0.66500 time= 0.00940
Epoch: 0103 train_loss= 1.51252 train_acc= 0.94167 val_loss= 1.83861 val_acc= 0.67200 time= 0.01813
Test results: cost= 1.82990 accuracy= 0.66500 time= 0.00962
Epoch: 0104 train_loss= 1.51636 train_acc= 0.97500 val_loss= 1.83897 val_acc= 0.67200 time= 0.01806
Test results: cost= 1.83018 accuracy= 0.66500 time= 0.00937
Epoch: 0105 train_loss= 1.51817 train_acc= 0.97500 val_loss= 1.83930 val_acc= 0.67000 time= 0.01793
Test results: cost= 1.83046 accuracy= 0.66500 time= 0.00942
Epoch: 0106 train_loss= 1.51953 train_acc= 0.95000 val_loss= 1.83964 val_acc= 0.67000 time= 0.01823
Test results: cost= 1.83070 accuracy= 0.66600 time= 0.00955
Epoch: 0107 train_loss= 1.50678 train_acc= 0.95833 val_loss= 1.83996 val_acc= 0.66800 time= 0.01836
Test results: cost= 1.83093 accuracy= 0.66700 time= 0.00930
Epoch: 0108 train_loss= 1.52075 train_acc= 0.96667 val_loss= 1.84027 val_acc= 0.66800 time= 0.01757
Test results: cost= 1.83116 accuracy= 0.66800 time= 0.00945
Epoch: 0109 train_loss= 1.50902 train_acc= 0.95000 val_loss= 1.84062 val_acc= 0.66800 time= 0.01866
Test results: cost= 1.83143 accuracy= 0.66800 time= 0.00930
Epoch: 0110 train_loss= 1.51887 train_acc= 0.95833 val_loss= 1.84098 val_acc= 0.66800 time= 0.01848
Test results: cost= 1.83171 accuracy= 0.66500 time= 0.00937
Epoch: 0111 train_loss= 1.51035 train_acc= 0.95833 val_loss= 1.84136 val_acc= 0.66600 time= 0.01805
Test results: cost= 1.83201 accuracy= 0.66200 time= 0.00951
Epoch: 0112 train_loss= 1.51294 train_acc= 0.95833 val_loss= 1.84176 val_acc= 0.66600 time= 0.01808
Test results: cost= 1.83234 accuracy= 0.66200 time= 0.00955
Epoch: 0113 train_loss= 1.52172 train_acc= 0.96667 val_loss= 1.84216 val_acc= 0.66600 time= 0.01851
Test results: cost= 1.83267 accuracy= 0.66200 time= 0.00957
Epoch: 0114 train_loss= 1.51304 train_acc= 0.95833 val_loss= 1.84255 val_acc= 0.66600 time= 0.01812
Test results: cost= 1.83298 accuracy= 0.66200 time= 0.00939
Epoch: 0115 train_loss= 1.50634 train_acc= 0.94167 val_loss= 1.84291 val_acc= 0.66600 time= 0.01776
Test results: cost= 1.83327 accuracy= 0.66300 time= 0.00945
Epoch: 0116 train_loss= 1.50881 train_acc= 0.95000 val_loss= 1.84329 val_acc= 0.66400 time= 0.01788
Test results: cost= 1.83358 accuracy= 0.66300 time= 0.00956
Epoch: 0117 train_loss= 1.50850 train_acc= 0.94167 val_loss= 1.84363 val_acc= 0.66400 time= 0.01817
Test results: cost= 1.83386 accuracy= 0.66400 time= 0.00975
Epoch: 0118 train_loss= 1.51751 train_acc= 0.95833 val_loss= 1.84395 val_acc= 0.66200 time= 0.01782
Test results: cost= 1.83411 accuracy= 0.66400 time= 0.00949
Epoch: 0119 train_loss= 1.50746 train_acc= 0.95833 val_loss= 1.84424 val_acc= 0.66400 time= 0.01843
Test results: cost= 1.83432 accuracy= 0.66400 time= 0.00930
Epoch: 0120 train_loss= 1.51111 train_acc= 0.94167 val_loss= 1.84450 val_acc= 0.66400 time= 0.01831
Test results: cost= 1.83451 accuracy= 0.66500 time= 0.00916
Epoch: 0121 train_loss= 1.52324 train_acc= 0.96667 val_loss= 1.84475 val_acc= 0.66200 time= 0.01814
Test results: cost= 1.83468 accuracy= 0.66600 time= 0.00936
Epoch: 0122 train_loss= 1.51282 train_acc= 0.94167 val_loss= 1.84498 val_acc= 0.66400 time= 0.01814
Test results: cost= 1.83482 accuracy= 0.66700 time= 0.00948
Epoch: 0123 train_loss= 1.51786 train_acc= 0.94167 val_loss= 1.84522 val_acc= 0.66400 time= 0.01814
Test results: cost= 1.83498 accuracy= 0.66500 time= 0.00957
Epoch: 0124 train_loss= 1.51075 train_acc= 0.95833 val_loss= 1.84541 val_acc= 0.66400 time= 0.01856
Test results: cost= 1.83511 accuracy= 0.66400 time= 0.00962
Epoch: 0125 train_loss= 1.51202 train_acc= 0.95000 val_loss= 1.84557 val_acc= 0.66400 time= 0.01790
Test results: cost= 1.83522 accuracy= 0.66500 time= 0.00933
Epoch: 0126 train_loss= 1.51488 train_acc= 0.96667 val_loss= 1.84577 val_acc= 0.66600 time= 0.01814
Test results: cost= 1.83538 accuracy= 0.66700 time= 0.00932
Epoch: 0127 train_loss= 1.51234 train_acc= 0.97500 val_loss= 1.84600 val_acc= 0.66800 time= 0.01837
Test results: cost= 1.83553 accuracy= 0.66900 time= 0.00944
Epoch: 0128 train_loss= 1.51163 train_acc= 0.95833 val_loss= 1.84622 val_acc= 0.66800 time= 0.01846
Test results: cost= 1.83569 accuracy= 0.66800 time= 0.00946
Epoch: 0129 train_loss= 1.50370 train_acc= 0.95000 val_loss= 1.84644 val_acc= 0.66800 time= 0.01786
Test results: cost= 1.83586 accuracy= 0.66800 time= 0.00956
Epoch: 0130 train_loss= 1.51477 train_acc= 0.95000 val_loss= 1.84664 val_acc= 0.66800 time= 0.01823
Test results: cost= 1.83601 accuracy= 0.66800 time= 0.00944
Epoch: 0131 train_loss= 1.51441 train_acc= 0.95000 val_loss= 1.84683 val_acc= 0.66800 time= 0.01812
Test results: cost= 1.83614 accuracy= 0.66800 time= 0.00937
Epoch: 0132 train_loss= 1.49570 train_acc= 0.98333 val_loss= 1.84702 val_acc= 0.66600 time= 0.01800
Test results: cost= 1.83627 accuracy= 0.66900 time= 0.00961
Epoch: 0133 train_loss= 1.50093 train_acc= 0.93333 val_loss= 1.84723 val_acc= 0.66600 time= 0.01851
Test results: cost= 1.83642 accuracy= 0.66900 time= 0.00925
Epoch: 0134 train_loss= 1.51432 train_acc= 0.95000 val_loss= 1.84741 val_acc= 0.66600 time= 0.01833
Test results: cost= 1.83655 accuracy= 0.66900 time= 0.00921
Epoch: 0135 train_loss= 1.49029 train_acc= 0.98333 val_loss= 1.84761 val_acc= 0.66800 time= 0.01830
Test results: cost= 1.83668 accuracy= 0.67000 time= 0.00941
Epoch: 0136 train_loss= 1.51121 train_acc= 0.97500 val_loss= 1.84780 val_acc= 0.66600 time= 0.01808
Test results: cost= 1.83680 accuracy= 0.67100 time= 0.00935
Epoch: 0137 train_loss= 1.49393 train_acc= 0.95000 val_loss= 1.84802 val_acc= 0.66600 time= 0.01825
Test results: cost= 1.83697 accuracy= 0.67200 time= 0.00970
Epoch: 0138 train_loss= 1.49100 train_acc= 0.97500 val_loss= 1.84819 val_acc= 0.66400 time= 0.01791
Test results: cost= 1.83707 accuracy= 0.67400 time= 0.00926
Epoch: 0139 train_loss= 1.49983 train_acc= 0.96667 val_loss= 1.84841 val_acc= 0.66400 time= 0.01794
Test results: cost= 1.83722 accuracy= 0.67100 time= 0.00933
Epoch: 0140 train_loss= 1.51332 train_acc= 0.94167 val_loss= 1.84864 val_acc= 0.66600 time= 0.01859
Test results: cost= 1.83737 accuracy= 0.67200 time= 0.00952
Epoch: 0141 train_loss= 1.50257 train_acc= 0.96667 val_loss= 1.84885 val_acc= 0.66600 time= 0.01801
Test results: cost= 1.83751 accuracy= 0.67100 time= 0.00948
Epoch: 0142 train_loss= 1.51493 train_acc= 0.95833 val_loss= 1.84902 val_acc= 0.66600 time= 0.01765
Test results: cost= 1.83762 accuracy= 0.67100 time= 0.00943
Epoch: 0143 train_loss= 1.50248 train_acc= 0.95000 val_loss= 1.84918 val_acc= 0.66600 time= 0.01797
Test results: cost= 1.83773 accuracy= 0.67000 time= 0.00953
Epoch: 0144 train_loss= 1.51631 train_acc= 0.95000 val_loss= 1.84935 val_acc= 0.66600 time= 0.01796
Test results: cost= 1.83785 accuracy= 0.66900 time= 0.00962
Epoch: 0145 train_loss= 1.51992 train_acc= 0.95000 val_loss= 1.84954 val_acc= 0.66600 time= 0.01803
Test results: cost= 1.83800 accuracy= 0.66700 time= 0.00941
Epoch: 0146 train_loss= 1.50116 train_acc= 0.96667 val_loss= 1.84973 val_acc= 0.66800 time= 0.01843
Test results: cost= 1.83814 accuracy= 0.66700 time= 0.00944
Epoch: 0147 train_loss= 1.50343 train_acc= 0.95000 val_loss= 1.84992 val_acc= 0.66800 time= 0.01828
Test results: cost= 1.83829 accuracy= 0.66600 time= 0.00953
Epoch: 0148 train_loss= 1.49595 train_acc= 0.96667 val_loss= 1.85012 val_acc= 0.67200 time= 0.01832
Test results: cost= 1.83845 accuracy= 0.66700 time= 0.00933
Epoch: 0149 train_loss= 1.49943 train_acc= 0.94167 val_loss= 1.85032 val_acc= 0.67200 time= 0.01804
Test results: cost= 1.83859 accuracy= 0.66900 time= 0.00947
Epoch: 0150 train_loss= 1.48226 train_acc= 0.95000 val_loss= 1.85052 val_acc= 0.67200 time= 0.01903
Test results: cost= 1.83873 accuracy= 0.66900 time= 0.00972
Epoch: 0151 train_loss= 1.50366 train_acc= 0.97500 val_loss= 1.85070 val_acc= 0.67200 time= 0.01861
Test results: cost= 1.83884 accuracy= 0.67000 time= 0.00914
Epoch: 0152 train_loss= 1.49485 train_acc= 0.94167 val_loss= 1.85094 val_acc= 0.67200 time= 0.01803
Test results: cost= 1.83897 accuracy= 0.67100 time= 0.00965
Epoch: 0153 train_loss= 1.47419 train_acc= 0.93333 val_loss= 1.85117 val_acc= 0.67200 time= 0.01830
Test results: cost= 1.83912 accuracy= 0.67000 time= 0.00927
Epoch: 0154 train_loss= 1.49649 train_acc= 0.96667 val_loss= 1.85140 val_acc= 0.67200 time= 0.01844
Test results: cost= 1.83927 accuracy= 0.67200 time= 0.00942
Epoch: 0155 train_loss= 1.50094 train_acc= 0.96667 val_loss= 1.85162 val_acc= 0.67200 time= 0.01761
Test results: cost= 1.83943 accuracy= 0.67200 time= 0.00971
Epoch: 0156 train_loss= 1.49536 train_acc= 0.95000 val_loss= 1.85179 val_acc= 0.67400 time= 0.01836
Test results: cost= 1.83956 accuracy= 0.67200 time= 0.00926
Epoch: 0157 train_loss= 1.49427 train_acc= 0.96667 val_loss= 1.85193 val_acc= 0.67400 time= 0.01796
Test results: cost= 1.83968 accuracy= 0.67200 time= 0.00945
Epoch: 0158 train_loss= 1.49621 train_acc= 0.95833 val_loss= 1.85207 val_acc= 0.67400 time= 0.01821
Test results: cost= 1.83976 accuracy= 0.67200 time= 0.00942
Epoch: 0159 train_loss= 1.50170 train_acc= 0.95000 val_loss= 1.85220 val_acc= 0.67800 time= 0.01869
Test results: cost= 1.83986 accuracy= 0.67200 time= 0.00956
Epoch: 0160 train_loss= 1.51781 train_acc= 0.96667 val_loss= 1.85226 val_acc= 0.67800 time= 0.01807
Test results: cost= 1.83991 accuracy= 0.67200 time= 0.00954
Epoch: 0161 train_loss= 1.49531 train_acc= 0.92500 val_loss= 1.85234 val_acc= 0.67800 time= 0.01801
Test results: cost= 1.83997 accuracy= 0.67300 time= 0.00952
Epoch: 0162 train_loss= 1.50131 train_acc= 0.95000 val_loss= 1.85238 val_acc= 0.67800 time= 0.01770
Test results: cost= 1.83999 accuracy= 0.67300 time= 0.00943
Epoch: 0163 train_loss= 1.48910 train_acc= 0.96667 val_loss= 1.85243 val_acc= 0.67800 time= 0.01812
Test results: cost= 1.84000 accuracy= 0.67100 time= 0.00935
Epoch: 0164 train_loss= 1.50082 train_acc= 0.91667 val_loss= 1.85249 val_acc= 0.67800 time= 0.01805
Test results: cost= 1.84000 accuracy= 0.67100 time= 0.00953
Epoch: 0165 train_loss= 1.49966 train_acc= 0.96667 val_loss= 1.85253 val_acc= 0.67800 time= 0.01842
Test results: cost= 1.83998 accuracy= 0.67200 time= 0.00964
Epoch: 0166 train_loss= 1.48789 train_acc= 0.96667 val_loss= 1.85254 val_acc= 0.67600 time= 0.01766
Test results: cost= 1.83996 accuracy= 0.67100 time= 0.00948
Epoch: 0167 train_loss= 1.48128 train_acc= 0.92500 val_loss= 1.85256 val_acc= 0.67600 time= 0.01773
Test results: cost= 1.83991 accuracy= 0.67100 time= 0.00923
Epoch: 0168 train_loss= 1.47089 train_acc= 0.96667 val_loss= 1.85262 val_acc= 0.67800 time= 0.01776
Test results: cost= 1.83992 accuracy= 0.67100 time= 0.00926
Epoch: 0169 train_loss= 1.49950 train_acc= 0.97500 val_loss= 1.85272 val_acc= 0.67800 time= 0.01843
Test results: cost= 1.83996 accuracy= 0.67000 time= 0.00929
Epoch: 0170 train_loss= 1.48835 train_acc= 0.93333 val_loss= 1.85284 val_acc= 0.67800 time= 0.01800
Test results: cost= 1.84004 accuracy= 0.66900 time= 0.00929
Epoch: 0171 train_loss= 1.47418 train_acc= 0.95000 val_loss= 1.85298 val_acc= 0.67800 time= 0.01841
Test results: cost= 1.84014 accuracy= 0.66800 time= 0.00955
Epoch: 0172 train_loss= 1.49221 train_acc= 0.95833 val_loss= 1.85313 val_acc= 0.67800 time= 0.01802
Test results: cost= 1.84025 accuracy= 0.66900 time= 0.00958
Epoch: 0173 train_loss= 1.47961 train_acc= 0.94167 val_loss= 1.85330 val_acc= 0.67800 time= 0.01813
Test results: cost= 1.84038 accuracy= 0.67000 time= 0.00951
Epoch: 0174 train_loss= 1.50545 train_acc= 0.95000 val_loss= 1.85342 val_acc= 0.67800 time= 0.01778
Test results: cost= 1.84048 accuracy= 0.67000 time= 0.00937
Epoch: 0175 train_loss= 1.49883 train_acc= 0.97500 val_loss= 1.85358 val_acc= 0.67800 time= 0.01800
Test results: cost= 1.84062 accuracy= 0.67100 time= 0.00931
Epoch: 0176 train_loss= 1.49998 train_acc= 0.95000 val_loss= 1.85372 val_acc= 0.67800 time= 0.01843
Test results: cost= 1.84074 accuracy= 0.67100 time= 0.00949
Epoch: 0177 train_loss= 1.49971 train_acc= 0.95833 val_loss= 1.85386 val_acc= 0.67800 time= 0.01829
Test results: cost= 1.84086 accuracy= 0.67100 time= 0.00926
Epoch: 0178 train_loss= 1.51443 train_acc= 0.93333 val_loss= 1.85402 val_acc= 0.67600 time= 0.01835
Test results: cost= 1.84098 accuracy= 0.67100 time= 0.00945
Epoch: 0179 train_loss= 1.48265 train_acc= 0.95000 val_loss= 1.85418 val_acc= 0.67400 time= 0.01820
Test results: cost= 1.84112 accuracy= 0.67000 time= 0.00914
Epoch: 0180 train_loss= 1.47577 train_acc= 0.97500 val_loss= 1.85439 val_acc= 0.67400 time= 0.01898
Test results: cost= 1.84129 accuracy= 0.67000 time= 0.00947
Epoch: 0181 train_loss= 1.49231 train_acc= 0.96667 val_loss= 1.85455 val_acc= 0.67400 time= 0.01822
Test results: cost= 1.84145 accuracy= 0.66900 time= 0.00947
Epoch: 0182 train_loss= 1.50680 train_acc= 0.94167 val_loss= 1.85469 val_acc= 0.67400 time= 0.01796
Test results: cost= 1.84156 accuracy= 0.67000 time= 0.00964
Epoch: 0183 train_loss= 1.46798 train_acc= 0.96667 val_loss= 1.85484 val_acc= 0.67600 time= 0.01823
Test results: cost= 1.84168 accuracy= 0.67000 time= 0.00937
Epoch: 0184 train_loss= 1.51039 train_acc= 0.95833 val_loss= 1.85495 val_acc= 0.67600 time= 0.01812
Test results: cost= 1.84177 accuracy= 0.67000 time= 0.00957
Epoch: 0185 train_loss= 1.49974 train_acc= 0.99167 val_loss= 1.85501 val_acc= 0.67600 time= 0.01767
Test results: cost= 1.84179 accuracy= 0.67100 time= 0.00932
Epoch: 0186 train_loss= 1.48233 train_acc= 0.95833 val_loss= 1.85508 val_acc= 0.67600 time= 0.01786
Test results: cost= 1.84183 accuracy= 0.67100 time= 0.00955
Epoch: 0187 train_loss= 1.49057 train_acc= 0.91667 val_loss= 1.85514 val_acc= 0.67600 time= 0.01814
Test results: cost= 1.84184 accuracy= 0.67000 time= 0.00923
Epoch: 0188 train_loss= 1.47074 train_acc= 0.95833 val_loss= 1.85521 val_acc= 0.67600 time= 0.01887
Test results: cost= 1.84188 accuracy= 0.67200 time= 0.00948
Epoch: 0189 train_loss= 1.48923 train_acc= 0.94167 val_loss= 1.85532 val_acc= 0.67600 time= 0.01843
Test results: cost= 1.84195 accuracy= 0.67100 time= 0.00943
Epoch: 0190 train_loss= 1.48218 train_acc= 0.95000 val_loss= 1.85541 val_acc= 0.67400 time= 0.01813
Test results: cost= 1.84198 accuracy= 0.67000 time= 0.00931
Epoch: 0191 train_loss= 1.49778 train_acc= 0.92500 val_loss= 1.85549 val_acc= 0.67400 time= 0.01830
Test results: cost= 1.84201 accuracy= 0.67000 time= 0.00961
Epoch: 0192 train_loss= 1.50037 train_acc= 0.96667 val_loss= 1.85557 val_acc= 0.67600 time= 0.01800
Test results: cost= 1.84204 accuracy= 0.67000 time= 0.00923
Epoch: 0193 train_loss= 1.49058 train_acc= 0.97500 val_loss= 1.85568 val_acc= 0.67600 time= 0.01841
Test results: cost= 1.84209 accuracy= 0.66900 time= 0.00927
Epoch: 0194 train_loss= 1.49408 train_acc= 0.95000 val_loss= 1.85578 val_acc= 0.67800 time= 0.01857
Test results: cost= 1.84214 accuracy= 0.67000 time= 0.00933
Epoch: 0195 train_loss= 1.49352 train_acc= 0.94167 val_loss= 1.85587 val_acc= 0.67800 time= 0.01842
Test results: cost= 1.84216 accuracy= 0.66800 time= 0.00938
Epoch: 0196 train_loss= 1.48664 train_acc= 0.97500 val_loss= 1.85593 val_acc= 0.67800 time= 0.01814
Test results: cost= 1.84214 accuracy= 0.66700 time= 0.00939
Epoch: 0197 train_loss= 1.51388 train_acc= 0.93333 val_loss= 1.85596 val_acc= 0.67800 time= 0.01798
Test results: cost= 1.84209 accuracy= 0.66700 time= 0.00929
Epoch: 0198 train_loss= 1.48336 train_acc= 0.96667 val_loss= 1.85598 val_acc= 0.67800 time= 0.01797
Test results: cost= 1.84204 accuracy= 0.66700 time= 0.00924
Epoch: 0199 train_loss= 1.49568 train_acc= 0.92500 val_loss= 1.85599 val_acc= 0.68000 time= 0.01788
Test results: cost= 1.84199 accuracy= 0.66900 time= 0.00947
Epoch: 0200 train_loss= 1.48996 train_acc= 0.96667 val_loss= 1.85599 val_acc= 0.68000 time= 0.01831
Test results: cost= 1.84196 accuracy= 0.66900 time= 0.00939
Epoch: 0201 train_loss= 1.47854 train_acc= 0.95833 val_loss= 1.85603 val_acc= 0.68000 time= 0.01800
Test results: cost= 1.84196 accuracy= 0.67000 time= 0.00935
Epoch: 0202 train_loss= 1.47812 train_acc= 0.95833 val_loss= 1.85608 val_acc= 0.67800 time= 0.01829
Test results: cost= 1.84197 accuracy= 0.67000 time= 0.00953
Epoch: 0203 train_loss= 1.48066 train_acc= 0.91667 val_loss= 1.85615 val_acc= 0.67400 time= 0.01813
Test results: cost= 1.84201 accuracy= 0.67000 time= 0.00944
Epoch: 0204 train_loss= 1.48396 train_acc= 0.95833 val_loss= 1.85617 val_acc= 0.67600 time= 0.01845
Test results: cost= 1.84203 accuracy= 0.67000 time= 0.00957
Epoch: 0205 train_loss= 1.48740 train_acc= 0.91667 val_loss= 1.85621 val_acc= 0.67600 time= 0.01846
Test results: cost= 1.84205 accuracy= 0.67000 time= 0.00926
Epoch: 0206 train_loss= 1.50431 train_acc= 0.94167 val_loss= 1.85624 val_acc= 0.67600 time= 0.01815
Test results: cost= 1.84207 accuracy= 0.67000 time= 0.00926
Epoch: 0207 train_loss= 1.50144 train_acc= 0.95000 val_loss= 1.85625 val_acc= 0.67800 time= 0.01880
Test results: cost= 1.84207 accuracy= 0.67000 time= 0.00941
Epoch: 0208 train_loss= 1.49321 train_acc= 0.96667 val_loss= 1.85627 val_acc= 0.67600 time= 0.01876
Test results: cost= 1.84206 accuracy= 0.67000 time= 0.00925
Epoch: 0209 train_loss= 1.49550 train_acc= 0.95000 val_loss= 1.85630 val_acc= 0.67600 time= 0.01824
Test results: cost= 1.84206 accuracy= 0.67000 time= 0.00958
Epoch: 0210 train_loss= 1.49346 train_acc= 0.94167 val_loss= 1.85632 val_acc= 0.67400 time= 0.01793
Test results: cost= 1.84207 accuracy= 0.67000 time= 0.00926
Epoch: 0211 train_loss= 1.48104 train_acc= 0.91667 val_loss= 1.85632 val_acc= 0.67400 time= 0.01792
Test results: cost= 1.84205 accuracy= 0.67000 time= 0.00930
Epoch: 0212 train_loss= 1.46813 train_acc= 0.97500 val_loss= 1.85633 val_acc= 0.67400 time= 0.01789
Test results: cost= 1.84204 accuracy= 0.67000 time= 0.00940
Epoch: 0213 train_loss= 1.48658 train_acc= 0.94167 val_loss= 1.85629 val_acc= 0.67400 time= 0.01850
Test results: cost= 1.84198 accuracy= 0.67000 time= 0.00932
Epoch: 0214 train_loss= 1.50241 train_acc= 0.92500 val_loss= 1.85627 val_acc= 0.67400 time= 0.01783
Test results: cost= 1.84194 accuracy= 0.67000 time= 0.00930
Epoch: 0215 train_loss= 1.46535 train_acc= 0.95000 val_loss= 1.85624 val_acc= 0.67400 time= 0.01819
Test results: cost= 1.84193 accuracy= 0.67100 time= 0.00933
Epoch: 0216 train_loss= 1.50212 train_acc= 0.94167 val_loss= 1.85623 val_acc= 0.67400 time= 0.01818
Test results: cost= 1.84194 accuracy= 0.67200 time= 0.00923
Epoch: 0217 train_loss= 1.48719 train_acc= 0.94167 val_loss= 1.85623 val_acc= 0.67400 time= 0.01799
Test results: cost= 1.84194 accuracy= 0.67200 time= 0.00918
Epoch: 0218 train_loss= 1.48626 train_acc= 0.95833 val_loss= 1.85627 val_acc= 0.67400 time= 0.01789
Test results: cost= 1.84197 accuracy= 0.67200 time= 0.00935
Epoch: 0219 train_loss= 1.48433 train_acc= 0.95000 val_loss= 1.85629 val_acc= 0.67400 time= 0.01790
Test results: cost= 1.84198 accuracy= 0.67300 time= 0.00959
Epoch: 0220 train_loss= 1.47275 train_acc= 0.96667 val_loss= 1.85626 val_acc= 0.67600 time= 0.01849
Test results: cost= 1.84196 accuracy= 0.67400 time= 0.00920
Epoch: 0221 train_loss= 1.48907 train_acc= 0.96667 val_loss= 1.85621 val_acc= 0.67600 time= 0.01839
Test results: cost= 1.84194 accuracy= 0.67400 time= 0.00944
Epoch: 0222 train_loss= 1.49316 train_acc= 0.93333 val_loss= 1.85616 val_acc= 0.67600 time= 0.01852
Test results: cost= 1.84190 accuracy= 0.67200 time= 0.00964
Epoch: 0223 train_loss= 1.47503 train_acc= 0.95833 val_loss= 1.85610 val_acc= 0.67800 time= 0.01861
Test results: cost= 1.84186 accuracy= 0.67200 time= 0.00952
Epoch: 0224 train_loss= 1.49796 train_acc= 0.94167 val_loss= 1.85602 val_acc= 0.67800 time= 0.01823
Test results: cost= 1.84179 accuracy= 0.67200 time= 0.00990
Epoch: 0225 train_loss= 1.50773 train_acc= 0.94167 val_loss= 1.85593 val_acc= 0.67800 time= 0.01803
Test results: cost= 1.84170 accuracy= 0.67100 time= 0.00958
Epoch: 0226 train_loss= 1.48185 train_acc= 0.95000 val_loss= 1.85589 val_acc= 0.68000 time= 0.01838
Test results: cost= 1.84163 accuracy= 0.67100 time= 0.00918
Epoch: 0227 train_loss= 1.48626 train_acc= 0.95000 val_loss= 1.85586 val_acc= 0.68000 time= 0.01831
Test results: cost= 1.84159 accuracy= 0.67100 time= 0.00965
Epoch: 0228 train_loss= 1.48111 train_acc= 0.95000 val_loss= 1.85588 val_acc= 0.68000 time= 0.01799
Test results: cost= 1.84159 accuracy= 0.67300 time= 0.00938
Epoch: 0229 train_loss= 1.48592 train_acc= 0.94167 val_loss= 1.85589 val_acc= 0.68000 time= 0.01791
Test results: cost= 1.84159 accuracy= 0.67300 time= 0.00963
Epoch: 0230 train_loss= 1.47494 train_acc= 0.95000 val_loss= 1.85594 val_acc= 0.68000 time= 0.01812
Test results: cost= 1.84162 accuracy= 0.67400 time= 0.00959
Epoch: 0231 train_loss= 1.46665 train_acc= 0.96667 val_loss= 1.85599 val_acc= 0.68000 time= 0.01790
Test results: cost= 1.84166 accuracy= 0.67400 time= 0.00949
Epoch: 0232 train_loss= 1.47794 train_acc= 0.92500 val_loss= 1.85601 val_acc= 0.68200 time= 0.01800
Test results: cost= 1.84166 accuracy= 0.67400 time= 0.00948
Epoch: 0233 train_loss= 1.48371 train_acc= 0.95000 val_loss= 1.85602 val_acc= 0.68000 time= 0.01829
Test results: cost= 1.84164 accuracy= 0.67500 time= 0.00923
Epoch: 0234 train_loss= 1.47361 train_acc= 0.95833 val_loss= 1.85606 val_acc= 0.68000 time= 0.01871
Test results: cost= 1.84165 accuracy= 0.67500 time= 0.00954
Epoch: 0235 train_loss= 1.48917 train_acc= 0.95833 val_loss= 1.85611 val_acc= 0.67800 time= 0.01823
Test results: cost= 1.84164 accuracy= 0.67600 time= 0.00959
Epoch: 0236 train_loss= 1.51086 train_acc= 0.95000 val_loss= 1.85613 val_acc= 0.67800 time= 0.01843
Test results: cost= 1.84162 accuracy= 0.67600 time= 0.00921
Epoch: 0237 train_loss= 1.49215 train_acc= 0.93333 val_loss= 1.85609 val_acc= 0.67800 time= 0.01807
Test results: cost= 1.84153 accuracy= 0.67600 time= 0.00929
Epoch: 0238 train_loss= 1.50141 train_acc= 0.94167 val_loss= 1.85608 val_acc= 0.67800 time= 0.01815
Test results: cost= 1.84144 accuracy= 0.67600 time= 0.00948
Epoch: 0239 train_loss= 1.48109 train_acc= 0.94167 val_loss= 1.85603 val_acc= 0.67600 time= 0.01820
Test results: cost= 1.84135 accuracy= 0.67600 time= 0.00949
Epoch: 0240 train_loss= 1.48109 train_acc= 0.93333 val_loss= 1.85597 val_acc= 0.67800 time= 0.01812
Test results: cost= 1.84125 accuracy= 0.67600 time= 0.00960
Epoch: 0241 train_loss= 1.47700 train_acc= 0.93333 val_loss= 1.85588 val_acc= 0.67800 time= 0.01860
Test results: cost= 1.84112 accuracy= 0.67500 time= 0.00952
Epoch: 0242 train_loss= 1.48559 train_acc= 0.95833 val_loss= 1.85582 val_acc= 0.67800 time= 0.01792
Test results: cost= 1.84103 accuracy= 0.67600 time= 0.00953
Epoch: 0243 train_loss= 1.47548 train_acc= 0.93333 val_loss= 1.85576 val_acc= 0.67800 time= 0.01769
Test results: cost= 1.84095 accuracy= 0.67600 time= 0.00925
Epoch: 0244 train_loss= 1.47638 train_acc= 0.95000 val_loss= 1.85572 val_acc= 0.68000 time= 0.01818
Test results: cost= 1.84091 accuracy= 0.67500 time= 0.00928
Epoch: 0245 train_loss= 1.47504 train_acc= 0.94167 val_loss= 1.85571 val_acc= 0.68000 time= 0.01816
Test results: cost= 1.84087 accuracy= 0.67400 time= 0.00923
Epoch: 0246 train_loss= 1.45815 train_acc= 0.94167 val_loss= 1.85572 val_acc= 0.68000 time= 0.01870
Test results: cost= 1.84088 accuracy= 0.67500 time= 0.00953
Epoch: 0247 train_loss= 1.47603 train_acc= 0.94167 val_loss= 1.85578 val_acc= 0.68000 time= 0.01768
Test results: cost= 1.84093 accuracy= 0.67400 time= 0.00933
Epoch: 0248 train_loss= 1.49758 train_acc= 0.95833 val_loss= 1.85587 val_acc= 0.68200 time= 0.01831
Test results: cost= 1.84100 accuracy= 0.67500 time= 0.00973
Epoch: 0249 train_loss= 1.47604 train_acc= 0.94167 val_loss= 1.85595 val_acc= 0.68000 time= 0.01804
Test results: cost= 1.84105 accuracy= 0.67600 time= 0.00953
Epoch: 0250 train_loss= 1.46453 train_acc= 0.94167 val_loss= 1.85607 val_acc= 0.68000 time= 0.01832
Test results: cost= 1.84113 accuracy= 0.67300 time= 0.00936
Epoch: 0251 train_loss= 1.47515 train_acc= 0.93333 val_loss= 1.85615 val_acc= 0.68000 time= 0.01834
Test results: cost= 1.84118 accuracy= 0.67300 time= 0.00945
Epoch: 0252 train_loss= 1.49108 train_acc= 0.92500 val_loss= 1.85622 val_acc= 0.68000 time= 0.01806
Test results: cost= 1.84120 accuracy= 0.67300 time= 0.00943
Epoch: 0253 train_loss= 1.48856 train_acc= 0.95000 val_loss= 1.85623 val_acc= 0.68000 time= 0.01845
Test results: cost= 1.84119 accuracy= 0.67300 time= 0.00911
Epoch: 0254 train_loss= 1.48345 train_acc= 0.96667 val_loss= 1.85626 val_acc= 0.68000 time= 0.01795
Test results: cost= 1.84118 accuracy= 0.67300 time= 0.00960
Epoch: 0255 train_loss= 1.47817 train_acc= 0.94167 val_loss= 1.85628 val_acc= 0.68000 time= 0.01788
Test results: cost= 1.84115 accuracy= 0.67300 time= 0.00935
Epoch: 0256 train_loss= 1.46681 train_acc= 0.96667 val_loss= 1.85636 val_acc= 0.68000 time= 0.01807
Test results: cost= 1.84115 accuracy= 0.67300 time= 0.00973
Epoch: 0257 train_loss= 1.48128 train_acc= 0.94167 val_loss= 1.85642 val_acc= 0.68000 time= 0.01805
Test results: cost= 1.84113 accuracy= 0.67400 time= 0.00958
Epoch: 0258 train_loss= 1.46716 train_acc= 0.93333 val_loss= 1.85652 val_acc= 0.68000 time= 0.01807
Test results: cost= 1.84113 accuracy= 0.67500 time= 0.00930
Epoch: 0259 train_loss= 1.44916 train_acc= 0.94167 val_loss= 1.85659 val_acc= 0.68200 time= 0.01807
Test results: cost= 1.84111 accuracy= 0.67500 time= 0.00926
Epoch: 0260 train_loss= 1.46996 train_acc= 0.95000 val_loss= 1.85661 val_acc= 0.68000 time= 0.01808
Test results: cost= 1.84105 accuracy= 0.67500 time= 0.00947
Epoch: 0261 train_loss= 1.50835 train_acc= 0.95833 val_loss= 1.85662 val_acc= 0.68000 time= 0.01845
Test results: cost= 1.84100 accuracy= 0.67500 time= 0.00950
Epoch: 0262 train_loss= 1.49095 train_acc= 0.93333 val_loss= 1.85659 val_acc= 0.68000 time= 0.01855
Test results: cost= 1.84090 accuracy= 0.67700 time= 0.00958
Epoch: 0263 train_loss= 1.47173 train_acc= 0.93333 val_loss= 1.85653 val_acc= 0.68200 time= 0.01789
Test results: cost= 1.84078 accuracy= 0.67800 time= 0.00967
Epoch: 0264 train_loss= 1.48285 train_acc= 0.94167 val_loss= 1.85645 val_acc= 0.68400 time= 0.01806
Test results: cost= 1.84065 accuracy= 0.67700 time= 0.00928
Epoch: 0265 train_loss= 1.49444 train_acc= 0.95000 val_loss= 1.85642 val_acc= 0.68400 time= 0.01819
Test results: cost= 1.84057 accuracy= 0.67800 time= 0.00943
Epoch: 0266 train_loss= 1.48121 train_acc= 0.94167 val_loss= 1.85641 val_acc= 0.68600 time= 0.01813
Test results: cost= 1.84051 accuracy= 0.67800 time= 0.00937
Epoch: 0267 train_loss= 1.47136 train_acc= 0.92500 val_loss= 1.85642 val_acc= 0.68600 time= 0.01770
Test results: cost= 1.84046 accuracy= 0.67900 time= 0.00927
Epoch: 0268 train_loss= 1.47769 train_acc= 0.91667 val_loss= 1.85641 val_acc= 0.68600 time= 0.01794
Test results: cost= 1.84039 accuracy= 0.68000 time= 0.00950
Epoch: 0269 train_loss= 1.47814 train_acc= 0.97500 val_loss= 1.85640 val_acc= 0.68600 time= 0.01808
Test results: cost= 1.84034 accuracy= 0.68000 time= 0.00921
Epoch: 0270 train_loss= 1.47287 train_acc= 0.92500 val_loss= 1.85640 val_acc= 0.68600 time= 0.01803
Test results: cost= 1.84030 accuracy= 0.68000 time= 0.00940
Epoch: 0271 train_loss= 1.48603 train_acc= 0.93333 val_loss= 1.85642 val_acc= 0.68400 time= 0.01839
Test results: cost= 1.84027 accuracy= 0.68100 time= 0.00944
Epoch: 0272 train_loss= 1.49679 train_acc= 0.95000 val_loss= 1.85638 val_acc= 0.68400 time= 0.01777
Test results: cost= 1.84021 accuracy= 0.68000 time= 0.00956
Epoch: 0273 train_loss= 1.47331 train_acc= 0.93333 val_loss= 1.85633 val_acc= 0.68400 time= 0.01839
Test results: cost= 1.84013 accuracy= 0.67900 time= 0.00960
Epoch: 0274 train_loss= 1.49021 train_acc= 0.93333 val_loss= 1.85632 val_acc= 0.68400 time= 0.01832
Test results: cost= 1.84009 accuracy= 0.67900 time= 0.00949
Epoch: 0275 train_loss= 1.46173 train_acc= 0.95000 val_loss= 1.85626 val_acc= 0.68400 time= 0.01878
Test results: cost= 1.84001 accuracy= 0.67900 time= 0.00917
Epoch: 0276 train_loss= 1.45995 train_acc= 0.95833 val_loss= 1.85617 val_acc= 0.68400 time= 0.01826
Test results: cost= 1.83995 accuracy= 0.67900 time= 0.00954
Epoch: 0277 train_loss= 1.47882 train_acc= 0.95000 val_loss= 1.85610 val_acc= 0.68600 time= 0.01784
Test results: cost= 1.83991 accuracy= 0.67900 time= 0.00909
Epoch: 0278 train_loss= 1.49022 train_acc= 0.96667 val_loss= 1.85602 val_acc= 0.68400 time= 0.01801
Test results: cost= 1.83988 accuracy= 0.67900 time= 0.00962
Epoch: 0279 train_loss= 1.46919 train_acc= 0.95000 val_loss= 1.85595 val_acc= 0.68200 time= 0.01822
Test results: cost= 1.83988 accuracy= 0.67900 time= 0.00929
Epoch: 0280 train_loss= 1.48209 train_acc= 0.95833 val_loss= 1.85591 val_acc= 0.68200 time= 0.01786
Test results: cost= 1.83988 accuracy= 0.67900 time= 0.00950
Epoch: 0281 train_loss= 1.46480 train_acc= 0.95833 val_loss= 1.85584 val_acc= 0.68200 time= 0.01807
Test results: cost= 1.83985 accuracy= 0.67900 time= 0.00950
Epoch: 0282 train_loss= 1.47004 train_acc= 0.95833 val_loss= 1.85579 val_acc= 0.68200 time= 0.01817
Test results: cost= 1.83984 accuracy= 0.68200 time= 0.00934
Epoch: 0283 train_loss= 1.49292 train_acc= 0.95000 val_loss= 1.85575 val_acc= 0.68400 time= 0.01828
Test results: cost= 1.83984 accuracy= 0.68500 time= 0.00971
Epoch: 0284 train_loss= 1.47601 train_acc= 0.96667 val_loss= 1.85572 val_acc= 0.68600 time= 0.01806
Test results: cost= 1.83984 accuracy= 0.68600 time= 0.01019
Epoch: 0285 train_loss= 1.48673 train_acc= 0.94167 val_loss= 1.85567 val_acc= 0.68600 time= 0.01775
Test results: cost= 1.83979 accuracy= 0.68700 time= 0.00958
Epoch: 0286 train_loss= 1.46986 train_acc= 0.93333 val_loss= 1.85564 val_acc= 0.68600 time= 0.01840
Test results: cost= 1.83973 accuracy= 0.68800 time= 0.00969
Epoch: 0287 train_loss= 1.48664 train_acc= 0.90833 val_loss= 1.85558 val_acc= 0.68600 time= 0.01776
Test results: cost= 1.83966 accuracy= 0.68700 time= 0.00944
Epoch: 0288 train_loss= 1.48029 train_acc= 0.93333 val_loss= 1.85556 val_acc= 0.68600 time= 0.01863
Test results: cost= 1.83960 accuracy= 0.68700 time= 0.00945
Epoch: 0289 train_loss= 1.48334 train_acc= 0.95000 val_loss= 1.85550 val_acc= 0.68600 time= 0.01774
Test results: cost= 1.83952 accuracy= 0.68700 time= 0.00919
Epoch: 0290 train_loss= 1.48116 train_acc= 0.92500 val_loss= 1.85551 val_acc= 0.68800 time= 0.01816
Test results: cost= 1.83952 accuracy= 0.68700 time= 0.00950
Epoch: 0291 train_loss= 1.48761 train_acc= 0.93333 val_loss= 1.85551 val_acc= 0.68800 time= 0.01770
Test results: cost= 1.83950 accuracy= 0.68700 time= 0.00934
Epoch: 0292 train_loss= 1.48480 train_acc= 0.94167 val_loss= 1.85550 val_acc= 0.68800 time= 0.01818
Test results: cost= 1.83948 accuracy= 0.68800 time= 0.00964
Epoch: 0293 train_loss= 1.47802 train_acc= 0.93333 val_loss= 1.85551 val_acc= 0.68800 time= 0.01750
Test results: cost= 1.83948 accuracy= 0.68800 time= 0.00927
Epoch: 0294 train_loss= 1.48239 train_acc= 0.95833 val_loss= 1.85552 val_acc= 0.68800 time= 0.01845
Test results: cost= 1.83948 accuracy= 0.68700 time= 0.00953
Epoch: 0295 train_loss= 1.45075 train_acc= 0.95833 val_loss= 1.85556 val_acc= 0.68800 time= 0.01813
Test results: cost= 1.83948 accuracy= 0.68900 time= 0.00901
Epoch: 0296 train_loss= 1.49507 train_acc= 0.94167 val_loss= 1.85551 val_acc= 0.68800 time= 0.01794
Test results: cost= 1.83943 accuracy= 0.68900 time= 0.00925
Epoch: 0297 train_loss= 1.46385 train_acc= 0.95000 val_loss= 1.85549 val_acc= 0.68600 time= 0.01786
Test results: cost= 1.83939 accuracy= 0.68600 time= 0.00932
Epoch: 0298 train_loss= 1.46915 train_acc= 0.91667 val_loss= 1.85549 val_acc= 0.68600 time= 0.01771
Test results: cost= 1.83939 accuracy= 0.68500 time= 0.00944
Epoch: 0299 train_loss= 1.46841 train_acc= 0.94167 val_loss= 1.85548 val_acc= 0.68600 time= 0.01817
Test results: cost= 1.83941 accuracy= 0.68500 time= 0.00928
Epoch: 0300 train_loss= 1.46843 train_acc= 0.92500 val_loss= 1.85547 val_acc= 0.68600 time= 0.01808
Test results: cost= 1.83944 accuracy= 0.68600 time= 0.00929
Epoch: 0301 train_loss= 1.45722 train_acc= 0.96667 val_loss= 1.85551 val_acc= 0.68600 time= 0.01785
Test results: cost= 1.83950 accuracy= 0.68600 time= 0.00952
Epoch: 0302 train_loss= 1.48136 train_acc= 0.93333 val_loss= 1.85557 val_acc= 0.68600 time= 0.01765
Test results: cost= 1.83959 accuracy= 0.68600 time= 0.00925
Epoch: 0303 train_loss= 1.48952 train_acc= 0.94167 val_loss= 1.85566 val_acc= 0.68600 time= 0.01763
Test results: cost= 1.83966 accuracy= 0.68600 time= 0.00928
Epoch: 0304 train_loss= 1.48942 train_acc= 0.90833 val_loss= 1.85572 val_acc= 0.68600 time= 0.01813
Test results: cost= 1.83971 accuracy= 0.68700 time= 0.00958
Epoch: 0305 train_loss= 1.46881 train_acc= 0.95833 val_loss= 1.85584 val_acc= 0.68600 time= 0.01848
Test results: cost= 1.83982 accuracy= 0.68600 time= 0.00953
Epoch: 0306 train_loss= 1.46855 train_acc= 0.95000 val_loss= 1.85594 val_acc= 0.68600 time= 0.01823
Test results: cost= 1.83991 accuracy= 0.68700 time= 0.00952
Epoch: 0307 train_loss= 1.48377 train_acc= 0.96667 val_loss= 1.85603 val_acc= 0.68600 time= 0.01793
Test results: cost= 1.83999 accuracy= 0.68700 time= 0.00932
Epoch: 0308 train_loss= 1.47830 train_acc= 0.92500 val_loss= 1.85609 val_acc= 0.68600 time= 0.01797
Test results: cost= 1.84004 accuracy= 0.68700 time= 0.00926
Epoch: 0309 train_loss= 1.48520 train_acc= 0.92500 val_loss= 1.85611 val_acc= 0.68800 time= 0.01769
Test results: cost= 1.84006 accuracy= 0.68800 time= 0.00930
Epoch: 0310 train_loss= 1.49078 train_acc= 0.95833 val_loss= 1.85612 val_acc= 0.68800 time= 0.01813
Test results: cost= 1.84008 accuracy= 0.68700 time= 0.00932
Epoch: 0311 train_loss= 1.48497 train_acc= 0.94167 val_loss= 1.85611 val_acc= 0.68800 time= 0.01772
Test results: cost= 1.84006 accuracy= 0.68700 time= 0.00940
Epoch: 0312 train_loss= 1.46054 train_acc= 0.95833 val_loss= 1.85613 val_acc= 0.68800 time= 0.01828
Test results: cost= 1.84007 accuracy= 0.68700 time= 0.00942
Epoch: 0313 train_loss= 1.45794 train_acc= 0.95000 val_loss= 1.85618 val_acc= 0.68600 time= 0.01808
Test results: cost= 1.84009 accuracy= 0.68700 time= 0.00975
Epoch: 0314 train_loss= 1.47531 train_acc= 0.95000 val_loss= 1.85620 val_acc= 0.68600 time= 0.01777
Test results: cost= 1.84006 accuracy= 0.68700 time= 0.00925
Epoch: 0315 train_loss= 1.45197 train_acc= 0.95000 val_loss= 1.85623 val_acc= 0.68600 time= 0.01783
Test results: cost= 1.84005 accuracy= 0.68800 time= 0.00939
Epoch: 0316 train_loss= 1.47823 train_acc= 0.95000 val_loss= 1.85626 val_acc= 0.68400 time= 0.01796
Test results: cost= 1.84003 accuracy= 0.68800 time= 0.00932
Epoch: 0317 train_loss= 1.48495 train_acc= 0.93333 val_loss= 1.85628 val_acc= 0.68400 time= 0.01784
Test results: cost= 1.84001 accuracy= 0.68800 time= 0.00919
Epoch: 0318 train_loss= 1.47296 train_acc= 0.94167 val_loss= 1.85629 val_acc= 0.68400 time= 0.01787
Test results: cost= 1.83999 accuracy= 0.68900 time= 0.00935
Epoch: 0319 train_loss= 1.47143 train_acc= 0.93333 val_loss= 1.85629 val_acc= 0.68200 time= 0.01802
Test results: cost= 1.83996 accuracy= 0.68900 time= 0.00927
Epoch: 0320 train_loss= 1.48077 train_acc= 0.90833 val_loss= 1.85627 val_acc= 0.68400 time= 0.01802
Test results: cost= 1.83991 accuracy= 0.68900 time= 0.00955
Epoch: 0321 train_loss= 1.48306 train_acc= 0.96667 val_loss= 1.85625 val_acc= 0.68600 time= 0.01792
Test results: cost= 1.83988 accuracy= 0.69000 time= 0.00918
Epoch: 0322 train_loss= 1.46842 train_acc= 0.95000 val_loss= 1.85625 val_acc= 0.68400 time= 0.01823
Test results: cost= 1.83987 accuracy= 0.69000 time= 0.00937
Epoch: 0323 train_loss= 1.48129 train_acc= 0.92500 val_loss= 1.85628 val_acc= 0.68400 time= 0.01803
Test results: cost= 1.83989 accuracy= 0.69000 time= 0.00951
Epoch: 0324 train_loss= 1.48740 train_acc= 0.95833 val_loss= 1.85634 val_acc= 0.68400 time= 0.01801
Test results: cost= 1.83992 accuracy= 0.68800 time= 0.00967
Epoch: 0325 train_loss= 1.48411 train_acc= 0.92500 val_loss= 1.85637 val_acc= 0.68400 time= 0.01776
Test results: cost= 1.83991 accuracy= 0.68800 time= 0.00920
Epoch: 0326 train_loss= 1.50234 train_acc= 0.95000 val_loss= 1.85643 val_acc= 0.68400 time= 0.01776
Test results: cost= 1.83995 accuracy= 0.68700 time= 0.00949
Epoch: 0327 train_loss= 1.48929 train_acc= 0.95833 val_loss= 1.85648 val_acc= 0.68400 time= 0.01777
Test results: cost= 1.83996 accuracy= 0.68600 time= 0.00923
Epoch: 0328 train_loss= 1.48264 train_acc= 0.95833 val_loss= 1.85653 val_acc= 0.68400 time= 0.01794
Test results: cost= 1.83997 accuracy= 0.68600 time= 0.00934
Epoch: 0329 train_loss= 1.49109 train_acc= 0.94167 val_loss= 1.85655 val_acc= 0.68400 time= 0.01791
Test results: cost= 1.83993 accuracy= 0.68500 time= 0.00933
Epoch: 0330 train_loss= 1.46664 train_acc= 0.93333 val_loss= 1.85658 val_acc= 0.68200 time= 0.01795
Test results: cost= 1.83989 accuracy= 0.68400 time= 0.00924
Epoch: 0331 train_loss= 1.48367 train_acc= 0.96667 val_loss= 1.85659 val_acc= 0.68400 time= 0.01815
Test results: cost= 1.83985 accuracy= 0.68400 time= 0.00943
Epoch: 0332 train_loss= 1.46870 train_acc= 0.94167 val_loss= 1.85660 val_acc= 0.68200 time= 0.01815
Test results: cost= 1.83979 accuracy= 0.68500 time= 0.00937
Epoch: 0333 train_loss= 1.48877 train_acc= 0.92500 val_loss= 1.85656 val_acc= 0.68200 time= 0.01829
Test results: cost= 1.83968 accuracy= 0.68500 time= 0.00955
Epoch: 0334 train_loss= 1.47671 train_acc= 0.95833 val_loss= 1.85653 val_acc= 0.67800 time= 0.01817
Test results: cost= 1.83957 accuracy= 0.68500 time= 0.00965
Epoch: 0335 train_loss= 1.46649 train_acc= 0.95833 val_loss= 1.85650 val_acc= 0.67800 time= 0.01820
Test results: cost= 1.83945 accuracy= 0.68400 time= 0.00934
Epoch: 0336 train_loss= 1.48869 train_acc= 0.92500 val_loss= 1.85647 val_acc= 0.67800 time= 0.01799
Test results: cost= 1.83934 accuracy= 0.68300 time= 0.00958
Epoch: 0337 train_loss= 1.47833 train_acc= 0.95000 val_loss= 1.85646 val_acc= 0.67800 time= 0.01828
Test results: cost= 1.83925 accuracy= 0.68400 time= 0.00927
Epoch: 0338 train_loss= 1.47662 train_acc= 0.96667 val_loss= 1.85648 val_acc= 0.67800 time= 0.01775
Test results: cost= 1.83921 accuracy= 0.68500 time= 0.00934
Epoch: 0339 train_loss= 1.47651 train_acc= 0.93333 val_loss= 1.85655 val_acc= 0.67800 time= 0.01854
Test results: cost= 1.83922 accuracy= 0.68500 time= 0.00953
Epoch: 0340 train_loss= 1.48592 train_acc= 0.98333 val_loss= 1.85657 val_acc= 0.68000 time= 0.01846
Test results: cost= 1.83920 accuracy= 0.68400 time= 0.00950
Epoch: 0341 train_loss= 1.46833 train_acc= 0.94167 val_loss= 1.85657 val_acc= 0.68000 time= 0.01805
Test results: cost= 1.83918 accuracy= 0.68300 time= 0.00950
Epoch: 0342 train_loss= 1.49789 train_acc= 0.94167 val_loss= 1.85655 val_acc= 0.68000 time= 0.01814
Test results: cost= 1.83916 accuracy= 0.68200 time= 0.00932
Epoch: 0343 train_loss= 1.47938 train_acc= 0.93333 val_loss= 1.85652 val_acc= 0.68000 time= 0.01953
Test results: cost= 1.83914 accuracy= 0.67800 time= 0.00981
Epoch: 0344 train_loss= 1.46777 train_acc= 0.93333 val_loss= 1.85650 val_acc= 0.68000 time= 0.01824
Test results: cost= 1.83912 accuracy= 0.67900 time= 0.00937
Epoch: 0345 train_loss= 1.49601 train_acc= 0.95833 val_loss= 1.85643 val_acc= 0.68000 time= 0.01803
Test results: cost= 1.83910 accuracy= 0.67900 time= 0.00949
Epoch: 0346 train_loss= 1.48112 train_acc= 0.92500 val_loss= 1.85640 val_acc= 0.68000 time= 0.01804
Test results: cost= 1.83911 accuracy= 0.68000 time= 0.00946
Epoch: 0347 train_loss= 1.47500 train_acc= 0.93333 val_loss= 1.85639 val_acc= 0.68000 time= 0.01802
Test results: cost= 1.83913 accuracy= 0.68000 time= 0.00925
Epoch: 0348 train_loss= 1.48586 train_acc= 0.92500 val_loss= 1.85640 val_acc= 0.68000 time= 0.01795
Test results: cost= 1.83916 accuracy= 0.68000 time= 0.00933
Epoch: 0349 train_loss= 1.47720 train_acc= 0.93333 val_loss= 1.85645 val_acc= 0.68200 time= 0.01760
Test results: cost= 1.83922 accuracy= 0.68000 time= 0.00958
Epoch: 0350 train_loss= 1.47030 train_acc= 0.94167 val_loss= 1.85650 val_acc= 0.68200 time= 0.01842
Test results: cost= 1.83929 accuracy= 0.68100 time= 0.00916
Epoch: 0351 train_loss= 1.48585 train_acc= 0.95833 val_loss= 1.85649 val_acc= 0.68000 time= 0.01802
Test results: cost= 1.83928 accuracy= 0.68200 time= 0.00930
Epoch: 0352 train_loss= 1.45122 train_acc= 0.95000 val_loss= 1.85646 val_acc= 0.67600 time= 0.01766
Test results: cost= 1.83927 accuracy= 0.68300 time= 0.00944
Epoch: 0353 train_loss= 1.47243 train_acc= 0.95000 val_loss= 1.85644 val_acc= 0.67600 time= 0.01824
Test results: cost= 1.83926 accuracy= 0.68300 time= 0.00939
Epoch: 0354 train_loss= 1.47857 train_acc= 0.95000 val_loss= 1.85638 val_acc= 0.67600 time= 0.01828
Test results: cost= 1.83920 accuracy= 0.68200 time= 0.00960
Epoch: 0355 train_loss= 1.47871 train_acc= 0.91667 val_loss= 1.85628 val_acc= 0.67600 time= 0.01863
Test results: cost= 1.83912 accuracy= 0.68200 time= 0.00949
Epoch: 0356 train_loss= 1.49278 train_acc= 0.91667 val_loss= 1.85619 val_acc= 0.67200 time= 0.01811
Test results: cost= 1.83905 accuracy= 0.68100 time= 0.00908
Epoch: 0357 train_loss= 1.46830 train_acc= 0.93333 val_loss= 1.85612 val_acc= 0.67000 time= 0.01867
Test results: cost= 1.83898 accuracy= 0.68200 time= 0.00960
Epoch: 0358 train_loss= 1.47213 train_acc= 0.93333 val_loss= 1.85606 val_acc= 0.67200 time= 0.01849
Test results: cost= 1.83891 accuracy= 0.68000 time= 0.00931
Epoch: 0359 train_loss= 1.47523 train_acc= 0.95833 val_loss= 1.85600 val_acc= 0.67200 time= 0.01825
Test results: cost= 1.83884 accuracy= 0.68000 time= 0.00944
Epoch: 0360 train_loss= 1.45880 train_acc= 0.96667 val_loss= 1.85596 val_acc= 0.67200 time= 0.01794
Test results: cost= 1.83879 accuracy= 0.68000 time= 0.00946
Epoch: 0361 train_loss= 1.45846 train_acc= 0.95000 val_loss= 1.85597 val_acc= 0.67200 time= 0.01781
Test results: cost= 1.83880 accuracy= 0.68100 time= 0.00928
Epoch: 0362 train_loss= 1.46863 train_acc= 0.92500 val_loss= 1.85599 val_acc= 0.67200 time= 0.01945
Test results: cost= 1.83882 accuracy= 0.67900 time= 0.00928
Epoch: 0363 train_loss= 1.45704 train_acc= 0.94167 val_loss= 1.85602 val_acc= 0.67400 time= 0.01812
Test results: cost= 1.83886 accuracy= 0.68000 time= 0.00969
Epoch: 0364 train_loss= 1.46649 train_acc= 0.95000 val_loss= 1.85608 val_acc= 0.67600 time= 0.01801
Test results: cost= 1.83892 accuracy= 0.67900 time= 0.00958
Epoch: 0365 train_loss= 1.47921 train_acc= 0.95000 val_loss= 1.85614 val_acc= 0.67600 time= 0.01791
Test results: cost= 1.83897 accuracy= 0.67900 time= 0.00942
Epoch: 0366 train_loss= 1.49510 train_acc= 0.94167 val_loss= 1.85619 val_acc= 0.67600 time= 0.01832
Test results: cost= 1.83901 accuracy= 0.67900 time= 0.00961
Epoch: 0367 train_loss= 1.46796 train_acc= 0.95833 val_loss= 1.85623 val_acc= 0.67600 time= 0.01806
Test results: cost= 1.83904 accuracy= 0.68000 time= 0.00948
Epoch: 0368 train_loss= 1.45671 train_acc= 0.93333 val_loss= 1.85626 val_acc= 0.67600 time= 0.01820
Test results: cost= 1.83906 accuracy= 0.68000 time= 0.00943
Epoch: 0369 train_loss= 1.48489 train_acc= 0.95833 val_loss= 1.85628 val_acc= 0.67600 time= 0.01798
Test results: cost= 1.83907 accuracy= 0.68000 time= 0.00984
Epoch: 0370 train_loss= 1.48949 train_acc= 0.92500 val_loss= 1.85626 val_acc= 0.67800 time= 0.01801
Test results: cost= 1.83908 accuracy= 0.68000 time= 0.00961
Epoch: 0371 train_loss= 1.46793 train_acc= 0.93333 val_loss= 1.85623 val_acc= 0.67800 time= 0.01820
Test results: cost= 1.83907 accuracy= 0.68000 time= 0.00924
Epoch: 0372 train_loss= 1.45003 train_acc= 0.92500 val_loss= 1.85617 val_acc= 0.67800 time= 0.01815
Test results: cost= 1.83904 accuracy= 0.68000 time= 0.00949
Epoch: 0373 train_loss= 1.48202 train_acc= 0.94167 val_loss= 1.85611 val_acc= 0.67800 time= 0.01776
Test results: cost= 1.83900 accuracy= 0.68000 time= 0.00948
Epoch: 0374 train_loss= 1.44985 train_acc= 0.95000 val_loss= 1.85603 val_acc= 0.68000 time= 0.01809
Test results: cost= 1.83895 accuracy= 0.68000 time= 0.00933
Epoch: 0375 train_loss= 1.49142 train_acc= 0.91667 val_loss= 1.85592 val_acc= 0.68200 time= 0.01826
Test results: cost= 1.83886 accuracy= 0.68100 time= 0.00939
Epoch: 0376 train_loss= 1.47167 train_acc= 0.91667 val_loss= 1.85577 val_acc= 0.68200 time= 0.01809
Test results: cost= 1.83877 accuracy= 0.68100 time= 0.00932
Epoch: 0377 train_loss= 1.48069 train_acc= 0.94167 val_loss= 1.85561 val_acc= 0.68000 time= 0.01784
Test results: cost= 1.83868 accuracy= 0.68100 time= 0.00956
Epoch: 0378 train_loss= 1.47175 train_acc= 0.93333 val_loss= 1.85543 val_acc= 0.68200 time= 0.01780
Test results: cost= 1.83858 accuracy= 0.68100 time= 0.00934
Epoch: 0379 train_loss= 1.49464 train_acc= 0.95000 val_loss= 1.85525 val_acc= 0.68200 time= 0.01838
Test results: cost= 1.83846 accuracy= 0.68000 time= 0.00945
Epoch: 0380 train_loss= 1.48935 train_acc= 0.92500 val_loss= 1.85505 val_acc= 0.68200 time= 0.01839
Test results: cost= 1.83832 accuracy= 0.68100 time= 0.00967
Epoch: 0381 train_loss= 1.46606 train_acc= 0.93333 val_loss= 1.85488 val_acc= 0.68200 time= 0.01832
Test results: cost= 1.83821 accuracy= 0.68100 time= 0.00927
Epoch: 0382 train_loss= 1.48351 train_acc= 0.93333 val_loss= 1.85473 val_acc= 0.68400 time= 0.01766
Test results: cost= 1.83808 accuracy= 0.68100 time= 0.00933
Epoch: 0383 train_loss= 1.47464 train_acc= 0.90833 val_loss= 1.85460 val_acc= 0.68400 time= 0.01820
Test results: cost= 1.83800 accuracy= 0.68100 time= 0.00961
Epoch: 0384 train_loss= 1.47948 train_acc= 0.92500 val_loss= 1.85441 val_acc= 0.68400 time= 0.01830
Test results: cost= 1.83785 accuracy= 0.68200 time= 0.00913
Epoch: 0385 train_loss= 1.46651 train_acc= 0.91667 val_loss= 1.85421 val_acc= 0.68600 time= 0.01850
Test results: cost= 1.83769 accuracy= 0.68300 time= 0.00935
Epoch: 0386 train_loss= 1.47026 train_acc= 0.94167 val_loss= 1.85403 val_acc= 0.68600 time= 0.01812
Test results: cost= 1.83752 accuracy= 0.68200 time= 0.00941
Epoch: 0387 train_loss= 1.46056 train_acc= 0.92500 val_loss= 1.85383 val_acc= 0.68600 time= 0.01846
Test results: cost= 1.83734 accuracy= 0.68100 time= 0.00955
Epoch: 0388 train_loss= 1.48791 train_acc= 0.91667 val_loss= 1.85366 val_acc= 0.68800 time= 0.01817
Test results: cost= 1.83718 accuracy= 0.68100 time= 0.00934
Epoch: 0389 train_loss= 1.48353 train_acc= 0.93333 val_loss= 1.85348 val_acc= 0.69000 time= 0.01804
Test results: cost= 1.83703 accuracy= 0.68000 time= 0.00929
Epoch: 0390 train_loss= 1.46706 train_acc= 0.93333 val_loss= 1.85331 val_acc= 0.69000 time= 0.01763
Test results: cost= 1.83689 accuracy= 0.68100 time= 0.00917
Epoch: 0391 train_loss= 1.47684 train_acc= 0.93333 val_loss= 1.85311 val_acc= 0.69000 time= 0.01824
Test results: cost= 1.83672 accuracy= 0.68200 time= 0.00954
Epoch: 0392 train_loss= 1.47592 train_acc= 0.96667 val_loss= 1.85289 val_acc= 0.69000 time= 0.01797
Test results: cost= 1.83652 accuracy= 0.68200 time= 0.00938
Epoch: 0393 train_loss= 1.46308 train_acc= 0.94167 val_loss= 1.85273 val_acc= 0.69000 time= 0.01779
Test results: cost= 1.83635 accuracy= 0.68400 time= 0.00925
Epoch: 0394 train_loss= 1.46822 train_acc= 0.90833 val_loss= 1.85260 val_acc= 0.69000 time= 0.01815
Test results: cost= 1.83619 accuracy= 0.68400 time= 0.00952
Epoch: 0395 train_loss= 1.44106 train_acc= 0.95833 val_loss= 1.85255 val_acc= 0.69000 time= 0.01764
Test results: cost= 1.83614 accuracy= 0.68500 time= 0.00939
Epoch: 0396 train_loss= 1.48308 train_acc= 0.92500 val_loss= 1.85254 val_acc= 0.69200 time= 0.01859
Test results: cost= 1.83613 accuracy= 0.68700 time= 0.00922
Epoch: 0397 train_loss= 1.46629 train_acc= 0.95833 val_loss= 1.85252 val_acc= 0.69200 time= 0.01794
Test results: cost= 1.83613 accuracy= 0.68700 time= 0.00959
Epoch: 0398 train_loss= 1.49372 train_acc= 0.92500 val_loss= 1.85251 val_acc= 0.69200 time= 0.01826
Test results: cost= 1.83610 accuracy= 0.68600 time= 0.00928
Epoch: 0399 train_loss= 1.46737 train_acc= 0.94167 val_loss= 1.85247 val_acc= 0.69000 time= 0.01842
Test results: cost= 1.83605 accuracy= 0.68700 time= 0.00948
Epoch: 0400 train_loss= 1.46544 train_acc= 0.95000 val_loss= 1.85246 val_acc= 0.69000 time= 0.01796
Test results: cost= 1.83603 accuracy= 0.68700 time= 0.00933
Epoch: 0401 train_loss= 1.47239 train_acc= 0.94167 val_loss= 1.85242 val_acc= 0.69000 time= 0.01800
Test results: cost= 1.83602 accuracy= 0.68800 time= 0.00941
Epoch: 0402 train_loss= 1.46605 train_acc= 0.94167 val_loss= 1.85239 val_acc= 0.69000 time= 0.01780
Test results: cost= 1.83602 accuracy= 0.68800 time= 0.00951
Epoch: 0403 train_loss= 1.46558 train_acc= 0.92500 val_loss= 1.85233 val_acc= 0.69000 time= 0.01810
Test results: cost= 1.83598 accuracy= 0.68800 time= 0.00941
Epoch: 0404 train_loss= 1.46769 train_acc= 0.94167 val_loss= 1.85229 val_acc= 0.69000 time= 0.01795
Test results: cost= 1.83595 accuracy= 0.68800 time= 0.00929
Epoch: 0405 train_loss= 1.47181 train_acc= 0.92500 val_loss= 1.85225 val_acc= 0.69000 time= 0.01811
Test results: cost= 1.83592 accuracy= 0.68700 time= 0.00940
Epoch: 0406 train_loss= 1.48082 train_acc= 0.95000 val_loss= 1.85219 val_acc= 0.69200 time= 0.01781
Test results: cost= 1.83588 accuracy= 0.68800 time= 0.00923
Epoch: 0407 train_loss= 1.50095 train_acc= 0.91667 val_loss= 1.85219 val_acc= 0.69200 time= 0.01752
Test results: cost= 1.83590 accuracy= 0.68800 time= 0.00971
Epoch: 0408 train_loss= 1.46951 train_acc= 0.94167 val_loss= 1.85223 val_acc= 0.69200 time= 0.01846
Test results: cost= 1.83597 accuracy= 0.68900 time= 0.00977
Epoch: 0409 train_loss= 1.49340 train_acc= 0.90833 val_loss= 1.85224 val_acc= 0.69200 time= 0.01843
Test results: cost= 1.83601 accuracy= 0.68900 time= 0.00937
Epoch: 0410 train_loss= 1.46571 train_acc= 0.92500 val_loss= 1.85226 val_acc= 0.69200 time= 0.01765
Test results: cost= 1.83606 accuracy= 0.68800 time= 0.00951
Epoch: 0411 train_loss= 1.47492 train_acc= 0.94167 val_loss= 1.85224 val_acc= 0.69200 time= 0.01802
Test results: cost= 1.83606 accuracy= 0.68900 time= 0.00963
Epoch: 0412 train_loss= 1.46810 train_acc= 0.91667 val_loss= 1.85227 val_acc= 0.69200 time= 0.01804
Test results: cost= 1.83611 accuracy= 0.69000 time= 0.00978
Epoch: 0413 train_loss= 1.48065 train_acc= 0.93333 val_loss= 1.85227 val_acc= 0.69200 time= 0.01781
Test results: cost= 1.83613 accuracy= 0.69100 time= 0.00924
Epoch: 0414 train_loss= 1.45729 train_acc= 0.93333 val_loss= 1.85229 val_acc= 0.69200 time= 0.01837
Test results: cost= 1.83616 accuracy= 0.68900 time= 0.00959
Epoch: 0415 train_loss= 1.47346 train_acc= 0.95000 val_loss= 1.85228 val_acc= 0.69000 time= 0.01767
Test results: cost= 1.83614 accuracy= 0.69000 time= 0.00917
Epoch: 0416 train_loss= 1.46729 train_acc= 0.95833 val_loss= 1.85224 val_acc= 0.68800 time= 0.01774
Test results: cost= 1.83610 accuracy= 0.69000 time= 0.00928
Epoch: 0417 train_loss= 1.48650 train_acc= 0.94167 val_loss= 1.85219 val_acc= 0.69000 time= 0.01780
Test results: cost= 1.83603 accuracy= 0.69000 time= 0.00931
Epoch: 0418 train_loss= 1.46962 train_acc= 0.91667 val_loss= 1.85221 val_acc= 0.69000 time= 0.01820
Test results: cost= 1.83603 accuracy= 0.68900 time= 0.00929
Epoch: 0419 train_loss= 1.48215 train_acc= 0.92500 val_loss= 1.85224 val_acc= 0.69000 time= 0.01808
Test results: cost= 1.83604 accuracy= 0.68900 time= 0.00939
Epoch: 0420 train_loss= 1.48072 train_acc= 0.92500 val_loss= 1.85226 val_acc= 0.69000 time= 0.01840
Test results: cost= 1.83608 accuracy= 0.68900 time= 0.00954
Epoch: 0421 train_loss= 1.48193 train_acc= 0.94167 val_loss= 1.85229 val_acc= 0.69000 time= 0.01840
Test results: cost= 1.83612 accuracy= 0.68700 time= 0.00928
Epoch: 0422 train_loss= 1.48802 train_acc= 0.94167 val_loss= 1.85232 val_acc= 0.68800 time= 0.01818
Test results: cost= 1.83616 accuracy= 0.68700 time= 0.00961
Epoch: 0423 train_loss= 1.46234 train_acc= 0.92500 val_loss= 1.85237 val_acc= 0.69000 time= 0.01782
Test results: cost= 1.83619 accuracy= 0.68800 time= 0.00944
Epoch: 0424 train_loss= 1.47383 train_acc= 0.93333 val_loss= 1.85241 val_acc= 0.68800 time= 0.01793
Test results: cost= 1.83621 accuracy= 0.68800 time= 0.00951
Epoch: 0425 train_loss= 1.45196 train_acc= 0.96667 val_loss= 1.85244 val_acc= 0.68800 time= 0.01790
Test results: cost= 1.83620 accuracy= 0.68900 time= 0.00923
Epoch: 0426 train_loss= 1.48095 train_acc= 0.90833 val_loss= 1.85239 val_acc= 0.68800 time= 0.01775
Test results: cost= 1.83611 accuracy= 0.68900 time= 0.00946
Epoch: 0427 train_loss= 1.45746 train_acc= 0.95000 val_loss= 1.85235 val_acc= 0.68600 time= 0.01745
Test results: cost= 1.83605 accuracy= 0.68700 time= 0.00972
Epoch: 0428 train_loss= 1.46114 train_acc= 0.94167 val_loss= 1.85230 val_acc= 0.68600 time= 0.01803
Test results: cost= 1.83596 accuracy= 0.68700 time= 0.00922
Epoch: 0429 train_loss= 1.45273 train_acc= 0.92500 val_loss= 1.85225 val_acc= 0.69000 time= 0.01769
Test results: cost= 1.83589 accuracy= 0.68700 time= 0.00923
Epoch: 0430 train_loss= 1.46170 train_acc= 0.95000 val_loss= 1.85218 val_acc= 0.68800 time= 0.01816
Test results: cost= 1.83580 accuracy= 0.68800 time= 0.00962
Epoch: 0431 train_loss= 1.46883 train_acc= 0.94167 val_loss= 1.85212 val_acc= 0.68800 time= 0.01825
Test results: cost= 1.83572 accuracy= 0.68600 time= 0.00924
Epoch: 0432 train_loss= 1.46966 train_acc= 0.92500 val_loss= 1.85205 val_acc= 0.69000 time= 0.01822
Test results: cost= 1.83564 accuracy= 0.68600 time= 0.00930
Epoch: 0433 train_loss= 1.46123 train_acc= 0.92500 val_loss= 1.85198 val_acc= 0.69200 time= 0.01766
Test results: cost= 1.83557 accuracy= 0.68800 time= 0.00922
Epoch: 0434 train_loss= 1.46633 train_acc= 0.96667 val_loss= 1.85196 val_acc= 0.69000 time= 0.01804
Test results: cost= 1.83553 accuracy= 0.68600 time= 0.00932
Epoch: 0435 train_loss= 1.47001 train_acc= 0.94167 val_loss= 1.85193 val_acc= 0.69000 time= 0.01806
Test results: cost= 1.83550 accuracy= 0.68700 time= 0.00934
Epoch: 0436 train_loss= 1.45917 train_acc= 0.95000 val_loss= 1.85193 val_acc= 0.69200 time= 0.01779
Test results: cost= 1.83550 accuracy= 0.68800 time= 0.00934
Epoch: 0437 train_loss= 1.46151 train_acc= 0.93333 val_loss= 1.85196 val_acc= 0.69200 time= 0.01808
Test results: cost= 1.83555 accuracy= 0.68700 time= 0.00945
Epoch: 0438 train_loss= 1.47038 train_acc= 0.93333 val_loss= 1.85203 val_acc= 0.69200 time= 0.01844
Test results: cost= 1.83564 accuracy= 0.68700 time= 0.00928
Epoch: 0439 train_loss= 1.48809 train_acc= 0.96667 val_loss= 1.85207 val_acc= 0.69200 time= 0.01866
Test results: cost= 1.83571 accuracy= 0.68400 time= 0.00932
Epoch: 0440 train_loss= 1.46548 train_acc= 0.92500 val_loss= 1.85210 val_acc= 0.69000 time= 0.01860
Test results: cost= 1.83577 accuracy= 0.68500 time= 0.00920
Epoch: 0441 train_loss= 1.44861 train_acc= 0.91667 val_loss= 1.85213 val_acc= 0.69200 time= 0.01807
Test results: cost= 1.83582 accuracy= 0.68500 time= 0.00937
Epoch: 0442 train_loss= 1.46588 train_acc= 0.95000 val_loss= 1.85212 val_acc= 0.69200 time= 0.01842
Test results: cost= 1.83584 accuracy= 0.68300 time= 0.00963
Epoch: 0443 train_loss= 1.47176 train_acc= 0.94167 val_loss= 1.85209 val_acc= 0.69200 time= 0.01820
Test results: cost= 1.83584 accuracy= 0.68400 time= 0.00932
Epoch: 0444 train_loss= 1.45075 train_acc= 0.95000 val_loss= 1.85206 val_acc= 0.69200 time= 0.01799
Test results: cost= 1.83582 accuracy= 0.68300 time= 0.00943
Epoch: 0445 train_loss= 1.47572 train_acc= 0.92500 val_loss= 1.85200 val_acc= 0.69000 time= 0.01804
Test results: cost= 1.83576 accuracy= 0.68500 time= 0.00965
Epoch: 0446 train_loss= 1.48450 train_acc= 0.92500 val_loss= 1.85194 val_acc= 0.69000 time= 0.01830
Test results: cost= 1.83569 accuracy= 0.68600 time= 0.00997
Epoch: 0447 train_loss= 1.49872 train_acc= 0.95833 val_loss= 1.85189 val_acc= 0.69200 time= 0.01857
Test results: cost= 1.83563 accuracy= 0.68600 time= 0.00944
Epoch: 0448 train_loss= 1.45423 train_acc= 0.95000 val_loss= 1.85186 val_acc= 0.69200 time= 0.01771
Test results: cost= 1.83561 accuracy= 0.68800 time= 0.00930
Epoch: 0449 train_loss= 1.48824 train_acc= 0.93333 val_loss= 1.85185 val_acc= 0.69400 time= 0.01845
Test results: cost= 1.83558 accuracy= 0.68800 time= 0.00938
Epoch: 0450 train_loss= 1.47290 train_acc= 0.91667 val_loss= 1.85182 val_acc= 0.69200 time= 0.01811
Test results: cost= 1.83551 accuracy= 0.68700 time= 0.00947
Epoch: 0451 train_loss= 1.48699 train_acc= 0.94167 val_loss= 1.85180 val_acc= 0.69200 time= 0.01819
Test results: cost= 1.83546 accuracy= 0.68700 time= 0.00937
Epoch: 0452 train_loss= 1.48220 train_acc= 0.93333 val_loss= 1.85180 val_acc= 0.69200 time= 0.01822
Test results: cost= 1.83544 accuracy= 0.68800 time= 0.00934
Epoch: 0453 train_loss= 1.48859 train_acc= 0.97500 val_loss= 1.85181 val_acc= 0.69000 time= 0.01850
Test results: cost= 1.83543 accuracy= 0.68800 time= 0.00926
Epoch: 0454 train_loss= 1.47088 train_acc= 0.92500 val_loss= 1.85182 val_acc= 0.69000 time= 0.01834
Test results: cost= 1.83545 accuracy= 0.68800 time= 0.00962
Epoch: 0455 train_loss= 1.48719 train_acc= 0.93333 val_loss= 1.85179 val_acc= 0.69000 time= 0.01792
Test results: cost= 1.83544 accuracy= 0.69100 time= 0.00937
Epoch: 0456 train_loss= 1.47415 train_acc= 0.92500 val_loss= 1.85181 val_acc= 0.69000 time= 0.01801
Test results: cost= 1.83546 accuracy= 0.69100 time= 0.00902
Epoch: 0457 train_loss= 1.46975 train_acc= 0.92500 val_loss= 1.85181 val_acc= 0.68800 time= 0.01869
Test results: cost= 1.83546 accuracy= 0.69000 time= 0.00975
Epoch: 0458 train_loss= 1.46759 train_acc= 0.93333 val_loss= 1.85175 val_acc= 0.68800 time= 0.01744
Test results: cost= 1.83541 accuracy= 0.69100 time= 0.00949
Epoch: 0459 train_loss= 1.46091 train_acc= 0.95000 val_loss= 1.85168 val_acc= 0.68800 time= 0.01801
Test results: cost= 1.83535 accuracy= 0.69000 time= 0.00981
Epoch: 0460 train_loss= 1.49014 train_acc= 0.97500 val_loss= 1.85162 val_acc= 0.68800 time= 0.01824
Test results: cost= 1.83528 accuracy= 0.69000 time= 0.00933
Epoch: 0461 train_loss= 1.48811 train_acc= 0.90833 val_loss= 1.85154 val_acc= 0.68800 time= 0.01805
Test results: cost= 1.83520 accuracy= 0.69200 time= 0.00971
Epoch: 0462 train_loss= 1.45305 train_acc= 0.90000 val_loss= 1.85149 val_acc= 0.68800 time= 0.01804
Test results: cost= 1.83516 accuracy= 0.69300 time= 0.00944
Epoch: 0463 train_loss= 1.47074 train_acc= 0.93333 val_loss= 1.85141 val_acc= 0.68800 time= 0.01834
Test results: cost= 1.83508 accuracy= 0.69300 time= 0.00954
Epoch: 0464 train_loss= 1.47320 train_acc= 0.93333 val_loss= 1.85137 val_acc= 0.69000 time= 0.01846
Test results: cost= 1.83503 accuracy= 0.69200 time= 0.00922
Epoch: 0465 train_loss= 1.46179 train_acc= 0.95000 val_loss= 1.85133 val_acc= 0.68800 time= 0.01825
Test results: cost= 1.83498 accuracy= 0.69100 time= 0.00941
Epoch: 0466 train_loss= 1.48678 train_acc= 0.95000 val_loss= 1.85125 val_acc= 0.68800 time= 0.01801
Test results: cost= 1.83493 accuracy= 0.69100 time= 0.00958
Epoch: 0467 train_loss= 1.47608 train_acc= 0.93333 val_loss= 1.85113 val_acc= 0.68800 time= 0.01803
Test results: cost= 1.83483 accuracy= 0.69100 time= 0.00965
Epoch: 0468 train_loss= 1.47822 train_acc= 0.94167 val_loss= 1.85101 val_acc= 0.68800 time= 0.01809
Test results: cost= 1.83473 accuracy= 0.69100 time= 0.00912
Epoch: 0469 train_loss= 1.47224 train_acc= 0.93333 val_loss= 1.85086 val_acc= 0.68800 time= 0.01860
Test results: cost= 1.83459 accuracy= 0.69100 time= 0.00934
Epoch: 0470 train_loss= 1.48254 train_acc= 0.93333 val_loss= 1.85067 val_acc= 0.68800 time= 0.01790
Test results: cost= 1.83442 accuracy= 0.69000 time= 0.00957
Epoch: 0471 train_loss= 1.45372 train_acc= 0.94167 val_loss= 1.85046 val_acc= 0.68800 time= 0.01845
Test results: cost= 1.83424 accuracy= 0.69100 time= 0.00959
Epoch: 0472 train_loss= 1.47112 train_acc= 0.95000 val_loss= 1.85033 val_acc= 0.68800 time= 0.01865
Test results: cost= 1.83411 accuracy= 0.69100 time= 0.00942
Epoch: 0473 train_loss= 1.46013 train_acc= 0.96667 val_loss= 1.85024 val_acc= 0.68800 time= 0.01843
Test results: cost= 1.83402 accuracy= 0.69200 time= 0.00951
Epoch: 0474 train_loss= 1.45530 train_acc= 0.93333 val_loss= 1.85015 val_acc= 0.68800 time= 0.01768
Test results: cost= 1.83390 accuracy= 0.69200 time= 0.00931
Epoch: 0475 train_loss= 1.47602 train_acc= 0.95000 val_loss= 1.85007 val_acc= 0.68800 time= 0.01778
Test results: cost= 1.83379 accuracy= 0.69200 time= 0.00943
Epoch: 0476 train_loss= 1.48679 train_acc= 0.95833 val_loss= 1.85000 val_acc= 0.69000 time= 0.01774
Test results: cost= 1.83370 accuracy= 0.69300 time= 0.00905
Epoch: 0477 train_loss= 1.45373 train_acc= 0.93333 val_loss= 1.84992 val_acc= 0.68800 time= 0.01802
Test results: cost= 1.83363 accuracy= 0.69100 time= 0.00976
Epoch: 0478 train_loss= 1.46736 train_acc= 0.93333 val_loss= 1.84985 val_acc= 0.69000 time= 0.01851
Test results: cost= 1.83357 accuracy= 0.69100 time= 0.00948
Epoch: 0479 train_loss= 1.46671 train_acc= 0.91667 val_loss= 1.84976 val_acc= 0.69000 time= 0.01827
Test results: cost= 1.83349 accuracy= 0.68800 time= 0.00933
Epoch: 0480 train_loss= 1.46485 train_acc= 0.94167 val_loss= 1.84969 val_acc= 0.69000 time= 0.01797
Test results: cost= 1.83342 accuracy= 0.68600 time= 0.00925
Epoch: 0481 train_loss= 1.46254 train_acc= 0.92500 val_loss= 1.84964 val_acc= 0.69200 time= 0.01924
Test results: cost= 1.83337 accuracy= 0.68500 time= 0.00938
Epoch: 0482 train_loss= 1.48286 train_acc= 0.92500 val_loss= 1.84959 val_acc= 0.69200 time= 0.01772
Test results: cost= 1.83330 accuracy= 0.68700 time= 0.00951
Epoch: 0483 train_loss= 1.47747 train_acc= 0.95833 val_loss= 1.84951 val_acc= 0.69200 time= 0.01827
Test results: cost= 1.83321 accuracy= 0.68800 time= 0.00931
Epoch: 0484 train_loss= 1.45715 train_acc= 0.93333 val_loss= 1.84944 val_acc= 0.69600 time= 0.01845
Test results: cost= 1.83311 accuracy= 0.68800 time= 0.00964
Epoch: 0485 train_loss= 1.46285 train_acc= 0.90833 val_loss= 1.84939 val_acc= 0.69600 time= 0.01857
Test results: cost= 1.83305 accuracy= 0.68700 time= 0.00942
Epoch: 0486 train_loss= 1.48546 train_acc= 0.94167 val_loss= 1.84935 val_acc= 0.69600 time= 0.01844
Test results: cost= 1.83299 accuracy= 0.68800 time= 0.00931
Epoch: 0487 train_loss= 1.48629 train_acc= 0.94167 val_loss= 1.84927 val_acc= 0.69600 time= 0.01839
Test results: cost= 1.83290 accuracy= 0.68700 time= 0.00920
Epoch: 0488 train_loss= 1.42979 train_acc= 0.96667 val_loss= 1.84921 val_acc= 0.69400 time= 0.01795
Test results: cost= 1.83283 accuracy= 0.68700 time= 0.00934
Epoch: 0489 train_loss= 1.49531 train_acc= 0.95833 val_loss= 1.84914 val_acc= 0.69400 time= 0.01819
Test results: cost= 1.83276 accuracy= 0.68700 time= 0.00945
Epoch: 0490 train_loss= 1.47669 train_acc= 0.91667 val_loss= 1.84910 val_acc= 0.69400 time= 0.01805
Test results: cost= 1.83273 accuracy= 0.68600 time= 0.00938
Epoch: 0491 train_loss= 1.45754 train_acc= 0.93333 val_loss= 1.84905 val_acc= 0.69400 time= 0.01816
Test results: cost= 1.83269 accuracy= 0.68800 time= 0.00975
Epoch: 0492 train_loss= 1.47884 train_acc= 0.95000 val_loss= 1.84903 val_acc= 0.69400 time= 0.01860
Test results: cost= 1.83268 accuracy= 0.68900 time= 0.00949
Epoch: 0493 train_loss= 1.46011 train_acc= 0.94167 val_loss= 1.84898 val_acc= 0.69400 time= 0.01789
Test results: cost= 1.83263 accuracy= 0.69100 time= 0.00925
Epoch: 0494 train_loss= 1.47788 train_acc= 0.92500 val_loss= 1.84895 val_acc= 0.69400 time= 0.01805
Test results: cost= 1.83261 accuracy= 0.69100 time= 0.00931
Epoch: 0495 train_loss= 1.45403 train_acc= 0.92500 val_loss= 1.84889 val_acc= 0.69400 time= 0.01818
Test results: cost= 1.83253 accuracy= 0.69100 time= 0.00983
Epoch: 0496 train_loss= 1.46096 train_acc= 0.95833 val_loss= 1.84880 val_acc= 0.69400 time= 0.01776
Test results: cost= 1.83244 accuracy= 0.69000 time= 0.00925
Epoch: 0497 train_loss= 1.45350 train_acc= 0.93333 val_loss= 1.84868 val_acc= 0.69600 time= 0.01807
Test results: cost= 1.83235 accuracy= 0.69200 time= 0.00917
Epoch: 0498 train_loss= 1.46392 train_acc= 0.92500 val_loss= 1.84856 val_acc= 0.69400 time= 0.01844
Test results: cost= 1.83224 accuracy= 0.69200 time= 0.00957
Epoch: 0499 train_loss= 1.48053 train_acc= 0.93333 val_loss= 1.84844 val_acc= 0.69400 time= 0.01837
Test results: cost= 1.83214 accuracy= 0.69200 time= 0.00929
Epoch: 0500 train_loss= 1.47978 train_acc= 0.95000 val_loss= 1.84831 val_acc= 0.69400 time= 0.01822
Test results: cost= 1.83204 accuracy= 0.69100 time= 0.00925
best epoch: 483
best test: 0.6879998
Optimization Finished!
