
		{"dataset": "citeseer", "weight_decay": 0.0005, "hidden1": 16, "dropout": 0.5, "model": "gcn_mi1", "train_ratio": 20, "epochs": 500}
citeseer
{'dataset': 'citeseer', 'model': 'gcn_mi1', 'learning_rate': 0.01, 'epochs': 500, 'hidden1': 16, 'dropout': 0.5, 'weight_decay': 0.0005, 'early_stopping': 200, 'train_ratio': 20, 'repeat': 15}
500 500
Epoch: 0001 train_loss= 1.78322 train_acc= 0.15833 val_loss= 1.79295 val_acc= 0.42000 time= 0.03578
Test results: cost= 1.79265 accuracy= 0.41900 time= 0.00939
Epoch: 0002 train_loss= 1.76982 train_acc= 0.75833 val_loss= 1.78959 val_acc= 0.53200 time= 0.01870
Test results: cost= 1.78894 accuracy= 0.58100 time= 0.00928
Epoch: 0003 train_loss= 1.75802 train_acc= 0.94167 val_loss= 1.78731 val_acc= 0.59000 time= 0.01780
Test results: cost= 1.78640 accuracy= 0.63000 time= 0.00912
Epoch: 0004 train_loss= 1.74560 train_acc= 0.96667 val_loss= 1.78584 val_acc= 0.61600 time= 0.01762
Test results: cost= 1.78472 accuracy= 0.64700 time= 0.00907
Epoch: 0005 train_loss= 1.73645 train_acc= 0.98333 val_loss= 1.78492 val_acc= 0.61400 time= 0.01775
Test results: cost= 1.78359 accuracy= 0.66200 time= 0.00975
Epoch: 0006 train_loss= 1.72596 train_acc= 0.98333 val_loss= 1.78448 val_acc= 0.62800 time= 0.01783
Test results: cost= 1.78293 accuracy= 0.66900 time= 0.00943
Epoch: 0007 train_loss= 1.71810 train_acc= 0.96667 val_loss= 1.78433 val_acc= 0.63800 time= 0.01787
Test results: cost= 1.78256 accuracy= 0.67700 time= 0.00913
Epoch: 0008 train_loss= 1.70860 train_acc= 0.96667 val_loss= 1.78442 val_acc= 0.64400 time= 0.01821
Test results: cost= 1.78243 accuracy= 0.67600 time= 0.00908
Epoch: 0009 train_loss= 1.70007 train_acc= 0.97500 val_loss= 1.78474 val_acc= 0.64400 time= 0.01773
Test results: cost= 1.78253 accuracy= 0.67300 time= 0.00911
Epoch: 0010 train_loss= 1.69296 train_acc= 0.98333 val_loss= 1.78522 val_acc= 0.65000 time= 0.01742
Test results: cost= 1.78279 accuracy= 0.67400 time= 0.00918
Epoch: 0011 train_loss= 1.68834 train_acc= 0.98333 val_loss= 1.78586 val_acc= 0.65800 time= 0.01726
Test results: cost= 1.78320 accuracy= 0.67200 time= 0.00913
Epoch: 0012 train_loss= 1.67715 train_acc= 0.97500 val_loss= 1.78663 val_acc= 0.65800 time= 0.01758
Test results: cost= 1.78374 accuracy= 0.67000 time= 0.00943
Epoch: 0013 train_loss= 1.67057 train_acc= 0.98333 val_loss= 1.78752 val_acc= 0.65800 time= 0.01831
Test results: cost= 1.78438 accuracy= 0.67300 time= 0.00949
Epoch: 0014 train_loss= 1.66856 train_acc= 0.98333 val_loss= 1.78843 val_acc= 0.66000 time= 0.01789
Test results: cost= 1.78506 accuracy= 0.67500 time= 0.00915
Epoch: 0015 train_loss= 1.66190 train_acc= 0.98333 val_loss= 1.78934 val_acc= 0.66200 time= 0.01818
Test results: cost= 1.78576 accuracy= 0.66900 time= 0.00916
Epoch: 0016 train_loss= 1.65297 train_acc= 0.97500 val_loss= 1.79029 val_acc= 0.66400 time= 0.01743
Test results: cost= 1.78648 accuracy= 0.67300 time= 0.00935
Epoch: 0017 train_loss= 1.64858 train_acc= 0.98333 val_loss= 1.79122 val_acc= 0.66400 time= 0.01782
Test results: cost= 1.78720 accuracy= 0.67600 time= 0.00915
Epoch: 0018 train_loss= 1.64415 train_acc= 0.98333 val_loss= 1.79215 val_acc= 0.66000 time= 0.01848
Test results: cost= 1.78792 accuracy= 0.67700 time= 0.00926
Epoch: 0019 train_loss= 1.63801 train_acc= 0.97500 val_loss= 1.79309 val_acc= 0.65800 time= 0.01813
Test results: cost= 1.78864 accuracy= 0.67900 time= 0.00940
Epoch: 0020 train_loss= 1.63333 train_acc= 0.98333 val_loss= 1.79403 val_acc= 0.66200 time= 0.01790
Test results: cost= 1.78937 accuracy= 0.67700 time= 0.00952
Epoch: 0021 train_loss= 1.62994 train_acc= 0.98333 val_loss= 1.79494 val_acc= 0.66000 time= 0.01774
Test results: cost= 1.79007 accuracy= 0.67700 time= 0.00904
Epoch: 0022 train_loss= 1.62421 train_acc= 0.98333 val_loss= 1.79583 val_acc= 0.66400 time= 0.01757
Test results: cost= 1.79074 accuracy= 0.67600 time= 0.00913
Epoch: 0023 train_loss= 1.63078 train_acc= 0.98333 val_loss= 1.79667 val_acc= 0.66400 time= 0.01792
Test results: cost= 1.79133 accuracy= 0.67400 time= 0.00904
Epoch: 0024 train_loss= 1.61899 train_acc= 0.98333 val_loss= 1.79751 val_acc= 0.66400 time= 0.01772
Test results: cost= 1.79195 accuracy= 0.67200 time= 0.00942
Epoch: 0025 train_loss= 1.61522 train_acc= 0.97500 val_loss= 1.79830 val_acc= 0.66200 time= 0.01800
Test results: cost= 1.79253 accuracy= 0.67300 time= 0.00932
Epoch: 0026 train_loss= 1.61471 train_acc= 0.98333 val_loss= 1.79905 val_acc= 0.66400 time= 0.01819
Test results: cost= 1.79308 accuracy= 0.67400 time= 0.00918
Epoch: 0027 train_loss= 1.60601 train_acc= 0.98333 val_loss= 1.79982 val_acc= 0.65800 time= 0.01785
Test results: cost= 1.79364 accuracy= 0.67400 time= 0.00937
Epoch: 0028 train_loss= 1.60461 train_acc= 0.96667 val_loss= 1.80058 val_acc= 0.65800 time= 0.01779
Test results: cost= 1.79422 accuracy= 0.67400 time= 0.00923
Epoch: 0029 train_loss= 1.59255 train_acc= 0.96667 val_loss= 1.80136 val_acc= 0.66000 time= 0.01784
Test results: cost= 1.79480 accuracy= 0.67400 time= 0.00936
Epoch: 0030 train_loss= 1.59620 train_acc= 0.97500 val_loss= 1.80211 val_acc= 0.66000 time= 0.01780
Test results: cost= 1.79536 accuracy= 0.67300 time= 0.00932
Epoch: 0031 train_loss= 1.58811 train_acc= 0.96667 val_loss= 1.80286 val_acc= 0.66000 time= 0.01815
Test results: cost= 1.79595 accuracy= 0.67400 time= 0.00947
Epoch: 0032 train_loss= 1.58524 train_acc= 0.96667 val_loss= 1.80361 val_acc= 0.65800 time= 0.01750
Test results: cost= 1.79653 accuracy= 0.67400 time= 0.00915
Epoch: 0033 train_loss= 1.58975 train_acc= 0.97500 val_loss= 1.80434 val_acc= 0.65600 time= 0.01740
Test results: cost= 1.79712 accuracy= 0.67300 time= 0.00927
Epoch: 0034 train_loss= 1.57750 train_acc= 0.97500 val_loss= 1.80509 val_acc= 0.65600 time= 0.01809
Test results: cost= 1.79772 accuracy= 0.67300 time= 0.00923
Epoch: 0035 train_loss= 1.58110 train_acc= 0.97500 val_loss= 1.80583 val_acc= 0.65600 time= 0.01779
Test results: cost= 1.79832 accuracy= 0.67500 time= 0.00940
Epoch: 0036 train_loss= 1.58139 train_acc= 0.98333 val_loss= 1.80656 val_acc= 0.65800 time= 0.01801
Test results: cost= 1.79892 accuracy= 0.67500 time= 0.00925
Epoch: 0037 train_loss= 1.57469 train_acc= 0.97500 val_loss= 1.80728 val_acc= 0.65800 time= 0.01836
Test results: cost= 1.79951 accuracy= 0.67600 time= 0.00917
Epoch: 0038 train_loss= 1.57204 train_acc= 0.98333 val_loss= 1.80803 val_acc= 0.65400 time= 0.01812
Test results: cost= 1.80012 accuracy= 0.67800 time= 0.00944
Epoch: 0039 train_loss= 1.56917 train_acc= 0.95833 val_loss= 1.80875 val_acc= 0.65600 time= 0.01806
Test results: cost= 1.80071 accuracy= 0.67900 time= 0.00924
Epoch: 0040 train_loss= 1.57077 train_acc= 0.97500 val_loss= 1.80948 val_acc= 0.65800 time= 0.01806
Test results: cost= 1.80130 accuracy= 0.67900 time= 0.00929
Epoch: 0041 train_loss= 1.56148 train_acc= 0.98333 val_loss= 1.81021 val_acc= 0.65800 time= 0.01800
Test results: cost= 1.80190 accuracy= 0.68300 time= 0.00927
Epoch: 0042 train_loss= 1.55987 train_acc= 0.96667 val_loss= 1.81093 val_acc= 0.65800 time= 0.01830
Test results: cost= 1.80248 accuracy= 0.68300 time= 0.00941
Epoch: 0043 train_loss= 1.56267 train_acc= 0.97500 val_loss= 1.81167 val_acc= 0.65800 time= 0.01797
Test results: cost= 1.80309 accuracy= 0.68400 time= 0.00949
Epoch: 0044 train_loss= 1.55942 train_acc= 0.96667 val_loss= 1.81241 val_acc= 0.65800 time= 0.01808
Test results: cost= 1.80370 accuracy= 0.68300 time= 0.00912
Epoch: 0045 train_loss= 1.55072 train_acc= 0.98333 val_loss= 1.81318 val_acc= 0.65800 time= 0.01751
Test results: cost= 1.80435 accuracy= 0.68200 time= 0.00900
Epoch: 0046 train_loss= 1.55603 train_acc= 0.97500 val_loss= 1.81394 val_acc= 0.66000 time= 0.01774
Test results: cost= 1.80499 accuracy= 0.68400 time= 0.00962
Epoch: 0047 train_loss= 1.55219 train_acc= 0.96667 val_loss= 1.81468 val_acc= 0.66000 time= 0.01780
Test results: cost= 1.80562 accuracy= 0.68500 time= 0.00942
Epoch: 0048 train_loss= 1.54625 train_acc= 0.96667 val_loss= 1.81547 val_acc= 0.66000 time= 0.01790
Test results: cost= 1.80629 accuracy= 0.68600 time= 0.00928
Epoch: 0049 train_loss= 1.54043 train_acc= 0.97500 val_loss= 1.81629 val_acc= 0.66000 time= 0.01782
Test results: cost= 1.80700 accuracy= 0.68500 time= 0.00919
Epoch: 0050 train_loss= 1.54756 train_acc= 0.95833 val_loss= 1.81710 val_acc= 0.65800 time= 0.01760
Test results: cost= 1.80770 accuracy= 0.68600 time= 0.00931
Epoch: 0051 train_loss= 1.55262 train_acc= 0.96667 val_loss= 1.81790 val_acc= 0.66000 time= 0.01799
Test results: cost= 1.80840 accuracy= 0.68700 time= 0.00916
Epoch: 0052 train_loss= 1.53984 train_acc= 0.98333 val_loss= 1.81873 val_acc= 0.65800 time= 0.01791
Test results: cost= 1.80911 accuracy= 0.68700 time= 0.00928
Epoch: 0053 train_loss= 1.54477 train_acc= 0.97500 val_loss= 1.81955 val_acc= 0.65800 time= 0.01767
Test results: cost= 1.80983 accuracy= 0.68900 time= 0.00934
Epoch: 0054 train_loss= 1.54364 train_acc= 0.95833 val_loss= 1.82031 val_acc= 0.66000 time= 0.01761
Test results: cost= 1.81050 accuracy= 0.68800 time= 0.00918
Epoch: 0055 train_loss= 1.53485 train_acc= 0.96667 val_loss= 1.82107 val_acc= 0.66000 time= 0.01788
Test results: cost= 1.81119 accuracy= 0.68800 time= 0.00934
Epoch: 0056 train_loss= 1.53196 train_acc= 0.97500 val_loss= 1.82186 val_acc= 0.65800 time= 0.01778
Test results: cost= 1.81192 accuracy= 0.68800 time= 0.00938
Epoch: 0057 train_loss= 1.52257 train_acc= 0.95833 val_loss= 1.82267 val_acc= 0.66000 time= 0.01794
Test results: cost= 1.81267 accuracy= 0.69100 time= 0.00906
Epoch: 0058 train_loss= 1.54014 train_acc= 0.95833 val_loss= 1.82347 val_acc= 0.66000 time= 0.01770
Test results: cost= 1.81341 accuracy= 0.69100 time= 0.00917
Epoch: 0059 train_loss= 1.53691 train_acc= 0.96667 val_loss= 1.82423 val_acc= 0.66000 time= 0.01768
Test results: cost= 1.81411 accuracy= 0.69000 time= 0.00948
Epoch: 0060 train_loss= 1.53588 train_acc= 0.95000 val_loss= 1.82498 val_acc= 0.66000 time= 0.01788
Test results: cost= 1.81478 accuracy= 0.69200 time= 0.00921
Epoch: 0061 train_loss= 1.52849 train_acc= 0.95000 val_loss= 1.82569 val_acc= 0.66000 time= 0.01802
Test results: cost= 1.81544 accuracy= 0.69200 time= 0.00888
Epoch: 0062 train_loss= 1.52762 train_acc= 0.97500 val_loss= 1.82641 val_acc= 0.66000 time= 0.01797
Test results: cost= 1.81611 accuracy= 0.68900 time= 0.00944
Epoch: 0063 train_loss= 1.52451 train_acc= 0.96667 val_loss= 1.82714 val_acc= 0.65600 time= 0.01805
Test results: cost= 1.81678 accuracy= 0.68700 time= 0.00951
Epoch: 0064 train_loss= 1.53205 train_acc= 0.96667 val_loss= 1.82787 val_acc= 0.65600 time= 0.01786
Test results: cost= 1.81744 accuracy= 0.68700 time= 0.00947
Epoch: 0065 train_loss= 1.53377 train_acc= 0.95833 val_loss= 1.82861 val_acc= 0.65600 time= 0.01852
Test results: cost= 1.81811 accuracy= 0.68700 time= 0.00920
Epoch: 0066 train_loss= 1.51862 train_acc= 0.96667 val_loss= 1.82933 val_acc= 0.65600 time= 0.01822
Test results: cost= 1.81876 accuracy= 0.68600 time= 0.00931
Epoch: 0067 train_loss= 1.53281 train_acc= 0.95833 val_loss= 1.83001 val_acc= 0.65400 time= 0.01728
Test results: cost= 1.81936 accuracy= 0.68700 time= 0.00914
Epoch: 0068 train_loss= 1.51076 train_acc= 0.95833 val_loss= 1.83072 val_acc= 0.65200 time= 0.01791
Test results: cost= 1.81998 accuracy= 0.68700 time= 0.00913
Epoch: 0069 train_loss= 1.51189 train_acc= 0.96667 val_loss= 1.83143 val_acc= 0.65200 time= 0.01773
Test results: cost= 1.82059 accuracy= 0.68800 time= 0.00894
Epoch: 0070 train_loss= 1.51502 train_acc= 0.97500 val_loss= 1.83216 val_acc= 0.65200 time= 0.01801
Test results: cost= 1.82122 accuracy= 0.69000 time= 0.00915
Epoch: 0071 train_loss= 1.52404 train_acc= 0.96667 val_loss= 1.83287 val_acc= 0.65000 time= 0.01785
Test results: cost= 1.82185 accuracy= 0.69000 time= 0.00929
Epoch: 0072 train_loss= 1.49914 train_acc= 0.96667 val_loss= 1.83362 val_acc= 0.65000 time= 0.01768
Test results: cost= 1.82251 accuracy= 0.69100 time= 0.00912
Epoch: 0073 train_loss= 1.49681 train_acc= 0.96667 val_loss= 1.83436 val_acc= 0.65200 time= 0.01809
Test results: cost= 1.82316 accuracy= 0.69000 time= 0.00948
Epoch: 0074 train_loss= 1.50880 train_acc= 0.95000 val_loss= 1.83506 val_acc= 0.65200 time= 0.01723
Test results: cost= 1.82377 accuracy= 0.69100 time= 0.00946
Epoch: 0075 train_loss= 1.52658 train_acc= 0.97500 val_loss= 1.83571 val_acc= 0.65200 time= 0.01747
Test results: cost= 1.82434 accuracy= 0.68900 time= 0.00924
Epoch: 0076 train_loss= 1.51229 train_acc= 0.95000 val_loss= 1.83638 val_acc= 0.65400 time= 0.01766
Test results: cost= 1.82491 accuracy= 0.69100 time= 0.00953
Epoch: 0077 train_loss= 1.51138 train_acc= 0.96667 val_loss= 1.83705 val_acc= 0.65600 time= 0.01772
Test results: cost= 1.82548 accuracy= 0.69000 time= 0.00915
Epoch: 0078 train_loss= 1.51633 train_acc= 0.96667 val_loss= 1.83768 val_acc= 0.65600 time= 0.01802
Test results: cost= 1.82600 accuracy= 0.68900 time= 0.00917
Epoch: 0079 train_loss= 1.50682 train_acc= 0.95833 val_loss= 1.83831 val_acc= 0.65600 time= 0.01779
Test results: cost= 1.82651 accuracy= 0.68800 time= 0.00925
Epoch: 0080 train_loss= 1.51098 train_acc= 0.95833 val_loss= 1.83897 val_acc= 0.65600 time= 0.01781
Test results: cost= 1.82705 accuracy= 0.69000 time= 0.00916
Epoch: 0081 train_loss= 1.52372 train_acc= 0.96667 val_loss= 1.83956 val_acc= 0.65400 time= 0.01805
Test results: cost= 1.82753 accuracy= 0.69000 time= 0.00937
Epoch: 0082 train_loss= 1.49957 train_acc= 0.96667 val_loss= 1.84018 val_acc= 0.65600 time= 0.01791
Test results: cost= 1.82802 accuracy= 0.69100 time= 0.00910
Epoch: 0083 train_loss= 1.51286 train_acc= 0.96667 val_loss= 1.84075 val_acc= 0.65800 time= 0.01820
Test results: cost= 1.82847 accuracy= 0.69200 time= 0.00896
Epoch: 0084 train_loss= 1.50236 train_acc= 0.95833 val_loss= 1.84132 val_acc= 0.66000 time= 0.01810
Test results: cost= 1.82894 accuracy= 0.69200 time= 0.00926
Epoch: 0085 train_loss= 1.51045 train_acc= 0.96667 val_loss= 1.84193 val_acc= 0.65800 time= 0.01808
Test results: cost= 1.82944 accuracy= 0.69100 time= 0.00925
Epoch: 0086 train_loss= 1.50665 train_acc= 0.95833 val_loss= 1.84251 val_acc= 0.65800 time= 0.01816
Test results: cost= 1.82993 accuracy= 0.69100 time= 0.00945
Epoch: 0087 train_loss= 1.48514 train_acc= 0.95000 val_loss= 1.84307 val_acc= 0.66000 time= 0.01817
Test results: cost= 1.83041 accuracy= 0.69200 time= 0.00942
Epoch: 0088 train_loss= 1.49631 train_acc= 0.95000 val_loss= 1.84366 val_acc= 0.66000 time= 0.01789
Test results: cost= 1.83091 accuracy= 0.69100 time= 0.00918
Epoch: 0089 train_loss= 1.49205 train_acc= 0.94167 val_loss= 1.84424 val_acc= 0.66000 time= 0.01766
Test results: cost= 1.83142 accuracy= 0.68900 time= 0.00939
Epoch: 0090 train_loss= 1.49775 train_acc= 0.96667 val_loss= 1.84477 val_acc= 0.66000 time= 0.01772
Test results: cost= 1.83187 accuracy= 0.68900 time= 0.00957
Epoch: 0091 train_loss= 1.49489 train_acc= 0.95833 val_loss= 1.84532 val_acc= 0.66000 time= 0.01775
Test results: cost= 1.83233 accuracy= 0.69000 time= 0.00922
Epoch: 0092 train_loss= 1.50436 train_acc= 0.96667 val_loss= 1.84583 val_acc= 0.66000 time= 0.01792
Test results: cost= 1.83276 accuracy= 0.69000 time= 0.00946
Epoch: 0093 train_loss= 1.50587 train_acc= 0.96667 val_loss= 1.84631 val_acc= 0.66000 time= 0.01745
Test results: cost= 1.83315 accuracy= 0.69000 time= 0.00914
Epoch: 0094 train_loss= 1.49387 train_acc= 0.95833 val_loss= 1.84679 val_acc= 0.66200 time= 0.01791
Test results: cost= 1.83354 accuracy= 0.69000 time= 0.00945
Epoch: 0095 train_loss= 1.49214 train_acc= 0.95000 val_loss= 1.84725 val_acc= 0.66400 time= 0.01783
Test results: cost= 1.83391 accuracy= 0.69000 time= 0.00940
Epoch: 0096 train_loss= 1.49209 train_acc= 0.96667 val_loss= 1.84769 val_acc= 0.66600 time= 0.01815
Test results: cost= 1.83428 accuracy= 0.69100 time= 0.00948
Epoch: 0097 train_loss= 1.48451 train_acc= 0.95833 val_loss= 1.84811 val_acc= 0.66600 time= 0.01792
Test results: cost= 1.83464 accuracy= 0.69100 time= 0.00947
Epoch: 0098 train_loss= 1.48792 train_acc= 0.95833 val_loss= 1.84853 val_acc= 0.66600 time= 0.01811
Test results: cost= 1.83502 accuracy= 0.69200 time= 0.00942
Epoch: 0099 train_loss= 1.49354 train_acc= 0.97500 val_loss= 1.84895 val_acc= 0.66600 time= 0.01756
Test results: cost= 1.83542 accuracy= 0.69200 time= 0.00931
Epoch: 0100 train_loss= 1.47958 train_acc= 0.97500 val_loss= 1.84938 val_acc= 0.66400 time= 0.01782
Test results: cost= 1.83582 accuracy= 0.69100 time= 0.00946
Epoch: 0101 train_loss= 1.48948 train_acc= 0.95000 val_loss= 1.84980 val_acc= 0.66400 time= 0.01781
Test results: cost= 1.83622 accuracy= 0.69200 time= 0.00924
Epoch: 0102 train_loss= 1.50797 train_acc= 0.96667 val_loss= 1.85020 val_acc= 0.66400 time= 0.01769
Test results: cost= 1.83661 accuracy= 0.69400 time= 0.00918
Epoch: 0103 train_loss= 1.48474 train_acc= 0.97500 val_loss= 1.85059 val_acc= 0.66400 time= 0.01797
Test results: cost= 1.83697 accuracy= 0.69500 time= 0.00913
Epoch: 0104 train_loss= 1.48385 train_acc= 0.95833 val_loss= 1.85099 val_acc= 0.66400 time= 0.01779
Test results: cost= 1.83733 accuracy= 0.69600 time= 0.00945
Epoch: 0105 train_loss= 1.48275 train_acc= 0.96667 val_loss= 1.85138 val_acc= 0.66400 time= 0.01754
Test results: cost= 1.83770 accuracy= 0.69600 time= 0.00905
Epoch: 0106 train_loss= 1.47813 train_acc= 0.96667 val_loss= 1.85182 val_acc= 0.66400 time= 0.01812
Test results: cost= 1.83808 accuracy= 0.69400 time= 0.00893
Epoch: 0107 train_loss= 1.48648 train_acc= 0.97500 val_loss= 1.85222 val_acc= 0.66400 time= 0.01797
Test results: cost= 1.83843 accuracy= 0.69600 time= 0.00927
Epoch: 0108 train_loss= 1.47461 train_acc= 0.97500 val_loss= 1.85264 val_acc= 0.66600 time= 0.01791
Test results: cost= 1.83880 accuracy= 0.69800 time= 0.00915
Epoch: 0109 train_loss= 1.48848 train_acc= 0.95000 val_loss= 1.85308 val_acc= 0.66600 time= 0.01781
Test results: cost= 1.83919 accuracy= 0.69800 time= 0.00930
Epoch: 0110 train_loss= 1.49232 train_acc= 0.94167 val_loss= 1.85352 val_acc= 0.66600 time= 0.01776
Test results: cost= 1.83956 accuracy= 0.69800 time= 0.00945
Epoch: 0111 train_loss= 1.48047 train_acc= 0.95833 val_loss= 1.85397 val_acc= 0.66600 time= 0.01808
Test results: cost= 1.83995 accuracy= 0.69900 time= 0.00941
Epoch: 0112 train_loss= 1.47255 train_acc= 0.95000 val_loss= 1.85444 val_acc= 0.66600 time= 0.01828
Test results: cost= 1.84037 accuracy= 0.69900 time= 0.00923
Epoch: 0113 train_loss= 1.48343 train_acc= 0.96667 val_loss= 1.85491 val_acc= 0.66600 time= 0.01785
Test results: cost= 1.84078 accuracy= 0.69900 time= 0.00896
Epoch: 0114 train_loss= 1.47978 train_acc= 0.97500 val_loss= 1.85537 val_acc= 0.66600 time= 0.01796
Test results: cost= 1.84116 accuracy= 0.69800 time= 0.00932
Epoch: 0115 train_loss= 1.50021 train_acc= 0.96667 val_loss= 1.85579 val_acc= 0.66600 time= 0.01770
Test results: cost= 1.84150 accuracy= 0.69800 time= 0.00910
Epoch: 0116 train_loss= 1.48728 train_acc= 0.95000 val_loss= 1.85622 val_acc= 0.66600 time= 0.01791
Test results: cost= 1.84183 accuracy= 0.69900 time= 0.00913
Epoch: 0117 train_loss= 1.47626 train_acc= 0.97500 val_loss= 1.85661 val_acc= 0.66600 time= 0.01778
Test results: cost= 1.84213 accuracy= 0.69900 time= 0.00921
Epoch: 0118 train_loss= 1.47426 train_acc= 0.96667 val_loss= 1.85699 val_acc= 0.66600 time= 0.01757
Test results: cost= 1.84240 accuracy= 0.69800 time= 0.00942
Epoch: 0119 train_loss= 1.49943 train_acc= 0.96667 val_loss= 1.85732 val_acc= 0.66600 time= 0.01808
Test results: cost= 1.84261 accuracy= 0.69700 time= 0.00904
Epoch: 0120 train_loss= 1.46956 train_acc= 0.96667 val_loss= 1.85766 val_acc= 0.66600 time= 0.01845
Test results: cost= 1.84282 accuracy= 0.69700 time= 0.00948
Epoch: 0121 train_loss= 1.48648 train_acc= 0.97500 val_loss= 1.85798 val_acc= 0.66800 time= 0.01778
Test results: cost= 1.84303 accuracy= 0.69600 time= 0.00896
Epoch: 0122 train_loss= 1.49578 train_acc= 0.97500 val_loss= 1.85829 val_acc= 0.66800 time= 0.01743
Test results: cost= 1.84323 accuracy= 0.69600 time= 0.00927
Epoch: 0123 train_loss= 1.47917 train_acc= 0.96667 val_loss= 1.85857 val_acc= 0.66600 time= 0.01808
Test results: cost= 1.84340 accuracy= 0.69500 time= 0.00932
Epoch: 0124 train_loss= 1.47186 train_acc= 0.95833 val_loss= 1.85887 val_acc= 0.66800 time= 0.01769
Test results: cost= 1.84359 accuracy= 0.69600 time= 0.00925
Epoch: 0125 train_loss= 1.47832 train_acc= 0.96667 val_loss= 1.85916 val_acc= 0.66800 time= 0.01792
Test results: cost= 1.84378 accuracy= 0.69700 time= 0.00930
Epoch: 0126 train_loss= 1.47294 train_acc= 0.95833 val_loss= 1.85947 val_acc= 0.66600 time= 0.01797
Test results: cost= 1.84399 accuracy= 0.69700 time= 0.00956
Epoch: 0127 train_loss= 1.47025 train_acc= 0.95833 val_loss= 1.85980 val_acc= 0.66400 time= 0.01830
Test results: cost= 1.84423 accuracy= 0.69600 time= 0.00914
Epoch: 0128 train_loss= 1.46772 train_acc= 0.95833 val_loss= 1.86014 val_acc= 0.66400 time= 0.01792
Test results: cost= 1.84446 accuracy= 0.69700 time= 0.00904
Epoch: 0129 train_loss= 1.48095 train_acc= 0.97500 val_loss= 1.86041 val_acc= 0.66400 time= 0.01805
Test results: cost= 1.84465 accuracy= 0.69700 time= 0.00935
Epoch: 0130 train_loss= 1.47883 train_acc= 0.96667 val_loss= 1.86071 val_acc= 0.66400 time= 0.01780
Test results: cost= 1.84487 accuracy= 0.69600 time= 0.00942
Epoch: 0131 train_loss= 1.48797 train_acc= 0.95000 val_loss= 1.86099 val_acc= 0.66400 time= 0.01747
Test results: cost= 1.84507 accuracy= 0.69600 time= 0.00928
Epoch: 0132 train_loss= 1.48156 train_acc= 0.97500 val_loss= 1.86128 val_acc= 0.66400 time= 0.01765
Test results: cost= 1.84528 accuracy= 0.69700 time= 0.00946
Epoch: 0133 train_loss= 1.47630 train_acc= 0.97500 val_loss= 1.86157 val_acc= 0.66200 time= 0.01771
Test results: cost= 1.84548 accuracy= 0.69600 time= 0.00918
Epoch: 0134 train_loss= 1.47401 train_acc= 0.95000 val_loss= 1.86186 val_acc= 0.66200 time= 0.01762
Test results: cost= 1.84569 accuracy= 0.69700 time= 0.00946
Epoch: 0135 train_loss= 1.47973 train_acc= 0.95833 val_loss= 1.86210 val_acc= 0.66200 time= 0.01770
Test results: cost= 1.84586 accuracy= 0.69800 time= 0.00912
Epoch: 0136 train_loss= 1.47985 train_acc= 0.95000 val_loss= 1.86231 val_acc= 0.66200 time= 0.01810
Test results: cost= 1.84602 accuracy= 0.69800 time= 0.00926
Epoch: 0137 train_loss= 1.48813 train_acc= 0.95833 val_loss= 1.86251 val_acc= 0.66000 time= 0.01796
Test results: cost= 1.84619 accuracy= 0.69800 time= 0.00934
Epoch: 0138 train_loss= 1.47248 train_acc= 0.96667 val_loss= 1.86271 val_acc= 0.66400 time= 0.01807
Test results: cost= 1.84639 accuracy= 0.69800 time= 0.00927
Epoch: 0139 train_loss= 1.46496 train_acc= 0.97500 val_loss= 1.86292 val_acc= 0.66600 time= 0.01763
Test results: cost= 1.84660 accuracy= 0.69700 time= 0.00913
Epoch: 0140 train_loss= 1.46967 train_acc= 0.95000 val_loss= 1.86312 val_acc= 0.66600 time= 0.01756
Test results: cost= 1.84680 accuracy= 0.69800 time= 0.00944
Epoch: 0141 train_loss= 1.47302 train_acc= 0.96667 val_loss= 1.86329 val_acc= 0.66600 time= 0.01770
Test results: cost= 1.84696 accuracy= 0.69800 time= 0.00944
Epoch: 0142 train_loss= 1.46007 train_acc= 0.96667 val_loss= 1.86349 val_acc= 0.66600 time= 0.01836
Test results: cost= 1.84714 accuracy= 0.69800 time= 0.00948
Epoch: 0143 train_loss= 1.46465 train_acc= 0.95833 val_loss= 1.86367 val_acc= 0.66600 time= 0.01813
Test results: cost= 1.84732 accuracy= 0.69900 time= 0.00940
Epoch: 0144 train_loss= 1.46639 train_acc= 0.96667 val_loss= 1.86388 val_acc= 0.66800 time= 0.01800
Test results: cost= 1.84752 accuracy= 0.69900 time= 0.00964
Epoch: 0145 train_loss= 1.47505 train_acc= 0.96667 val_loss= 1.86408 val_acc= 0.66800 time= 0.01802
Test results: cost= 1.84770 accuracy= 0.70000 time= 0.00906
Epoch: 0146 train_loss= 1.47265 train_acc= 0.95833 val_loss= 1.86429 val_acc= 0.66600 time= 0.01792
Test results: cost= 1.84788 accuracy= 0.70000 time= 0.00927
Epoch: 0147 train_loss= 1.47390 train_acc= 0.96667 val_loss= 1.86445 val_acc= 0.67200 time= 0.01781
Test results: cost= 1.84800 accuracy= 0.70000 time= 0.00928
Epoch: 0148 train_loss= 1.44547 train_acc= 0.96667 val_loss= 1.86463 val_acc= 0.67200 time= 0.01778
Test results: cost= 1.84816 accuracy= 0.69900 time= 0.00929
Epoch: 0149 train_loss= 1.48298 train_acc= 0.95000 val_loss= 1.86476 val_acc= 0.67000 time= 0.01804
Test results: cost= 1.84829 accuracy= 0.70000 time= 0.00953
Epoch: 0150 train_loss= 1.46763 train_acc= 0.96667 val_loss= 1.86491 val_acc= 0.67000 time= 0.01808
Test results: cost= 1.84844 accuracy= 0.70000 time= 0.00930
Epoch: 0151 train_loss= 1.47052 train_acc= 0.97500 val_loss= 1.86508 val_acc= 0.67000 time= 0.01781
Test results: cost= 1.84861 accuracy= 0.70000 time= 0.00934
Epoch: 0152 train_loss= 1.46697 train_acc= 0.95000 val_loss= 1.86526 val_acc= 0.67200 time= 0.01709
Test results: cost= 1.84879 accuracy= 0.70100 time= 0.00929
Epoch: 0153 train_loss= 1.46762 train_acc= 0.95833 val_loss= 1.86544 val_acc= 0.67200 time= 0.01828
Test results: cost= 1.84896 accuracy= 0.70000 time= 0.00928
Epoch: 0154 train_loss= 1.45377 train_acc= 0.96667 val_loss= 1.86566 val_acc= 0.67400 time= 0.01778
Test results: cost= 1.84918 accuracy= 0.70000 time= 0.00962
Epoch: 0155 train_loss= 1.47731 train_acc= 0.95000 val_loss= 1.86583 val_acc= 0.67400 time= 0.01783
Test results: cost= 1.84935 accuracy= 0.70100 time= 0.00936
Epoch: 0156 train_loss= 1.47317 train_acc= 0.95000 val_loss= 1.86600 val_acc= 0.67200 time= 0.01833
Test results: cost= 1.84952 accuracy= 0.70100 time= 0.00913
Epoch: 0157 train_loss= 1.47054 train_acc= 0.95833 val_loss= 1.86614 val_acc= 0.67200 time= 0.01787
Test results: cost= 1.84967 accuracy= 0.70100 time= 0.00910
Epoch: 0158 train_loss= 1.45164 train_acc= 0.95000 val_loss= 1.86629 val_acc= 0.67200 time= 0.01802
Test results: cost= 1.84983 accuracy= 0.70200 time= 0.00915
Epoch: 0159 train_loss= 1.45649 train_acc= 0.96667 val_loss= 1.86650 val_acc= 0.67200 time= 0.01791
Test results: cost= 1.85005 accuracy= 0.70100 time= 0.00927
Epoch: 0160 train_loss= 1.45811 train_acc= 0.95833 val_loss= 1.86667 val_acc= 0.67400 time= 0.01768
Test results: cost= 1.85024 accuracy= 0.70100 time= 0.00929
Epoch: 0161 train_loss= 1.46629 train_acc= 0.95833 val_loss= 1.86685 val_acc= 0.67400 time= 0.01800
Test results: cost= 1.85046 accuracy= 0.70100 time= 0.00917
Epoch: 0162 train_loss= 1.47192 train_acc= 0.96667 val_loss= 1.86703 val_acc= 0.67600 time= 0.01816
Test results: cost= 1.85066 accuracy= 0.70100 time= 0.00907
Epoch: 0163 train_loss= 1.46550 train_acc= 0.96667 val_loss= 1.86722 val_acc= 0.67600 time= 0.01785
Test results: cost= 1.85084 accuracy= 0.70100 time= 0.00949
Epoch: 0164 train_loss= 1.46944 train_acc= 0.95833 val_loss= 1.86738 val_acc= 0.67600 time= 0.01801
Test results: cost= 1.85100 accuracy= 0.70300 time= 0.00921
Epoch: 0165 train_loss= 1.45867 train_acc= 0.95833 val_loss= 1.86751 val_acc= 0.67600 time= 0.01762
Test results: cost= 1.85112 accuracy= 0.70300 time= 0.00915
Epoch: 0166 train_loss= 1.47803 train_acc= 0.96667 val_loss= 1.86762 val_acc= 0.67800 time= 0.01775
Test results: cost= 1.85119 accuracy= 0.70300 time= 0.00901
Epoch: 0167 train_loss= 1.47091 train_acc= 0.95833 val_loss= 1.86771 val_acc= 0.67800 time= 0.01817
Test results: cost= 1.85124 accuracy= 0.70200 time= 0.00943
Epoch: 0168 train_loss= 1.46854 train_acc= 0.95833 val_loss= 1.86778 val_acc= 0.67800 time= 0.01803
Test results: cost= 1.85130 accuracy= 0.70200 time= 0.00933
Epoch: 0169 train_loss= 1.47347 train_acc= 0.95833 val_loss= 1.86787 val_acc= 0.67800 time= 0.01802
Test results: cost= 1.85136 accuracy= 0.70200 time= 0.00901
Epoch: 0170 train_loss= 1.47773 train_acc= 0.97500 val_loss= 1.86796 val_acc= 0.67800 time= 0.01819
Test results: cost= 1.85142 accuracy= 0.70300 time= 0.00929
Epoch: 0171 train_loss= 1.44943 train_acc= 0.95833 val_loss= 1.86806 val_acc= 0.67800 time= 0.01790
Test results: cost= 1.85151 accuracy= 0.70300 time= 0.00893
Epoch: 0172 train_loss= 1.48012 train_acc= 0.95000 val_loss= 1.86814 val_acc= 0.67800 time= 0.01759
Test results: cost= 1.85157 accuracy= 0.70400 time= 0.00930
Epoch: 0173 train_loss= 1.46933 train_acc= 0.98333 val_loss= 1.86820 val_acc= 0.68000 time= 0.01813
Test results: cost= 1.85161 accuracy= 0.70400 time= 0.00926
Epoch: 0174 train_loss= 1.45073 train_acc= 0.96667 val_loss= 1.86829 val_acc= 0.68000 time= 0.01790
Test results: cost= 1.85169 accuracy= 0.70400 time= 0.00959
Epoch: 0175 train_loss= 1.47805 train_acc= 0.97500 val_loss= 1.86838 val_acc= 0.68000 time= 0.01809
Test results: cost= 1.85176 accuracy= 0.70200 time= 0.00912
Epoch: 0176 train_loss= 1.46310 train_acc= 0.95833 val_loss= 1.86845 val_acc= 0.67800 time= 0.01765
Test results: cost= 1.85180 accuracy= 0.70000 time= 0.00960
Epoch: 0177 train_loss= 1.46736 train_acc= 0.96667 val_loss= 1.86854 val_acc= 0.67800 time= 0.01755
Test results: cost= 1.85186 accuracy= 0.70100 time= 0.00961
Epoch: 0178 train_loss= 1.47267 train_acc= 0.95833 val_loss= 1.86861 val_acc= 0.67800 time= 0.01783
Test results: cost= 1.85190 accuracy= 0.70100 time= 0.00908
Epoch: 0179 train_loss= 1.46761 train_acc= 0.95833 val_loss= 1.86869 val_acc= 0.68000 time= 0.01759
Test results: cost= 1.85196 accuracy= 0.70300 time= 0.00948
Epoch: 0180 train_loss= 1.46930 train_acc= 0.94167 val_loss= 1.86878 val_acc= 0.67800 time= 0.01771
Test results: cost= 1.85204 accuracy= 0.70300 time= 0.00927
Epoch: 0181 train_loss= 1.45686 train_acc= 0.95000 val_loss= 1.86888 val_acc= 0.67800 time= 0.01818
Test results: cost= 1.85214 accuracy= 0.70300 time= 0.00916
Epoch: 0182 train_loss= 1.45857 train_acc= 0.96667 val_loss= 1.86897 val_acc= 0.67800 time= 0.01791
Test results: cost= 1.85223 accuracy= 0.70300 time= 0.00925
Epoch: 0183 train_loss= 1.45372 train_acc= 0.94167 val_loss= 1.86908 val_acc= 0.67400 time= 0.01813
Test results: cost= 1.85234 accuracy= 0.70500 time= 0.00942
Epoch: 0184 train_loss= 1.44771 train_acc= 0.97500 val_loss= 1.86916 val_acc= 0.67400 time= 0.01803
Test results: cost= 1.85245 accuracy= 0.70400 time= 0.00937
Epoch: 0185 train_loss= 1.47245 train_acc= 0.95833 val_loss= 1.86924 val_acc= 0.67400 time= 0.01824
Test results: cost= 1.85256 accuracy= 0.70300 time= 0.00910
Epoch: 0186 train_loss= 1.46448 train_acc= 0.95000 val_loss= 1.86933 val_acc= 0.67400 time= 0.01814
Test results: cost= 1.85266 accuracy= 0.70300 time= 0.00904
Epoch: 0187 train_loss= 1.48217 train_acc= 0.95833 val_loss= 1.86938 val_acc= 0.67400 time= 0.01779
Test results: cost= 1.85270 accuracy= 0.70300 time= 0.00901
Epoch: 0188 train_loss= 1.45347 train_acc= 0.95833 val_loss= 1.86945 val_acc= 0.67600 time= 0.01781
Test results: cost= 1.85275 accuracy= 0.70300 time= 0.00934
Epoch: 0189 train_loss= 1.46920 train_acc= 0.94167 val_loss= 1.86952 val_acc= 0.67800 time= 0.01832
Test results: cost= 1.85278 accuracy= 0.70300 time= 0.00908
Epoch: 0190 train_loss= 1.45606 train_acc= 0.95000 val_loss= 1.86962 val_acc= 0.67800 time= 0.01774
Test results: cost= 1.85285 accuracy= 0.70200 time= 0.00922
Epoch: 0191 train_loss= 1.46657 train_acc= 0.97500 val_loss= 1.86972 val_acc= 0.67800 time= 0.01762
Test results: cost= 1.85291 accuracy= 0.70300 time= 0.00937
Epoch: 0192 train_loss= 1.44720 train_acc= 0.96667 val_loss= 1.86985 val_acc= 0.67800 time= 0.01814
Test results: cost= 1.85298 accuracy= 0.70300 time= 0.00921
Epoch: 0193 train_loss= 1.44966 train_acc= 0.95833 val_loss= 1.86995 val_acc= 0.67800 time= 0.01774
Test results: cost= 1.85302 accuracy= 0.70200 time= 0.00948
Epoch: 0194 train_loss= 1.48118 train_acc= 0.95833 val_loss= 1.87006 val_acc= 0.67800 time= 0.01785
Test results: cost= 1.85309 accuracy= 0.70200 time= 0.00910
Epoch: 0195 train_loss= 1.44355 train_acc= 0.95000 val_loss= 1.87020 val_acc= 0.67800 time= 0.01776
Test results: cost= 1.85318 accuracy= 0.70200 time= 0.00920
Epoch: 0196 train_loss= 1.47920 train_acc= 0.95833 val_loss= 1.87033 val_acc= 0.67800 time= 0.01824
Test results: cost= 1.85325 accuracy= 0.70200 time= 0.00940
Epoch: 0197 train_loss= 1.43961 train_acc= 0.95833 val_loss= 1.87049 val_acc= 0.67800 time= 0.01771
Test results: cost= 1.85333 accuracy= 0.70200 time= 0.00944
Epoch: 0198 train_loss= 1.44493 train_acc= 0.96667 val_loss= 1.87059 val_acc= 0.67800 time= 0.01793
Test results: cost= 1.85335 accuracy= 0.70200 time= 0.00933
Epoch: 0199 train_loss= 1.46884 train_acc= 0.96667 val_loss= 1.87067 val_acc= 0.67800 time= 0.01726
Test results: cost= 1.85332 accuracy= 0.70200 time= 0.00926
Epoch: 0200 train_loss= 1.46499 train_acc= 0.95833 val_loss= 1.87074 val_acc= 0.67800 time= 0.01802
Test results: cost= 1.85332 accuracy= 0.70200 time= 0.00926
Epoch: 0201 train_loss= 1.46187 train_acc= 0.94167 val_loss= 1.87082 val_acc= 0.68000 time= 0.01799
Test results: cost= 1.85335 accuracy= 0.70100 time= 0.00941
Epoch: 0202 train_loss= 1.45706 train_acc= 0.95833 val_loss= 1.87091 val_acc= 0.67800 time= 0.01764
Test results: cost= 1.85338 accuracy= 0.70000 time= 0.00914
Epoch: 0203 train_loss= 1.46431 train_acc= 0.96667 val_loss= 1.87100 val_acc= 0.67800 time= 0.01794
Test results: cost= 1.85342 accuracy= 0.70000 time= 0.00943
Epoch: 0204 train_loss= 1.47855 train_acc= 0.96667 val_loss= 1.87106 val_acc= 0.67800 time= 0.01787
Test results: cost= 1.85342 accuracy= 0.69900 time= 0.00927
Epoch: 0205 train_loss= 1.46842 train_acc= 0.96667 val_loss= 1.87112 val_acc= 0.67800 time= 0.01755
Test results: cost= 1.85345 accuracy= 0.69900 time= 0.00922
Epoch: 0206 train_loss= 1.43866 train_acc= 0.96667 val_loss= 1.87118 val_acc= 0.67600 time= 0.01789
Test results: cost= 1.85347 accuracy= 0.69900 time= 0.00914
Epoch: 0207 train_loss= 1.46523 train_acc= 0.95833 val_loss= 1.87126 val_acc= 0.67600 time= 0.01785
Test results: cost= 1.85354 accuracy= 0.69800 time= 0.00909
Epoch: 0208 train_loss= 1.46441 train_acc= 0.95000 val_loss= 1.87133 val_acc= 0.67800 time= 0.01798
Test results: cost= 1.85358 accuracy= 0.69700 time= 0.00912
Epoch: 0209 train_loss= 1.45780 train_acc= 0.96667 val_loss= 1.87145 val_acc= 0.67800 time= 0.01761
Test results: cost= 1.85368 accuracy= 0.69800 time= 0.00913
Epoch: 0210 train_loss= 1.44425 train_acc= 0.97500 val_loss= 1.87156 val_acc= 0.68200 time= 0.01791
Test results: cost= 1.85376 accuracy= 0.69800 time= 0.00923
Epoch: 0211 train_loss= 1.44430 train_acc= 0.95833 val_loss= 1.87169 val_acc= 0.68200 time= 0.01827
Test results: cost= 1.85386 accuracy= 0.69800 time= 0.00932
Epoch: 0212 train_loss= 1.45217 train_acc= 0.95833 val_loss= 1.87181 val_acc= 0.68200 time= 0.01759
Test results: cost= 1.85396 accuracy= 0.69800 time= 0.00952
Epoch: 0213 train_loss= 1.45228 train_acc= 0.97500 val_loss= 1.87194 val_acc= 0.68200 time= 0.01815
Test results: cost= 1.85407 accuracy= 0.69800 time= 0.00945
Epoch: 0214 train_loss= 1.44923 train_acc= 0.94167 val_loss= 1.87208 val_acc= 0.68200 time= 0.01806
Test results: cost= 1.85418 accuracy= 0.69600 time= 0.00930
Epoch: 0215 train_loss= 1.46752 train_acc= 0.95000 val_loss= 1.87221 val_acc= 0.68400 time= 0.01773
Test results: cost= 1.85429 accuracy= 0.69700 time= 0.00940
Epoch: 0216 train_loss= 1.46694 train_acc= 0.95000 val_loss= 1.87235 val_acc= 0.68400 time= 0.01783
Test results: cost= 1.85442 accuracy= 0.69700 time= 0.00916
Epoch: 0217 train_loss= 1.46762 train_acc= 0.95000 val_loss= 1.87249 val_acc= 0.68600 time= 0.01754
Test results: cost= 1.85455 accuracy= 0.69900 time= 0.00953
Epoch: 0218 train_loss= 1.44948 train_acc= 0.96667 val_loss= 1.87263 val_acc= 0.68600 time= 0.01805
Test results: cost= 1.85467 accuracy= 0.69900 time= 0.00914
Epoch: 0219 train_loss= 1.43978 train_acc= 0.96667 val_loss= 1.87279 val_acc= 0.68400 time= 0.01787
Test results: cost= 1.85481 accuracy= 0.69600 time= 0.00930
Epoch: 0220 train_loss= 1.48276 train_acc= 0.95833 val_loss= 1.87288 val_acc= 0.68400 time= 0.01800
Test results: cost= 1.85489 accuracy= 0.69600 time= 0.00956
Epoch: 0221 train_loss= 1.44878 train_acc= 0.96667 val_loss= 1.87298 val_acc= 0.68400 time= 0.01789
Test results: cost= 1.85498 accuracy= 0.69600 time= 0.00936
Epoch: 0222 train_loss= 1.45343 train_acc= 0.95833 val_loss= 1.87307 val_acc= 0.68600 time= 0.01851
Test results: cost= 1.85506 accuracy= 0.69600 time= 0.00939
Epoch: 0223 train_loss= 1.45398 train_acc= 0.96667 val_loss= 1.87316 val_acc= 0.68600 time= 0.01752
Test results: cost= 1.85513 accuracy= 0.69700 time= 0.00943
Epoch: 0224 train_loss= 1.46194 train_acc= 0.95833 val_loss= 1.87322 val_acc= 0.68600 time= 0.01761
Test results: cost= 1.85518 accuracy= 0.69700 time= 0.00904
Epoch: 0225 train_loss= 1.43870 train_acc= 0.95833 val_loss= 1.87326 val_acc= 0.68600 time= 0.01781
Test results: cost= 1.85522 accuracy= 0.69800 time= 0.00911
Epoch: 0226 train_loss= 1.45423 train_acc= 0.96667 val_loss= 1.87330 val_acc= 0.68200 time= 0.01844
Test results: cost= 1.85526 accuracy= 0.69900 time= 0.00936
Epoch: 0227 train_loss= 1.47447 train_acc= 0.94167 val_loss= 1.87330 val_acc= 0.68200 time= 0.01779
Test results: cost= 1.85526 accuracy= 0.69800 time= 0.00947
Epoch: 0228 train_loss= 1.48231 train_acc= 0.96667 val_loss= 1.87332 val_acc= 0.68200 time= 0.01782
Test results: cost= 1.85524 accuracy= 0.69800 time= 0.00948
Epoch: 0229 train_loss= 1.46398 train_acc= 0.94167 val_loss= 1.87333 val_acc= 0.68000 time= 0.01759
Test results: cost= 1.85522 accuracy= 0.69700 time= 0.00922
Epoch: 0230 train_loss= 1.45595 train_acc= 0.97500 val_loss= 1.87333 val_acc= 0.68000 time= 0.01785
Test results: cost= 1.85521 accuracy= 0.69900 time= 0.00905
Epoch: 0231 train_loss= 1.47718 train_acc= 0.96667 val_loss= 1.87333 val_acc= 0.68000 time= 0.01759
Test results: cost= 1.85520 accuracy= 0.69900 time= 0.00945
Epoch: 0232 train_loss= 1.45281 train_acc= 0.96667 val_loss= 1.87334 val_acc= 0.68000 time= 0.01787
Test results: cost= 1.85521 accuracy= 0.69900 time= 0.00919
Epoch: 0233 train_loss= 1.44784 train_acc= 0.95833 val_loss= 1.87334 val_acc= 0.67800 time= 0.01781
Test results: cost= 1.85517 accuracy= 0.70000 time= 0.00954
Epoch: 0234 train_loss= 1.45645 train_acc= 0.95000 val_loss= 1.87338 val_acc= 0.67800 time= 0.01782
Test results: cost= 1.85519 accuracy= 0.70000 time= 0.00918
Epoch: 0235 train_loss= 1.45948 train_acc= 0.94167 val_loss= 1.87340 val_acc= 0.67800 time= 0.01793
Test results: cost= 1.85518 accuracy= 0.70000 time= 0.00954
Epoch: 0236 train_loss= 1.45424 train_acc= 0.97500 val_loss= 1.87345 val_acc= 0.67800 time= 0.01860
Test results: cost= 1.85520 accuracy= 0.70000 time= 0.00936
Epoch: 0237 train_loss= 1.44658 train_acc= 0.96667 val_loss= 1.87352 val_acc= 0.68000 time= 0.01844
Test results: cost= 1.85523 accuracy= 0.69900 time= 0.00935
Epoch: 0238 train_loss= 1.44641 train_acc= 0.95833 val_loss= 1.87361 val_acc= 0.68000 time= 0.01798
Test results: cost= 1.85527 accuracy= 0.69900 time= 0.00925
Epoch: 0239 train_loss= 1.45047 train_acc= 0.95833 val_loss= 1.87371 val_acc= 0.68000 time= 0.01813
Test results: cost= 1.85532 accuracy= 0.69900 time= 0.00919
Epoch: 0240 train_loss= 1.44485 train_acc= 0.96667 val_loss= 1.87381 val_acc= 0.67800 time= 0.01831
Test results: cost= 1.85535 accuracy= 0.69700 time= 0.00919
Epoch: 0241 train_loss= 1.44932 train_acc= 0.95833 val_loss= 1.87389 val_acc= 0.67800 time= 0.01808
Test results: cost= 1.85538 accuracy= 0.70000 time= 0.00913
Epoch: 0242 train_loss= 1.45821 train_acc= 0.95000 val_loss= 1.87392 val_acc= 0.68000 time= 0.01821
Test results: cost= 1.85538 accuracy= 0.70000 time= 0.00933
Epoch: 0243 train_loss= 1.42432 train_acc= 0.96667 val_loss= 1.87399 val_acc= 0.68000 time= 0.01816
Test results: cost= 1.85540 accuracy= 0.69800 time= 0.00917
Epoch: 0244 train_loss= 1.45828 train_acc= 0.95833 val_loss= 1.87406 val_acc= 0.68200 time= 0.01804
Test results: cost= 1.85545 accuracy= 0.69800 time= 0.00957
Epoch: 0245 train_loss= 1.46211 train_acc= 0.92500 val_loss= 1.87406 val_acc= 0.68200 time= 0.01817
Test results: cost= 1.85543 accuracy= 0.69900 time= 0.00935
Epoch: 0246 train_loss= 1.44545 train_acc= 0.97500 val_loss= 1.87403 val_acc= 0.68200 time= 0.01839
Test results: cost= 1.85537 accuracy= 0.69900 time= 0.00911
Epoch: 0247 train_loss= 1.46134 train_acc= 0.96667 val_loss= 1.87399 val_acc= 0.68600 time= 0.01767
Test results: cost= 1.85532 accuracy= 0.70100 time= 0.00902
Epoch: 0248 train_loss= 1.48135 train_acc= 0.94167 val_loss= 1.87391 val_acc= 0.68600 time= 0.01770
Test results: cost= 1.85524 accuracy= 0.70000 time= 0.00944
Epoch: 0249 train_loss= 1.44226 train_acc= 0.95000 val_loss= 1.87387 val_acc= 0.68600 time= 0.01838
Test results: cost= 1.85519 accuracy= 0.69900 time= 0.00903
Epoch: 0250 train_loss= 1.43908 train_acc= 0.95833 val_loss= 1.87384 val_acc= 0.68600 time= 0.01808
Test results: cost= 1.85515 accuracy= 0.70000 time= 0.00899
Epoch: 0251 train_loss= 1.42733 train_acc= 0.95000 val_loss= 1.87385 val_acc= 0.68800 time= 0.01765
Test results: cost= 1.85512 accuracy= 0.70000 time= 0.00926
Epoch: 0252 train_loss= 1.44558 train_acc= 0.95000 val_loss= 1.87384 val_acc= 0.68600 time= 0.01820
Test results: cost= 1.85508 accuracy= 0.70000 time= 0.00913
Epoch: 0253 train_loss= 1.47354 train_acc= 0.95000 val_loss= 1.87380 val_acc= 0.68600 time= 0.01744
Test results: cost= 1.85502 accuracy= 0.70000 time= 0.00906
Epoch: 0254 train_loss= 1.46548 train_acc= 0.96667 val_loss= 1.87370 val_acc= 0.68600 time= 0.01817
Test results: cost= 1.85493 accuracy= 0.70000 time= 0.00937
Epoch: 0255 train_loss= 1.46220 train_acc= 0.94167 val_loss= 1.87358 val_acc= 0.68600 time= 0.01825
Test results: cost= 1.85483 accuracy= 0.70000 time= 0.00933
Epoch: 0256 train_loss= 1.44668 train_acc= 0.95833 val_loss= 1.87347 val_acc= 0.68400 time= 0.01777
Test results: cost= 1.85470 accuracy= 0.69900 time= 0.00911
Epoch: 0257 train_loss= 1.44174 train_acc= 0.96667 val_loss= 1.87339 val_acc= 0.68600 time= 0.01797
Test results: cost= 1.85462 accuracy= 0.69900 time= 0.00930
Epoch: 0258 train_loss= 1.44365 train_acc= 0.95833 val_loss= 1.87334 val_acc= 0.68600 time= 0.01802
Test results: cost= 1.85456 accuracy= 0.69900 time= 0.00882
Epoch: 0259 train_loss= 1.42681 train_acc= 0.95000 val_loss= 1.87334 val_acc= 0.68600 time= 0.01814
Test results: cost= 1.85455 accuracy= 0.69900 time= 0.00937
Epoch: 0260 train_loss= 1.43660 train_acc= 0.95000 val_loss= 1.87337 val_acc= 0.68600 time= 0.01795
Test results: cost= 1.85454 accuracy= 0.69900 time= 0.00973
Epoch: 0261 train_loss= 1.45707 train_acc= 0.96667 val_loss= 1.87340 val_acc= 0.68600 time= 0.01800
Test results: cost= 1.85453 accuracy= 0.70000 time= 0.00914
Epoch: 0262 train_loss= 1.44020 train_acc= 0.96667 val_loss= 1.87345 val_acc= 0.68600 time= 0.01790
Test results: cost= 1.85454 accuracy= 0.70000 time= 0.00938
Epoch: 0263 train_loss= 1.45827 train_acc= 0.95833 val_loss= 1.87349 val_acc= 0.68600 time= 0.01767
Test results: cost= 1.85451 accuracy= 0.70100 time= 0.00946
Epoch: 0264 train_loss= 1.44382 train_acc= 0.95833 val_loss= 1.87352 val_acc= 0.68600 time= 0.01783
Test results: cost= 1.85448 accuracy= 0.70100 time= 0.00914
Epoch: 0265 train_loss= 1.44381 train_acc= 0.95833 val_loss= 1.87354 val_acc= 0.68600 time= 0.01759
Test results: cost= 1.85445 accuracy= 0.70100 time= 0.00885
Epoch: 0266 train_loss= 1.46440 train_acc= 0.96667 val_loss= 1.87355 val_acc= 0.68600 time= 0.01837
Test results: cost= 1.85442 accuracy= 0.70200 time= 0.00920
Epoch: 0267 train_loss= 1.47560 train_acc= 0.95000 val_loss= 1.87353 val_acc= 0.68600 time= 0.01834
Test results: cost= 1.85437 accuracy= 0.70200 time= 0.00917
Epoch: 0268 train_loss= 1.45190 train_acc= 0.95833 val_loss= 1.87350 val_acc= 0.68600 time= 0.01856
Test results: cost= 1.85431 accuracy= 0.70300 time= 0.00949
Epoch: 0269 train_loss= 1.46375 train_acc= 0.93333 val_loss= 1.87346 val_acc= 0.68600 time= 0.01813
Test results: cost= 1.85424 accuracy= 0.70400 time= 0.00927
Epoch: 0270 train_loss= 1.46354 train_acc= 0.96667 val_loss= 1.87345 val_acc= 0.68600 time= 0.01795
Test results: cost= 1.85421 accuracy= 0.70500 time= 0.00909
Epoch: 0271 train_loss= 1.44661 train_acc= 0.96667 val_loss= 1.87344 val_acc= 0.68600 time= 0.01755
Test results: cost= 1.85418 accuracy= 0.70400 time= 0.00916
Epoch: 0272 train_loss= 1.45198 train_acc= 0.95000 val_loss= 1.87347 val_acc= 0.68600 time= 0.01831
Test results: cost= 1.85419 accuracy= 0.70200 time= 0.00907
Epoch: 0273 train_loss= 1.43169 train_acc= 0.95833 val_loss= 1.87350 val_acc= 0.68800 time= 0.01742
Test results: cost= 1.85420 accuracy= 0.70300 time= 0.00923
Epoch: 0274 train_loss= 1.45380 train_acc= 0.97500 val_loss= 1.87356 val_acc= 0.68800 time= 0.01810
Test results: cost= 1.85422 accuracy= 0.70200 time= 0.00945
Epoch: 0275 train_loss= 1.45770 train_acc= 0.96667 val_loss= 1.87358 val_acc= 0.68800 time= 0.01736
Test results: cost= 1.85422 accuracy= 0.70100 time= 0.00911
Epoch: 0276 train_loss= 1.45128 train_acc= 0.95833 val_loss= 1.87355 val_acc= 0.68800 time= 0.01769
Test results: cost= 1.85417 accuracy= 0.70100 time= 0.00908
Epoch: 0277 train_loss= 1.47571 train_acc= 0.95833 val_loss= 1.87350 val_acc= 0.68800 time= 0.01804
Test results: cost= 1.85411 accuracy= 0.70200 time= 0.00946
Epoch: 0278 train_loss= 1.45705 train_acc= 0.95833 val_loss= 1.87346 val_acc= 0.68800 time= 0.01850
Test results: cost= 1.85407 accuracy= 0.70200 time= 0.00936
Epoch: 0279 train_loss= 1.46081 train_acc= 0.96667 val_loss= 1.87341 val_acc= 0.68800 time= 0.01784
Test results: cost= 1.85401 accuracy= 0.70200 time= 0.00916
Epoch: 0280 train_loss= 1.45436 train_acc= 0.95000 val_loss= 1.87340 val_acc= 0.68800 time= 0.01761
Test results: cost= 1.85398 accuracy= 0.70200 time= 0.00902
Epoch: 0281 train_loss= 1.44498 train_acc= 0.95000 val_loss= 1.87335 val_acc= 0.68800 time= 0.01800
Test results: cost= 1.85393 accuracy= 0.70200 time= 0.00891
Epoch: 0282 train_loss= 1.45555 train_acc= 0.95833 val_loss= 1.87332 val_acc= 0.68600 time= 0.01852
Test results: cost= 1.85390 accuracy= 0.70200 time= 0.00914
Epoch: 0283 train_loss= 1.45931 train_acc= 0.97500 val_loss= 1.87329 val_acc= 0.68600 time= 0.01784
Test results: cost= 1.85387 accuracy= 0.70100 time= 0.00916
Epoch: 0284 train_loss= 1.44155 train_acc= 0.95833 val_loss= 1.87325 val_acc= 0.68600 time= 0.01782
Test results: cost= 1.85384 accuracy= 0.70000 time= 0.00921
Epoch: 0285 train_loss= 1.45054 train_acc= 0.95833 val_loss= 1.87321 val_acc= 0.68600 time= 0.01784
Test results: cost= 1.85383 accuracy= 0.70000 time= 0.00924
Epoch: 0286 train_loss= 1.44680 train_acc= 0.95833 val_loss= 1.87318 val_acc= 0.68600 time= 0.01769
Test results: cost= 1.85382 accuracy= 0.70000 time= 0.00948
Epoch: 0287 train_loss= 1.46435 train_acc= 0.95833 val_loss= 1.87308 val_acc= 0.68600 time= 0.01820
Test results: cost= 1.85376 accuracy= 0.70000 time= 0.00916
Epoch: 0288 train_loss= 1.44233 train_acc= 0.95833 val_loss= 1.87300 val_acc= 0.68400 time= 0.01753
Test results: cost= 1.85374 accuracy= 0.70200 time= 0.00940
Epoch: 0289 train_loss= 1.45714 train_acc= 0.94167 val_loss= 1.87295 val_acc= 0.68400 time= 0.01793
Test results: cost= 1.85372 accuracy= 0.70300 time= 0.00914
Epoch: 0290 train_loss= 1.47005 train_acc= 0.95000 val_loss= 1.87287 val_acc= 0.68400 time= 0.01783
Test results: cost= 1.85370 accuracy= 0.70300 time= 0.00918
Epoch: 0291 train_loss= 1.43773 train_acc= 0.96667 val_loss= 1.87280 val_acc= 0.68400 time= 0.01806
Test results: cost= 1.85366 accuracy= 0.70200 time= 0.00915
Epoch: 0292 train_loss= 1.44683 train_acc= 0.96667 val_loss= 1.87272 val_acc= 0.68400 time= 0.01769
Test results: cost= 1.85363 accuracy= 0.70100 time= 0.00935
Epoch: 0293 train_loss= 1.45116 train_acc= 0.95833 val_loss= 1.87262 val_acc= 0.68400 time= 0.01797
Test results: cost= 1.85357 accuracy= 0.70200 time= 0.00914
Epoch: 0294 train_loss= 1.44795 train_acc= 0.95000 val_loss= 1.87255 val_acc= 0.68600 time= 0.01796
Test results: cost= 1.85353 accuracy= 0.70000 time= 0.00952
Epoch: 0295 train_loss= 1.45707 train_acc= 0.96667 val_loss= 1.87250 val_acc= 0.69000 time= 0.01786
Test results: cost= 1.85350 accuracy= 0.70000 time= 0.00950
Epoch: 0296 train_loss= 1.45794 train_acc= 0.92500 val_loss= 1.87241 val_acc= 0.69000 time= 0.01735
Test results: cost= 1.85345 accuracy= 0.70000 time= 0.00918
Epoch: 0297 train_loss= 1.46097 train_acc= 0.95000 val_loss= 1.87233 val_acc= 0.68800 time= 0.01787
Test results: cost= 1.85342 accuracy= 0.70000 time= 0.00925
Epoch: 0298 train_loss= 1.47010 train_acc= 0.94167 val_loss= 1.87225 val_acc= 0.68800 time= 0.01783
Test results: cost= 1.85339 accuracy= 0.70200 time= 0.00920
Epoch: 0299 train_loss= 1.44471 train_acc= 0.96667 val_loss= 1.87222 val_acc= 0.68800 time= 0.01828
Test results: cost= 1.85340 accuracy= 0.70100 time= 0.00921
Epoch: 0300 train_loss= 1.44303 train_acc= 0.95833 val_loss= 1.87217 val_acc= 0.68800 time= 0.01790
Test results: cost= 1.85341 accuracy= 0.70100 time= 0.00945
Epoch: 0301 train_loss= 1.44655 train_acc= 0.97500 val_loss= 1.87210 val_acc= 0.68800 time= 0.01823
Test results: cost= 1.85342 accuracy= 0.70100 time= 0.00945
Epoch: 0302 train_loss= 1.47721 train_acc= 0.95000 val_loss= 1.87203 val_acc= 0.69200 time= 0.01735
Test results: cost= 1.85340 accuracy= 0.70100 time= 0.00914
Epoch: 0303 train_loss= 1.46157 train_acc= 0.94167 val_loss= 1.87195 val_acc= 0.69200 time= 0.01766
Test results: cost= 1.85336 accuracy= 0.70100 time= 0.00909
Epoch: 0304 train_loss= 1.45256 train_acc= 0.95000 val_loss= 1.87185 val_acc= 0.69000 time= 0.01794
Test results: cost= 1.85328 accuracy= 0.70000 time= 0.00911
Epoch: 0305 train_loss= 1.46137 train_acc= 0.96667 val_loss= 1.87177 val_acc= 0.69000 time= 0.01792
Test results: cost= 1.85324 accuracy= 0.70000 time= 0.00931
Epoch: 0306 train_loss= 1.45758 train_acc= 0.96667 val_loss= 1.87170 val_acc= 0.69000 time= 0.01755
Test results: cost= 1.85320 accuracy= 0.70000 time= 0.00922
Epoch: 0307 train_loss= 1.43252 train_acc= 0.95000 val_loss= 1.87165 val_acc= 0.69000 time= 0.01781
Test results: cost= 1.85317 accuracy= 0.70100 time= 0.00918
Epoch: 0308 train_loss= 1.44484 train_acc= 0.95000 val_loss= 1.87158 val_acc= 0.69200 time= 0.01785
Test results: cost= 1.85313 accuracy= 0.70000 time= 0.00963
Epoch: 0309 train_loss= 1.44945 train_acc= 0.96667 val_loss= 1.87154 val_acc= 0.69200 time= 0.01797
Test results: cost= 1.85312 accuracy= 0.69900 time= 0.00919
Epoch: 0310 train_loss= 1.46920 train_acc= 0.94167 val_loss= 1.87152 val_acc= 0.69200 time= 0.01810
Test results: cost= 1.85314 accuracy= 0.70000 time= 0.00937
Epoch: 0311 train_loss= 1.44186 train_acc= 0.95833 val_loss= 1.87155 val_acc= 0.69400 time= 0.01812
Test results: cost= 1.85320 accuracy= 0.70000 time= 0.00918
Epoch: 0312 train_loss= 1.46369 train_acc= 0.95000 val_loss= 1.87156 val_acc= 0.69400 time= 0.01765
Test results: cost= 1.85324 accuracy= 0.69900 time= 0.00917
Epoch: 0313 train_loss= 1.43691 train_acc= 0.96667 val_loss= 1.87162 val_acc= 0.69400 time= 0.01791
Test results: cost= 1.85332 accuracy= 0.69900 time= 0.00933
Epoch: 0314 train_loss= 1.45197 train_acc= 0.95833 val_loss= 1.87167 val_acc= 0.69400 time= 0.01811
Test results: cost= 1.85338 accuracy= 0.70000 time= 0.00956
Epoch: 0315 train_loss= 1.45841 train_acc= 0.94167 val_loss= 1.87172 val_acc= 0.69400 time= 0.01805
Test results: cost= 1.85345 accuracy= 0.70100 time= 0.00951
Epoch: 0316 train_loss= 1.44937 train_acc= 0.95000 val_loss= 1.87177 val_acc= 0.69400 time= 0.01830
Test results: cost= 1.85351 accuracy= 0.70000 time= 0.00918
Epoch: 0317 train_loss= 1.42860 train_acc= 0.95000 val_loss= 1.87184 val_acc= 0.69600 time= 0.01801
Test results: cost= 1.85356 accuracy= 0.70000 time= 0.00906
Epoch: 0318 train_loss= 1.44369 train_acc= 0.95833 val_loss= 1.87192 val_acc= 0.69600 time= 0.01795
Test results: cost= 1.85361 accuracy= 0.69900 time= 0.00948
Epoch: 0319 train_loss= 1.46313 train_acc= 0.95000 val_loss= 1.87196 val_acc= 0.69600 time= 0.01775
Test results: cost= 1.85363 accuracy= 0.70100 time= 0.00938
Epoch: 0320 train_loss= 1.45354 train_acc= 0.95000 val_loss= 1.87202 val_acc= 0.69600 time= 0.01786
Test results: cost= 1.85368 accuracy= 0.70100 time= 0.00935
Epoch: 0321 train_loss= 1.46533 train_acc= 0.95000 val_loss= 1.87209 val_acc= 0.69400 time= 0.01764
Test results: cost= 1.85372 accuracy= 0.70200 time= 0.00923
Epoch: 0322 train_loss= 1.44698 train_acc= 0.97500 val_loss= 1.87222 val_acc= 0.69200 time= 0.01726
Test results: cost= 1.85383 accuracy= 0.70300 time= 0.00930
Epoch: 0323 train_loss= 1.45528 train_acc= 0.94167 val_loss= 1.87236 val_acc= 0.69200 time= 0.01796
Test results: cost= 1.85397 accuracy= 0.70400 time= 0.00913
Epoch: 0324 train_loss= 1.46089 train_acc= 0.95000 val_loss= 1.87252 val_acc= 0.69200 time= 0.01864
Test results: cost= 1.85412 accuracy= 0.70400 time= 0.00904
Epoch: 0325 train_loss= 1.45658 train_acc= 0.97500 val_loss= 1.87267 val_acc= 0.69200 time= 0.01837
Test results: cost= 1.85426 accuracy= 0.70400 time= 0.00909
Epoch: 0326 train_loss= 1.44512 train_acc= 0.95833 val_loss= 1.87280 val_acc= 0.69000 time= 0.01762
Test results: cost= 1.85439 accuracy= 0.70400 time= 0.00921
Epoch: 0327 train_loss= 1.44203 train_acc= 0.95833 val_loss= 1.87295 val_acc= 0.69000 time= 0.01786
Test results: cost= 1.85455 accuracy= 0.70500 time= 0.00912
Epoch: 0328 train_loss= 1.47801 train_acc= 0.95833 val_loss= 1.87312 val_acc= 0.69000 time= 0.01820
Test results: cost= 1.85474 accuracy= 0.70500 time= 0.00911
Epoch: 0329 train_loss= 1.45444 train_acc= 0.95833 val_loss= 1.87329 val_acc= 0.69000 time= 0.01797
Test results: cost= 1.85493 accuracy= 0.70500 time= 0.00959
Epoch: 0330 train_loss= 1.42808 train_acc= 0.95833 val_loss= 1.87343 val_acc= 0.69000 time= 0.01747
Test results: cost= 1.85510 accuracy= 0.70300 time= 0.00929
Epoch: 0331 train_loss= 1.43978 train_acc= 0.95833 val_loss= 1.87353 val_acc= 0.69000 time= 0.01791
Test results: cost= 1.85520 accuracy= 0.70300 time= 0.00922
Epoch: 0332 train_loss= 1.44821 train_acc= 0.96667 val_loss= 1.87362 val_acc= 0.69000 time= 0.01777
Test results: cost= 1.85531 accuracy= 0.70300 time= 0.00942
Epoch: 0333 train_loss= 1.43101 train_acc= 0.95833 val_loss= 1.87365 val_acc= 0.69000 time= 0.01824
Test results: cost= 1.85534 accuracy= 0.70400 time= 0.00911
Epoch: 0334 train_loss= 1.44971 train_acc= 0.96667 val_loss= 1.87369 val_acc= 0.69200 time= 0.01777
Test results: cost= 1.85539 accuracy= 0.70400 time= 0.00946
Epoch: 0335 train_loss= 1.46810 train_acc= 0.95833 val_loss= 1.87373 val_acc= 0.69200 time= 0.01841
Test results: cost= 1.85541 accuracy= 0.70400 time= 0.00901
Epoch: 0336 train_loss= 1.46393 train_acc= 0.95000 val_loss= 1.87371 val_acc= 0.69400 time= 0.01785
Test results: cost= 1.85540 accuracy= 0.70300 time= 0.00929
Epoch: 0337 train_loss= 1.46271 train_acc= 0.95833 val_loss= 1.87364 val_acc= 0.69400 time= 0.01796
Test results: cost= 1.85531 accuracy= 0.70300 time= 0.00920
Epoch: 0338 train_loss= 1.43631 train_acc= 0.96667 val_loss= 1.87361 val_acc= 0.69400 time= 0.01816
Test results: cost= 1.85524 accuracy= 0.70200 time= 0.00946
Epoch: 0339 train_loss= 1.47600 train_acc= 0.95833 val_loss= 1.87361 val_acc= 0.69400 time= 0.01767
Test results: cost= 1.85517 accuracy= 0.70200 time= 0.00937
Epoch: 0340 train_loss= 1.46087 train_acc= 0.95833 val_loss= 1.87361 val_acc= 0.69400 time= 0.01781
Test results: cost= 1.85512 accuracy= 0.70100 time= 0.00916
Epoch: 0341 train_loss= 1.46130 train_acc= 0.95833 val_loss= 1.87359 val_acc= 0.69400 time= 0.01838
Test results: cost= 1.85506 accuracy= 0.70100 time= 0.00917
Epoch: 0342 train_loss= 1.44333 train_acc= 0.96667 val_loss= 1.87355 val_acc= 0.69400 time= 0.01788
Test results: cost= 1.85499 accuracy= 0.70100 time= 0.00935
Epoch: 0343 train_loss= 1.48135 train_acc= 0.95000 val_loss= 1.87350 val_acc= 0.69600 time= 0.01778
Test results: cost= 1.85491 accuracy= 0.70100 time= 0.00915
Epoch: 0344 train_loss= 1.42701 train_acc= 0.95000 val_loss= 1.87346 val_acc= 0.69600 time= 0.01771
Test results: cost= 1.85484 accuracy= 0.70200 time= 0.00916
Epoch: 0345 train_loss= 1.45938 train_acc= 0.96667 val_loss= 1.87339 val_acc= 0.69800 time= 0.01818
Test results: cost= 1.85475 accuracy= 0.70300 time= 0.00947
Epoch: 0346 train_loss= 1.45188 train_acc= 0.97500 val_loss= 1.87338 val_acc= 0.69600 time= 0.01791
Test results: cost= 1.85470 accuracy= 0.70300 time= 0.00912
Epoch: 0347 train_loss= 1.44349 train_acc= 0.95833 val_loss= 1.87332 val_acc= 0.69600 time= 0.01750
Test results: cost= 1.85463 accuracy= 0.70300 time= 0.00925
Epoch: 0348 train_loss= 1.44754 train_acc= 0.96667 val_loss= 1.87331 val_acc= 0.69600 time= 0.01784
Test results: cost= 1.85459 accuracy= 0.70300 time= 0.00899
Epoch: 0349 train_loss= 1.44125 train_acc= 0.94167 val_loss= 1.87331 val_acc= 0.69600 time= 0.01781
Test results: cost= 1.85458 accuracy= 0.70300 time= 0.00942
Epoch: 0350 train_loss= 1.44255 train_acc= 0.97500 val_loss= 1.87335 val_acc= 0.69600 time= 0.01819
Test results: cost= 1.85461 accuracy= 0.70300 time= 0.00958
Epoch: 0351 train_loss= 1.45071 train_acc= 0.95000 val_loss= 1.87340 val_acc= 0.69600 time= 0.01787
Test results: cost= 1.85466 accuracy= 0.70300 time= 0.00932
Epoch: 0352 train_loss= 1.44901 train_acc= 0.95000 val_loss= 1.87342 val_acc= 0.69600 time= 0.01857
Test results: cost= 1.85470 accuracy= 0.70300 time= 0.00911
Epoch: 0353 train_loss= 1.45247 train_acc= 0.95000 val_loss= 1.87343 val_acc= 0.69600 time= 0.01787
Test results: cost= 1.85474 accuracy= 0.70300 time= 0.00931
Epoch: 0354 train_loss= 1.45940 train_acc= 0.95833 val_loss= 1.87343 val_acc= 0.69400 time= 0.01771
Test results: cost= 1.85479 accuracy= 0.70100 time= 0.00928
Epoch: 0355 train_loss= 1.44423 train_acc= 0.95000 val_loss= 1.87346 val_acc= 0.69400 time= 0.01809
Test results: cost= 1.85486 accuracy= 0.70100 time= 0.00948
Epoch: 0356 train_loss= 1.44864 train_acc= 0.93333 val_loss= 1.87349 val_acc= 0.69400 time= 0.01761
Test results: cost= 1.85491 accuracy= 0.70200 time= 0.00951
Epoch: 0357 train_loss= 1.44577 train_acc= 0.95833 val_loss= 1.87350 val_acc= 0.69200 time= 0.01765
Test results: cost= 1.85494 accuracy= 0.70100 time= 0.00924
Epoch: 0358 train_loss= 1.44846 train_acc= 0.95833 val_loss= 1.87355 val_acc= 0.69200 time= 0.01773
Test results: cost= 1.85499 accuracy= 0.70100 time= 0.00947
Epoch: 0359 train_loss= 1.45618 train_acc= 0.94167 val_loss= 1.87359 val_acc= 0.69200 time= 0.01769
Test results: cost= 1.85503 accuracy= 0.70100 time= 0.00957
Epoch: 0360 train_loss= 1.43711 train_acc= 0.94167 val_loss= 1.87365 val_acc= 0.69400 time= 0.01758
Test results: cost= 1.85509 accuracy= 0.70000 time= 0.00926
Epoch: 0361 train_loss= 1.46323 train_acc= 0.96667 val_loss= 1.87375 val_acc= 0.69600 time= 0.01802
Test results: cost= 1.85517 accuracy= 0.70100 time= 0.00924
Epoch: 0362 train_loss= 1.45994 train_acc= 0.95000 val_loss= 1.87384 val_acc= 0.69400 time= 0.01739
Test results: cost= 1.85525 accuracy= 0.70200 time= 0.00909
Epoch: 0363 train_loss= 1.45465 train_acc= 0.96667 val_loss= 1.87392 val_acc= 0.69400 time= 0.01771
Test results: cost= 1.85535 accuracy= 0.70100 time= 0.00922
Epoch: 0364 train_loss= 1.44352 train_acc= 0.93333 val_loss= 1.87395 val_acc= 0.69400 time= 0.01752
Test results: cost= 1.85542 accuracy= 0.70100 time= 0.00937
Epoch: 0365 train_loss= 1.45250 train_acc= 0.96667 val_loss= 1.87401 val_acc= 0.69400 time= 0.01778
Test results: cost= 1.85548 accuracy= 0.70100 time= 0.00940
Epoch: 0366 train_loss= 1.46339 train_acc= 0.95833 val_loss= 1.87400 val_acc= 0.69400 time= 0.01770
Test results: cost= 1.85550 accuracy= 0.70100 time= 0.00905
Epoch: 0367 train_loss= 1.44517 train_acc= 0.95833 val_loss= 1.87397 val_acc= 0.69200 time= 0.01791
Test results: cost= 1.85551 accuracy= 0.70100 time= 0.00944
Epoch: 0368 train_loss= 1.46082 train_acc= 0.92500 val_loss= 1.87395 val_acc= 0.69400 time= 0.01804
Test results: cost= 1.85553 accuracy= 0.70000 time= 0.00948
Epoch: 0369 train_loss= 1.43512 train_acc= 0.94167 val_loss= 1.87392 val_acc= 0.69400 time= 0.01784
Test results: cost= 1.85552 accuracy= 0.69800 time= 0.00934
Epoch: 0370 train_loss= 1.46517 train_acc= 0.95833 val_loss= 1.87392 val_acc= 0.69400 time= 0.01809
Test results: cost= 1.85556 accuracy= 0.69900 time= 0.00923
Epoch: 0371 train_loss= 1.46576 train_acc= 0.94167 val_loss= 1.87389 val_acc= 0.69400 time= 0.01808
Test results: cost= 1.85556 accuracy= 0.69800 time= 0.00954
Epoch: 0372 train_loss= 1.44939 train_acc= 0.95833 val_loss= 1.87385 val_acc= 0.69400 time= 0.01789
Test results: cost= 1.85555 accuracy= 0.69900 time= 0.00925
Epoch: 0373 train_loss= 1.43083 train_acc= 0.95000 val_loss= 1.87385 val_acc= 0.69400 time= 0.01830
Test results: cost= 1.85556 accuracy= 0.69900 time= 0.00920
Epoch: 0374 train_loss= 1.47688 train_acc= 0.95000 val_loss= 1.87379 val_acc= 0.69400 time= 0.01823
Test results: cost= 1.85552 accuracy= 0.69800 time= 0.00940
Epoch: 0375 train_loss= 1.45873 train_acc= 0.95833 val_loss= 1.87373 val_acc= 0.69400 time= 0.01796
Test results: cost= 1.85546 accuracy= 0.69800 time= 0.00962
Epoch: 0376 train_loss= 1.46686 train_acc= 0.95833 val_loss= 1.87372 val_acc= 0.69800 time= 0.01793
Test results: cost= 1.85543 accuracy= 0.69800 time= 0.00961
Epoch: 0377 train_loss= 1.44810 train_acc= 0.95000 val_loss= 1.87368 val_acc= 0.69800 time= 0.01756
Test results: cost= 1.85536 accuracy= 0.69800 time= 0.00907
Epoch: 0378 train_loss= 1.43600 train_acc= 0.95000 val_loss= 1.87368 val_acc= 0.69800 time= 0.01780
Test results: cost= 1.85532 accuracy= 0.69800 time= 0.00947
Epoch: 0379 train_loss= 1.47398 train_acc= 0.96667 val_loss= 1.87371 val_acc= 0.69600 time= 0.01799
Test results: cost= 1.85530 accuracy= 0.69800 time= 0.00947
Epoch: 0380 train_loss= 1.43949 train_acc= 0.95833 val_loss= 1.87374 val_acc= 0.69600 time= 0.01780
Test results: cost= 1.85527 accuracy= 0.69700 time= 0.00933
Epoch: 0381 train_loss= 1.45149 train_acc= 0.93333 val_loss= 1.87375 val_acc= 0.69600 time= 0.01783
Test results: cost= 1.85523 accuracy= 0.69800 time= 0.00930
Epoch: 0382 train_loss= 1.44769 train_acc= 0.96667 val_loss= 1.87375 val_acc= 0.69600 time= 0.01809
Test results: cost= 1.85522 accuracy= 0.69800 time= 0.00928
Epoch: 0383 train_loss= 1.43646 train_acc= 0.95000 val_loss= 1.87376 val_acc= 0.69600 time= 0.01813
Test results: cost= 1.85522 accuracy= 0.69800 time= 0.00939
Epoch: 0384 train_loss= 1.44759 train_acc= 0.96667 val_loss= 1.87373 val_acc= 0.69600 time= 0.01816
Test results: cost= 1.85520 accuracy= 0.69800 time= 0.00940
Epoch: 0385 train_loss= 1.44359 train_acc= 0.96667 val_loss= 1.87372 val_acc= 0.69600 time= 0.01784
Test results: cost= 1.85520 accuracy= 0.69800 time= 0.00941
Epoch: 0386 train_loss= 1.45948 train_acc= 0.95833 val_loss= 1.87367 val_acc= 0.69400 time= 0.01774
Test results: cost= 1.85519 accuracy= 0.70000 time= 0.00936
Epoch: 0387 train_loss= 1.46918 train_acc= 0.96667 val_loss= 1.87366 val_acc= 0.69400 time= 0.01772
Test results: cost= 1.85520 accuracy= 0.69700 time= 0.00948
Epoch: 0388 train_loss= 1.43946 train_acc= 0.96667 val_loss= 1.87367 val_acc= 0.69400 time= 0.01828
Test results: cost= 1.85521 accuracy= 0.69700 time= 0.00925
Epoch: 0389 train_loss= 1.44896 train_acc= 0.95000 val_loss= 1.87365 val_acc= 0.69400 time= 0.01759
Test results: cost= 1.85521 accuracy= 0.69700 time= 0.00926
Epoch: 0390 train_loss= 1.45915 train_acc= 0.95833 val_loss= 1.87367 val_acc= 0.69400 time= 0.01809
Test results: cost= 1.85524 accuracy= 0.69800 time= 0.00918
Epoch: 0391 train_loss= 1.44486 train_acc= 0.95000 val_loss= 1.87365 val_acc= 0.69400 time= 0.01798
Test results: cost= 1.85522 accuracy= 0.69800 time= 0.00949
Epoch: 0392 train_loss= 1.43638 train_acc= 0.95000 val_loss= 1.87357 val_acc= 0.69400 time= 0.01847
Test results: cost= 1.85515 accuracy= 0.69700 time= 0.00927
Epoch: 0393 train_loss= 1.46330 train_acc= 0.93333 val_loss= 1.87350 val_acc= 0.69400 time= 0.01811
Test results: cost= 1.85509 accuracy= 0.69600 time= 0.00941
Epoch: 0394 train_loss= 1.44617 train_acc= 0.95833 val_loss= 1.87343 val_acc= 0.69400 time= 0.01837
Test results: cost= 1.85500 accuracy= 0.69700 time= 0.00947
Epoch: 0395 train_loss= 1.43427 train_acc= 0.95000 val_loss= 1.87336 val_acc= 0.69400 time= 0.01807
Test results: cost= 1.85491 accuracy= 0.69900 time= 0.00924
Epoch: 0396 train_loss= 1.45573 train_acc= 0.94167 val_loss= 1.87330 val_acc= 0.69400 time= 0.01817
Test results: cost= 1.85482 accuracy= 0.69800 time= 0.00885
Epoch: 0397 train_loss= 1.46238 train_acc= 0.96667 val_loss= 1.87324 val_acc= 0.69400 time= 0.01819
Test results: cost= 1.85475 accuracy= 0.69800 time= 0.00914
Epoch: 0398 train_loss= 1.44920 train_acc= 0.95000 val_loss= 1.87324 val_acc= 0.69400 time= 0.01782
Test results: cost= 1.85471 accuracy= 0.69700 time= 0.00904
Epoch: 0399 train_loss= 1.46246 train_acc= 0.95833 val_loss= 1.87321 val_acc= 0.69600 time= 0.01808
Test results: cost= 1.85464 accuracy= 0.69700 time= 0.00938
Epoch: 0400 train_loss= 1.44969 train_acc= 0.94167 val_loss= 1.87307 val_acc= 0.69600 time= 0.01775
Test results: cost= 1.85451 accuracy= 0.69700 time= 0.00920
Epoch: 0401 train_loss= 1.41444 train_acc= 0.95833 val_loss= 1.87296 val_acc= 0.69600 time= 0.01807
Test results: cost= 1.85440 accuracy= 0.69700 time= 0.00930
Epoch: 0402 train_loss= 1.44957 train_acc= 0.96667 val_loss= 1.87289 val_acc= 0.69600 time= 0.01786
Test results: cost= 1.85433 accuracy= 0.69700 time= 0.00924
Epoch: 0403 train_loss= 1.44775 train_acc= 0.96667 val_loss= 1.87283 val_acc= 0.69600 time= 0.01766
Test results: cost= 1.85428 accuracy= 0.69800 time= 0.00916
Epoch: 0404 train_loss= 1.44987 train_acc= 0.96667 val_loss= 1.87276 val_acc= 0.69600 time= 0.01776
Test results: cost= 1.85422 accuracy= 0.70000 time= 0.00906
Epoch: 0405 train_loss= 1.43586 train_acc= 0.96667 val_loss= 1.87270 val_acc= 0.69600 time= 0.01806
Test results: cost= 1.85418 accuracy= 0.70000 time= 0.00923
Epoch: 0406 train_loss= 1.43515 train_acc= 0.97500 val_loss= 1.87262 val_acc= 0.69600 time= 0.01779
Test results: cost= 1.85412 accuracy= 0.70000 time= 0.00951
Epoch: 0407 train_loss= 1.45386 train_acc= 0.94167 val_loss= 1.87253 val_acc= 0.69600 time= 0.01812
Test results: cost= 1.85406 accuracy= 0.70100 time= 0.00912
Epoch: 0408 train_loss= 1.44302 train_acc= 0.95000 val_loss= 1.87245 val_acc= 0.69600 time= 0.01777
Test results: cost= 1.85398 accuracy= 0.70100 time= 0.00924
Epoch: 0409 train_loss= 1.43736 train_acc= 0.96667 val_loss= 1.87244 val_acc= 0.69600 time= 0.01795
Test results: cost= 1.85398 accuracy= 0.70100 time= 0.00945
Epoch: 0410 train_loss= 1.44474 train_acc= 0.97500 val_loss= 1.87246 val_acc= 0.69600 time= 0.01792
Test results: cost= 1.85396 accuracy= 0.70000 time= 0.00931
Epoch: 0411 train_loss= 1.47431 train_acc= 0.94167 val_loss= 1.87248 val_acc= 0.69600 time= 0.01836
Test results: cost= 1.85395 accuracy= 0.70100 time= 0.00949
Epoch: 0412 train_loss= 1.45804 train_acc= 0.96667 val_loss= 1.87254 val_acc= 0.69600 time= 0.01812
Test results: cost= 1.85397 accuracy= 0.70100 time= 0.00936
Epoch: 0413 train_loss= 1.43154 train_acc= 0.95000 val_loss= 1.87258 val_acc= 0.69600 time= 0.01803
Test results: cost= 1.85398 accuracy= 0.70100 time= 0.00891
Epoch: 0414 train_loss= 1.43425 train_acc= 0.94167 val_loss= 1.87262 val_acc= 0.69600 time= 0.01794
Test results: cost= 1.85397 accuracy= 0.70000 time= 0.00930
Epoch: 0415 train_loss= 1.45434 train_acc= 0.95833 val_loss= 1.87267 val_acc= 0.69600 time= 0.01828
Test results: cost= 1.85397 accuracy= 0.70100 time= 0.00952
Epoch: 0416 train_loss= 1.45778 train_acc= 0.95833 val_loss= 1.87267 val_acc= 0.69600 time= 0.01826
Test results: cost= 1.85394 accuracy= 0.70100 time= 0.00967
Epoch: 0417 train_loss= 1.44193 train_acc= 0.97500 val_loss= 1.87265 val_acc= 0.69600 time= 0.01782
Test results: cost= 1.85389 accuracy= 0.70100 time= 0.00912
Epoch: 0418 train_loss= 1.45314 train_acc= 0.96667 val_loss= 1.87267 val_acc= 0.69600 time= 0.01814
Test results: cost= 1.85388 accuracy= 0.70200 time= 0.00909
Epoch: 0419 train_loss= 1.46256 train_acc= 0.97500 val_loss= 1.87271 val_acc= 0.69600 time= 0.01772
Test results: cost= 1.85387 accuracy= 0.70200 time= 0.00917
Epoch: 0420 train_loss= 1.47084 train_acc= 0.95000 val_loss= 1.87276 val_acc= 0.69600 time= 0.01828
Test results: cost= 1.85387 accuracy= 0.70200 time= 0.00940
Epoch: 0421 train_loss= 1.45758 train_acc= 0.96667 val_loss= 1.87279 val_acc= 0.69600 time= 0.01787
Test results: cost= 1.85386 accuracy= 0.70200 time= 0.00892
Epoch: 0422 train_loss= 1.47044 train_acc= 0.95833 val_loss= 1.87277 val_acc= 0.69600 time= 0.01815
Test results: cost= 1.85381 accuracy= 0.70100 time= 0.00944
Epoch: 0423 train_loss= 1.43658 train_acc= 0.96667 val_loss= 1.87271 val_acc= 0.69600 time= 0.01786
Test results: cost= 1.85372 accuracy= 0.70000 time= 0.00925
Epoch: 0424 train_loss= 1.45600 train_acc= 0.95833 val_loss= 1.87264 val_acc= 0.69200 time= 0.01772
Test results: cost= 1.85362 accuracy= 0.69900 time= 0.00934
Epoch: 0425 train_loss= 1.44250 train_acc= 0.97500 val_loss= 1.87259 val_acc= 0.69400 time= 0.01775
Test results: cost= 1.85354 accuracy= 0.70000 time= 0.00915
Epoch: 0426 train_loss= 1.44503 train_acc= 0.93333 val_loss= 1.87256 val_acc= 0.69400 time= 0.01780
Test results: cost= 1.85348 accuracy= 0.70000 time= 0.00919
Epoch: 0427 train_loss= 1.44077 train_acc= 0.96667 val_loss= 1.87253 val_acc= 0.69200 time= 0.01760
Test results: cost= 1.85344 accuracy= 0.70100 time= 0.00920
Epoch: 0428 train_loss= 1.44601 train_acc= 0.95000 val_loss= 1.87247 val_acc= 0.69000 time= 0.01769
Test results: cost= 1.85337 accuracy= 0.70200 time= 0.00924
Epoch: 0429 train_loss= 1.46877 train_acc= 0.92500 val_loss= 1.87236 val_acc= 0.69200 time= 0.01784
Test results: cost= 1.85326 accuracy= 0.70100 time= 0.00920
Epoch: 0430 train_loss= 1.44327 train_acc= 0.96667 val_loss= 1.87225 val_acc= 0.69200 time= 0.01800
Test results: cost= 1.85315 accuracy= 0.70300 time= 0.00922
Epoch: 0431 train_loss= 1.43696 train_acc= 0.94167 val_loss= 1.87212 val_acc= 0.69200 time= 0.01796
Test results: cost= 1.85305 accuracy= 0.70300 time= 0.00949
Epoch: 0432 train_loss= 1.46650 train_acc= 0.95833 val_loss= 1.87200 val_acc= 0.69200 time= 0.01807
Test results: cost= 1.85295 accuracy= 0.70300 time= 0.00924
Epoch: 0433 train_loss= 1.42658 train_acc= 0.95833 val_loss= 1.87189 val_acc= 0.69200 time= 0.01749
Test results: cost= 1.85285 accuracy= 0.70200 time= 0.00950
Epoch: 0434 train_loss= 1.44207 train_acc= 0.95833 val_loss= 1.87172 val_acc= 0.68800 time= 0.01875
Test results: cost= 1.85270 accuracy= 0.70300 time= 0.00925
Epoch: 0435 train_loss= 1.44326 train_acc= 0.95000 val_loss= 1.87155 val_acc= 0.68800 time= 0.01774
Test results: cost= 1.85252 accuracy= 0.70300 time= 0.00911
Epoch: 0436 train_loss= 1.44976 train_acc= 0.93333 val_loss= 1.87140 val_acc= 0.68800 time= 0.01775
Test results: cost= 1.85236 accuracy= 0.70300 time= 0.00918
Epoch: 0437 train_loss= 1.45228 train_acc= 0.95000 val_loss= 1.87127 val_acc= 0.68800 time= 0.01808
Test results: cost= 1.85223 accuracy= 0.70300 time= 0.00946
Epoch: 0438 train_loss= 1.44138 train_acc= 0.95833 val_loss= 1.87120 val_acc= 0.68800 time= 0.01776
Test results: cost= 1.85216 accuracy= 0.70200 time= 0.00906
Epoch: 0439 train_loss= 1.42936 train_acc= 0.95833 val_loss= 1.87116 val_acc= 0.68800 time= 0.01815
Test results: cost= 1.85212 accuracy= 0.70200 time= 0.00951
Epoch: 0440 train_loss= 1.45392 train_acc= 0.95000 val_loss= 1.87113 val_acc= 0.68800 time= 0.01750
Test results: cost= 1.85207 accuracy= 0.70400 time= 0.00903
Epoch: 0441 train_loss= 1.45155 train_acc= 0.95000 val_loss= 1.87112 val_acc= 0.68800 time= 0.01788
Test results: cost= 1.85204 accuracy= 0.70400 time= 0.00931
Epoch: 0442 train_loss= 1.43606 train_acc= 0.96667 val_loss= 1.87111 val_acc= 0.68800 time= 0.01849
Test results: cost= 1.85201 accuracy= 0.70500 time= 0.00902
Epoch: 0443 train_loss= 1.45648 train_acc= 0.95833 val_loss= 1.87113 val_acc= 0.68800 time= 0.01798
Test results: cost= 1.85203 accuracy= 0.70400 time= 0.00906
Epoch: 0444 train_loss= 1.43844 train_acc= 0.93333 val_loss= 1.87109 val_acc= 0.69400 time= 0.01769
Test results: cost= 1.85197 accuracy= 0.70400 time= 0.00930
Epoch: 0445 train_loss= 1.45728 train_acc= 0.94167 val_loss= 1.87110 val_acc= 0.69400 time= 0.01785
Test results: cost= 1.85196 accuracy= 0.70500 time= 0.00922
Epoch: 0446 train_loss= 1.44676 train_acc= 0.97500 val_loss= 1.87107 val_acc= 0.69600 time= 0.01787
Test results: cost= 1.85190 accuracy= 0.70500 time= 0.00943
Epoch: 0447 train_loss= 1.42947 train_acc= 0.95833 val_loss= 1.87103 val_acc= 0.69800 time= 0.01824
Test results: cost= 1.85181 accuracy= 0.70700 time= 0.00915
Epoch: 0448 train_loss= 1.44365 train_acc= 0.97500 val_loss= 1.87098 val_acc= 0.69800 time= 0.01771
Test results: cost= 1.85174 accuracy= 0.70800 time= 0.00911
Epoch: 0449 train_loss= 1.45613 train_acc= 0.95000 val_loss= 1.87091 val_acc= 0.70000 time= 0.01734
Test results: cost= 1.85168 accuracy= 0.70800 time= 0.00951
Epoch: 0450 train_loss= 1.46165 train_acc= 0.95000 val_loss= 1.87082 val_acc= 0.69800 time= 0.01799
Test results: cost= 1.85160 accuracy= 0.70800 time= 0.00946
Epoch: 0451 train_loss= 1.42092 train_acc= 0.94167 val_loss= 1.87070 val_acc= 0.69800 time= 0.01768
Test results: cost= 1.85148 accuracy= 0.70800 time= 0.00920
Epoch: 0452 train_loss= 1.44401 train_acc= 0.95000 val_loss= 1.87061 val_acc= 0.69800 time= 0.01730
Test results: cost= 1.85142 accuracy= 0.70800 time= 0.00922
Epoch: 0453 train_loss= 1.44045 train_acc= 0.95833 val_loss= 1.87051 val_acc= 0.69800 time= 0.01789
Test results: cost= 1.85134 accuracy= 0.70600 time= 0.00948
Epoch: 0454 train_loss= 1.46247 train_acc= 0.94167 val_loss= 1.87041 val_acc= 0.69800 time= 0.01795
Test results: cost= 1.85128 accuracy= 0.70600 time= 0.00907
Epoch: 0455 train_loss= 1.44590 train_acc= 0.95000 val_loss= 1.87033 val_acc= 0.69800 time= 0.01795
Test results: cost= 1.85124 accuracy= 0.70600 time= 0.00943
Epoch: 0456 train_loss= 1.43761 train_acc= 0.95000 val_loss= 1.87032 val_acc= 0.69800 time= 0.01880
Test results: cost= 1.85127 accuracy= 0.70600 time= 0.00911
Epoch: 0457 train_loss= 1.45218 train_acc= 0.96667 val_loss= 1.87035 val_acc= 0.69800 time= 0.01821
Test results: cost= 1.85133 accuracy= 0.70400 time= 0.00940
Epoch: 0458 train_loss= 1.46277 train_acc= 0.95000 val_loss= 1.87033 val_acc= 0.69800 time= 0.01791
Test results: cost= 1.85136 accuracy= 0.70400 time= 0.00925
Epoch: 0459 train_loss= 1.44008 train_acc= 0.95000 val_loss= 1.87036 val_acc= 0.69800 time= 0.01813
Test results: cost= 1.85143 accuracy= 0.70300 time= 0.00904
Epoch: 0460 train_loss= 1.44189 train_acc= 0.94167 val_loss= 1.87034 val_acc= 0.69800 time= 0.01782
Test results: cost= 1.85148 accuracy= 0.70300 time= 0.00953
Epoch: 0461 train_loss= 1.45956 train_acc= 0.96667 val_loss= 1.87027 val_acc= 0.69800 time= 0.01806
Test results: cost= 1.85146 accuracy= 0.70300 time= 0.00921
Epoch: 0462 train_loss= 1.42709 train_acc= 0.95833 val_loss= 1.87023 val_acc= 0.69800 time= 0.01812
Test results: cost= 1.85145 accuracy= 0.70300 time= 0.00916
Epoch: 0463 train_loss= 1.43449 train_acc= 0.95833 val_loss= 1.87019 val_acc= 0.69800 time= 0.01843
Test results: cost= 1.85147 accuracy= 0.70200 time= 0.00912
Epoch: 0464 train_loss= 1.45866 train_acc= 0.95000 val_loss= 1.87019 val_acc= 0.69800 time= 0.01774
Test results: cost= 1.85153 accuracy= 0.70200 time= 0.00907
Epoch: 0465 train_loss= 1.44963 train_acc= 0.94167 val_loss= 1.87021 val_acc= 0.69800 time= 0.01837
Test results: cost= 1.85159 accuracy= 0.70100 time= 0.00914
Epoch: 0466 train_loss= 1.41797 train_acc= 0.95833 val_loss= 1.87021 val_acc= 0.70000 time= 0.01830
Test results: cost= 1.85163 accuracy= 0.70100 time= 0.00952
Epoch: 0467 train_loss= 1.42887 train_acc= 0.96667 val_loss= 1.87023 val_acc= 0.70000 time= 0.01801
Test results: cost= 1.85166 accuracy= 0.70100 time= 0.00926
Epoch: 0468 train_loss= 1.41872 train_acc= 0.95833 val_loss= 1.87022 val_acc= 0.69600 time= 0.01778
Test results: cost= 1.85167 accuracy= 0.70200 time= 0.00922
Epoch: 0469 train_loss= 1.45149 train_acc= 0.95833 val_loss= 1.87020 val_acc= 0.69600 time= 0.01826
Test results: cost= 1.85164 accuracy= 0.70100 time= 0.00919
Epoch: 0470 train_loss= 1.45144 train_acc= 0.95833 val_loss= 1.87017 val_acc= 0.69600 time= 0.01765
Test results: cost= 1.85163 accuracy= 0.70200 time= 0.00944
Epoch: 0471 train_loss= 1.45464 train_acc= 0.95000 val_loss= 1.87015 val_acc= 0.69600 time= 0.01789
Test results: cost= 1.85163 accuracy= 0.70200 time= 0.00940
Epoch: 0472 train_loss= 1.42906 train_acc= 0.97500 val_loss= 1.87012 val_acc= 0.69800 time= 0.01799
Test results: cost= 1.85161 accuracy= 0.70400 time= 0.00919
Epoch: 0473 train_loss= 1.46171 train_acc= 0.96667 val_loss= 1.87008 val_acc= 0.69600 time= 0.01760
Test results: cost= 1.85158 accuracy= 0.70500 time= 0.00974
Epoch: 0474 train_loss= 1.44282 train_acc= 0.95000 val_loss= 1.87005 val_acc= 0.69600 time= 0.01818
Test results: cost= 1.85154 accuracy= 0.70400 time= 0.00916
Epoch: 0475 train_loss= 1.44391 train_acc= 0.97500 val_loss= 1.87004 val_acc= 0.69800 time= 0.01802
Test results: cost= 1.85151 accuracy= 0.70700 time= 0.00998
Epoch: 0476 train_loss= 1.45312 train_acc= 0.93333 val_loss= 1.87005 val_acc= 0.69800 time= 0.01762
Test results: cost= 1.85151 accuracy= 0.70600 time= 0.00920
Epoch: 0477 train_loss= 1.46010 train_acc= 0.95833 val_loss= 1.87007 val_acc= 0.69800 time= 0.01803
Test results: cost= 1.85152 accuracy= 0.70500 time= 0.00919
Epoch: 0478 train_loss= 1.47492 train_acc= 0.95833 val_loss= 1.87008 val_acc= 0.69800 time= 0.01814
Test results: cost= 1.85152 accuracy= 0.70500 time= 0.00934
Epoch: 0479 train_loss= 1.43704 train_acc= 0.95833 val_loss= 1.87014 val_acc= 0.69800 time= 0.01786
Test results: cost= 1.85158 accuracy= 0.70600 time= 0.00930
Epoch: 0480 train_loss= 1.44842 train_acc= 0.96667 val_loss= 1.87019 val_acc= 0.69800 time= 0.01821
Test results: cost= 1.85162 accuracy= 0.70700 time= 0.00922
Epoch: 0481 train_loss= 1.45834 train_acc= 0.95000 val_loss= 1.87024 val_acc= 0.70000 time= 0.01847
Test results: cost= 1.85165 accuracy= 0.70800 time= 0.00938
Epoch: 0482 train_loss= 1.47415 train_acc= 0.95833 val_loss= 1.87027 val_acc= 0.70000 time= 0.01880
Test results: cost= 1.85166 accuracy= 0.70800 time= 0.00920
Epoch: 0483 train_loss= 1.45831 train_acc= 0.94167 val_loss= 1.87036 val_acc= 0.69800 time= 0.01868
Test results: cost= 1.85171 accuracy= 0.70800 time= 0.00945
Epoch: 0484 train_loss= 1.44762 train_acc= 0.95000 val_loss= 1.87045 val_acc= 0.69800 time= 0.01771
Test results: cost= 1.85178 accuracy= 0.70800 time= 0.00943
Epoch: 0485 train_loss= 1.43200 train_acc= 0.95833 val_loss= 1.87051 val_acc= 0.69800 time= 0.01840
Test results: cost= 1.85183 accuracy= 0.70700 time= 0.00920
Epoch: 0486 train_loss= 1.43922 train_acc= 0.95000 val_loss= 1.87056 val_acc= 0.70000 time= 0.01788
Test results: cost= 1.85187 accuracy= 0.70700 time= 0.00936
Epoch: 0487 train_loss= 1.47575 train_acc= 0.95833 val_loss= 1.87064 val_acc= 0.70000 time= 0.01765
Test results: cost= 1.85195 accuracy= 0.70700 time= 0.00913
Epoch: 0488 train_loss= 1.44811 train_acc= 0.97500 val_loss= 1.87070 val_acc= 0.70000 time= 0.01817
Test results: cost= 1.85203 accuracy= 0.70700 time= 0.00913
Epoch: 0489 train_loss= 1.44749 train_acc= 0.95833 val_loss= 1.87074 val_acc= 0.69800 time= 0.01786
Test results: cost= 1.85208 accuracy= 0.70600 time= 0.00912
Epoch: 0490 train_loss= 1.43042 train_acc= 0.95000 val_loss= 1.87078 val_acc= 0.69800 time= 0.01754
Test results: cost= 1.85212 accuracy= 0.70700 time= 0.00938
Epoch: 0491 train_loss= 1.45253 train_acc= 0.95000 val_loss= 1.87082 val_acc= 0.69800 time= 0.01789
Test results: cost= 1.85217 accuracy= 0.70900 time= 0.00917
Epoch: 0492 train_loss= 1.43699 train_acc= 0.94167 val_loss= 1.87084 val_acc= 0.69800 time= 0.01812
Test results: cost= 1.85221 accuracy= 0.70900 time= 0.00922
Epoch: 0493 train_loss= 1.46415 train_acc= 0.95833 val_loss= 1.87080 val_acc= 0.69800 time= 0.01798
Test results: cost= 1.85219 accuracy= 0.70900 time= 0.00908
Epoch: 0494 train_loss= 1.44735 train_acc= 0.94167 val_loss= 1.87080 val_acc= 0.69800 time= 0.01763
Test results: cost= 1.85220 accuracy= 0.70900 time= 0.00918
Epoch: 0495 train_loss= 1.44842 train_acc= 0.96667 val_loss= 1.87074 val_acc= 0.70000 time= 0.01792
Test results: cost= 1.85216 accuracy= 0.70800 time= 0.00930
Epoch: 0496 train_loss= 1.45749 train_acc= 0.95833 val_loss= 1.87071 val_acc= 0.69800 time= 0.01794
Test results: cost= 1.85216 accuracy= 0.70800 time= 0.00907
Epoch: 0497 train_loss= 1.45903 train_acc= 0.95833 val_loss= 1.87065 val_acc= 0.69800 time= 0.01752
Test results: cost= 1.85214 accuracy= 0.70800 time= 0.00927
Epoch: 0498 train_loss= 1.44823 train_acc= 0.95833 val_loss= 1.87067 val_acc= 0.69800 time= 0.01858
Test results: cost= 1.85219 accuracy= 0.70700 time= 0.00944
Epoch: 0499 train_loss= 1.46047 train_acc= 0.94167 val_loss= 1.87068 val_acc= 0.69800 time= 0.01777
Test results: cost= 1.85222 accuracy= 0.70700 time= 0.00918
Epoch: 0500 train_loss= 1.45658 train_acc= 0.96667 val_loss= 1.87067 val_acc= 0.69800 time= 0.01812
Test results: cost= 1.85224 accuracy= 0.70600 time= 0.00917
best epoch: 448
best test: 0.70799977
Optimization Finished!
