
		{"dataset": "citeseer", "weight_decay": 0.0005, "hidden1": 16, "dropout": 0.5, "model": "gcn_mi1", "train_ratio": 20, "epochs": 500}
citeseer
{'dataset': 'citeseer', 'model': 'gcn_mi1', 'learning_rate': 0.01, 'epochs': 500, 'hidden1': 16, 'dropout': 0.5, 'weight_decay': 0.0005, 'early_stopping': 200, 'train_ratio': 20, 'repeat': 11}
500 500
Epoch: 0001 train_loss= 1.76779 train_acc= 0.17500 val_loss= 1.79248 val_acc= 0.47600 time= 0.03786
Test results: cost= 1.79218 accuracy= 0.49200 time= 0.00965
Epoch: 0002 train_loss= 1.75430 train_acc= 0.79167 val_loss= 1.78858 val_acc= 0.60200 time= 0.01903
Test results: cost= 1.78803 accuracy= 0.62100 time= 0.00924
Epoch: 0003 train_loss= 1.74201 train_acc= 0.95000 val_loss= 1.78577 val_acc= 0.63400 time= 0.01966
Test results: cost= 1.78498 accuracy= 0.66300 time= 0.01024
Epoch: 0004 train_loss= 1.73103 train_acc= 0.97500 val_loss= 1.78375 val_acc= 0.65400 time= 0.01955
Test results: cost= 1.78277 accuracy= 0.68300 time= 0.01015
Epoch: 0005 train_loss= 1.72037 train_acc= 0.96667 val_loss= 1.78229 val_acc= 0.67200 time= 0.01922
Test results: cost= 1.78116 accuracy= 0.69000 time= 0.01000
Epoch: 0006 train_loss= 1.70997 train_acc= 0.98333 val_loss= 1.78130 val_acc= 0.67800 time= 0.01968
Test results: cost= 1.78000 accuracy= 0.69400 time= 0.01018
Epoch: 0007 train_loss= 1.70290 train_acc= 0.99167 val_loss= 1.78065 val_acc= 0.67600 time= 0.01964
Test results: cost= 1.77918 accuracy= 0.69700 time= 0.01021
Epoch: 0008 train_loss= 1.69228 train_acc= 0.98333 val_loss= 1.78026 val_acc= 0.68400 time= 0.01960
Test results: cost= 1.77864 accuracy= 0.70200 time= 0.01078
Epoch: 0009 train_loss= 1.68525 train_acc= 0.97500 val_loss= 1.78006 val_acc= 0.68200 time= 0.01976
Test results: cost= 1.77832 accuracy= 0.70300 time= 0.01034
Epoch: 0010 train_loss= 1.67679 train_acc= 0.96667 val_loss= 1.78006 val_acc= 0.68400 time= 0.01936
Test results: cost= 1.77822 accuracy= 0.70100 time= 0.01020
Epoch: 0011 train_loss= 1.66974 train_acc= 0.98333 val_loss= 1.78020 val_acc= 0.68000 time= 0.01940
Test results: cost= 1.77825 accuracy= 0.70100 time= 0.01005
Epoch: 0012 train_loss= 1.66504 train_acc= 0.96667 val_loss= 1.78044 val_acc= 0.68200 time= 0.01930
Test results: cost= 1.77841 accuracy= 0.70300 time= 0.01005
Epoch: 0013 train_loss= 1.65773 train_acc= 0.98333 val_loss= 1.78078 val_acc= 0.68000 time= 0.01933
Test results: cost= 1.77865 accuracy= 0.70200 time= 0.01059
Epoch: 0014 train_loss= 1.65407 train_acc= 0.96667 val_loss= 1.78116 val_acc= 0.68600 time= 0.01982
Test results: cost= 1.77892 accuracy= 0.70000 time= 0.01039
Epoch: 0015 train_loss= 1.64604 train_acc= 0.98333 val_loss= 1.78158 val_acc= 0.69000 time= 0.01970
Test results: cost= 1.77924 accuracy= 0.70000 time= 0.01026
Epoch: 0016 train_loss= 1.63877 train_acc= 0.99167 val_loss= 1.78202 val_acc= 0.69000 time= 0.01953
Test results: cost= 1.77957 accuracy= 0.70100 time= 0.01016
Epoch: 0017 train_loss= 1.63365 train_acc= 0.97500 val_loss= 1.78249 val_acc= 0.69400 time= 0.01970
Test results: cost= 1.77993 accuracy= 0.70200 time= 0.01001
Epoch: 0018 train_loss= 1.62677 train_acc= 0.98333 val_loss= 1.78297 val_acc= 0.69400 time= 0.01940
Test results: cost= 1.78029 accuracy= 0.70100 time= 0.01022
Epoch: 0019 train_loss= 1.62793 train_acc= 0.97500 val_loss= 1.78345 val_acc= 0.69400 time= 0.01925
Test results: cost= 1.78065 accuracy= 0.70300 time= 0.01015
Epoch: 0020 train_loss= 1.61979 train_acc= 0.98333 val_loss= 1.78391 val_acc= 0.69600 time= 0.01943
Test results: cost= 1.78101 accuracy= 0.70100 time= 0.01023
Epoch: 0021 train_loss= 1.61540 train_acc= 0.95833 val_loss= 1.78431 val_acc= 0.69800 time= 0.01936
Test results: cost= 1.78131 accuracy= 0.70000 time= 0.01027
Epoch: 0022 train_loss= 1.60980 train_acc= 0.98333 val_loss= 1.78474 val_acc= 0.69800 time= 0.01989
Test results: cost= 1.78163 accuracy= 0.70000 time= 0.01012
Epoch: 0023 train_loss= 1.60730 train_acc= 0.97500 val_loss= 1.78518 val_acc= 0.70200 time= 0.02073
Test results: cost= 1.78198 accuracy= 0.70000 time= 0.01050
Epoch: 0024 train_loss= 1.59837 train_acc= 0.98333 val_loss= 1.78565 val_acc= 0.70400 time= 0.01982
Test results: cost= 1.78234 accuracy= 0.70300 time= 0.01006
Epoch: 0025 train_loss= 1.59806 train_acc= 0.96667 val_loss= 1.78609 val_acc= 0.70400 time= 0.01974
Test results: cost= 1.78268 accuracy= 0.70300 time= 0.01034
Epoch: 0026 train_loss= 1.59407 train_acc= 0.97500 val_loss= 1.78653 val_acc= 0.70400 time= 0.01963
Test results: cost= 1.78304 accuracy= 0.70300 time= 0.01030
Epoch: 0027 train_loss= 1.59523 train_acc= 0.98333 val_loss= 1.78698 val_acc= 0.70600 time= 0.01980
Test results: cost= 1.78340 accuracy= 0.70500 time= 0.01027
Epoch: 0028 train_loss= 1.59068 train_acc= 0.97500 val_loss= 1.78740 val_acc= 0.70600 time= 0.01944
Test results: cost= 1.78375 accuracy= 0.70400 time= 0.01007
Epoch: 0029 train_loss= 1.58555 train_acc= 0.98333 val_loss= 1.78779 val_acc= 0.70600 time= 0.01910
Test results: cost= 1.78408 accuracy= 0.70300 time= 0.01038
Epoch: 0030 train_loss= 1.58194 train_acc= 0.96667 val_loss= 1.78816 val_acc= 0.70400 time= 0.01982
Test results: cost= 1.78439 accuracy= 0.70400 time= 0.01001
Epoch: 0031 train_loss= 1.57153 train_acc= 0.97500 val_loss= 1.78855 val_acc= 0.70400 time= 0.02010
Test results: cost= 1.78472 accuracy= 0.70400 time= 0.00985
Epoch: 0032 train_loss= 1.57390 train_acc= 0.97500 val_loss= 1.78895 val_acc= 0.70800 time= 0.01965
Test results: cost= 1.78507 accuracy= 0.70400 time= 0.01007
Epoch: 0033 train_loss= 1.56986 train_acc= 0.98333 val_loss= 1.78939 val_acc= 0.71000 time= 0.01974
Test results: cost= 1.78545 accuracy= 0.70500 time= 0.01011
Epoch: 0034 train_loss= 1.57017 train_acc= 0.97500 val_loss= 1.78985 val_acc= 0.70800 time= 0.01962
Test results: cost= 1.78587 accuracy= 0.70400 time= 0.01034
Epoch: 0035 train_loss= 1.56739 train_acc= 0.97500 val_loss= 1.79032 val_acc= 0.71000 time= 0.01954
Test results: cost= 1.78628 accuracy= 0.70300 time= 0.01029
Epoch: 0036 train_loss= 1.56254 train_acc= 0.96667 val_loss= 1.79080 val_acc= 0.70800 time= 0.01983
Test results: cost= 1.78670 accuracy= 0.70200 time= 0.01011
Epoch: 0037 train_loss= 1.55543 train_acc= 0.97500 val_loss= 1.79130 val_acc= 0.70600 time= 0.01933
Test results: cost= 1.78715 accuracy= 0.70300 time= 0.01001
Epoch: 0038 train_loss= 1.56049 train_acc= 0.96667 val_loss= 1.79185 val_acc= 0.70600 time= 0.01944
Test results: cost= 1.78763 accuracy= 0.70400 time= 0.01021
Epoch: 0039 train_loss= 1.55941 train_acc= 0.96667 val_loss= 1.79239 val_acc= 0.70600 time= 0.01984
Test results: cost= 1.78810 accuracy= 0.70100 time= 0.01027
Epoch: 0040 train_loss= 1.55313 train_acc= 0.97500 val_loss= 1.79294 val_acc= 0.71000 time= 0.01953
Test results: cost= 1.78859 accuracy= 0.70200 time= 0.01023
Epoch: 0041 train_loss= 1.56401 train_acc= 0.98333 val_loss= 1.79348 val_acc= 0.70800 time= 0.01973
Test results: cost= 1.78906 accuracy= 0.70200 time= 0.01016
Epoch: 0042 train_loss= 1.54294 train_acc= 0.96667 val_loss= 1.79399 val_acc= 0.71000 time= 0.01967
Test results: cost= 1.78952 accuracy= 0.70200 time= 0.01015
Epoch: 0043 train_loss= 1.53889 train_acc= 0.97500 val_loss= 1.79453 val_acc= 0.70800 time= 0.01974
Test results: cost= 1.78999 accuracy= 0.70100 time= 0.01055
Epoch: 0044 train_loss= 1.54193 train_acc= 0.96667 val_loss= 1.79506 val_acc= 0.70600 time= 0.01964
Test results: cost= 1.79045 accuracy= 0.70000 time= 0.00993
Epoch: 0045 train_loss= 1.53287 train_acc= 0.96667 val_loss= 1.79559 val_acc= 0.70600 time= 0.01955
Test results: cost= 1.79094 accuracy= 0.70300 time= 0.01038
Epoch: 0046 train_loss= 1.54065 train_acc= 0.97500 val_loss= 1.79612 val_acc= 0.71200 time= 0.01962
Test results: cost= 1.79139 accuracy= 0.70100 time= 0.01002
Epoch: 0047 train_loss= 1.54230 train_acc= 0.95833 val_loss= 1.79664 val_acc= 0.71200 time= 0.01993
Test results: cost= 1.79187 accuracy= 0.70000 time= 0.01041
Epoch: 0048 train_loss= 1.53657 train_acc= 0.96667 val_loss= 1.79719 val_acc= 0.71400 time= 0.01972
Test results: cost= 1.79236 accuracy= 0.69800 time= 0.01000
Epoch: 0049 train_loss= 1.54079 train_acc= 0.97500 val_loss= 1.79775 val_acc= 0.71400 time= 0.01948
Test results: cost= 1.79288 accuracy= 0.69800 time= 0.01045
Epoch: 0050 train_loss= 1.52933 train_acc= 0.96667 val_loss= 1.79834 val_acc= 0.71200 time= 0.01905
Test results: cost= 1.79343 accuracy= 0.69600 time= 0.01016
Epoch: 0051 train_loss= 1.52974 train_acc= 0.96667 val_loss= 1.79893 val_acc= 0.71200 time= 0.01936
Test results: cost= 1.79399 accuracy= 0.69400 time= 0.01006
Epoch: 0052 train_loss= 1.51962 train_acc= 0.96667 val_loss= 1.79950 val_acc= 0.71200 time= 0.01953
Test results: cost= 1.79455 accuracy= 0.69300 time= 0.01010
Epoch: 0053 train_loss= 1.52234 train_acc= 0.96667 val_loss= 1.80012 val_acc= 0.71000 time= 0.01954
Test results: cost= 1.79515 accuracy= 0.69400 time= 0.01012
Epoch: 0054 train_loss= 1.51990 train_acc= 0.97500 val_loss= 1.80072 val_acc= 0.71000 time= 0.02007
Test results: cost= 1.79573 accuracy= 0.69400 time= 0.00997
Epoch: 0055 train_loss= 1.53126 train_acc= 0.95833 val_loss= 1.80131 val_acc= 0.71200 time= 0.01942
Test results: cost= 1.79629 accuracy= 0.69600 time= 0.01035
Epoch: 0056 train_loss= 1.52097 train_acc= 0.95000 val_loss= 1.80187 val_acc= 0.71200 time= 0.01947
Test results: cost= 1.79683 accuracy= 0.69500 time= 0.01030
Epoch: 0057 train_loss= 1.53115 train_acc= 0.95833 val_loss= 1.80240 val_acc= 0.71400 time= 0.01944
Test results: cost= 1.79734 accuracy= 0.69500 time= 0.01036
Epoch: 0058 train_loss= 1.52600 train_acc= 0.95000 val_loss= 1.80291 val_acc= 0.71200 time= 0.01986
Test results: cost= 1.79782 accuracy= 0.69500 time= 0.01028
Epoch: 0059 train_loss= 1.51207 train_acc= 0.96667 val_loss= 1.80345 val_acc= 0.71200 time= 0.01945
Test results: cost= 1.79833 accuracy= 0.69500 time= 0.00993
Epoch: 0060 train_loss= 1.52933 train_acc= 0.95833 val_loss= 1.80396 val_acc= 0.71400 time= 0.01952
Test results: cost= 1.79880 accuracy= 0.69600 time= 0.00990
Epoch: 0061 train_loss= 1.50297 train_acc= 0.95000 val_loss= 1.80447 val_acc= 0.71400 time= 0.01939
Test results: cost= 1.79927 accuracy= 0.69500 time= 0.01043
Epoch: 0062 train_loss= 1.50791 train_acc= 0.96667 val_loss= 1.80498 val_acc= 0.71400 time= 0.01929
Test results: cost= 1.79972 accuracy= 0.69500 time= 0.01002
Epoch: 0063 train_loss= 1.51348 train_acc= 0.95833 val_loss= 1.80547 val_acc= 0.71400 time= 0.01908
Test results: cost= 1.80016 accuracy= 0.69700 time= 0.01008
Epoch: 0064 train_loss= 1.51105 train_acc= 0.95833 val_loss= 1.80594 val_acc= 0.71200 time= 0.01966
Test results: cost= 1.80060 accuracy= 0.69900 time= 0.01040
Epoch: 0065 train_loss= 1.51355 train_acc= 0.96667 val_loss= 1.80644 val_acc= 0.71200 time= 0.01960
Test results: cost= 1.80105 accuracy= 0.69900 time= 0.01046
Epoch: 0066 train_loss= 1.49969 train_acc= 0.95833 val_loss= 1.80694 val_acc= 0.71200 time= 0.01989
Test results: cost= 1.80150 accuracy= 0.69900 time= 0.01024
Epoch: 0067 train_loss= 1.50467 train_acc= 0.97500 val_loss= 1.80740 val_acc= 0.71200 time= 0.02016
Test results: cost= 1.80192 accuracy= 0.70000 time= 0.00999
Epoch: 0068 train_loss= 1.50645 train_acc= 0.96667 val_loss= 1.80784 val_acc= 0.71400 time= 0.01940
Test results: cost= 1.80232 accuracy= 0.70200 time= 0.00998
Epoch: 0069 train_loss= 1.50535 train_acc= 0.95833 val_loss= 1.80830 val_acc= 0.71400 time= 0.01972
Test results: cost= 1.80271 accuracy= 0.70400 time= 0.01037
Epoch: 0070 train_loss= 1.48161 train_acc= 0.96667 val_loss= 1.80879 val_acc= 0.71200 time= 0.01972
Test results: cost= 1.80314 accuracy= 0.70400 time= 0.01030
Epoch: 0071 train_loss= 1.49778 train_acc= 0.96667 val_loss= 1.80928 val_acc= 0.71200 time= 0.02009
Test results: cost= 1.80357 accuracy= 0.70500 time= 0.01015
Epoch: 0072 train_loss= 1.49434 train_acc= 0.96667 val_loss= 1.80980 val_acc= 0.71200 time= 0.01946
Test results: cost= 1.80401 accuracy= 0.70500 time= 0.01012
Epoch: 0073 train_loss= 1.49659 train_acc= 0.96667 val_loss= 1.81032 val_acc= 0.71400 time= 0.01965
Test results: cost= 1.80444 accuracy= 0.70600 time= 0.01011
Epoch: 0074 train_loss= 1.47810 train_acc= 0.96667 val_loss= 1.81084 val_acc= 0.71400 time= 0.01940
Test results: cost= 1.80488 accuracy= 0.70700 time= 0.01001
Epoch: 0075 train_loss= 1.50274 train_acc= 0.95833 val_loss= 1.81135 val_acc= 0.71600 time= 0.01933
Test results: cost= 1.80528 accuracy= 0.70800 time= 0.01009
Epoch: 0076 train_loss= 1.48657 train_acc= 0.97500 val_loss= 1.81183 val_acc= 0.71400 time= 0.01958
Test results: cost= 1.80568 accuracy= 0.70900 time= 0.01025
Epoch: 0077 train_loss= 1.49043 train_acc= 0.96667 val_loss= 1.81238 val_acc= 0.71400 time= 0.01898
Test results: cost= 1.80614 accuracy= 0.70900 time= 0.00995
Epoch: 0078 train_loss= 1.49399 train_acc= 0.95833 val_loss= 1.81286 val_acc= 0.71400 time= 0.01932
Test results: cost= 1.80655 accuracy= 0.70900 time= 0.01037
Epoch: 0079 train_loss= 1.48712 train_acc= 0.96667 val_loss= 1.81336 val_acc= 0.71400 time= 0.01975
Test results: cost= 1.80695 accuracy= 0.70900 time= 0.00993
Epoch: 0080 train_loss= 1.49038 train_acc= 0.97500 val_loss= 1.81385 val_acc= 0.71400 time= 0.01989
Test results: cost= 1.80735 accuracy= 0.70900 time= 0.01024
Epoch: 0081 train_loss= 1.50247 train_acc= 0.95833 val_loss= 1.81432 val_acc= 0.71400 time= 0.01934
Test results: cost= 1.80774 accuracy= 0.71000 time= 0.01007
Epoch: 0082 train_loss= 1.48008 train_acc= 0.95833 val_loss= 1.81477 val_acc= 0.71400 time= 0.01931
Test results: cost= 1.80811 accuracy= 0.70900 time= 0.00995
Epoch: 0083 train_loss= 1.48470 train_acc= 0.95833 val_loss= 1.81522 val_acc= 0.71400 time= 0.01976
Test results: cost= 1.80847 accuracy= 0.71000 time= 0.01004
Epoch: 0084 train_loss= 1.49040 train_acc= 0.95833 val_loss= 1.81564 val_acc= 0.71400 time= 0.01956
Test results: cost= 1.80881 accuracy= 0.71100 time= 0.01043
Epoch: 0085 train_loss= 1.49648 train_acc= 0.96667 val_loss= 1.81601 val_acc= 0.71600 time= 0.01999
Test results: cost= 1.80912 accuracy= 0.71200 time= 0.01029
Epoch: 0086 train_loss= 1.48705 train_acc= 0.95833 val_loss= 1.81638 val_acc= 0.71600 time= 0.01951
Test results: cost= 1.80944 accuracy= 0.71200 time= 0.01019
Epoch: 0087 train_loss= 1.47415 train_acc= 0.95000 val_loss= 1.81675 val_acc= 0.71600 time= 0.01945
Test results: cost= 1.80977 accuracy= 0.71200 time= 0.01018
Epoch: 0088 train_loss= 1.47865 train_acc= 0.96667 val_loss= 1.81712 val_acc= 0.71400 time= 0.01928
Test results: cost= 1.81012 accuracy= 0.71200 time= 0.01010
Epoch: 0089 train_loss= 1.48784 train_acc= 0.95833 val_loss= 1.81746 val_acc= 0.71400 time= 0.01979
Test results: cost= 1.81045 accuracy= 0.71100 time= 0.01036
Epoch: 0090 train_loss= 1.47906 train_acc= 0.96667 val_loss= 1.81776 val_acc= 0.71600 time= 0.02026
Test results: cost= 1.81072 accuracy= 0.71000 time= 0.01040
Epoch: 0091 train_loss= 1.49051 train_acc= 0.95833 val_loss= 1.81803 val_acc= 0.71600 time= 0.01960
Test results: cost= 1.81098 accuracy= 0.71100 time= 0.01009
Epoch: 0092 train_loss= 1.48553 train_acc= 0.95833 val_loss= 1.81829 val_acc= 0.71600 time= 0.01957
Test results: cost= 1.81123 accuracy= 0.71200 time= 0.01025
Epoch: 0093 train_loss= 1.47564 train_acc= 0.95000 val_loss= 1.81855 val_acc= 0.71600 time= 0.01981
Test results: cost= 1.81149 accuracy= 0.71000 time= 0.01018
Epoch: 0094 train_loss= 1.48455 train_acc= 0.97500 val_loss= 1.81883 val_acc= 0.71800 time= 0.01934
Test results: cost= 1.81175 accuracy= 0.71100 time= 0.01031
Epoch: 0095 train_loss= 1.48582 train_acc= 0.95833 val_loss= 1.81911 val_acc= 0.72000 time= 0.01956
Test results: cost= 1.81200 accuracy= 0.71200 time= 0.01045
Epoch: 0096 train_loss= 1.48642 train_acc= 0.96667 val_loss= 1.81938 val_acc= 0.72000 time= 0.01960
Test results: cost= 1.81223 accuracy= 0.71100 time= 0.00983
Epoch: 0097 train_loss= 1.47530 train_acc= 0.95000 val_loss= 1.81962 val_acc= 0.72000 time= 0.01962
Test results: cost= 1.81245 accuracy= 0.71100 time= 0.01051
Epoch: 0098 train_loss= 1.47520 train_acc= 0.96667 val_loss= 1.81988 val_acc= 0.72200 time= 0.02013
Test results: cost= 1.81268 accuracy= 0.71000 time= 0.01025
Epoch: 0099 train_loss= 1.46800 train_acc= 0.96667 val_loss= 1.82017 val_acc= 0.72200 time= 0.01952
Test results: cost= 1.81293 accuracy= 0.71100 time= 0.00997
Epoch: 0100 train_loss= 1.47221 train_acc= 0.95000 val_loss= 1.82049 val_acc= 0.72200 time= 0.02031
Test results: cost= 1.81320 accuracy= 0.71200 time= 0.01035
Epoch: 0101 train_loss= 1.47382 train_acc= 0.96667 val_loss= 1.82080 val_acc= 0.72000 time= 0.01981
Test results: cost= 1.81347 accuracy= 0.71200 time= 0.01020
Epoch: 0102 train_loss= 1.46818 train_acc= 0.97500 val_loss= 1.82118 val_acc= 0.72000 time= 0.01971
Test results: cost= 1.81376 accuracy= 0.71100 time= 0.01041
Epoch: 0103 train_loss= 1.46708 train_acc= 0.95833 val_loss= 1.82154 val_acc= 0.72000 time= 0.01946
Test results: cost= 1.81404 accuracy= 0.71000 time= 0.01031
Epoch: 0104 train_loss= 1.47529 train_acc= 0.95833 val_loss= 1.82187 val_acc= 0.72000 time= 0.01943
Test results: cost= 1.81430 accuracy= 0.71000 time= 0.01019
Epoch: 0105 train_loss= 1.48272 train_acc= 0.95833 val_loss= 1.82219 val_acc= 0.72000 time= 0.02000
Test results: cost= 1.81454 accuracy= 0.71000 time= 0.01003
Epoch: 0106 train_loss= 1.47347 train_acc= 0.95000 val_loss= 1.82250 val_acc= 0.72000 time= 0.01943
Test results: cost= 1.81476 accuracy= 0.71000 time= 0.01025
Epoch: 0107 train_loss= 1.47297 train_acc= 0.96667 val_loss= 1.82280 val_acc= 0.72000 time= 0.01956
Test results: cost= 1.81498 accuracy= 0.71100 time= 0.01001
Epoch: 0108 train_loss= 1.46514 train_acc= 0.97500 val_loss= 1.82311 val_acc= 0.72000 time= 0.01982
Test results: cost= 1.81519 accuracy= 0.70900 time= 0.01027
Epoch: 0109 train_loss= 1.46951 train_acc= 0.96667 val_loss= 1.82344 val_acc= 0.71600 time= 0.01976
Test results: cost= 1.81544 accuracy= 0.70900 time= 0.01023
Epoch: 0110 train_loss= 1.46851 train_acc= 0.95000 val_loss= 1.82376 val_acc= 0.71600 time= 0.01922
Test results: cost= 1.81569 accuracy= 0.70900 time= 0.01000
Epoch: 0111 train_loss= 1.46728 train_acc= 0.96667 val_loss= 1.82406 val_acc= 0.71600 time= 0.01945
Test results: cost= 1.81595 accuracy= 0.70900 time= 0.01038
Epoch: 0112 train_loss= 1.45820 train_acc= 0.95833 val_loss= 1.82434 val_acc= 0.71600 time= 0.01999
Test results: cost= 1.81619 accuracy= 0.70800 time= 0.01034
Epoch: 0113 train_loss= 1.46596 train_acc= 0.95000 val_loss= 1.82464 val_acc= 0.71400 time= 0.01948
Test results: cost= 1.81643 accuracy= 0.70800 time= 0.01032
Epoch: 0114 train_loss= 1.46952 train_acc= 0.95833 val_loss= 1.82491 val_acc= 0.71400 time= 0.01975
Test results: cost= 1.81665 accuracy= 0.70800 time= 0.01033
Epoch: 0115 train_loss= 1.47935 train_acc= 0.95000 val_loss= 1.82517 val_acc= 0.71400 time= 0.01961
Test results: cost= 1.81686 accuracy= 0.70800 time= 0.01027
Epoch: 0116 train_loss= 1.45822 train_acc= 0.95000 val_loss= 1.82547 val_acc= 0.71600 time= 0.01930
Test results: cost= 1.81709 accuracy= 0.70700 time= 0.01022
Epoch: 0117 train_loss= 1.45673 train_acc= 0.95833 val_loss= 1.82575 val_acc= 0.71800 time= 0.01962
Test results: cost= 1.81731 accuracy= 0.70700 time= 0.01002
Epoch: 0118 train_loss= 1.45162 train_acc= 0.96667 val_loss= 1.82605 val_acc= 0.71600 time= 0.01913
Test results: cost= 1.81754 accuracy= 0.70700 time= 0.00992
Epoch: 0119 train_loss= 1.44792 train_acc= 0.95833 val_loss= 1.82634 val_acc= 0.71600 time= 0.02037
Test results: cost= 1.81775 accuracy= 0.70800 time= 0.01023
Epoch: 0120 train_loss= 1.45354 train_acc= 0.96667 val_loss= 1.82662 val_acc= 0.71400 time= 0.02050
Test results: cost= 1.81798 accuracy= 0.70700 time= 0.01003
Epoch: 0121 train_loss= 1.46837 train_acc= 0.97500 val_loss= 1.82691 val_acc= 0.71400 time= 0.01968
Test results: cost= 1.81820 accuracy= 0.70800 time= 0.01037
Epoch: 0122 train_loss= 1.48176 train_acc= 0.95000 val_loss= 1.82715 val_acc= 0.71400 time= 0.01931
Test results: cost= 1.81840 accuracy= 0.70800 time= 0.01023
Epoch: 0123 train_loss= 1.45665 train_acc= 0.95833 val_loss= 1.82738 val_acc= 0.71400 time= 0.01981
Test results: cost= 1.81857 accuracy= 0.70900 time= 0.01024
Epoch: 0124 train_loss= 1.46363 train_acc= 0.97500 val_loss= 1.82762 val_acc= 0.71600 time= 0.01969
Test results: cost= 1.81876 accuracy= 0.71000 time= 0.01010
Epoch: 0125 train_loss= 1.45819 train_acc= 0.95833 val_loss= 1.82785 val_acc= 0.71600 time= 0.01983
Test results: cost= 1.81894 accuracy= 0.71000 time= 0.01040
Epoch: 0126 train_loss= 1.45195 train_acc= 0.96667 val_loss= 1.82809 val_acc= 0.71800 time= 0.01965
Test results: cost= 1.81913 accuracy= 0.71000 time= 0.01026
Epoch: 0127 train_loss= 1.46833 train_acc= 0.96667 val_loss= 1.82833 val_acc= 0.71800 time= 0.01949
Test results: cost= 1.81930 accuracy= 0.71100 time= 0.01045
Epoch: 0128 train_loss= 1.45989 train_acc= 0.95833 val_loss= 1.82856 val_acc= 0.71800 time= 0.01913
Test results: cost= 1.81946 accuracy= 0.71100 time= 0.01031
Epoch: 0129 train_loss= 1.45049 train_acc= 0.97500 val_loss= 1.82871 val_acc= 0.71800 time= 0.01899
Test results: cost= 1.81955 accuracy= 0.71200 time= 0.01102
Epoch: 0130 train_loss= 1.43999 train_acc= 0.95833 val_loss= 1.82891 val_acc= 0.71800 time= 0.01982
Test results: cost= 1.81967 accuracy= 0.71300 time= 0.01045
Epoch: 0131 train_loss= 1.45803 train_acc= 0.95833 val_loss= 1.82909 val_acc= 0.71800 time= 0.02002
Test results: cost= 1.81979 accuracy= 0.71200 time= 0.00981
Epoch: 0132 train_loss= 1.46208 train_acc= 0.94167 val_loss= 1.82930 val_acc= 0.71800 time= 0.02015
Test results: cost= 1.81994 accuracy= 0.71300 time= 0.01034
Epoch: 0133 train_loss= 1.43956 train_acc= 0.95833 val_loss= 1.82956 val_acc= 0.71600 time= 0.01993
Test results: cost= 1.82013 accuracy= 0.71300 time= 0.01005
Epoch: 0134 train_loss= 1.45975 train_acc= 0.96667 val_loss= 1.82979 val_acc= 0.71600 time= 0.01916
Test results: cost= 1.82031 accuracy= 0.71400 time= 0.00996
Epoch: 0135 train_loss= 1.46553 train_acc= 0.96667 val_loss= 1.82999 val_acc= 0.71600 time= 0.01970
Test results: cost= 1.82043 accuracy= 0.71400 time= 0.01011
Epoch: 0136 train_loss= 1.45066 train_acc= 0.96667 val_loss= 1.83017 val_acc= 0.71600 time= 0.01953
Test results: cost= 1.82054 accuracy= 0.71400 time= 0.01032
Epoch: 0137 train_loss= 1.45032 train_acc= 0.95833 val_loss= 1.83036 val_acc= 0.71400 time= 0.01984
Test results: cost= 1.82068 accuracy= 0.71400 time= 0.01012
Epoch: 0138 train_loss= 1.44877 train_acc= 0.95833 val_loss= 1.83054 val_acc= 0.71200 time= 0.01969
Test results: cost= 1.82079 accuracy= 0.71400 time= 0.01003
Epoch: 0139 train_loss= 1.44725 train_acc= 0.95000 val_loss= 1.83070 val_acc= 0.71200 time= 0.01955
Test results: cost= 1.82089 accuracy= 0.71200 time= 0.01036
Epoch: 0140 train_loss= 1.46974 train_acc= 0.95833 val_loss= 1.83089 val_acc= 0.71000 time= 0.01904
Test results: cost= 1.82102 accuracy= 0.71400 time= 0.00994
Epoch: 0141 train_loss= 1.46138 train_acc= 0.96667 val_loss= 1.83100 val_acc= 0.71000 time= 0.01972
Test results: cost= 1.82109 accuracy= 0.71500 time= 0.01038
Epoch: 0142 train_loss= 1.44919 train_acc= 0.93333 val_loss= 1.83109 val_acc= 0.71000 time= 0.02030
Test results: cost= 1.82114 accuracy= 0.71300 time= 0.01029
Epoch: 0143 train_loss= 1.45387 train_acc= 0.95833 val_loss= 1.83116 val_acc= 0.71000 time= 0.01974
Test results: cost= 1.82118 accuracy= 0.71200 time= 0.01048
Epoch: 0144 train_loss= 1.45329 train_acc= 0.96667 val_loss= 1.83123 val_acc= 0.71000 time= 0.01940
Test results: cost= 1.82123 accuracy= 0.71200 time= 0.01007
Epoch: 0145 train_loss= 1.44841 train_acc= 0.95833 val_loss= 1.83132 val_acc= 0.70600 time= 0.02049
Test results: cost= 1.82132 accuracy= 0.71100 time= 0.01041
Epoch: 0146 train_loss= 1.44948 train_acc= 0.95833 val_loss= 1.83141 val_acc= 0.70600 time= 0.01972
Test results: cost= 1.82140 accuracy= 0.71100 time= 0.01035
Epoch: 0147 train_loss= 1.44421 train_acc= 0.96667 val_loss= 1.83148 val_acc= 0.70400 time= 0.01921
Test results: cost= 1.82147 accuracy= 0.71100 time= 0.01019
Epoch: 0148 train_loss= 1.44626 train_acc= 0.97500 val_loss= 1.83156 val_acc= 0.70600 time= 0.01992
Test results: cost= 1.82156 accuracy= 0.71100 time= 0.01040
Epoch: 0149 train_loss= 1.46328 train_acc= 0.94167 val_loss= 1.83160 val_acc= 0.70800 time= 0.01928
Test results: cost= 1.82162 accuracy= 0.71300 time= 0.01028
Epoch: 0150 train_loss= 1.45059 train_acc= 0.95000 val_loss= 1.83162 val_acc= 0.70800 time= 0.01951
Test results: cost= 1.82166 accuracy= 0.71200 time= 0.01011
Epoch: 0151 train_loss= 1.45411 train_acc= 0.96667 val_loss= 1.83166 val_acc= 0.70800 time= 0.02005
Test results: cost= 1.82171 accuracy= 0.71300 time= 0.01061
Epoch: 0152 train_loss= 1.42232 train_acc= 0.95833 val_loss= 1.83174 val_acc= 0.71200 time= 0.01947
Test results: cost= 1.82179 accuracy= 0.71300 time= 0.01028
Epoch: 0153 train_loss= 1.45549 train_acc= 0.95833 val_loss= 1.83178 val_acc= 0.71400 time= 0.01919
Test results: cost= 1.82184 accuracy= 0.71400 time= 0.01031
Epoch: 0154 train_loss= 1.46658 train_acc= 0.94167 val_loss= 1.83182 val_acc= 0.71400 time= 0.01967
Test results: cost= 1.82189 accuracy= 0.71400 time= 0.00988
Epoch: 0155 train_loss= 1.44868 train_acc= 0.95833 val_loss= 1.83186 val_acc= 0.71400 time= 0.01963
Test results: cost= 1.82195 accuracy= 0.71500 time= 0.00991
Epoch: 0156 train_loss= 1.45916 train_acc= 0.95833 val_loss= 1.83189 val_acc= 0.71600 time= 0.01968
Test results: cost= 1.82197 accuracy= 0.71600 time= 0.01010
Epoch: 0157 train_loss= 1.45187 train_acc= 0.97500 val_loss= 1.83192 val_acc= 0.71800 time= 0.01964
Test results: cost= 1.82199 accuracy= 0.71600 time= 0.01045
Epoch: 0158 train_loss= 1.43765 train_acc= 0.95833 val_loss= 1.83198 val_acc= 0.71800 time= 0.01946
Test results: cost= 1.82203 accuracy= 0.71600 time= 0.01010
Epoch: 0159 train_loss= 1.44099 train_acc= 0.96667 val_loss= 1.83209 val_acc= 0.71800 time= 0.01972
Test results: cost= 1.82211 accuracy= 0.71500 time= 0.01012
Epoch: 0160 train_loss= 1.45152 train_acc= 0.95833 val_loss= 1.83218 val_acc= 0.71800 time= 0.02009
Test results: cost= 1.82219 accuracy= 0.71400 time= 0.01036
Epoch: 0161 train_loss= 1.46057 train_acc= 0.95000 val_loss= 1.83229 val_acc= 0.71800 time= 0.01913
Test results: cost= 1.82227 accuracy= 0.71300 time= 0.01011
Epoch: 0162 train_loss= 1.43085 train_acc= 0.95833 val_loss= 1.83240 val_acc= 0.72000 time= 0.01968
Test results: cost= 1.82235 accuracy= 0.71400 time= 0.01006
Epoch: 0163 train_loss= 1.43416 train_acc= 0.95833 val_loss= 1.83250 val_acc= 0.72000 time= 0.01966
Test results: cost= 1.82242 accuracy= 0.71300 time= 0.01010
Epoch: 0164 train_loss= 1.46141 train_acc= 0.95833 val_loss= 1.83258 val_acc= 0.72200 time= 0.01962
Test results: cost= 1.82248 accuracy= 0.71300 time= 0.01030
Epoch: 0165 train_loss= 1.42835 train_acc= 0.97500 val_loss= 1.83270 val_acc= 0.72200 time= 0.01990
Test results: cost= 1.82254 accuracy= 0.71300 time= 0.00994
Epoch: 0166 train_loss= 1.43652 train_acc= 0.95833 val_loss= 1.83281 val_acc= 0.72200 time= 0.01968
Test results: cost= 1.82259 accuracy= 0.71200 time= 0.01002
Epoch: 0167 train_loss= 1.43846 train_acc= 0.95000 val_loss= 1.83291 val_acc= 0.72200 time= 0.01986
Test results: cost= 1.82263 accuracy= 0.71100 time= 0.01002
Epoch: 0168 train_loss= 1.43774 train_acc= 0.94167 val_loss= 1.83301 val_acc= 0.72800 time= 0.01982
Test results: cost= 1.82266 accuracy= 0.71100 time= 0.00999
Epoch: 0169 train_loss= 1.43203 train_acc= 0.96667 val_loss= 1.83318 val_acc= 0.72800 time= 0.02040
Test results: cost= 1.82274 accuracy= 0.71100 time= 0.01010
Epoch: 0170 train_loss= 1.45011 train_acc= 0.95000 val_loss= 1.83333 val_acc= 0.72600 time= 0.01950
Test results: cost= 1.82282 accuracy= 0.71100 time= 0.01031
Epoch: 0171 train_loss= 1.44137 train_acc= 0.95833 val_loss= 1.83349 val_acc= 0.72600 time= 0.01948
Test results: cost= 1.82291 accuracy= 0.71200 time= 0.01001
Epoch: 0172 train_loss= 1.43039 train_acc= 0.96667 val_loss= 1.83366 val_acc= 0.72800 time= 0.01910
Test results: cost= 1.82302 accuracy= 0.71300 time= 0.01016
Epoch: 0173 train_loss= 1.43337 train_acc= 0.95833 val_loss= 1.83383 val_acc= 0.72800 time= 0.01961
Test results: cost= 1.82313 accuracy= 0.71300 time= 0.01015
Epoch: 0174 train_loss= 1.45391 train_acc= 0.95833 val_loss= 1.83396 val_acc= 0.72800 time= 0.02037
Test results: cost= 1.82321 accuracy= 0.71300 time= 0.01041
Epoch: 0175 train_loss= 1.43895 train_acc= 0.95000 val_loss= 1.83410 val_acc= 0.72800 time= 0.01966
Test results: cost= 1.82328 accuracy= 0.71300 time= 0.01010
Epoch: 0176 train_loss= 1.43633 train_acc= 0.95000 val_loss= 1.83427 val_acc= 0.72800 time= 0.01980
Test results: cost= 1.82337 accuracy= 0.71300 time= 0.01035
Epoch: 0177 train_loss= 1.43055 train_acc= 0.95000 val_loss= 1.83449 val_acc= 0.72800 time= 0.01961
Test results: cost= 1.82351 accuracy= 0.71300 time= 0.01011
Epoch: 0178 train_loss= 1.44951 train_acc= 0.95833 val_loss= 1.83470 val_acc= 0.72800 time= 0.01948
Test results: cost= 1.82365 accuracy= 0.71400 time= 0.01033
Epoch: 0179 train_loss= 1.43847 train_acc= 0.96667 val_loss= 1.83492 val_acc= 0.72800 time= 0.01988
Test results: cost= 1.82379 accuracy= 0.71500 time= 0.01002
Epoch: 0180 train_loss= 1.45254 train_acc= 0.94167 val_loss= 1.83511 val_acc= 0.72800 time= 0.01976
Test results: cost= 1.82392 accuracy= 0.71500 time= 0.01045
Epoch: 0181 train_loss= 1.44985 train_acc= 0.95000 val_loss= 1.83527 val_acc= 0.72800 time= 0.01930
Test results: cost= 1.82402 accuracy= 0.71700 time= 0.01056
Epoch: 0182 train_loss= 1.45150 train_acc= 0.96667 val_loss= 1.83541 val_acc= 0.72800 time= 0.01971
Test results: cost= 1.82411 accuracy= 0.71600 time= 0.01053
Epoch: 0183 train_loss= 1.43213 train_acc= 0.97500 val_loss= 1.83555 val_acc= 0.72400 time= 0.02028
Test results: cost= 1.82422 accuracy= 0.71600 time= 0.00985
Epoch: 0184 train_loss= 1.43992 train_acc= 0.96667 val_loss= 1.83570 val_acc= 0.72400 time= 0.02007
Test results: cost= 1.82434 accuracy= 0.71600 time= 0.01042
Epoch: 0185 train_loss= 1.43884 train_acc= 0.94167 val_loss= 1.83585 val_acc= 0.72400 time= 0.02005
Test results: cost= 1.82447 accuracy= 0.71600 time= 0.01037
Epoch: 0186 train_loss= 1.44441 train_acc= 0.95833 val_loss= 1.83600 val_acc= 0.72400 time= 0.01909
Test results: cost= 1.82459 accuracy= 0.71600 time= 0.01012
Epoch: 0187 train_loss= 1.46435 train_acc= 0.93333 val_loss= 1.83607 val_acc= 0.72600 time= 0.01965
Test results: cost= 1.82464 accuracy= 0.71600 time= 0.01029
Epoch: 0188 train_loss= 1.43216 train_acc= 0.96667 val_loss= 1.83618 val_acc= 0.72600 time= 0.01969
Test results: cost= 1.82473 accuracy= 0.71500 time= 0.00984
Epoch: 0189 train_loss= 1.44144 train_acc= 0.94167 val_loss= 1.83623 val_acc= 0.72600 time= 0.01920
Test results: cost= 1.82477 accuracy= 0.71600 time= 0.01020
Epoch: 0190 train_loss= 1.41933 train_acc= 0.95833 val_loss= 1.83630 val_acc= 0.72600 time= 0.01985
Test results: cost= 1.82482 accuracy= 0.71800 time= 0.01003
Epoch: 0191 train_loss= 1.44193 train_acc= 0.96667 val_loss= 1.83638 val_acc= 0.72600 time= 0.01951
Test results: cost= 1.82489 accuracy= 0.71700 time= 0.01007
Epoch: 0192 train_loss= 1.44358 train_acc= 0.97500 val_loss= 1.83642 val_acc= 0.72800 time= 0.01984
Test results: cost= 1.82493 accuracy= 0.71600 time= 0.01019
Epoch: 0193 train_loss= 1.44759 train_acc= 0.95000 val_loss= 1.83646 val_acc= 0.72800 time= 0.01924
Test results: cost= 1.82496 accuracy= 0.71500 time= 0.01011
Epoch: 0194 train_loss= 1.44572 train_acc= 0.94167 val_loss= 1.83647 val_acc= 0.72600 time= 0.01972
Test results: cost= 1.82496 accuracy= 0.71500 time= 0.01005
Epoch: 0195 train_loss= 1.43150 train_acc= 0.95833 val_loss= 1.83649 val_acc= 0.72600 time= 0.01964
Test results: cost= 1.82497 accuracy= 0.71500 time= 0.01043
Epoch: 0196 train_loss= 1.45392 train_acc= 0.95833 val_loss= 1.83646 val_acc= 0.72600 time= 0.01926
Test results: cost= 1.82493 accuracy= 0.71400 time= 0.00998
Epoch: 0197 train_loss= 1.44719 train_acc= 0.95833 val_loss= 1.83643 val_acc= 0.72600 time= 0.01957
Test results: cost= 1.82490 accuracy= 0.71500 time= 0.01016
Epoch: 0198 train_loss= 1.43553 train_acc= 0.95833 val_loss= 1.83639 val_acc= 0.72600 time= 0.01992
Test results: cost= 1.82486 accuracy= 0.71600 time= 0.01046
Epoch: 0199 train_loss= 1.43857 train_acc= 0.94167 val_loss= 1.83637 val_acc= 0.72600 time= 0.01957
Test results: cost= 1.82484 accuracy= 0.71600 time= 0.01024
Epoch: 0200 train_loss= 1.43012 train_acc= 0.94167 val_loss= 1.83632 val_acc= 0.72600 time= 0.01906
Test results: cost= 1.82482 accuracy= 0.71600 time= 0.00988
Epoch: 0201 train_loss= 1.43223 train_acc= 0.95000 val_loss= 1.83628 val_acc= 0.72600 time= 0.01914
Test results: cost= 1.82482 accuracy= 0.71300 time= 0.00998
Epoch: 0202 train_loss= 1.42839 train_acc= 0.95833 val_loss= 1.83624 val_acc= 0.72600 time= 0.01960
Test results: cost= 1.82480 accuracy= 0.71200 time= 0.01007
Epoch: 0203 train_loss= 1.43571 train_acc= 0.97500 val_loss= 1.83621 val_acc= 0.72600 time= 0.01962
Test results: cost= 1.82479 accuracy= 0.71400 time= 0.01062
Epoch: 0204 train_loss= 1.43553 train_acc= 0.95833 val_loss= 1.83617 val_acc= 0.72200 time= 0.01910
Test results: cost= 1.82479 accuracy= 0.71400 time= 0.00997
Epoch: 0205 train_loss= 1.43416 train_acc= 0.96667 val_loss= 1.83613 val_acc= 0.72200 time= 0.01946
Test results: cost= 1.82479 accuracy= 0.71400 time= 0.01003
Epoch: 0206 train_loss= 1.43656 train_acc= 0.95833 val_loss= 1.83612 val_acc= 0.72200 time= 0.01982
Test results: cost= 1.82480 accuracy= 0.71400 time= 0.01001
Epoch: 0207 train_loss= 1.44109 train_acc= 0.95833 val_loss= 1.83614 val_acc= 0.72200 time= 0.01928
Test results: cost= 1.82481 accuracy= 0.71400 time= 0.01027
Epoch: 0208 train_loss= 1.45038 train_acc= 0.95000 val_loss= 1.83619 val_acc= 0.72200 time= 0.01962
Test results: cost= 1.82484 accuracy= 0.71400 time= 0.01020
Epoch: 0209 train_loss= 1.43404 train_acc= 0.94167 val_loss= 1.83624 val_acc= 0.72200 time= 0.01958
Test results: cost= 1.82486 accuracy= 0.71400 time= 0.01022
Epoch: 0210 train_loss= 1.44067 train_acc= 0.95000 val_loss= 1.83629 val_acc= 0.72400 time= 0.02011
Test results: cost= 1.82490 accuracy= 0.71500 time= 0.01026
Epoch: 0211 train_loss= 1.44088 train_acc= 0.95000 val_loss= 1.83631 val_acc= 0.72400 time= 0.01945
Test results: cost= 1.82490 accuracy= 0.71500 time= 0.01023
Epoch: 0212 train_loss= 1.43076 train_acc= 0.95000 val_loss= 1.83636 val_acc= 0.72200 time= 0.01968
Test results: cost= 1.82491 accuracy= 0.71400 time= 0.01019
Epoch: 0213 train_loss= 1.42660 train_acc= 0.95833 val_loss= 1.83646 val_acc= 0.72200 time= 0.01942
Test results: cost= 1.82495 accuracy= 0.71500 time= 0.01028
Epoch: 0214 train_loss= 1.43065 train_acc= 0.95000 val_loss= 1.83657 val_acc= 0.72200 time= 0.02006
Test results: cost= 1.82499 accuracy= 0.71500 time= 0.01059
Epoch: 0215 train_loss= 1.43297 train_acc= 0.95000 val_loss= 1.83663 val_acc= 0.72200 time= 0.01979
Test results: cost= 1.82502 accuracy= 0.71400 time= 0.01014
Epoch: 0216 train_loss= 1.43816 train_acc= 0.95833 val_loss= 1.83671 val_acc= 0.72000 time= 0.01979
Test results: cost= 1.82504 accuracy= 0.71300 time= 0.01009
Epoch: 0217 train_loss= 1.44187 train_acc= 0.95000 val_loss= 1.83680 val_acc= 0.72000 time= 0.01974
Test results: cost= 1.82509 accuracy= 0.71300 time= 0.01010
Epoch: 0218 train_loss= 1.43691 train_acc= 0.96667 val_loss= 1.83686 val_acc= 0.72200 time= 0.01943
Test results: cost= 1.82512 accuracy= 0.71200 time= 0.01004
Epoch: 0219 train_loss= 1.41850 train_acc= 0.96667 val_loss= 1.83691 val_acc= 0.72400 time= 0.01986
Test results: cost= 1.82514 accuracy= 0.71100 time= 0.01051
Epoch: 0220 train_loss= 1.43548 train_acc= 0.95000 val_loss= 1.83689 val_acc= 0.72400 time= 0.01968
Test results: cost= 1.82511 accuracy= 0.71100 time= 0.00997
Epoch: 0221 train_loss= 1.42935 train_acc= 0.95833 val_loss= 1.83691 val_acc= 0.72400 time= 0.01950
Test results: cost= 1.82511 accuracy= 0.71200 time= 0.00998
Epoch: 0222 train_loss= 1.42015 train_acc= 0.95000 val_loss= 1.83695 val_acc= 0.72200 time= 0.01990
Test results: cost= 1.82514 accuracy= 0.71200 time= 0.01015
Epoch: 0223 train_loss= 1.40907 train_acc= 0.95833 val_loss= 1.83699 val_acc= 0.72200 time= 0.01970
Test results: cost= 1.82515 accuracy= 0.71300 time= 0.01006
Epoch: 0224 train_loss= 1.42184 train_acc= 0.95833 val_loss= 1.83704 val_acc= 0.72200 time= 0.01985
Test results: cost= 1.82517 accuracy= 0.71300 time= 0.01032
Epoch: 0225 train_loss= 1.42175 train_acc= 0.95000 val_loss= 1.83707 val_acc= 0.72200 time= 0.01935
Test results: cost= 1.82517 accuracy= 0.71200 time= 0.01006
Epoch: 0226 train_loss= 1.43980 train_acc= 0.95000 val_loss= 1.83709 val_acc= 0.72200 time= 0.01938
Test results: cost= 1.82519 accuracy= 0.71200 time= 0.01009
Epoch: 0227 train_loss= 1.43483 train_acc= 0.95000 val_loss= 1.83711 val_acc= 0.72200 time= 0.01984
Test results: cost= 1.82521 accuracy= 0.71200 time= 0.01039
Epoch: 0228 train_loss= 1.44414 train_acc= 0.95833 val_loss= 1.83711 val_acc= 0.72200 time= 0.01964
Test results: cost= 1.82521 accuracy= 0.71200 time= 0.01004
Epoch: 0229 train_loss= 1.43585 train_acc= 0.95833 val_loss= 1.83711 val_acc= 0.72400 time= 0.01941
Test results: cost= 1.82520 accuracy= 0.71200 time= 0.01007
Epoch: 0230 train_loss= 1.42973 train_acc= 0.95000 val_loss= 1.83712 val_acc= 0.72400 time= 0.01960
Test results: cost= 1.82517 accuracy= 0.71200 time= 0.01028
Epoch: 0231 train_loss= 1.43920 train_acc= 0.95833 val_loss= 1.83714 val_acc= 0.72400 time= 0.01936
Test results: cost= 1.82516 accuracy= 0.71300 time= 0.01036
Epoch: 0232 train_loss= 1.42068 train_acc= 0.95000 val_loss= 1.83718 val_acc= 0.72200 time= 0.01995
Test results: cost= 1.82518 accuracy= 0.71200 time= 0.01004
Epoch: 0233 train_loss= 1.46657 train_acc= 0.95833 val_loss= 1.83718 val_acc= 0.72200 time= 0.01994
Test results: cost= 1.82515 accuracy= 0.71200 time= 0.01012
Epoch: 0234 train_loss= 1.45408 train_acc= 0.95000 val_loss= 1.83716 val_acc= 0.72400 time= 0.01969
Test results: cost= 1.82511 accuracy= 0.71100 time= 0.01040
Epoch: 0235 train_loss= 1.42120 train_acc= 0.95833 val_loss= 1.83716 val_acc= 0.72400 time= 0.02031
Test results: cost= 1.82508 accuracy= 0.71100 time= 0.01017
Epoch: 0236 train_loss= 1.44536 train_acc= 0.95833 val_loss= 1.83716 val_acc= 0.72400 time= 0.01988
Test results: cost= 1.82505 accuracy= 0.71100 time= 0.00987
Epoch: 0237 train_loss= 1.42730 train_acc= 0.95833 val_loss= 1.83716 val_acc= 0.72200 time= 0.01974
Test results: cost= 1.82499 accuracy= 0.71100 time= 0.01006
Epoch: 0238 train_loss= 1.44919 train_acc= 0.95000 val_loss= 1.83720 val_acc= 0.72200 time= 0.01968
Test results: cost= 1.82496 accuracy= 0.71100 time= 0.01022
Epoch: 0239 train_loss= 1.41984 train_acc= 0.95000 val_loss= 1.83727 val_acc= 0.72200 time= 0.01963
Test results: cost= 1.82495 accuracy= 0.71100 time= 0.01049
Epoch: 0240 train_loss= 1.43962 train_acc= 0.95000 val_loss= 1.83732 val_acc= 0.72000 time= 0.01970
Test results: cost= 1.82493 accuracy= 0.71100 time= 0.01026
Epoch: 0241 train_loss= 1.42339 train_acc= 0.95000 val_loss= 1.83736 val_acc= 0.72200 time= 0.01986
Test results: cost= 1.82490 accuracy= 0.71100 time= 0.01031
Epoch: 0242 train_loss= 1.41228 train_acc= 0.97500 val_loss= 1.83738 val_acc= 0.72000 time= 0.01941
Test results: cost= 1.82488 accuracy= 0.71100 time= 0.01030
Epoch: 0243 train_loss= 1.43374 train_acc= 0.96667 val_loss= 1.83744 val_acc= 0.72000 time= 0.01980
Test results: cost= 1.82490 accuracy= 0.71000 time= 0.01007
Epoch: 0244 train_loss= 1.43871 train_acc= 0.94167 val_loss= 1.83750 val_acc= 0.72000 time= 0.01968
Test results: cost= 1.82492 accuracy= 0.71000 time= 0.01004
Epoch: 0245 train_loss= 1.44692 train_acc= 0.95000 val_loss= 1.83751 val_acc= 0.71800 time= 0.02016
Test results: cost= 1.82492 accuracy= 0.70900 time= 0.01047
Epoch: 0246 train_loss= 1.44463 train_acc= 0.95833 val_loss= 1.83749 val_acc= 0.71800 time= 0.01986
Test results: cost= 1.82488 accuracy= 0.71000 time= 0.01018
Epoch: 0247 train_loss= 1.46198 train_acc= 0.97500 val_loss= 1.83747 val_acc= 0.71400 time= 0.01951
Test results: cost= 1.82480 accuracy= 0.70900 time= 0.01038
Epoch: 0248 train_loss= 1.42325 train_acc= 0.95000 val_loss= 1.83746 val_acc= 0.71600 time= 0.01936
Test results: cost= 1.82476 accuracy= 0.71000 time= 0.01004
Epoch: 0249 train_loss= 1.42288 train_acc= 0.94167 val_loss= 1.83745 val_acc= 0.71600 time= 0.01989
Test results: cost= 1.82469 accuracy= 0.71200 time= 0.01028
Epoch: 0250 train_loss= 1.43191 train_acc= 0.95833 val_loss= 1.83740 val_acc= 0.71800 time= 0.01970
Test results: cost= 1.82462 accuracy= 0.71200 time= 0.01032
Epoch: 0251 train_loss= 1.43899 train_acc= 0.94167 val_loss= 1.83737 val_acc= 0.71800 time= 0.01937
Test results: cost= 1.82457 accuracy= 0.71100 time= 0.01021
Epoch: 0252 train_loss= 1.43223 train_acc= 0.95833 val_loss= 1.83729 val_acc= 0.71800 time= 0.01957
Test results: cost= 1.82449 accuracy= 0.71100 time= 0.01043
Epoch: 0253 train_loss= 1.41461 train_acc= 0.95000 val_loss= 1.83722 val_acc= 0.71800 time= 0.01958
Test results: cost= 1.82444 accuracy= 0.71100 time= 0.01033
Epoch: 0254 train_loss= 1.43558 train_acc= 0.93333 val_loss= 1.83713 val_acc= 0.71800 time= 0.01982
Test results: cost= 1.82437 accuracy= 0.71100 time= 0.01042
Epoch: 0255 train_loss= 1.39881 train_acc= 0.96667 val_loss= 1.83706 val_acc= 0.71600 time= 0.01946
Test results: cost= 1.82430 accuracy= 0.71200 time= 0.01042
Epoch: 0256 train_loss= 1.41842 train_acc= 0.95833 val_loss= 1.83703 val_acc= 0.71600 time= 0.01928
Test results: cost= 1.82429 accuracy= 0.71000 time= 0.01021
Epoch: 0257 train_loss= 1.42565 train_acc= 0.95833 val_loss= 1.83705 val_acc= 0.71600 time= 0.01951
Test results: cost= 1.82428 accuracy= 0.71000 time= 0.01036
Epoch: 0258 train_loss= 1.42102 train_acc= 0.95833 val_loss= 1.83708 val_acc= 0.71800 time= 0.01928
Test results: cost= 1.82429 accuracy= 0.71000 time= 0.01026
Epoch: 0259 train_loss= 1.39477 train_acc= 0.95000 val_loss= 1.83711 val_acc= 0.71800 time= 0.02037
Test results: cost= 1.82429 accuracy= 0.71000 time= 0.01008
Epoch: 0260 train_loss= 1.41529 train_acc= 0.94167 val_loss= 1.83711 val_acc= 0.71800 time= 0.01961
Test results: cost= 1.82427 accuracy= 0.71000 time= 0.01004
Epoch: 0261 train_loss= 1.42033 train_acc= 0.95833 val_loss= 1.83713 val_acc= 0.71600 time= 0.01970
Test results: cost= 1.82427 accuracy= 0.70800 time= 0.01021
Epoch: 0262 train_loss= 1.43573 train_acc= 0.95833 val_loss= 1.83715 val_acc= 0.71200 time= 0.01956
Test results: cost= 1.82426 accuracy= 0.70800 time= 0.01020
Epoch: 0263 train_loss= 1.43294 train_acc= 0.92500 val_loss= 1.83716 val_acc= 0.71400 time= 0.01968
Test results: cost= 1.82424 accuracy= 0.70700 time= 0.01044
Epoch: 0264 train_loss= 1.44678 train_acc= 0.95833 val_loss= 1.83716 val_acc= 0.71400 time= 0.02003
Test results: cost= 1.82422 accuracy= 0.70700 time= 0.01029
Epoch: 0265 train_loss= 1.42020 train_acc= 0.94167 val_loss= 1.83719 val_acc= 0.71000 time= 0.01981
Test results: cost= 1.82423 accuracy= 0.70800 time= 0.01038
Epoch: 0266 train_loss= 1.41799 train_acc= 0.95000 val_loss= 1.83722 val_acc= 0.71000 time= 0.01963
Test results: cost= 1.82425 accuracy= 0.71000 time= 0.01017
Epoch: 0267 train_loss= 1.42519 train_acc= 0.95000 val_loss= 1.83723 val_acc= 0.71000 time= 0.01972
Test results: cost= 1.82424 accuracy= 0.71000 time= 0.01026
Epoch: 0268 train_loss= 1.43638 train_acc= 0.96667 val_loss= 1.83721 val_acc= 0.71000 time= 0.01905
Test results: cost= 1.82421 accuracy= 0.70900 time= 0.01001
Epoch: 0269 train_loss= 1.43739 train_acc= 0.94167 val_loss= 1.83719 val_acc= 0.71000 time= 0.01953
Test results: cost= 1.82418 accuracy= 0.71000 time= 0.01001
Epoch: 0270 train_loss= 1.41763 train_acc= 0.95833 val_loss= 1.83718 val_acc= 0.71000 time= 0.01998
Test results: cost= 1.82414 accuracy= 0.71100 time= 0.01003
Epoch: 0271 train_loss= 1.40883 train_acc= 0.97500 val_loss= 1.83719 val_acc= 0.71000 time= 0.01956
Test results: cost= 1.82414 accuracy= 0.71200 time= 0.01031
Epoch: 0272 train_loss= 1.42004 train_acc= 0.95000 val_loss= 1.83718 val_acc= 0.70800 time= 0.01928
Test results: cost= 1.82411 accuracy= 0.71200 time= 0.00998
Epoch: 0273 train_loss= 1.43787 train_acc= 0.94167 val_loss= 1.83713 val_acc= 0.70800 time= 0.01974
Test results: cost= 1.82405 accuracy= 0.71300 time= 0.01039
Epoch: 0274 train_loss= 1.42782 train_acc= 0.95833 val_loss= 1.83712 val_acc= 0.71200 time= 0.01948
Test results: cost= 1.82402 accuracy= 0.71300 time= 0.01010
Epoch: 0275 train_loss= 1.41609 train_acc= 0.95000 val_loss= 1.83713 val_acc= 0.71200 time= 0.01988
Test results: cost= 1.82398 accuracy= 0.71200 time= 0.01029
Epoch: 0276 train_loss= 1.41192 train_acc= 0.95833 val_loss= 1.83710 val_acc= 0.71200 time= 0.01986
Test results: cost= 1.82392 accuracy= 0.71300 time= 0.01015
Epoch: 0277 train_loss= 1.44152 train_acc= 0.95833 val_loss= 1.83710 val_acc= 0.71200 time= 0.01926
Test results: cost= 1.82388 accuracy= 0.71300 time= 0.01020
Epoch: 0278 train_loss= 1.41837 train_acc= 0.95833 val_loss= 1.83708 val_acc= 0.71400 time= 0.01979
Test results: cost= 1.82384 accuracy= 0.71400 time= 0.01005
Epoch: 0279 train_loss= 1.43977 train_acc= 0.95833 val_loss= 1.83706 val_acc= 0.71200 time= 0.02129
Test results: cost= 1.82380 accuracy= 0.71300 time= 0.01023
Epoch: 0280 train_loss= 1.42607 train_acc= 0.95000 val_loss= 1.83705 val_acc= 0.71200 time= 0.01976
Test results: cost= 1.82377 accuracy= 0.71300 time= 0.01000
Epoch: 0281 train_loss= 1.42553 train_acc= 0.96667 val_loss= 1.83707 val_acc= 0.71200 time= 0.01955
Test results: cost= 1.82374 accuracy= 0.71400 time= 0.01014
Epoch: 0282 train_loss= 1.41742 train_acc= 0.95833 val_loss= 1.83709 val_acc= 0.71200 time= 0.01960
Test results: cost= 1.82374 accuracy= 0.71400 time= 0.01030
Epoch: 0283 train_loss= 1.42176 train_acc= 0.94167 val_loss= 1.83710 val_acc= 0.71200 time= 0.01961
Test results: cost= 1.82375 accuracy= 0.71500 time= 0.01012
Epoch: 0284 train_loss= 1.44901 train_acc= 0.95000 val_loss= 1.83709 val_acc= 0.71200 time= 0.01966
Test results: cost= 1.82372 accuracy= 0.71500 time= 0.01040
Epoch: 0285 train_loss= 1.44478 train_acc= 0.95833 val_loss= 1.83703 val_acc= 0.71200 time= 0.01982
Test results: cost= 1.82365 accuracy= 0.71500 time= 0.01047
Epoch: 0286 train_loss= 1.42643 train_acc= 0.94167 val_loss= 1.83694 val_acc= 0.71200 time= 0.01971
Test results: cost= 1.82355 accuracy= 0.71500 time= 0.00994
Epoch: 0287 train_loss= 1.42437 train_acc= 0.95833 val_loss= 1.83684 val_acc= 0.71400 time= 0.02015
Test results: cost= 1.82344 accuracy= 0.71300 time= 0.01001
Epoch: 0288 train_loss= 1.43681 train_acc= 0.95833 val_loss= 1.83675 val_acc= 0.71400 time= 0.01984
Test results: cost= 1.82334 accuracy= 0.71400 time= 0.01036
Epoch: 0289 train_loss= 1.41461 train_acc= 0.95000 val_loss= 1.83668 val_acc= 0.71200 time= 0.01938
Test results: cost= 1.82325 accuracy= 0.71400 time= 0.01001
Epoch: 0290 train_loss= 1.40774 train_acc= 0.95000 val_loss= 1.83664 val_acc= 0.71200 time= 0.01958
Test results: cost= 1.82320 accuracy= 0.71300 time= 0.01027
Epoch: 0291 train_loss= 1.42600 train_acc= 0.93333 val_loss= 1.83654 val_acc= 0.71400 time= 0.02015
Test results: cost= 1.82308 accuracy= 0.71300 time= 0.01008
Epoch: 0292 train_loss= 1.39597 train_acc= 0.95833 val_loss= 1.83650 val_acc= 0.71400 time= 0.01968
Test results: cost= 1.82301 accuracy= 0.71300 time= 0.01029
Epoch: 0293 train_loss= 1.41957 train_acc= 0.95000 val_loss= 1.83642 val_acc= 0.71600 time= 0.02002
Test results: cost= 1.82289 accuracy= 0.71300 time= 0.01031
Epoch: 0294 train_loss= 1.43270 train_acc= 0.93333 val_loss= 1.83636 val_acc= 0.71400 time= 0.01945
Test results: cost= 1.82279 accuracy= 0.71300 time= 0.00996
Epoch: 0295 train_loss= 1.41838 train_acc= 0.95833 val_loss= 1.83632 val_acc= 0.71400 time= 0.01983
Test results: cost= 1.82272 accuracy= 0.71300 time= 0.00987
Epoch: 0296 train_loss= 1.44153 train_acc= 0.95833 val_loss= 1.83627 val_acc= 0.71600 time= 0.01985
Test results: cost= 1.82263 accuracy= 0.71200 time= 0.01037
Epoch: 0297 train_loss= 1.40944 train_acc= 0.95000 val_loss= 1.83622 val_acc= 0.71400 time= 0.01973
Test results: cost= 1.82255 accuracy= 0.71200 time= 0.01016
Epoch: 0298 train_loss= 1.38934 train_acc= 0.93333 val_loss= 1.83615 val_acc= 0.71400 time= 0.01943
Test results: cost= 1.82243 accuracy= 0.71100 time= 0.01003
Epoch: 0299 train_loss= 1.42119 train_acc= 0.95000 val_loss= 1.83607 val_acc= 0.71400 time= 0.02001
Test results: cost= 1.82234 accuracy= 0.71100 time= 0.01021
Epoch: 0300 train_loss= 1.41132 train_acc= 0.95000 val_loss= 1.83598 val_acc= 0.71400 time= 0.01991
Test results: cost= 1.82225 accuracy= 0.71100 time= 0.00991
Epoch: 0301 train_loss= 1.42447 train_acc= 0.95833 val_loss= 1.83589 val_acc= 0.71600 time= 0.01958
Test results: cost= 1.82216 accuracy= 0.71100 time= 0.01038
Epoch: 0302 train_loss= 1.43790 train_acc= 0.95000 val_loss= 1.83581 val_acc= 0.71600 time= 0.01951
Test results: cost= 1.82210 accuracy= 0.71100 time= 0.01005
Epoch: 0303 train_loss= 1.42021 train_acc= 0.93333 val_loss= 1.83570 val_acc= 0.71600 time= 0.01962
Test results: cost= 1.82199 accuracy= 0.71100 time= 0.00996
Epoch: 0304 train_loss= 1.41250 train_acc= 0.94167 val_loss= 1.83557 val_acc= 0.71600 time= 0.01962
Test results: cost= 1.82187 accuracy= 0.71100 time= 0.01004
Epoch: 0305 train_loss= 1.42057 train_acc= 0.95000 val_loss= 1.83543 val_acc= 0.71600 time= 0.01982
Test results: cost= 1.82173 accuracy= 0.71100 time= 0.01011
Epoch: 0306 train_loss= 1.42964 train_acc= 0.95000 val_loss= 1.83529 val_acc= 0.71600 time= 0.01933
Test results: cost= 1.82160 accuracy= 0.71100 time= 0.01029
Epoch: 0307 train_loss= 1.41881 train_acc= 0.95000 val_loss= 1.83511 val_acc= 0.71600 time= 0.01987
Test results: cost= 1.82145 accuracy= 0.71100 time= 0.01006
Epoch: 0308 train_loss= 1.41413 train_acc= 0.95000 val_loss= 1.83496 val_acc= 0.71800 time= 0.01923
Test results: cost= 1.82130 accuracy= 0.71100 time= 0.00997
Epoch: 0309 train_loss= 1.41889 train_acc= 0.96667 val_loss= 1.83485 val_acc= 0.71800 time= 0.01961
Test results: cost= 1.82119 accuracy= 0.71000 time= 0.00999
Epoch: 0310 train_loss= 1.43333 train_acc= 0.96667 val_loss= 1.83480 val_acc= 0.71800 time= 0.01982
Test results: cost= 1.82112 accuracy= 0.71200 time= 0.01040
Epoch: 0311 train_loss= 1.42367 train_acc= 0.93333 val_loss= 1.83475 val_acc= 0.72000 time= 0.01907
Test results: cost= 1.82104 accuracy= 0.71200 time= 0.01033
Epoch: 0312 train_loss= 1.44264 train_acc= 0.95000 val_loss= 1.83470 val_acc= 0.72000 time= 0.01936
Test results: cost= 1.82097 accuracy= 0.71200 time= 0.01035
Epoch: 0313 train_loss= 1.40945 train_acc= 0.93333 val_loss= 1.83466 val_acc= 0.72000 time= 0.01922
Test results: cost= 1.82094 accuracy= 0.71200 time= 0.01039
Epoch: 0314 train_loss= 1.43133 train_acc= 0.95000 val_loss= 1.83463 val_acc= 0.72000 time= 0.02008
Test results: cost= 1.82092 accuracy= 0.71200 time= 0.01031
Epoch: 0315 train_loss= 1.42255 train_acc= 0.95833 val_loss= 1.83462 val_acc= 0.72000 time= 0.01989
Test results: cost= 1.82094 accuracy= 0.71200 time= 0.01031
Epoch: 0316 train_loss= 1.41178 train_acc= 0.95000 val_loss= 1.83462 val_acc= 0.72000 time= 0.01961
Test results: cost= 1.82095 accuracy= 0.71300 time= 0.01068
Epoch: 0317 train_loss= 1.42583 train_acc= 0.95000 val_loss= 1.83461 val_acc= 0.72000 time= 0.01919
Test results: cost= 1.82095 accuracy= 0.71300 time= 0.01003
Epoch: 0318 train_loss= 1.41829 train_acc= 0.93333 val_loss= 1.83461 val_acc= 0.72000 time= 0.01965
Test results: cost= 1.82096 accuracy= 0.71100 time= 0.01013
Epoch: 0319 train_loss= 1.43765 train_acc= 0.95833 val_loss= 1.83459 val_acc= 0.72000 time= 0.01967
Test results: cost= 1.82095 accuracy= 0.71100 time= 0.01012
Epoch: 0320 train_loss= 1.41727 train_acc= 0.94167 val_loss= 1.83457 val_acc= 0.72000 time= 0.01926
Test results: cost= 1.82091 accuracy= 0.71100 time= 0.01008
Epoch: 0321 train_loss= 1.42656 train_acc= 0.95000 val_loss= 1.83455 val_acc= 0.72000 time= 0.01909
Test results: cost= 1.82087 accuracy= 0.71100 time= 0.00995
Epoch: 0322 train_loss= 1.41058 train_acc= 0.95000 val_loss= 1.83454 val_acc= 0.71600 time= 0.01956
Test results: cost= 1.82086 accuracy= 0.71100 time= 0.01038
Epoch: 0323 train_loss= 1.42524 train_acc= 0.95833 val_loss= 1.83457 val_acc= 0.71600 time= 0.01981
Test results: cost= 1.82087 accuracy= 0.71200 time= 0.01009
Epoch: 0324 train_loss= 1.41929 train_acc= 0.95833 val_loss= 1.83462 val_acc= 0.72200 time= 0.01920
Test results: cost= 1.82090 accuracy= 0.71200 time= 0.01054
Epoch: 0325 train_loss= 1.43051 train_acc= 0.95000 val_loss= 1.83466 val_acc= 0.72200 time= 0.01965
Test results: cost= 1.82092 accuracy= 0.71300 time= 0.00970
Epoch: 0326 train_loss= 1.42880 train_acc= 0.95833 val_loss= 1.83472 val_acc= 0.72200 time= 0.01956
Test results: cost= 1.82097 accuracy= 0.71300 time= 0.01012
Epoch: 0327 train_loss= 1.42468 train_acc= 0.95833 val_loss= 1.83474 val_acc= 0.72400 time= 0.01958
Test results: cost= 1.82097 accuracy= 0.71400 time= 0.01006
Epoch: 0328 train_loss= 1.41688 train_acc= 0.94167 val_loss= 1.83478 val_acc= 0.72400 time= 0.01978
Test results: cost= 1.82098 accuracy= 0.71300 time= 0.01001
Epoch: 0329 train_loss= 1.41495 train_acc= 0.93333 val_loss= 1.83484 val_acc= 0.72800 time= 0.01981
Test results: cost= 1.82103 accuracy= 0.71300 time= 0.01009
Epoch: 0330 train_loss= 1.41883 train_acc= 0.95833 val_loss= 1.83493 val_acc= 0.72800 time= 0.01956
Test results: cost= 1.82109 accuracy= 0.71300 time= 0.01035
Epoch: 0331 train_loss= 1.39913 train_acc= 0.95000 val_loss= 1.83502 val_acc= 0.72800 time= 0.01986
Test results: cost= 1.82116 accuracy= 0.71300 time= 0.01010
Epoch: 0332 train_loss= 1.41867 train_acc= 0.95000 val_loss= 1.83509 val_acc= 0.72800 time= 0.01975
Test results: cost= 1.82117 accuracy= 0.71400 time= 0.01006
Epoch: 0333 train_loss= 1.41440 train_acc= 0.94167 val_loss= 1.83519 val_acc= 0.72800 time= 0.01999
Test results: cost= 1.82120 accuracy= 0.71300 time= 0.01014
Epoch: 0334 train_loss= 1.41428 train_acc= 0.95000 val_loss= 1.83522 val_acc= 0.72800 time= 0.01986
Test results: cost= 1.82113 accuracy= 0.71300 time= 0.01045
Epoch: 0335 train_loss= 1.41439 train_acc= 0.95833 val_loss= 1.83528 val_acc= 0.72800 time= 0.01968
Test results: cost= 1.82106 accuracy= 0.71300 time= 0.01046
Epoch: 0336 train_loss= 1.41721 train_acc= 0.95833 val_loss= 1.83531 val_acc= 0.72600 time= 0.01945
Test results: cost= 1.82098 accuracy= 0.71300 time= 0.01006
Epoch: 0337 train_loss= 1.42555 train_acc= 0.95833 val_loss= 1.83533 val_acc= 0.72600 time= 0.01941
Test results: cost= 1.82088 accuracy= 0.71300 time= 0.01002
Epoch: 0338 train_loss= 1.42526 train_acc= 0.95000 val_loss= 1.83535 val_acc= 0.72600 time= 0.02000
Test results: cost= 1.82082 accuracy= 0.71300 time= 0.01016
Epoch: 0339 train_loss= 1.42935 train_acc= 0.95833 val_loss= 1.83534 val_acc= 0.72600 time= 0.01973
Test results: cost= 1.82074 accuracy= 0.71300 time= 0.01040
Epoch: 0340 train_loss= 1.42828 train_acc= 0.95000 val_loss= 1.83533 val_acc= 0.72600 time= 0.01988
Test results: cost= 1.82067 accuracy= 0.71300 time= 0.01032
Epoch: 0341 train_loss= 1.41023 train_acc= 0.96667 val_loss= 1.83532 val_acc= 0.72400 time= 0.01957
Test results: cost= 1.82061 accuracy= 0.71300 time= 0.01031
Epoch: 0342 train_loss= 1.40535 train_acc= 0.94167 val_loss= 1.83535 val_acc= 0.72400 time= 0.01979
Test results: cost= 1.82058 accuracy= 0.71500 time= 0.00987
Epoch: 0343 train_loss= 1.41340 train_acc= 0.97500 val_loss= 1.83540 val_acc= 0.72400 time= 0.01975
Test results: cost= 1.82059 accuracy= 0.71500 time= 0.01026
Epoch: 0344 train_loss= 1.40727 train_acc= 0.95000 val_loss= 1.83550 val_acc= 0.72400 time= 0.01984
Test results: cost= 1.82063 accuracy= 0.71500 time= 0.01002
Epoch: 0345 train_loss= 1.42613 train_acc= 0.93333 val_loss= 1.83560 val_acc= 0.72400 time= 0.02009
Test results: cost= 1.82067 accuracy= 0.71400 time= 0.00992
Epoch: 0346 train_loss= 1.43070 train_acc= 0.95833 val_loss= 1.83568 val_acc= 0.72400 time= 0.02021
Test results: cost= 1.82070 accuracy= 0.71200 time= 0.01002
Epoch: 0347 train_loss= 1.42597 train_acc= 0.94167 val_loss= 1.83574 val_acc= 0.72400 time= 0.01990
Test results: cost= 1.82072 accuracy= 0.71100 time= 0.01036
Epoch: 0348 train_loss= 1.42743 train_acc= 0.95833 val_loss= 1.83579 val_acc= 0.72600 time= 0.01968
Test results: cost= 1.82075 accuracy= 0.71100 time= 0.01035
Epoch: 0349 train_loss= 1.39200 train_acc= 0.95833 val_loss= 1.83585 val_acc= 0.72600 time= 0.01981
Test results: cost= 1.82078 accuracy= 0.71200 time= 0.01027
Epoch: 0350 train_loss= 1.41818 train_acc= 0.95000 val_loss= 1.83588 val_acc= 0.72600 time= 0.01957
Test results: cost= 1.82080 accuracy= 0.71200 time= 0.01006
Epoch: 0351 train_loss= 1.40626 train_acc= 0.94167 val_loss= 1.83588 val_acc= 0.72600 time= 0.01983
Test results: cost= 1.82082 accuracy= 0.71200 time= 0.01031
Epoch: 0352 train_loss= 1.42763 train_acc= 0.94167 val_loss= 1.83585 val_acc= 0.72600 time= 0.01976
Test results: cost= 1.82081 accuracy= 0.71200 time= 0.01038
Epoch: 0353 train_loss= 1.38976 train_acc= 0.96667 val_loss= 1.83581 val_acc= 0.72600 time= 0.01957
Test results: cost= 1.82079 accuracy= 0.71200 time= 0.00991
Epoch: 0354 train_loss= 1.41412 train_acc= 0.95000 val_loss= 1.83577 val_acc= 0.72600 time= 0.02005
Test results: cost= 1.82076 accuracy= 0.71200 time= 0.01006
Epoch: 0355 train_loss= 1.43659 train_acc= 0.95000 val_loss= 1.83569 val_acc= 0.72400 time= 0.02018
Test results: cost= 1.82071 accuracy= 0.71100 time= 0.01052
Epoch: 0356 train_loss= 1.43424 train_acc= 0.94167 val_loss= 1.83562 val_acc= 0.72400 time= 0.01983
Test results: cost= 1.82067 accuracy= 0.71100 time= 0.01042
Epoch: 0357 train_loss= 1.40027 train_acc= 0.92500 val_loss= 1.83553 val_acc= 0.72400 time= 0.01931
Test results: cost= 1.82060 accuracy= 0.71100 time= 0.01024
Epoch: 0358 train_loss= 1.42772 train_acc= 0.92500 val_loss= 1.83545 val_acc= 0.72400 time= 0.01940
Test results: cost= 1.82054 accuracy= 0.71100 time= 0.01089
Epoch: 0359 train_loss= 1.40774 train_acc= 0.94167 val_loss= 1.83539 val_acc= 0.72400 time= 0.01971
Test results: cost= 1.82048 accuracy= 0.71100 time= 0.01032
Epoch: 0360 train_loss= 1.41391 train_acc= 0.95000 val_loss= 1.83531 val_acc= 0.72400 time= 0.02004
Test results: cost= 1.82042 accuracy= 0.71200 time= 0.01028
Epoch: 0361 train_loss= 1.42503 train_acc= 0.94167 val_loss= 1.83524 val_acc= 0.72200 time= 0.01962
Test results: cost= 1.82038 accuracy= 0.71100 time= 0.00997
Epoch: 0362 train_loss= 1.40195 train_acc= 0.94167 val_loss= 1.83519 val_acc= 0.72200 time= 0.01989
Test results: cost= 1.82037 accuracy= 0.71200 time= 0.01020
Epoch: 0363 train_loss= 1.41518 train_acc= 0.93333 val_loss= 1.83514 val_acc= 0.72200 time= 0.01927
Test results: cost= 1.82035 accuracy= 0.71100 time= 0.01000
Epoch: 0364 train_loss= 1.42802 train_acc= 0.96667 val_loss= 1.83511 val_acc= 0.72200 time= 0.01951
Test results: cost= 1.82034 accuracy= 0.71100 time= 0.01010
Epoch: 0365 train_loss= 1.41797 train_acc= 0.94167 val_loss= 1.83505 val_acc= 0.72200 time= 0.01987
Test results: cost= 1.82033 accuracy= 0.71200 time= 0.01017
Epoch: 0366 train_loss= 1.41154 train_acc= 0.95000 val_loss= 1.83496 val_acc= 0.72200 time= 0.01948
Test results: cost= 1.82030 accuracy= 0.71300 time= 0.00980
Epoch: 0367 train_loss= 1.42051 train_acc= 0.96667 val_loss= 1.83486 val_acc= 0.72400 time= 0.01996
Test results: cost= 1.82026 accuracy= 0.71300 time= 0.01009
Epoch: 0368 train_loss= 1.40241 train_acc= 0.95000 val_loss= 1.83478 val_acc= 0.72400 time= 0.01938
Test results: cost= 1.82021 accuracy= 0.71300 time= 0.01008
Epoch: 0369 train_loss= 1.44810 train_acc= 0.94167 val_loss= 1.83470 val_acc= 0.72400 time= 0.01930
Test results: cost= 1.82016 accuracy= 0.71300 time= 0.00999
Epoch: 0370 train_loss= 1.40862 train_acc= 0.95000 val_loss= 1.83464 val_acc= 0.72400 time= 0.02005
Test results: cost= 1.82013 accuracy= 0.71200 time= 0.01004
Epoch: 0371 train_loss= 1.42873 train_acc= 0.95000 val_loss= 1.83459 val_acc= 0.72400 time= 0.01980
Test results: cost= 1.82007 accuracy= 0.71200 time= 0.01006
Epoch: 0372 train_loss= 1.39445 train_acc= 0.95833 val_loss= 1.83451 val_acc= 0.72400 time= 0.01967
Test results: cost= 1.81999 accuracy= 0.71200 time= 0.01029
Epoch: 0373 train_loss= 1.41750 train_acc= 0.94167 val_loss= 1.83444 val_acc= 0.72400 time= 0.01961
Test results: cost= 1.81990 accuracy= 0.71300 time= 0.01053
Epoch: 0374 train_loss= 1.41800 train_acc= 0.95833 val_loss= 1.83438 val_acc= 0.72400 time= 0.01968
Test results: cost= 1.81983 accuracy= 0.71300 time= 0.01027
Epoch: 0375 train_loss= 1.41905 train_acc= 0.95000 val_loss= 1.83434 val_acc= 0.72400 time= 0.01969
Test results: cost= 1.81977 accuracy= 0.71200 time= 0.00999
Epoch: 0376 train_loss= 1.41797 train_acc= 0.95833 val_loss= 1.83435 val_acc= 0.72600 time= 0.01939
Test results: cost= 1.81976 accuracy= 0.71200 time= 0.01006
Epoch: 0377 train_loss= 1.42795 train_acc= 0.95833 val_loss= 1.83434 val_acc= 0.72600 time= 0.02009
Test results: cost= 1.81973 accuracy= 0.71200 time= 0.01018
Epoch: 0378 train_loss= 1.39826 train_acc= 0.95833 val_loss= 1.83435 val_acc= 0.72600 time= 0.01975
Test results: cost= 1.81974 accuracy= 0.71200 time= 0.01038
Epoch: 0379 train_loss= 1.41818 train_acc= 0.95833 val_loss= 1.83438 val_acc= 0.72600 time= 0.01946
Test results: cost= 1.81976 accuracy= 0.71200 time= 0.00999
Epoch: 0380 train_loss= 1.42619 train_acc= 0.95833 val_loss= 1.83437 val_acc= 0.72600 time= 0.02015
Test results: cost= 1.81975 accuracy= 0.71200 time= 0.01003
Epoch: 0381 train_loss= 1.39077 train_acc= 0.94167 val_loss= 1.83434 val_acc= 0.72800 time= 0.01954
Test results: cost= 1.81972 accuracy= 0.71100 time= 0.01050
Epoch: 0382 train_loss= 1.43158 train_acc= 0.93333 val_loss= 1.83428 val_acc= 0.73000 time= 0.01947
Test results: cost= 1.81966 accuracy= 0.71200 time= 0.01054
Epoch: 0383 train_loss= 1.43252 train_acc= 0.92500 val_loss= 1.83420 val_acc= 0.73000 time= 0.01974
Test results: cost= 1.81957 accuracy= 0.71200 time= 0.01046
Epoch: 0384 train_loss= 1.41539 train_acc= 0.94167 val_loss= 1.83411 val_acc= 0.73000 time= 0.02000
Test results: cost= 1.81948 accuracy= 0.71100 time= 0.01020
Epoch: 0385 train_loss= 1.40808 train_acc= 0.95000 val_loss= 1.83403 val_acc= 0.73000 time= 0.01938
Test results: cost= 1.81942 accuracy= 0.71100 time= 0.01002
Epoch: 0386 train_loss= 1.42412 train_acc= 0.95833 val_loss= 1.83398 val_acc= 0.73000 time= 0.01960
Test results: cost= 1.81935 accuracy= 0.71000 time= 0.01017
Epoch: 0387 train_loss= 1.42123 train_acc= 0.95000 val_loss= 1.83392 val_acc= 0.73000 time= 0.01958
Test results: cost= 1.81928 accuracy= 0.71100 time= 0.01016
Epoch: 0388 train_loss= 1.44095 train_acc= 0.93333 val_loss= 1.83386 val_acc= 0.72400 time= 0.01945
Test results: cost= 1.81920 accuracy= 0.71100 time= 0.01012
Epoch: 0389 train_loss= 1.40446 train_acc= 0.93333 val_loss= 1.83378 val_acc= 0.72400 time= 0.01967
Test results: cost= 1.81911 accuracy= 0.71100 time= 0.01005
Epoch: 0390 train_loss= 1.40899 train_acc= 0.92500 val_loss= 1.83374 val_acc= 0.72400 time= 0.01992
Test results: cost= 1.81906 accuracy= 0.71200 time= 0.01005
Epoch: 0391 train_loss= 1.42972 train_acc= 0.95000 val_loss= 1.83371 val_acc= 0.72400 time= 0.01939
Test results: cost= 1.81903 accuracy= 0.71300 time= 0.01020
Epoch: 0392 train_loss= 1.41620 train_acc= 0.94167 val_loss= 1.83366 val_acc= 0.72000 time= 0.01932
Test results: cost= 1.81896 accuracy= 0.71400 time= 0.01038
Epoch: 0393 train_loss= 1.43502 train_acc= 0.94167 val_loss= 1.83362 val_acc= 0.72000 time= 0.01932
Test results: cost= 1.81892 accuracy= 0.71400 time= 0.01039
Epoch: 0394 train_loss= 1.39532 train_acc= 0.97500 val_loss= 1.83356 val_acc= 0.72000 time= 0.01966
Test results: cost= 1.81884 accuracy= 0.71400 time= 0.00987
Epoch: 0395 train_loss= 1.41739 train_acc= 0.95833 val_loss= 1.83354 val_acc= 0.72000 time= 0.02003
Test results: cost= 1.81879 accuracy= 0.71200 time= 0.01011
Epoch: 0396 train_loss= 1.41619 train_acc= 0.94167 val_loss= 1.83354 val_acc= 0.72000 time= 0.01921
Test results: cost= 1.81878 accuracy= 0.71200 time= 0.01059
Epoch: 0397 train_loss= 1.40427 train_acc= 0.95000 val_loss= 1.83357 val_acc= 0.72000 time= 0.01979
Test results: cost= 1.81881 accuracy= 0.71200 time= 0.01045
Epoch: 0398 train_loss= 1.43385 train_acc= 0.94167 val_loss= 1.83359 val_acc= 0.72000 time= 0.01932
Test results: cost= 1.81882 accuracy= 0.71300 time= 0.01012
Epoch: 0399 train_loss= 1.41193 train_acc= 0.93333 val_loss= 1.83360 val_acc= 0.72000 time= 0.01958
Test results: cost= 1.81882 accuracy= 0.71300 time= 0.01007
Epoch: 0400 train_loss= 1.41393 train_acc= 0.95833 val_loss= 1.83361 val_acc= 0.72000 time= 0.02055
Test results: cost= 1.81880 accuracy= 0.71300 time= 0.01003
Epoch: 0401 train_loss= 1.42699 train_acc= 0.95833 val_loss= 1.83360 val_acc= 0.72000 time= 0.02020
Test results: cost= 1.81877 accuracy= 0.71300 time= 0.01001
Epoch: 0402 train_loss= 1.40986 train_acc= 0.95000 val_loss= 1.83358 val_acc= 0.72000 time= 0.01922
Test results: cost= 1.81874 accuracy= 0.71300 time= 0.01001
Epoch: 0403 train_loss= 1.42099 train_acc= 0.93333 val_loss= 1.83354 val_acc= 0.72000 time= 0.02025
Test results: cost= 1.81870 accuracy= 0.71300 time= 0.01028
Epoch: 0404 train_loss= 1.43712 train_acc= 0.95833 val_loss= 1.83351 val_acc= 0.72000 time= 0.01994
Test results: cost= 1.81868 accuracy= 0.71500 time= 0.01010
Epoch: 0405 train_loss= 1.40980 train_acc= 0.95833 val_loss= 1.83349 val_acc= 0.72200 time= 0.02002
Test results: cost= 1.81866 accuracy= 0.71400 time= 0.01035
Epoch: 0406 train_loss= 1.43021 train_acc= 0.96667 val_loss= 1.83343 val_acc= 0.72200 time= 0.01984
Test results: cost= 1.81862 accuracy= 0.71400 time= 0.01042
Epoch: 0407 train_loss= 1.43461 train_acc= 0.94167 val_loss= 1.83337 val_acc= 0.72200 time= 0.01941
Test results: cost= 1.81858 accuracy= 0.71300 time= 0.01034
Epoch: 0408 train_loss= 1.42153 train_acc= 0.95833 val_loss= 1.83332 val_acc= 0.72200 time= 0.01963
Test results: cost= 1.81854 accuracy= 0.71200 time= 0.01009
Epoch: 0409 train_loss= 1.41341 train_acc= 0.94167 val_loss= 1.83326 val_acc= 0.72200 time= 0.01995
Test results: cost= 1.81850 accuracy= 0.71100 time= 0.01019
Epoch: 0410 train_loss= 1.41559 train_acc= 0.94167 val_loss= 1.83325 val_acc= 0.72400 time= 0.02000
Test results: cost= 1.81852 accuracy= 0.71100 time= 0.01030
Epoch: 0411 train_loss= 1.43042 train_acc= 0.95833 val_loss= 1.83320 val_acc= 0.72200 time= 0.01958
Test results: cost= 1.81848 accuracy= 0.71200 time= 0.01002
Epoch: 0412 train_loss= 1.39181 train_acc= 0.94167 val_loss= 1.83318 val_acc= 0.72200 time= 0.01968
Test results: cost= 1.81846 accuracy= 0.71100 time= 0.01019
Epoch: 0413 train_loss= 1.41443 train_acc= 0.96667 val_loss= 1.83316 val_acc= 0.72200 time= 0.01930
Test results: cost= 1.81842 accuracy= 0.71200 time= 0.01031
Epoch: 0414 train_loss= 1.40996 train_acc= 0.95000 val_loss= 1.83315 val_acc= 0.72200 time= 0.02004
Test results: cost= 1.81838 accuracy= 0.71200 time= 0.01019
Epoch: 0415 train_loss= 1.41597 train_acc= 0.93333 val_loss= 1.83314 val_acc= 0.72200 time= 0.01984
Test results: cost= 1.81837 accuracy= 0.71200 time= 0.01020
Epoch: 0416 train_loss= 1.39846 train_acc= 0.95833 val_loss= 1.83314 val_acc= 0.72200 time= 0.01966
Test results: cost= 1.81836 accuracy= 0.71300 time= 0.01043
Epoch: 0417 train_loss= 1.40869 train_acc= 0.94167 val_loss= 1.83305 val_acc= 0.72200 time= 0.02011
Test results: cost= 1.81830 accuracy= 0.71300 time= 0.01040
Epoch: 0418 train_loss= 1.41232 train_acc= 0.94167 val_loss= 1.83298 val_acc= 0.72200 time= 0.01992
Test results: cost= 1.81822 accuracy= 0.71300 time= 0.01041
Epoch: 0419 train_loss= 1.42405 train_acc= 0.95000 val_loss= 1.83292 val_acc= 0.72200 time= 0.01905
Test results: cost= 1.81815 accuracy= 0.71300 time= 0.01055
Epoch: 0420 train_loss= 1.41210 train_acc= 0.95833 val_loss= 1.83285 val_acc= 0.72200 time= 0.01957
Test results: cost= 1.81808 accuracy= 0.71400 time= 0.01009
Epoch: 0421 train_loss= 1.40197 train_acc= 0.95000 val_loss= 1.83278 val_acc= 0.72200 time= 0.01947
Test results: cost= 1.81799 accuracy= 0.71400 time= 0.01028
Epoch: 0422 train_loss= 1.42666 train_acc= 0.95833 val_loss= 1.83268 val_acc= 0.72200 time= 0.01968
Test results: cost= 1.81790 accuracy= 0.71400 time= 0.00985
Epoch: 0423 train_loss= 1.42463 train_acc= 0.93333 val_loss= 1.83259 val_acc= 0.72200 time= 0.01975
Test results: cost= 1.81782 accuracy= 0.71400 time= 0.01044
Epoch: 0424 train_loss= 1.43794 train_acc= 0.94167 val_loss= 1.83252 val_acc= 0.72200 time= 0.01916
Test results: cost= 1.81776 accuracy= 0.71300 time= 0.01022
Epoch: 0425 train_loss= 1.40556 train_acc= 0.94167 val_loss= 1.83249 val_acc= 0.71800 time= 0.01966
Test results: cost= 1.81771 accuracy= 0.71300 time= 0.00986
Epoch: 0426 train_loss= 1.41178 train_acc= 0.95000 val_loss= 1.83248 val_acc= 0.72000 time= 0.01979
Test results: cost= 1.81766 accuracy= 0.71200 time= 0.01000
Epoch: 0427 train_loss= 1.40643 train_acc= 0.94167 val_loss= 1.83248 val_acc= 0.72000 time= 0.01994
Test results: cost= 1.81764 accuracy= 0.71200 time= 0.01006
Epoch: 0428 train_loss= 1.42564 train_acc= 0.92500 val_loss= 1.83251 val_acc= 0.72000 time= 0.02004
Test results: cost= 1.81763 accuracy= 0.71200 time= 0.00993
Epoch: 0429 train_loss= 1.41432 train_acc= 0.95833 val_loss= 1.83254 val_acc= 0.72000 time= 0.01966
Test results: cost= 1.81762 accuracy= 0.71300 time= 0.01039
Epoch: 0430 train_loss= 1.41824 train_acc= 0.93333 val_loss= 1.83253 val_acc= 0.72200 time= 0.01968
Test results: cost= 1.81758 accuracy= 0.71300 time= 0.01033
Epoch: 0431 train_loss= 1.39840 train_acc= 0.95833 val_loss= 1.83251 val_acc= 0.72200 time= 0.01964
Test results: cost= 1.81755 accuracy= 0.71400 time= 0.01023
Epoch: 0432 train_loss= 1.41531 train_acc= 0.95000 val_loss= 1.83249 val_acc= 0.72200 time= 0.01988
Test results: cost= 1.81753 accuracy= 0.71500 time= 0.00993
Epoch: 0433 train_loss= 1.42539 train_acc= 0.94167 val_loss= 1.83246 val_acc= 0.72200 time= 0.01921
Test results: cost= 1.81748 accuracy= 0.71700 time= 0.01046
Epoch: 0434 train_loss= 1.40506 train_acc= 0.94167 val_loss= 1.83237 val_acc= 0.72200 time= 0.01937
Test results: cost= 1.81738 accuracy= 0.71600 time= 0.01012
Epoch: 0435 train_loss= 1.41407 train_acc= 0.95000 val_loss= 1.83231 val_acc= 0.72000 time= 0.01979
Test results: cost= 1.81731 accuracy= 0.71600 time= 0.01027
Epoch: 0436 train_loss= 1.45677 train_acc= 0.94167 val_loss= 1.83228 val_acc= 0.72000 time= 0.01978
Test results: cost= 1.81728 accuracy= 0.71600 time= 0.01016
Epoch: 0437 train_loss= 1.39417 train_acc= 0.95000 val_loss= 1.83229 val_acc= 0.72000 time= 0.01981
Test results: cost= 1.81729 accuracy= 0.71500 time= 0.01030
Epoch: 0438 train_loss= 1.41480 train_acc= 0.97500 val_loss= 1.83233 val_acc= 0.71800 time= 0.01948
Test results: cost= 1.81732 accuracy= 0.71500 time= 0.01026
Epoch: 0439 train_loss= 1.41034 train_acc= 0.95833 val_loss= 1.83235 val_acc= 0.71200 time= 0.01965
Test results: cost= 1.81735 accuracy= 0.71400 time= 0.01009
Epoch: 0440 train_loss= 1.40059 train_acc= 0.95000 val_loss= 1.83240 val_acc= 0.71400 time= 0.01947
Test results: cost= 1.81740 accuracy= 0.71400 time= 0.01047
Epoch: 0441 train_loss= 1.41763 train_acc= 0.95833 val_loss= 1.83245 val_acc= 0.71400 time= 0.01946
Test results: cost= 1.81745 accuracy= 0.71300 time= 0.00992
Epoch: 0442 train_loss= 1.41602 train_acc= 0.95833 val_loss= 1.83243 val_acc= 0.71400 time= 0.01957
Test results: cost= 1.81744 accuracy= 0.71400 time= 0.01036
Epoch: 0443 train_loss= 1.40539 train_acc= 0.95833 val_loss= 1.83241 val_acc= 0.71400 time= 0.01990
Test results: cost= 1.81741 accuracy= 0.71400 time= 0.01038
Epoch: 0444 train_loss= 1.39730 train_acc= 0.95000 val_loss= 1.83243 val_acc= 0.71400 time= 0.01951
Test results: cost= 1.81743 accuracy= 0.71500 time= 0.00977
Epoch: 0445 train_loss= 1.43255 train_acc= 0.94167 val_loss= 1.83246 val_acc= 0.71400 time= 0.01961
Test results: cost= 1.81744 accuracy= 0.71500 time= 0.00987
Epoch: 0446 train_loss= 1.41359 train_acc= 0.95833 val_loss= 1.83250 val_acc= 0.71400 time= 0.01931
Test results: cost= 1.81748 accuracy= 0.71300 time= 0.01005
Epoch: 0447 train_loss= 1.43011 train_acc= 0.96667 val_loss= 1.83259 val_acc= 0.71200 time= 0.01947
Test results: cost= 1.81757 accuracy= 0.71300 time= 0.01031
Epoch: 0448 train_loss= 1.40688 train_acc= 0.96667 val_loss= 1.83266 val_acc= 0.71200 time= 0.01935
Test results: cost= 1.81764 accuracy= 0.71300 time= 0.01017
Epoch: 0449 train_loss= 1.40410 train_acc= 0.95000 val_loss= 1.83271 val_acc= 0.71200 time= 0.01978
Test results: cost= 1.81770 accuracy= 0.71300 time= 0.00996
Epoch: 0450 train_loss= 1.43084 train_acc= 0.95000 val_loss= 1.83274 val_acc= 0.71200 time= 0.01996
Test results: cost= 1.81773 accuracy= 0.71400 time= 0.01052
Epoch: 0451 train_loss= 1.42163 train_acc= 0.93333 val_loss= 1.83275 val_acc= 0.71200 time= 0.01991
Test results: cost= 1.81776 accuracy= 0.71400 time= 0.01010
Epoch: 0452 train_loss= 1.40025 train_acc= 0.96667 val_loss= 1.83278 val_acc= 0.71400 time= 0.02001
Test results: cost= 1.81778 accuracy= 0.71400 time= 0.00996
Epoch: 0453 train_loss= 1.42923 train_acc= 0.94167 val_loss= 1.83274 val_acc= 0.71200 time= 0.01970
Test results: cost= 1.81775 accuracy= 0.71500 time= 0.01032
Epoch: 0454 train_loss= 1.40033 train_acc= 0.95000 val_loss= 1.83270 val_acc= 0.71200 time= 0.01959
Test results: cost= 1.81772 accuracy= 0.71500 time= 0.01030
Epoch: 0455 train_loss= 1.40972 train_acc= 0.94167 val_loss= 1.83267 val_acc= 0.71200 time= 0.01933
Test results: cost= 1.81770 accuracy= 0.71600 time= 0.01000
Epoch: 0456 train_loss= 1.40013 train_acc= 0.95833 val_loss= 1.83262 val_acc= 0.71200 time= 0.01946
Test results: cost= 1.81767 accuracy= 0.71400 time= 0.01004
Epoch: 0457 train_loss= 1.43065 train_acc= 0.93333 val_loss= 1.83263 val_acc= 0.71200 time= 0.01940
Test results: cost= 1.81770 accuracy= 0.71400 time= 0.01009
Epoch: 0458 train_loss= 1.42231 train_acc= 0.94167 val_loss= 1.83267 val_acc= 0.71200 time= 0.01922
Test results: cost= 1.81775 accuracy= 0.71400 time= 0.01039
Epoch: 0459 train_loss= 1.44555 train_acc= 0.94167 val_loss= 1.83265 val_acc= 0.71200 time= 0.01949
Test results: cost= 1.81776 accuracy= 0.71400 time= 0.01051
Epoch: 0460 train_loss= 1.40832 train_acc= 0.95000 val_loss= 1.83260 val_acc= 0.71200 time= 0.01998
Test results: cost= 1.81774 accuracy= 0.71400 time= 0.01035
Epoch: 0461 train_loss= 1.41652 train_acc= 0.94167 val_loss= 1.83255 val_acc= 0.71200 time= 0.01987
Test results: cost= 1.81771 accuracy= 0.71500 time= 0.01001
Epoch: 0462 train_loss= 1.40418 train_acc= 0.94167 val_loss= 1.83249 val_acc= 0.71400 time= 0.01960
Test results: cost= 1.81766 accuracy= 0.71500 time= 0.01015
Epoch: 0463 train_loss= 1.41360 train_acc= 0.93333 val_loss= 1.83245 val_acc= 0.71600 time= 0.01991
Test results: cost= 1.81765 accuracy= 0.71500 time= 0.01038
Epoch: 0464 train_loss= 1.43519 train_acc= 0.94167 val_loss= 1.83242 val_acc= 0.71800 time= 0.02008
Test results: cost= 1.81763 accuracy= 0.71600 time= 0.01037
Epoch: 0465 train_loss= 1.40862 train_acc= 0.94167 val_loss= 1.83236 val_acc= 0.71800 time= 0.01970
Test results: cost= 1.81759 accuracy= 0.71600 time= 0.01009
Epoch: 0466 train_loss= 1.41695 train_acc= 0.92500 val_loss= 1.83230 val_acc= 0.72200 time= 0.01974
Test results: cost= 1.81754 accuracy= 0.71600 time= 0.01005
Epoch: 0467 train_loss= 1.42802 train_acc= 0.96667 val_loss= 1.83223 val_acc= 0.72200 time= 0.01947
Test results: cost= 1.81748 accuracy= 0.71600 time= 0.01010
Epoch: 0468 train_loss= 1.44175 train_acc= 0.95833 val_loss= 1.83215 val_acc= 0.72200 time= 0.01960
Test results: cost= 1.81741 accuracy= 0.71600 time= 0.01028
Epoch: 0469 train_loss= 1.40157 train_acc= 0.95833 val_loss= 1.83203 val_acc= 0.72200 time= 0.01951
Test results: cost= 1.81730 accuracy= 0.71600 time= 0.01037
Epoch: 0470 train_loss= 1.39685 train_acc= 0.92500 val_loss= 1.83190 val_acc= 0.72200 time= 0.02016
Test results: cost= 1.81717 accuracy= 0.71500 time= 0.01027
Epoch: 0471 train_loss= 1.43475 train_acc= 0.94167 val_loss= 1.83172 val_acc= 0.72200 time= 0.01967
Test results: cost= 1.81699 accuracy= 0.71600 time= 0.01026
Epoch: 0472 train_loss= 1.43318 train_acc= 0.95833 val_loss= 1.83153 val_acc= 0.72400 time= 0.01966
Test results: cost= 1.81678 accuracy= 0.71400 time= 0.01034
Epoch: 0473 train_loss= 1.42031 train_acc= 0.94167 val_loss= 1.83130 val_acc= 0.72400 time= 0.01969
Test results: cost= 1.81652 accuracy= 0.71500 time= 0.01004
Epoch: 0474 train_loss= 1.40011 train_acc= 0.94167 val_loss= 1.83111 val_acc= 0.72600 time= 0.01953
Test results: cost= 1.81628 accuracy= 0.71500 time= 0.00997
Epoch: 0475 train_loss= 1.41907 train_acc= 0.94167 val_loss= 1.83095 val_acc= 0.72600 time= 0.01973
Test results: cost= 1.81607 accuracy= 0.71700 time= 0.01021
Epoch: 0476 train_loss= 1.41331 train_acc= 0.95000 val_loss= 1.83082 val_acc= 0.72400 time= 0.01976
Test results: cost= 1.81591 accuracy= 0.71700 time= 0.01053
Epoch: 0477 train_loss= 1.40333 train_acc= 0.93333 val_loss= 1.83072 val_acc= 0.72400 time= 0.01975
Test results: cost= 1.81578 accuracy= 0.71600 time= 0.01048
Epoch: 0478 train_loss= 1.41903 train_acc= 0.96667 val_loss= 1.83064 val_acc= 0.72600 time= 0.01958
Test results: cost= 1.81568 accuracy= 0.71600 time= 0.01000
Epoch: 0479 train_loss= 1.40961 train_acc= 0.93333 val_loss= 1.83054 val_acc= 0.72600 time= 0.01963
Test results: cost= 1.81555 accuracy= 0.71600 time= 0.01036
Epoch: 0480 train_loss= 1.40581 train_acc= 0.95833 val_loss= 1.83048 val_acc= 0.72600 time= 0.01950
Test results: cost= 1.81545 accuracy= 0.71600 time= 0.01017
Epoch: 0481 train_loss= 1.42588 train_acc= 0.95833 val_loss= 1.83045 val_acc= 0.72400 time= 0.02011
Test results: cost= 1.81540 accuracy= 0.71500 time= 0.00995
Epoch: 0482 train_loss= 1.42610 train_acc= 0.94167 val_loss= 1.83041 val_acc= 0.72400 time= 0.02060
Test results: cost= 1.81534 accuracy= 0.71500 time= 0.01008
Epoch: 0483 train_loss= 1.43111 train_acc= 0.94167 val_loss= 1.83035 val_acc= 0.72400 time= 0.02002
Test results: cost= 1.81526 accuracy= 0.71500 time= 0.01032
Epoch: 0484 train_loss= 1.42430 train_acc= 0.96667 val_loss= 1.83025 val_acc= 0.72400 time= 0.01986
Test results: cost= 1.81517 accuracy= 0.71400 time= 0.01008
Epoch: 0485 train_loss= 1.40953 train_acc= 0.95000 val_loss= 1.83013 val_acc= 0.72400 time= 0.01973
Test results: cost= 1.81505 accuracy= 0.71400 time= 0.01016
Epoch: 0486 train_loss= 1.39534 train_acc= 0.95000 val_loss= 1.83004 val_acc= 0.72400 time= 0.01961
Test results: cost= 1.81497 accuracy= 0.71200 time= 0.01016
Epoch: 0487 train_loss= 1.40683 train_acc= 0.95833 val_loss= 1.82999 val_acc= 0.72600 time= 0.02010
Test results: cost= 1.81492 accuracy= 0.71200 time= 0.01031
Epoch: 0488 train_loss= 1.40297 train_acc= 0.92500 val_loss= 1.82997 val_acc= 0.72600 time= 0.01984
Test results: cost= 1.81491 accuracy= 0.71200 time= 0.00994
Epoch: 0489 train_loss= 1.43280 train_acc= 0.95000 val_loss= 1.82998 val_acc= 0.72800 time= 0.01986
Test results: cost= 1.81490 accuracy= 0.71200 time= 0.01000
Epoch: 0490 train_loss= 1.38065 train_acc= 0.95833 val_loss= 1.82997 val_acc= 0.72800 time= 0.01976
Test results: cost= 1.81487 accuracy= 0.71200 time= 0.01038
Epoch: 0491 train_loss= 1.43225 train_acc= 0.95000 val_loss= 1.82993 val_acc= 0.73000 time= 0.02001
Test results: cost= 1.81483 accuracy= 0.71200 time= 0.01019
Epoch: 0492 train_loss= 1.40422 train_acc= 0.94167 val_loss= 1.82992 val_acc= 0.73000 time= 0.01975
Test results: cost= 1.81483 accuracy= 0.71200 time= 0.01068
Epoch: 0493 train_loss= 1.40954 train_acc= 0.95000 val_loss= 1.82992 val_acc= 0.72800 time= 0.01980
Test results: cost= 1.81485 accuracy= 0.71200 time= 0.01051
Epoch: 0494 train_loss= 1.42604 train_acc= 0.92500 val_loss= 1.82989 val_acc= 0.72800 time= 0.02000
Test results: cost= 1.81484 accuracy= 0.71300 time= 0.01003
Epoch: 0495 train_loss= 1.42239 train_acc= 0.95000 val_loss= 1.82987 val_acc= 0.73000 time= 0.01956
Test results: cost= 1.81485 accuracy= 0.71300 time= 0.01013
Epoch: 0496 train_loss= 1.43351 train_acc= 0.96667 val_loss= 1.82988 val_acc= 0.73000 time= 0.01966
Test results: cost= 1.81489 accuracy= 0.71300 time= 0.01037
Epoch: 0497 train_loss= 1.41937 train_acc= 0.92500 val_loss= 1.82986 val_acc= 0.73400 time= 0.01989
Test results: cost= 1.81491 accuracy= 0.71200 time= 0.01035
Epoch: 0498 train_loss= 1.40241 train_acc= 0.92500 val_loss= 1.82986 val_acc= 0.73400 time= 0.01989
Test results: cost= 1.81492 accuracy= 0.71200 time= 0.01031
Epoch: 0499 train_loss= 1.40604 train_acc= 0.95000 val_loss= 1.82988 val_acc= 0.73200 time= 0.01947
Test results: cost= 1.81497 accuracy= 0.71200 time= 0.01023
Epoch: 0500 train_loss= 1.40343 train_acc= 0.95000 val_loss= 1.82986 val_acc= 0.73200 time= 0.01975
Test results: cost= 1.81496 accuracy= 0.71300 time= 0.00989
best epoch: 496
best test: 0.71199965
Optimization Finished!
