
		{"dataset": "citeseer", "weight_decay": 0.0005, "hidden1": 16, "dropout": 0.5, "model": "gcn_mi1", "train_ratio": 20, "epochs": 500}
citeseer
{'dataset': 'citeseer', 'model': 'gcn_mi1', 'learning_rate': 0.01, 'epochs': 500, 'hidden1': 16, 'dropout': 0.5, 'weight_decay': 0.0005, 'early_stopping': 200, 'train_ratio': 20, 'repeat': 7}
500 500
Epoch: 0001 train_loss= 1.78312 train_acc= 0.14167 val_loss= 1.79295 val_acc= 0.40400 time= 0.03778
Test results: cost= 1.79312 accuracy= 0.39900 time= 0.00988
Epoch: 0002 train_loss= 1.76981 train_acc= 0.81667 val_loss= 1.78972 val_acc= 0.51400 time= 0.01987
Test results: cost= 1.78987 accuracy= 0.51400 time= 0.00985
Epoch: 0003 train_loss= 1.75794 train_acc= 0.95833 val_loss= 1.78751 val_acc= 0.56200 time= 0.01958
Test results: cost= 1.78763 accuracy= 0.54800 time= 0.01033
Epoch: 0004 train_loss= 1.74711 train_acc= 0.98333 val_loss= 1.78611 val_acc= 0.58600 time= 0.01969
Test results: cost= 1.78620 accuracy= 0.57400 time= 0.01043
Epoch: 0005 train_loss= 1.73763 train_acc= 0.99167 val_loss= 1.78526 val_acc= 0.59800 time= 0.01996
Test results: cost= 1.78532 accuracy= 0.58800 time= 0.01004
Epoch: 0006 train_loss= 1.72841 train_acc= 0.98333 val_loss= 1.78485 val_acc= 0.60600 time= 0.01969
Test results: cost= 1.78489 accuracy= 0.59300 time= 0.01014
Epoch: 0007 train_loss= 1.71954 train_acc= 0.98333 val_loss= 1.78472 val_acc= 0.61600 time= 0.01955
Test results: cost= 1.78474 accuracy= 0.59900 time= 0.01038
Epoch: 0008 train_loss= 1.71191 train_acc= 0.98333 val_loss= 1.78484 val_acc= 0.62200 time= 0.02018
Test results: cost= 1.78481 accuracy= 0.59900 time= 0.01016
Epoch: 0009 train_loss= 1.70516 train_acc= 0.98333 val_loss= 1.78516 val_acc= 0.62400 time= 0.01961
Test results: cost= 1.78510 accuracy= 0.59600 time= 0.01024
Epoch: 0010 train_loss= 1.69831 train_acc= 1.00000 val_loss= 1.78561 val_acc= 0.62600 time= 0.01965
Test results: cost= 1.78554 accuracy= 0.59900 time= 0.01005
Epoch: 0011 train_loss= 1.69261 train_acc= 0.99167 val_loss= 1.78615 val_acc= 0.62600 time= 0.01958
Test results: cost= 1.78608 accuracy= 0.59600 time= 0.01032
Epoch: 0012 train_loss= 1.68351 train_acc= 0.99167 val_loss= 1.78682 val_acc= 0.62800 time= 0.01926
Test results: cost= 1.78676 accuracy= 0.59600 time= 0.00998
Epoch: 0013 train_loss= 1.67780 train_acc= 0.97500 val_loss= 1.78759 val_acc= 0.62400 time= 0.01980
Test results: cost= 1.78752 accuracy= 0.60300 time= 0.01011
Epoch: 0014 train_loss= 1.66970 train_acc= 1.00000 val_loss= 1.78840 val_acc= 0.63000 time= 0.01918
Test results: cost= 1.78833 accuracy= 0.60400 time= 0.01009
Epoch: 0015 train_loss= 1.66409 train_acc= 0.98333 val_loss= 1.78927 val_acc= 0.63000 time= 0.01935
Test results: cost= 1.78919 accuracy= 0.60700 time= 0.01041
Epoch: 0016 train_loss= 1.65577 train_acc= 0.99167 val_loss= 1.79018 val_acc= 0.63200 time= 0.01935
Test results: cost= 1.79008 accuracy= 0.60900 time= 0.01024
Epoch: 0017 train_loss= 1.65346 train_acc= 0.99167 val_loss= 1.79107 val_acc= 0.63800 time= 0.01965
Test results: cost= 1.79094 accuracy= 0.61200 time= 0.01011
Epoch: 0018 train_loss= 1.64720 train_acc= 0.97500 val_loss= 1.79196 val_acc= 0.63600 time= 0.01981
Test results: cost= 1.79180 accuracy= 0.61300 time= 0.01011
Epoch: 0019 train_loss= 1.64927 train_acc= 0.98333 val_loss= 1.79282 val_acc= 0.63800 time= 0.01929
Test results: cost= 1.79263 accuracy= 0.61400 time= 0.01007
Epoch: 0020 train_loss= 1.63536 train_acc= 0.99167 val_loss= 1.79362 val_acc= 0.63800 time= 0.01964
Test results: cost= 1.79342 accuracy= 0.61400 time= 0.01017
Epoch: 0021 train_loss= 1.63704 train_acc= 0.97500 val_loss= 1.79439 val_acc= 0.64400 time= 0.02001
Test results: cost= 1.79417 accuracy= 0.61400 time= 0.01052
Epoch: 0022 train_loss= 1.63214 train_acc= 0.99167 val_loss= 1.79515 val_acc= 0.64800 time= 0.01948
Test results: cost= 1.79490 accuracy= 0.61800 time= 0.01034
Epoch: 0023 train_loss= 1.62880 train_acc= 0.99167 val_loss= 1.79590 val_acc= 0.64800 time= 0.01982
Test results: cost= 1.79560 accuracy= 0.61900 time= 0.01024
Epoch: 0024 train_loss= 1.62694 train_acc= 0.98333 val_loss= 1.79663 val_acc= 0.64800 time= 0.01977
Test results: cost= 1.79628 accuracy= 0.62100 time= 0.01022
Epoch: 0025 train_loss= 1.61991 train_acc= 0.97500 val_loss= 1.79732 val_acc= 0.64800 time= 0.01962
Test results: cost= 1.79693 accuracy= 0.62300 time= 0.01004
Epoch: 0026 train_loss= 1.61733 train_acc= 0.99167 val_loss= 1.79802 val_acc= 0.65000 time= 0.01982
Test results: cost= 1.79756 accuracy= 0.62600 time= 0.01043
Epoch: 0027 train_loss= 1.61283 train_acc= 0.98333 val_loss= 1.79872 val_acc= 0.65000 time= 0.02039
Test results: cost= 1.79820 accuracy= 0.62700 time= 0.01005
Epoch: 0028 train_loss= 1.60970 train_acc= 0.99167 val_loss= 1.79937 val_acc= 0.65200 time= 0.02073
Test results: cost= 1.79882 accuracy= 0.62700 time= 0.01028
Epoch: 0029 train_loss= 1.61170 train_acc= 0.98333 val_loss= 1.80001 val_acc= 0.65000 time= 0.01993
Test results: cost= 1.79945 accuracy= 0.62800 time= 0.01035
Epoch: 0030 train_loss= 1.60560 train_acc= 0.98333 val_loss= 1.80068 val_acc= 0.65200 time= 0.01967
Test results: cost= 1.80007 accuracy= 0.62800 time= 0.00998
Epoch: 0031 train_loss= 1.59898 train_acc= 0.97500 val_loss= 1.80135 val_acc= 0.65600 time= 0.01998
Test results: cost= 1.80072 accuracy= 0.63000 time= 0.01008
Epoch: 0032 train_loss= 1.59715 train_acc= 0.98333 val_loss= 1.80202 val_acc= 0.65400 time= 0.01973
Test results: cost= 1.80137 accuracy= 0.62900 time= 0.01016
Epoch: 0033 train_loss= 1.59351 train_acc= 0.97500 val_loss= 1.80269 val_acc= 0.65400 time= 0.01989
Test results: cost= 1.80202 accuracy= 0.63100 time= 0.01005
Epoch: 0034 train_loss= 1.59629 train_acc= 0.98333 val_loss= 1.80337 val_acc= 0.65400 time= 0.01941
Test results: cost= 1.80268 accuracy= 0.62800 time= 0.01005
Epoch: 0035 train_loss= 1.59229 train_acc= 0.98333 val_loss= 1.80404 val_acc= 0.65200 time= 0.01971
Test results: cost= 1.80335 accuracy= 0.62800 time= 0.01002
Epoch: 0036 train_loss= 1.58656 train_acc= 0.98333 val_loss= 1.80471 val_acc= 0.65200 time= 0.01980
Test results: cost= 1.80399 accuracy= 0.62500 time= 0.01034
Epoch: 0037 train_loss= 1.59331 train_acc= 0.97500 val_loss= 1.80533 val_acc= 0.65200 time= 0.02015
Test results: cost= 1.80459 accuracy= 0.62400 time= 0.01018
Epoch: 0038 train_loss= 1.58022 train_acc= 0.99167 val_loss= 1.80596 val_acc= 0.65200 time= 0.01992
Test results: cost= 1.80520 accuracy= 0.62300 time= 0.01035
Epoch: 0039 train_loss= 1.58326 train_acc= 0.98333 val_loss= 1.80657 val_acc= 0.65200 time= 0.01962
Test results: cost= 1.80581 accuracy= 0.62400 time= 0.01017
Epoch: 0040 train_loss= 1.58187 train_acc= 0.98333 val_loss= 1.80723 val_acc= 0.65000 time= 0.01945
Test results: cost= 1.80644 accuracy= 0.62200 time= 0.01035
Epoch: 0041 train_loss= 1.58227 train_acc= 0.99167 val_loss= 1.80790 val_acc= 0.65200 time= 0.01937
Test results: cost= 1.80706 accuracy= 0.62200 time= 0.00989
Epoch: 0042 train_loss= 1.57864 train_acc= 0.98333 val_loss= 1.80856 val_acc= 0.65200 time= 0.01937
Test results: cost= 1.80770 accuracy= 0.62400 time= 0.01026
Epoch: 0043 train_loss= 1.57530 train_acc= 0.98333 val_loss= 1.80919 val_acc= 0.65200 time= 0.01978
Test results: cost= 1.80830 accuracy= 0.62500 time= 0.01016
Epoch: 0044 train_loss= 1.56544 train_acc= 0.96667 val_loss= 1.80983 val_acc= 0.65200 time= 0.01997
Test results: cost= 1.80894 accuracy= 0.62500 time= 0.01020
Epoch: 0045 train_loss= 1.56742 train_acc= 0.98333 val_loss= 1.81048 val_acc= 0.65200 time= 0.01994
Test results: cost= 1.80958 accuracy= 0.62500 time= 0.01012
Epoch: 0046 train_loss= 1.57360 train_acc= 0.99167 val_loss= 1.81112 val_acc= 0.65200 time= 0.01936
Test results: cost= 1.81021 accuracy= 0.62600 time= 0.01043
Epoch: 0047 train_loss= 1.56006 train_acc= 0.98333 val_loss= 1.81176 val_acc= 0.65000 time= 0.01940
Test results: cost= 1.81085 accuracy= 0.62600 time= 0.01016
Epoch: 0048 train_loss= 1.56317 train_acc= 0.97500 val_loss= 1.81243 val_acc= 0.65000 time= 0.01965
Test results: cost= 1.81148 accuracy= 0.62800 time= 0.00989
Epoch: 0049 train_loss= 1.55482 train_acc= 0.98333 val_loss= 1.81311 val_acc= 0.65400 time= 0.01954
Test results: cost= 1.81216 accuracy= 0.63200 time= 0.01025
Epoch: 0050 train_loss= 1.56264 train_acc= 0.98333 val_loss= 1.81378 val_acc= 0.65000 time= 0.01955
Test results: cost= 1.81283 accuracy= 0.63200 time= 0.01006
Epoch: 0051 train_loss= 1.55835 train_acc= 0.98333 val_loss= 1.81443 val_acc= 0.65400 time= 0.01933
Test results: cost= 1.81349 accuracy= 0.63300 time= 0.01045
Epoch: 0052 train_loss= 1.55086 train_acc= 0.96667 val_loss= 1.81511 val_acc= 0.65400 time= 0.01965
Test results: cost= 1.81415 accuracy= 0.63400 time= 0.01014
Epoch: 0053 train_loss= 1.54686 train_acc= 0.96667 val_loss= 1.81582 val_acc= 0.65800 time= 0.02038
Test results: cost= 1.81484 accuracy= 0.63400 time= 0.01049
Epoch: 0054 train_loss= 1.55231 train_acc= 0.96667 val_loss= 1.81652 val_acc= 0.65800 time= 0.01958
Test results: cost= 1.81552 accuracy= 0.63400 time= 0.01028
Epoch: 0055 train_loss= 1.54697 train_acc= 0.98333 val_loss= 1.81721 val_acc= 0.65200 time= 0.01976
Test results: cost= 1.81621 accuracy= 0.63500 time= 0.01017
Epoch: 0056 train_loss= 1.54875 train_acc= 0.97500 val_loss= 1.81789 val_acc= 0.65200 time= 0.01981
Test results: cost= 1.81688 accuracy= 0.63100 time= 0.01008
Epoch: 0057 train_loss= 1.53924 train_acc= 0.97500 val_loss= 1.81857 val_acc= 0.65200 time= 0.01964
Test results: cost= 1.81754 accuracy= 0.62900 time= 0.01022
Epoch: 0058 train_loss= 1.55046 train_acc= 0.98333 val_loss= 1.81921 val_acc= 0.65200 time= 0.01994
Test results: cost= 1.81818 accuracy= 0.62900 time= 0.01006
Epoch: 0059 train_loss= 1.54748 train_acc= 0.98333 val_loss= 1.81986 val_acc= 0.65200 time= 0.02021
Test results: cost= 1.81882 accuracy= 0.63100 time= 0.01040
Epoch: 0060 train_loss= 1.55497 train_acc= 0.99167 val_loss= 1.82048 val_acc= 0.65400 time= 0.02005
Test results: cost= 1.81944 accuracy= 0.63100 time= 0.01042
Epoch: 0061 train_loss= 1.54881 train_acc= 0.97500 val_loss= 1.82107 val_acc= 0.65400 time= 0.01930
Test results: cost= 1.82002 accuracy= 0.63100 time= 0.01004
Epoch: 0062 train_loss= 1.55175 train_acc= 0.98333 val_loss= 1.82163 val_acc= 0.65400 time= 0.01984
Test results: cost= 1.82057 accuracy= 0.63200 time= 0.01024
Epoch: 0063 train_loss= 1.54132 train_acc= 0.97500 val_loss= 1.82220 val_acc= 0.65400 time= 0.01945
Test results: cost= 1.82114 accuracy= 0.63300 time= 0.01008
Epoch: 0064 train_loss= 1.54089 train_acc= 0.98333 val_loss= 1.82279 val_acc= 0.65800 time= 0.01968
Test results: cost= 1.82171 accuracy= 0.63100 time= 0.01037
Epoch: 0065 train_loss= 1.53515 train_acc= 0.97500 val_loss= 1.82340 val_acc= 0.65800 time= 0.01970
Test results: cost= 1.82229 accuracy= 0.63100 time= 0.01034
Epoch: 0066 train_loss= 1.53226 train_acc= 0.98333 val_loss= 1.82403 val_acc= 0.65400 time= 0.01951
Test results: cost= 1.82288 accuracy= 0.63300 time= 0.01015
Epoch: 0067 train_loss= 1.53587 train_acc= 0.97500 val_loss= 1.82464 val_acc= 0.65600 time= 0.02007
Test results: cost= 1.82345 accuracy= 0.63400 time= 0.01019
Epoch: 0068 train_loss= 1.53053 train_acc= 0.96667 val_loss= 1.82524 val_acc= 0.65800 time= 0.02081
Test results: cost= 1.82402 accuracy= 0.63200 time= 0.01012
Epoch: 0069 train_loss= 1.54207 train_acc= 0.97500 val_loss= 1.82582 val_acc= 0.66200 time= 0.01948
Test results: cost= 1.82457 accuracy= 0.63200 time= 0.01026
Epoch: 0070 train_loss= 1.53086 train_acc= 0.98333 val_loss= 1.82639 val_acc= 0.66000 time= 0.01955
Test results: cost= 1.82509 accuracy= 0.63100 time= 0.00995
Epoch: 0071 train_loss= 1.52428 train_acc= 0.96667 val_loss= 1.82696 val_acc= 0.66200 time= 0.01959
Test results: cost= 1.82562 accuracy= 0.63300 time= 0.01057
Epoch: 0072 train_loss= 1.53139 train_acc= 0.97500 val_loss= 1.82752 val_acc= 0.66200 time= 0.01957
Test results: cost= 1.82614 accuracy= 0.63300 time= 0.01008
Epoch: 0073 train_loss= 1.53606 train_acc= 0.96667 val_loss= 1.82802 val_acc= 0.66200 time= 0.01952
Test results: cost= 1.82660 accuracy= 0.63300 time= 0.01012
Epoch: 0074 train_loss= 1.52928 train_acc= 0.97500 val_loss= 1.82849 val_acc= 0.66200 time= 0.01979
Test results: cost= 1.82702 accuracy= 0.63300 time= 0.01010
Epoch: 0075 train_loss= 1.53328 train_acc= 0.98333 val_loss= 1.82896 val_acc= 0.66200 time= 0.01958
Test results: cost= 1.82746 accuracy= 0.63300 time= 0.00993
Epoch: 0076 train_loss= 1.52804 train_acc= 0.98333 val_loss= 1.82944 val_acc= 0.66400 time= 0.01987
Test results: cost= 1.82791 accuracy= 0.63300 time= 0.00996
Epoch: 0077 train_loss= 1.52007 train_acc= 0.97500 val_loss= 1.82994 val_acc= 0.66400 time= 0.01940
Test results: cost= 1.82837 accuracy= 0.63500 time= 0.01024
Epoch: 0078 train_loss= 1.52411 train_acc= 0.96667 val_loss= 1.83042 val_acc= 0.66400 time= 0.01990
Test results: cost= 1.82881 accuracy= 0.63500 time= 0.01027
Epoch: 0079 train_loss= 1.51887 train_acc= 0.95833 val_loss= 1.83094 val_acc= 0.66600 time= 0.01971
Test results: cost= 1.82930 accuracy= 0.63500 time= 0.01009
Epoch: 0080 train_loss= 1.52657 train_acc= 0.95833 val_loss= 1.83143 val_acc= 0.66600 time= 0.01952
Test results: cost= 1.82975 accuracy= 0.63500 time= 0.01039
Epoch: 0081 train_loss= 1.53204 train_acc= 0.98333 val_loss= 1.83191 val_acc= 0.66600 time= 0.01934
Test results: cost= 1.83020 accuracy= 0.63400 time= 0.01051
Epoch: 0082 train_loss= 1.51612 train_acc= 0.97500 val_loss= 1.83241 val_acc= 0.66600 time= 0.01932
Test results: cost= 1.83068 accuracy= 0.63400 time= 0.00984
Epoch: 0083 train_loss= 1.52383 train_acc= 0.98333 val_loss= 1.83291 val_acc= 0.66600 time= 0.01978
Test results: cost= 1.83115 accuracy= 0.63400 time= 0.00982
Epoch: 0084 train_loss= 1.52308 train_acc= 0.95833 val_loss= 1.83340 val_acc= 0.66800 time= 0.01940
Test results: cost= 1.83163 accuracy= 0.63500 time= 0.01012
Epoch: 0085 train_loss= 1.52160 train_acc= 0.97500 val_loss= 1.83386 val_acc= 0.66800 time= 0.01954
Test results: cost= 1.83209 accuracy= 0.63600 time= 0.00996
Epoch: 0086 train_loss= 1.53553 train_acc= 0.94167 val_loss= 1.83430 val_acc= 0.67000 time= 0.01942
Test results: cost= 1.83253 accuracy= 0.63600 time= 0.01005
Epoch: 0087 train_loss= 1.50862 train_acc= 0.95833 val_loss= 1.83474 val_acc= 0.66800 time= 0.01979
Test results: cost= 1.83298 accuracy= 0.63600 time= 0.01036
Epoch: 0088 train_loss= 1.51838 train_acc= 0.98333 val_loss= 1.83521 val_acc= 0.66800 time= 0.01950
Test results: cost= 1.83345 accuracy= 0.63600 time= 0.01018
Epoch: 0089 train_loss= 1.52747 train_acc= 0.97500 val_loss= 1.83567 val_acc= 0.66600 time= 0.01990
Test results: cost= 1.83391 accuracy= 0.63600 time= 0.01030
Epoch: 0090 train_loss= 1.52960 train_acc= 0.95833 val_loss= 1.83609 val_acc= 0.66800 time= 0.01960
Test results: cost= 1.83432 accuracy= 0.63700 time= 0.01009
Epoch: 0091 train_loss= 1.51178 train_acc= 0.98333 val_loss= 1.83656 val_acc= 0.66600 time= 0.01973
Test results: cost= 1.83478 accuracy= 0.63600 time= 0.01004
Epoch: 0092 train_loss= 1.51006 train_acc= 0.97500 val_loss= 1.83704 val_acc= 0.66400 time= 0.01984
Test results: cost= 1.83523 accuracy= 0.63400 time= 0.01021
Epoch: 0093 train_loss= 1.51347 train_acc= 0.95833 val_loss= 1.83753 val_acc= 0.66200 time= 0.01956
Test results: cost= 1.83569 accuracy= 0.63400 time= 0.01042
Epoch: 0094 train_loss= 1.52473 train_acc= 0.96667 val_loss= 1.83796 val_acc= 0.66200 time= 0.02015
Test results: cost= 1.83611 accuracy= 0.63400 time= 0.01036
Epoch: 0095 train_loss= 1.52366 train_acc= 0.97500 val_loss= 1.83838 val_acc= 0.66400 time= 0.02040
Test results: cost= 1.83652 accuracy= 0.63400 time= 0.01003
Epoch: 0096 train_loss= 1.50685 train_acc= 0.98333 val_loss= 1.83880 val_acc= 0.66200 time= 0.01938
Test results: cost= 1.83694 accuracy= 0.63400 time= 0.00993
Epoch: 0097 train_loss= 1.49924 train_acc= 0.97500 val_loss= 1.83920 val_acc= 0.66400 time= 0.01940
Test results: cost= 1.83734 accuracy= 0.63300 time= 0.01015
Epoch: 0098 train_loss= 1.50920 train_acc= 0.97500 val_loss= 1.83963 val_acc= 0.66400 time= 0.02002
Test results: cost= 1.83778 accuracy= 0.63600 time= 0.01016
Epoch: 0099 train_loss= 1.51585 train_acc= 0.96667 val_loss= 1.84006 val_acc= 0.66600 time= 0.01947
Test results: cost= 1.83823 accuracy= 0.63600 time= 0.01020
Epoch: 0100 train_loss= 1.48451 train_acc= 0.95833 val_loss= 1.84051 val_acc= 0.66400 time= 0.01986
Test results: cost= 1.83870 accuracy= 0.63500 time= 0.01039
Epoch: 0101 train_loss= 1.50590 train_acc= 0.95833 val_loss= 1.84095 val_acc= 0.66400 time= 0.02010
Test results: cost= 1.83917 accuracy= 0.63500 time= 0.01030
Epoch: 0102 train_loss= 1.52124 train_acc= 0.96667 val_loss= 1.84137 val_acc= 0.66600 time= 0.02012
Test results: cost= 1.83960 accuracy= 0.63500 time= 0.01014
Epoch: 0103 train_loss= 1.49561 train_acc= 0.96667 val_loss= 1.84178 val_acc= 0.66400 time= 0.01986
Test results: cost= 1.84003 accuracy= 0.63500 time= 0.00989
Epoch: 0104 train_loss= 1.50601 train_acc= 0.96667 val_loss= 1.84220 val_acc= 0.67000 time= 0.01917
Test results: cost= 1.84046 accuracy= 0.63500 time= 0.01003
Epoch: 0105 train_loss= 1.52188 train_acc= 0.95833 val_loss= 1.84258 val_acc= 0.66800 time= 0.01931
Test results: cost= 1.84084 accuracy= 0.63400 time= 0.01021
Epoch: 0106 train_loss= 1.50282 train_acc= 0.96667 val_loss= 1.84295 val_acc= 0.66800 time= 0.01961
Test results: cost= 1.84119 accuracy= 0.63400 time= 0.00987
Epoch: 0107 train_loss= 1.50501 train_acc= 0.97500 val_loss= 1.84331 val_acc= 0.66600 time= 0.01939
Test results: cost= 1.84155 accuracy= 0.63200 time= 0.01004
Epoch: 0108 train_loss= 1.49000 train_acc= 0.96667 val_loss= 1.84366 val_acc= 0.66800 time= 0.01942
Test results: cost= 1.84189 accuracy= 0.63300 time= 0.01001
Epoch: 0109 train_loss= 1.50602 train_acc= 0.97500 val_loss= 1.84402 val_acc= 0.66800 time= 0.01953
Test results: cost= 1.84225 accuracy= 0.63400 time= 0.00997
Epoch: 0110 train_loss= 1.48793 train_acc= 0.97500 val_loss= 1.84441 val_acc= 0.66800 time= 0.02032
Test results: cost= 1.84265 accuracy= 0.63600 time= 0.01034
Epoch: 0111 train_loss= 1.51876 train_acc= 0.98333 val_loss= 1.84478 val_acc= 0.67000 time= 0.01957
Test results: cost= 1.84303 accuracy= 0.63500 time= 0.01064
Epoch: 0112 train_loss= 1.49562 train_acc= 0.96667 val_loss= 1.84514 val_acc= 0.67200 time= 0.02016
Test results: cost= 1.84339 accuracy= 0.63500 time= 0.01042
Epoch: 0113 train_loss= 1.50082 train_acc= 0.98333 val_loss= 1.84555 val_acc= 0.67200 time= 0.01946
Test results: cost= 1.84378 accuracy= 0.63500 time= 0.01008
Epoch: 0114 train_loss= 1.48804 train_acc= 0.98333 val_loss= 1.84598 val_acc= 0.67200 time= 0.01980
Test results: cost= 1.84418 accuracy= 0.63500 time= 0.01014
Epoch: 0115 train_loss= 1.49648 train_acc= 0.96667 val_loss= 1.84641 val_acc= 0.67000 time= 0.01987
Test results: cost= 1.84459 accuracy= 0.63500 time= 0.01028
Epoch: 0116 train_loss= 1.49149 train_acc= 0.97500 val_loss= 1.84687 val_acc= 0.66800 time= 0.01996
Test results: cost= 1.84499 accuracy= 0.63500 time= 0.01004
Epoch: 0117 train_loss= 1.49083 train_acc= 0.98333 val_loss= 1.84733 val_acc= 0.66800 time= 0.01948
Test results: cost= 1.84539 accuracy= 0.63500 time= 0.01040
Epoch: 0118 train_loss= 1.51324 train_acc= 0.96667 val_loss= 1.84775 val_acc= 0.67000 time= 0.01968
Test results: cost= 1.84576 accuracy= 0.63700 time= 0.01017
Epoch: 0119 train_loss= 1.50295 train_acc= 0.96667 val_loss= 1.84814 val_acc= 0.66800 time= 0.01962
Test results: cost= 1.84610 accuracy= 0.63600 time= 0.01013
Epoch: 0120 train_loss= 1.49283 train_acc= 0.95833 val_loss= 1.84851 val_acc= 0.66200 time= 0.01973
Test results: cost= 1.84642 accuracy= 0.63600 time= 0.00997
Epoch: 0121 train_loss= 1.48469 train_acc= 0.97500 val_loss= 1.84888 val_acc= 0.66200 time= 0.02002
Test results: cost= 1.84674 accuracy= 0.63500 time= 0.01004
Epoch: 0122 train_loss= 1.49482 train_acc= 0.96667 val_loss= 1.84925 val_acc= 0.66400 time= 0.01999
Test results: cost= 1.84705 accuracy= 0.63500 time= 0.01000
Epoch: 0123 train_loss= 1.50819 train_acc= 0.97500 val_loss= 1.84959 val_acc= 0.66400 time= 0.01974
Test results: cost= 1.84735 accuracy= 0.63500 time= 0.01046
Epoch: 0124 train_loss= 1.48528 train_acc= 0.95833 val_loss= 1.84994 val_acc= 0.66600 time= 0.02014
Test results: cost= 1.84766 accuracy= 0.63600 time= 0.00980
Epoch: 0125 train_loss= 1.50523 train_acc= 0.97500 val_loss= 1.85028 val_acc= 0.66600 time= 0.01977
Test results: cost= 1.84795 accuracy= 0.63700 time= 0.01027
Epoch: 0126 train_loss= 1.48664 train_acc= 0.97500 val_loss= 1.85067 val_acc= 0.66600 time= 0.02025
Test results: cost= 1.84828 accuracy= 0.63700 time= 0.01002
Epoch: 0127 train_loss= 1.50886 train_acc= 0.98333 val_loss= 1.85107 val_acc= 0.66600 time= 0.01962
Test results: cost= 1.84862 accuracy= 0.63700 time= 0.01002
Epoch: 0128 train_loss= 1.50103 train_acc= 0.96667 val_loss= 1.85145 val_acc= 0.66600 time= 0.01925
Test results: cost= 1.84895 accuracy= 0.63700 time= 0.00984
Epoch: 0129 train_loss= 1.49568 train_acc= 0.97500 val_loss= 1.85179 val_acc= 0.66600 time= 0.01972
Test results: cost= 1.84924 accuracy= 0.63800 time= 0.01035
Epoch: 0130 train_loss= 1.47572 train_acc= 0.98333 val_loss= 1.85211 val_acc= 0.66800 time= 0.01920
Test results: cost= 1.84953 accuracy= 0.63800 time= 0.01037
Epoch: 0131 train_loss= 1.48607 train_acc= 0.97500 val_loss= 1.85241 val_acc= 0.66800 time= 0.01975
Test results: cost= 1.84982 accuracy= 0.63800 time= 0.01025
Epoch: 0132 train_loss= 1.48409 train_acc= 0.95833 val_loss= 1.85273 val_acc= 0.67000 time= 0.01978
Test results: cost= 1.85014 accuracy= 0.63900 time= 0.01037
Epoch: 0133 train_loss= 1.49379 train_acc= 0.97500 val_loss= 1.85306 val_acc= 0.67000 time= 0.01976
Test results: cost= 1.85046 accuracy= 0.63900 time= 0.01010
Epoch: 0134 train_loss= 1.48694 train_acc= 0.96667 val_loss= 1.85342 val_acc= 0.67000 time= 0.02000
Test results: cost= 1.85082 accuracy= 0.63900 time= 0.01003
Epoch: 0135 train_loss= 1.48860 train_acc= 0.97500 val_loss= 1.85372 val_acc= 0.67000 time= 0.01922
Test results: cost= 1.85114 accuracy= 0.63900 time= 0.01003
Epoch: 0136 train_loss= 1.48250 train_acc= 0.95833 val_loss= 1.85404 val_acc= 0.67200 time= 0.01905
Test results: cost= 1.85145 accuracy= 0.63800 time= 0.01027
Epoch: 0137 train_loss= 1.50780 train_acc= 0.95833 val_loss= 1.85435 val_acc= 0.67200 time= 0.01978
Test results: cost= 1.85176 accuracy= 0.63700 time= 0.01044
Epoch: 0138 train_loss= 1.49166 train_acc= 0.97500 val_loss= 1.85461 val_acc= 0.67000 time= 0.01985
Test results: cost= 1.85201 accuracy= 0.63500 time= 0.01037
Epoch: 0139 train_loss= 1.47685 train_acc= 0.96667 val_loss= 1.85481 val_acc= 0.67000 time= 0.02046
Test results: cost= 1.85222 accuracy= 0.63500 time= 0.01003
Epoch: 0140 train_loss= 1.49263 train_acc= 0.96667 val_loss= 1.85498 val_acc= 0.67400 time= 0.01942
Test results: cost= 1.85241 accuracy= 0.63600 time= 0.01012
Epoch: 0141 train_loss= 1.47389 train_acc= 0.96667 val_loss= 1.85516 val_acc= 0.67400 time= 0.01968
Test results: cost= 1.85263 accuracy= 0.63600 time= 0.01027
Epoch: 0142 train_loss= 1.48021 train_acc= 0.97500 val_loss= 1.85534 val_acc= 0.67600 time= 0.01949
Test results: cost= 1.85283 accuracy= 0.63600 time= 0.01029
Epoch: 0143 train_loss= 1.50531 train_acc= 0.98333 val_loss= 1.85549 val_acc= 0.67600 time= 0.01934
Test results: cost= 1.85298 accuracy= 0.63600 time= 0.01004
Epoch: 0144 train_loss= 1.48135 train_acc= 0.95833 val_loss= 1.85571 val_acc= 0.67400 time= 0.01945
Test results: cost= 1.85320 accuracy= 0.63600 time= 0.01029
Epoch: 0145 train_loss= 1.49559 train_acc= 0.96667 val_loss= 1.85591 val_acc= 0.67400 time= 0.01967
Test results: cost= 1.85339 accuracy= 0.63700 time= 0.01012
Epoch: 0146 train_loss= 1.50666 train_acc= 0.96667 val_loss= 1.85604 val_acc= 0.67400 time= 0.01931
Test results: cost= 1.85353 accuracy= 0.63800 time= 0.01023
Epoch: 0147 train_loss= 1.48391 train_acc= 0.97500 val_loss= 1.85616 val_acc= 0.67000 time= 0.01977
Test results: cost= 1.85365 accuracy= 0.63800 time= 0.01003
Epoch: 0148 train_loss= 1.48240 train_acc= 0.95000 val_loss= 1.85630 val_acc= 0.66800 time= 0.01983
Test results: cost= 1.85380 accuracy= 0.64000 time= 0.01034
Epoch: 0149 train_loss= 1.46939 train_acc= 0.97500 val_loss= 1.85647 val_acc= 0.66800 time= 0.02040
Test results: cost= 1.85399 accuracy= 0.64100 time= 0.01047
Epoch: 0150 train_loss= 1.47197 train_acc= 0.97500 val_loss= 1.85663 val_acc= 0.66800 time= 0.01954
Test results: cost= 1.85419 accuracy= 0.64000 time= 0.01031
Epoch: 0151 train_loss= 1.47799 train_acc= 0.98333 val_loss= 1.85677 val_acc= 0.66800 time= 0.01988
Test results: cost= 1.85439 accuracy= 0.64000 time= 0.00993
Epoch: 0152 train_loss= 1.48977 train_acc= 0.96667 val_loss= 1.85692 val_acc= 0.66800 time= 0.01968
Test results: cost= 1.85457 accuracy= 0.64000 time= 0.01007
Epoch: 0153 train_loss= 1.48575 train_acc= 0.97500 val_loss= 1.85708 val_acc= 0.66800 time= 0.02031
Test results: cost= 1.85477 accuracy= 0.64100 time= 0.01017
Epoch: 0154 train_loss= 1.49582 train_acc= 0.96667 val_loss= 1.85725 val_acc= 0.67000 time= 0.02016
Test results: cost= 1.85498 accuracy= 0.64000 time= 0.01013
Epoch: 0155 train_loss= 1.50010 train_acc= 0.95833 val_loss= 1.85738 val_acc= 0.67200 time= 0.01947
Test results: cost= 1.85516 accuracy= 0.64000 time= 0.01033
Epoch: 0156 train_loss= 1.48083 train_acc= 0.96667 val_loss= 1.85746 val_acc= 0.67200 time= 0.01934
Test results: cost= 1.85531 accuracy= 0.63800 time= 0.01035
Epoch: 0157 train_loss= 1.48707 train_acc= 0.95000 val_loss= 1.85751 val_acc= 0.67200 time= 0.01964
Test results: cost= 1.85541 accuracy= 0.63700 time= 0.01018
Epoch: 0158 train_loss= 1.48755 train_acc= 0.96667 val_loss= 1.85756 val_acc= 0.67000 time= 0.01955
Test results: cost= 1.85552 accuracy= 0.63900 time= 0.01037
Epoch: 0159 train_loss= 1.49373 train_acc= 0.96667 val_loss= 1.85764 val_acc= 0.67000 time= 0.02064
Test results: cost= 1.85564 accuracy= 0.63800 time= 0.01018
Epoch: 0160 train_loss= 1.49883 train_acc= 0.96667 val_loss= 1.85771 val_acc= 0.67000 time= 0.02057
Test results: cost= 1.85577 accuracy= 0.63700 time= 0.01026
Epoch: 0161 train_loss= 1.48224 train_acc= 0.97500 val_loss= 1.85779 val_acc= 0.67000 time= 0.02016
Test results: cost= 1.85591 accuracy= 0.63800 time= 0.01024
Epoch: 0162 train_loss= 1.46529 train_acc= 0.96667 val_loss= 1.85788 val_acc= 0.67000 time= 0.01934
Test results: cost= 1.85605 accuracy= 0.63800 time= 0.01012
Epoch: 0163 train_loss= 1.47496 train_acc= 0.95833 val_loss= 1.85799 val_acc= 0.67000 time= 0.01943
Test results: cost= 1.85618 accuracy= 0.64000 time= 0.01020
Epoch: 0164 train_loss= 1.49358 train_acc= 0.95833 val_loss= 1.85807 val_acc= 0.67200 time= 0.02051
Test results: cost= 1.85629 accuracy= 0.64100 time= 0.01010
Epoch: 0165 train_loss= 1.50536 train_acc= 0.97500 val_loss= 1.85810 val_acc= 0.67200 time= 0.01962
Test results: cost= 1.85633 accuracy= 0.64000 time= 0.01008
Epoch: 0166 train_loss= 1.49556 train_acc= 0.95833 val_loss= 1.85815 val_acc= 0.67200 time= 0.02017
Test results: cost= 1.85638 accuracy= 0.64200 time= 0.01020
Epoch: 0167 train_loss= 1.48590 train_acc= 0.95833 val_loss= 1.85822 val_acc= 0.67200 time= 0.01942
Test results: cost= 1.85644 accuracy= 0.64200 time= 0.00998
Epoch: 0168 train_loss= 1.48061 train_acc= 0.96667 val_loss= 1.85836 val_acc= 0.67200 time= 0.01960
Test results: cost= 1.85658 accuracy= 0.64300 time= 0.00999
Epoch: 0169 train_loss= 1.49532 train_acc= 0.96667 val_loss= 1.85847 val_acc= 0.67200 time= 0.01931
Test results: cost= 1.85669 accuracy= 0.64300 time= 0.01002
Epoch: 0170 train_loss= 1.48837 train_acc= 0.97500 val_loss= 1.85861 val_acc= 0.67000 time= 0.01950
Test results: cost= 1.85681 accuracy= 0.64200 time= 0.01007
Epoch: 0171 train_loss= 1.47589 train_acc= 0.97500 val_loss= 1.85878 val_acc= 0.67000 time= 0.01995
Test results: cost= 1.85697 accuracy= 0.64400 time= 0.00998
Epoch: 0172 train_loss= 1.49102 train_acc= 0.96667 val_loss= 1.85894 val_acc= 0.67200 time= 0.02005
Test results: cost= 1.85712 accuracy= 0.64400 time= 0.01007
Epoch: 0173 train_loss= 1.48339 train_acc= 0.96667 val_loss= 1.85908 val_acc= 0.67400 time= 0.01972
Test results: cost= 1.85724 accuracy= 0.64300 time= 0.01030
Epoch: 0174 train_loss= 1.48742 train_acc= 0.96667 val_loss= 1.85917 val_acc= 0.67600 time= 0.01976
Test results: cost= 1.85732 accuracy= 0.64400 time= 0.01034
Epoch: 0175 train_loss= 1.48550 train_acc= 0.97500 val_loss= 1.85925 val_acc= 0.67600 time= 0.01980
Test results: cost= 1.85738 accuracy= 0.64600 time= 0.01013
Epoch: 0176 train_loss= 1.46725 train_acc= 0.97500 val_loss= 1.85932 val_acc= 0.67400 time= 0.01930
Test results: cost= 1.85742 accuracy= 0.64600 time= 0.01039
Epoch: 0177 train_loss= 1.48174 train_acc= 0.95833 val_loss= 1.85941 val_acc= 0.67400 time= 0.01936
Test results: cost= 1.85747 accuracy= 0.64600 time= 0.00993
Epoch: 0178 train_loss= 1.47394 train_acc= 0.98333 val_loss= 1.85950 val_acc= 0.67200 time= 0.01972
Test results: cost= 1.85753 accuracy= 0.64600 time= 0.01039
Epoch: 0179 train_loss= 1.46436 train_acc= 0.96667 val_loss= 1.85962 val_acc= 0.67200 time= 0.01989
Test results: cost= 1.85761 accuracy= 0.64600 time= 0.01021
Epoch: 0180 train_loss= 1.47900 train_acc= 0.95000 val_loss= 1.85977 val_acc= 0.67200 time= 0.01954
Test results: cost= 1.85771 accuracy= 0.64600 time= 0.01020
Epoch: 0181 train_loss= 1.47128 train_acc= 0.95000 val_loss= 1.85996 val_acc= 0.67200 time= 0.01987
Test results: cost= 1.85786 accuracy= 0.64600 time= 0.01011
Epoch: 0182 train_loss= 1.49555 train_acc= 0.96667 val_loss= 1.86015 val_acc= 0.67200 time= 0.01937
Test results: cost= 1.85803 accuracy= 0.64600 time= 0.01028
Epoch: 0183 train_loss= 1.48727 train_acc= 0.96667 val_loss= 1.86032 val_acc= 0.67200 time= 0.01975
Test results: cost= 1.85819 accuracy= 0.64500 time= 0.01000
Epoch: 0184 train_loss= 1.49870 train_acc= 0.97500 val_loss= 1.86045 val_acc= 0.67200 time= 0.01962
Test results: cost= 1.85830 accuracy= 0.64400 time= 0.01027
Epoch: 0185 train_loss= 1.49501 train_acc= 0.97500 val_loss= 1.86055 val_acc= 0.67400 time= 0.02004
Test results: cost= 1.85839 accuracy= 0.64600 time= 0.01017
Epoch: 0186 train_loss= 1.48113 train_acc= 0.98333 val_loss= 1.86060 val_acc= 0.67400 time= 0.01954
Test results: cost= 1.85845 accuracy= 0.64600 time= 0.01029
Epoch: 0187 train_loss= 1.50035 train_acc= 0.95833 val_loss= 1.86067 val_acc= 0.67200 time= 0.01958
Test results: cost= 1.85853 accuracy= 0.64700 time= 0.01008
Epoch: 0188 train_loss= 1.46238 train_acc= 0.98333 val_loss= 1.86077 val_acc= 0.67200 time= 0.01985
Test results: cost= 1.85864 accuracy= 0.64700 time= 0.01013
Epoch: 0189 train_loss= 1.48505 train_acc= 0.97500 val_loss= 1.86082 val_acc= 0.67200 time= 0.02011
Test results: cost= 1.85869 accuracy= 0.64700 time= 0.01003
Epoch: 0190 train_loss= 1.46398 train_acc= 0.95833 val_loss= 1.86086 val_acc= 0.67200 time= 0.01969
Test results: cost= 1.85873 accuracy= 0.64700 time= 0.00993
Epoch: 0191 train_loss= 1.46752 train_acc= 0.95000 val_loss= 1.86096 val_acc= 0.67200 time= 0.01972
Test results: cost= 1.85882 accuracy= 0.64800 time= 0.01025
Epoch: 0192 train_loss= 1.47105 train_acc= 0.95833 val_loss= 1.86109 val_acc= 0.67400 time= 0.01968
Test results: cost= 1.85894 accuracy= 0.64800 time= 0.01010
Epoch: 0193 train_loss= 1.48013 train_acc= 0.95833 val_loss= 1.86120 val_acc= 0.67400 time= 0.01936
Test results: cost= 1.85904 accuracy= 0.64800 time= 0.01014
Epoch: 0194 train_loss= 1.47960 train_acc= 0.97500 val_loss= 1.86134 val_acc= 0.67000 time= 0.01939
Test results: cost= 1.85916 accuracy= 0.64900 time= 0.01024
Epoch: 0195 train_loss= 1.48547 train_acc= 0.95000 val_loss= 1.86147 val_acc= 0.67000 time= 0.01945
Test results: cost= 1.85928 accuracy= 0.64800 time= 0.01021
Epoch: 0196 train_loss= 1.48537 train_acc= 0.97500 val_loss= 1.86159 val_acc= 0.67000 time= 0.02022
Test results: cost= 1.85940 accuracy= 0.64700 time= 0.01017
Epoch: 0197 train_loss= 1.48315 train_acc= 0.96667 val_loss= 1.86169 val_acc= 0.67000 time= 0.01959
Test results: cost= 1.85948 accuracy= 0.64600 time= 0.01013
Epoch: 0198 train_loss= 1.47465 train_acc= 0.95833 val_loss= 1.86177 val_acc= 0.67000 time= 0.01989
Test results: cost= 1.85956 accuracy= 0.64600 time= 0.01007
Epoch: 0199 train_loss= 1.50209 train_acc= 0.98333 val_loss= 1.86181 val_acc= 0.67000 time= 0.01951
Test results: cost= 1.85961 accuracy= 0.64800 time= 0.01031
Epoch: 0200 train_loss= 1.48923 train_acc= 0.95833 val_loss= 1.86187 val_acc= 0.67000 time= 0.01980
Test results: cost= 1.85971 accuracy= 0.64800 time= 0.01002
Epoch: 0201 train_loss= 1.47530 train_acc= 0.95833 val_loss= 1.86195 val_acc= 0.67000 time= 0.01960
Test results: cost= 1.85981 accuracy= 0.64700 time= 0.01019
Epoch: 0202 train_loss= 1.47145 train_acc= 0.95833 val_loss= 1.86202 val_acc= 0.67000 time= 0.01960
Test results: cost= 1.85990 accuracy= 0.64600 time= 0.01027
Epoch: 0203 train_loss= 1.48823 train_acc= 0.96667 val_loss= 1.86210 val_acc= 0.67000 time= 0.01953
Test results: cost= 1.85999 accuracy= 0.64600 time= 0.01029
Epoch: 0204 train_loss= 1.47941 train_acc= 0.96667 val_loss= 1.86215 val_acc= 0.67000 time= 0.01935
Test results: cost= 1.86008 accuracy= 0.64600 time= 0.01019
Epoch: 0205 train_loss= 1.47958 train_acc= 0.95833 val_loss= 1.86218 val_acc= 0.67200 time= 0.02070
Test results: cost= 1.86015 accuracy= 0.64800 time= 0.01010
Epoch: 0206 train_loss= 1.47517 train_acc= 0.96667 val_loss= 1.86220 val_acc= 0.67200 time= 0.01943
Test results: cost= 1.86021 accuracy= 0.65000 time= 0.01047
Epoch: 0207 train_loss= 1.47553 train_acc= 0.97500 val_loss= 1.86219 val_acc= 0.67400 time= 0.01957
Test results: cost= 1.86025 accuracy= 0.65200 time= 0.01015
Epoch: 0208 train_loss= 1.48671 train_acc= 0.95833 val_loss= 1.86221 val_acc= 0.67400 time= 0.01981
Test results: cost= 1.86027 accuracy= 0.65300 time= 0.01007
Epoch: 0209 train_loss= 1.49152 train_acc= 0.97500 val_loss= 1.86220 val_acc= 0.67200 time= 0.01977
Test results: cost= 1.86027 accuracy= 0.65300 time= 0.01022
Epoch: 0210 train_loss= 1.47276 train_acc= 0.95000 val_loss= 1.86221 val_acc= 0.67200 time= 0.01940
Test results: cost= 1.86029 accuracy= 0.65000 time= 0.01015
Epoch: 0211 train_loss= 1.47763 train_acc= 0.95833 val_loss= 1.86225 val_acc= 0.67200 time= 0.01954
Test results: cost= 1.86031 accuracy= 0.65000 time= 0.01003
Epoch: 0212 train_loss= 1.45976 train_acc= 0.95000 val_loss= 1.86231 val_acc= 0.67200 time= 0.01970
Test results: cost= 1.86034 accuracy= 0.65000 time= 0.01010
Epoch: 0213 train_loss= 1.48757 train_acc= 0.96667 val_loss= 1.86239 val_acc= 0.67200 time= 0.02009
Test results: cost= 1.86037 accuracy= 0.65100 time= 0.01014
Epoch: 0214 train_loss= 1.49080 train_acc= 0.97500 val_loss= 1.86245 val_acc= 0.67200 time= 0.01957
Test results: cost= 1.86038 accuracy= 0.65100 time= 0.01044
Epoch: 0215 train_loss= 1.46833 train_acc= 0.95833 val_loss= 1.86252 val_acc= 0.67200 time= 0.01967
Test results: cost= 1.86041 accuracy= 0.65100 time= 0.01043
Epoch: 0216 train_loss= 1.48385 train_acc= 0.95000 val_loss= 1.86259 val_acc= 0.67400 time= 0.01979
Test results: cost= 1.86044 accuracy= 0.65100 time= 0.01003
Epoch: 0217 train_loss= 1.47108 train_acc= 0.95833 val_loss= 1.86266 val_acc= 0.67800 time= 0.01982
Test results: cost= 1.86048 accuracy= 0.65100 time= 0.01005
Epoch: 0218 train_loss= 1.46076 train_acc= 0.95833 val_loss= 1.86279 val_acc= 0.67800 time= 0.01978
Test results: cost= 1.86056 accuracy= 0.65000 time= 0.01023
Epoch: 0219 train_loss= 1.48146 train_acc= 0.94167 val_loss= 1.86289 val_acc= 0.68000 time= 0.01957
Test results: cost= 1.86062 accuracy= 0.64600 time= 0.01022
Epoch: 0220 train_loss= 1.49390 train_acc= 0.95833 val_loss= 1.86293 val_acc= 0.68200 time= 0.01958
Test results: cost= 1.86063 accuracy= 0.64600 time= 0.00998
Epoch: 0221 train_loss= 1.47639 train_acc= 0.96667 val_loss= 1.86295 val_acc= 0.68000 time= 0.02045
Test results: cost= 1.86062 accuracy= 0.64700 time= 0.01008
Epoch: 0222 train_loss= 1.45684 train_acc= 0.92500 val_loss= 1.86295 val_acc= 0.68200 time= 0.01925
Test results: cost= 1.86058 accuracy= 0.64700 time= 0.01026
Epoch: 0223 train_loss= 1.43746 train_acc= 0.98333 val_loss= 1.86298 val_acc= 0.68200 time= 0.01986
Test results: cost= 1.86057 accuracy= 0.64700 time= 0.01045
Epoch: 0224 train_loss= 1.48042 train_acc= 0.96667 val_loss= 1.86303 val_acc= 0.68000 time= 0.01966
Test results: cost= 1.86057 accuracy= 0.64700 time= 0.01013
Epoch: 0225 train_loss= 1.48876 train_acc= 0.96667 val_loss= 1.86308 val_acc= 0.68000 time= 0.01974
Test results: cost= 1.86059 accuracy= 0.64600 time= 0.00992
Epoch: 0226 train_loss= 1.48127 train_acc= 0.95833 val_loss= 1.86320 val_acc= 0.68000 time= 0.02022
Test results: cost= 1.86068 accuracy= 0.64600 time= 0.01027
Epoch: 0227 train_loss= 1.47799 train_acc= 0.95833 val_loss= 1.86329 val_acc= 0.68000 time= 0.01984
Test results: cost= 1.86077 accuracy= 0.64700 time= 0.01021
Epoch: 0228 train_loss= 1.46168 train_acc= 0.96667 val_loss= 1.86342 val_acc= 0.68000 time= 0.01970
Test results: cost= 1.86088 accuracy= 0.64700 time= 0.01042
Epoch: 0229 train_loss= 1.49205 train_acc= 0.96667 val_loss= 1.86355 val_acc= 0.68000 time= 0.01909
Test results: cost= 1.86101 accuracy= 0.64700 time= 0.01041
Epoch: 0230 train_loss= 1.46966 train_acc= 0.97500 val_loss= 1.86366 val_acc= 0.67800 time= 0.01931
Test results: cost= 1.86111 accuracy= 0.64700 time= 0.01027
Epoch: 0231 train_loss= 1.47490 train_acc= 0.95833 val_loss= 1.86374 val_acc= 0.68000 time= 0.01943
Test results: cost= 1.86116 accuracy= 0.64600 time= 0.01040
Epoch: 0232 train_loss= 1.46108 train_acc= 0.97500 val_loss= 1.86386 val_acc= 0.68000 time= 0.01963
Test results: cost= 1.86126 accuracy= 0.64700 time= 0.01016
Epoch: 0233 train_loss= 1.49573 train_acc= 0.95000 val_loss= 1.86396 val_acc= 0.67800 time= 0.01991
Test results: cost= 1.86134 accuracy= 0.64900 time= 0.01042
Epoch: 0234 train_loss= 1.46867 train_acc= 0.96667 val_loss= 1.86409 val_acc= 0.67800 time= 0.01987
Test results: cost= 1.86144 accuracy= 0.64900 time= 0.01012
Epoch: 0235 train_loss= 1.49609 train_acc= 0.95833 val_loss= 1.86418 val_acc= 0.67800 time= 0.01985
Test results: cost= 1.86148 accuracy= 0.64900 time= 0.01017
Epoch: 0236 train_loss= 1.49017 train_acc= 0.94167 val_loss= 1.86425 val_acc= 0.67800 time= 0.01988
Test results: cost= 1.86152 accuracy= 0.65000 time= 0.00997
Epoch: 0237 train_loss= 1.47749 train_acc= 0.95833 val_loss= 1.86430 val_acc= 0.67800 time= 0.01955
Test results: cost= 1.86155 accuracy= 0.65100 time= 0.01003
Epoch: 0238 train_loss= 1.46353 train_acc= 0.95833 val_loss= 1.86432 val_acc= 0.67400 time= 0.02008
Test results: cost= 1.86152 accuracy= 0.64800 time= 0.01007
Epoch: 0239 train_loss= 1.46696 train_acc= 0.98333 val_loss= 1.86436 val_acc= 0.67200 time= 0.01946
Test results: cost= 1.86149 accuracy= 0.64800 time= 0.01030
Epoch: 0240 train_loss= 1.47045 train_acc= 0.98333 val_loss= 1.86440 val_acc= 0.67200 time= 0.01977
Test results: cost= 1.86148 accuracy= 0.64800 time= 0.01011
Epoch: 0241 train_loss= 1.46784 train_acc= 0.98333 val_loss= 1.86447 val_acc= 0.67400 time= 0.02027
Test results: cost= 1.86147 accuracy= 0.64800 time= 0.01018
Epoch: 0242 train_loss= 1.47314 train_acc= 0.95833 val_loss= 1.86453 val_acc= 0.67400 time= 0.01947
Test results: cost= 1.86145 accuracy= 0.64900 time= 0.01000
Epoch: 0243 train_loss= 1.48231 train_acc= 0.96667 val_loss= 1.86459 val_acc= 0.67200 time= 0.01972
Test results: cost= 1.86144 accuracy= 0.65200 time= 0.01009
Epoch: 0244 train_loss= 1.47345 train_acc= 0.98333 val_loss= 1.86463 val_acc= 0.67200 time= 0.01975
Test results: cost= 1.86142 accuracy= 0.65200 time= 0.01010
Epoch: 0245 train_loss= 1.48372 train_acc= 0.97500 val_loss= 1.86468 val_acc= 0.67000 time= 0.02008
Test results: cost= 1.86142 accuracy= 0.65300 time= 0.01044
Epoch: 0246 train_loss= 1.48427 train_acc= 0.95833 val_loss= 1.86477 val_acc= 0.67000 time= 0.01986
Test results: cost= 1.86146 accuracy= 0.65100 time= 0.01053
Epoch: 0247 train_loss= 1.46034 train_acc= 0.95833 val_loss= 1.86486 val_acc= 0.67000 time= 0.01992
Test results: cost= 1.86151 accuracy= 0.65300 time= 0.00996
Epoch: 0248 train_loss= 1.47507 train_acc= 0.95833 val_loss= 1.86495 val_acc= 0.67000 time= 0.01942
Test results: cost= 1.86156 accuracy= 0.65200 time= 0.01059
Epoch: 0249 train_loss= 1.48157 train_acc= 0.97500 val_loss= 1.86505 val_acc= 0.67000 time= 0.01995
Test results: cost= 1.86165 accuracy= 0.65200 time= 0.01033
Epoch: 0250 train_loss= 1.47429 train_acc= 0.95833 val_loss= 1.86512 val_acc= 0.67000 time= 0.01954
Test results: cost= 1.86172 accuracy= 0.65100 time= 0.01039
Epoch: 0251 train_loss= 1.48158 train_acc= 0.95833 val_loss= 1.86514 val_acc= 0.67000 time= 0.01997
Test results: cost= 1.86177 accuracy= 0.65200 time= 0.01034
Epoch: 0252 train_loss= 1.49331 train_acc= 0.96667 val_loss= 1.86512 val_acc= 0.67000 time= 0.01993
Test results: cost= 1.86180 accuracy= 0.65200 time= 0.01015
Epoch: 0253 train_loss= 1.48282 train_acc= 0.97500 val_loss= 1.86506 val_acc= 0.66800 time= 0.01943
Test results: cost= 1.86179 accuracy= 0.65200 time= 0.01030
Epoch: 0254 train_loss= 1.47885 train_acc= 0.95000 val_loss= 1.86496 val_acc= 0.66800 time= 0.02009
Test results: cost= 1.86176 accuracy= 0.65400 time= 0.01040
Epoch: 0255 train_loss= 1.46363 train_acc= 0.95000 val_loss= 1.86488 val_acc= 0.66800 time= 0.01961
Test results: cost= 1.86174 accuracy= 0.65300 time= 0.01012
Epoch: 0256 train_loss= 1.47098 train_acc= 0.96667 val_loss= 1.86481 val_acc= 0.66600 time= 0.01947
Test results: cost= 1.86172 accuracy= 0.65500 time= 0.01005
Epoch: 0257 train_loss= 1.46073 train_acc= 0.95000 val_loss= 1.86479 val_acc= 0.66600 time= 0.02030
Test results: cost= 1.86173 accuracy= 0.65500 time= 0.01027
Epoch: 0258 train_loss= 1.48779 train_acc= 0.94167 val_loss= 1.86477 val_acc= 0.66400 time= 0.01938
Test results: cost= 1.86174 accuracy= 0.65500 time= 0.01000
Epoch: 0259 train_loss= 1.47602 train_acc= 0.95000 val_loss= 1.86472 val_acc= 0.66400 time= 0.01968
Test results: cost= 1.86167 accuracy= 0.65400 time= 0.01004
Epoch: 0260 train_loss= 1.47809 train_acc= 0.98333 val_loss= 1.86464 val_acc= 0.66400 time= 0.01964
Test results: cost= 1.86159 accuracy= 0.65600 time= 0.01013
Epoch: 0261 train_loss= 1.49160 train_acc= 0.95833 val_loss= 1.86455 val_acc= 0.66600 time= 0.01975
Test results: cost= 1.86149 accuracy= 0.65600 time= 0.01044
Epoch: 0262 train_loss= 1.48070 train_acc= 0.96667 val_loss= 1.86448 val_acc= 0.66600 time= 0.01969
Test results: cost= 1.86141 accuracy= 0.65600 time= 0.01014
Epoch: 0263 train_loss= 1.46875 train_acc= 0.97500 val_loss= 1.86441 val_acc= 0.66600 time= 0.01978
Test results: cost= 1.86133 accuracy= 0.65600 time= 0.01009
Epoch: 0264 train_loss= 1.46733 train_acc= 0.96667 val_loss= 1.86433 val_acc= 0.66800 time= 0.01977
Test results: cost= 1.86124 accuracy= 0.65600 time= 0.01010
Epoch: 0265 train_loss= 1.47216 train_acc= 0.95833 val_loss= 1.86428 val_acc= 0.66800 time= 0.01977
Test results: cost= 1.86119 accuracy= 0.65600 time= 0.01025
Epoch: 0266 train_loss= 1.46790 train_acc= 0.95833 val_loss= 1.86430 val_acc= 0.67000 time= 0.02007
Test results: cost= 1.86120 accuracy= 0.65500 time= 0.00991
Epoch: 0267 train_loss= 1.47832 train_acc= 0.95000 val_loss= 1.86434 val_acc= 0.67000 time= 0.01946
Test results: cost= 1.86123 accuracy= 0.65200 time= 0.01041
Epoch: 0268 train_loss= 1.48250 train_acc= 0.97500 val_loss= 1.86440 val_acc= 0.67000 time= 0.01928
Test results: cost= 1.86127 accuracy= 0.65400 time= 0.01026
Epoch: 0269 train_loss= 1.47351 train_acc= 0.95833 val_loss= 1.86447 val_acc= 0.67200 time= 0.01984
Test results: cost= 1.86132 accuracy= 0.65400 time= 0.01037
Epoch: 0270 train_loss= 1.46452 train_acc= 0.96667 val_loss= 1.86450 val_acc= 0.67400 time= 0.01990
Test results: cost= 1.86134 accuracy= 0.65500 time= 0.01005
Epoch: 0271 train_loss= 1.44103 train_acc= 0.96667 val_loss= 1.86451 val_acc= 0.67400 time= 0.01997
Test results: cost= 1.86136 accuracy= 0.65800 time= 0.01026
Epoch: 0272 train_loss= 1.47373 train_acc= 0.95833 val_loss= 1.86448 val_acc= 0.67400 time= 0.02026
Test results: cost= 1.86134 accuracy= 0.65800 time= 0.01017
Epoch: 0273 train_loss= 1.47418 train_acc= 0.95000 val_loss= 1.86445 val_acc= 0.67400 time= 0.01968
Test results: cost= 1.86132 accuracy= 0.65800 time= 0.01007
Epoch: 0274 train_loss= 1.48109 train_acc= 0.95833 val_loss= 1.86442 val_acc= 0.67400 time= 0.01967
Test results: cost= 1.86132 accuracy= 0.65700 time= 0.01007
Epoch: 0275 train_loss= 1.47552 train_acc= 0.95833 val_loss= 1.86440 val_acc= 0.67800 time= 0.01924
Test results: cost= 1.86132 accuracy= 0.65700 time= 0.01021
Epoch: 0276 train_loss= 1.46852 train_acc= 0.98333 val_loss= 1.86435 val_acc= 0.67800 time= 0.01947
Test results: cost= 1.86128 accuracy= 0.65600 time= 0.00990
Epoch: 0277 train_loss= 1.47594 train_acc= 0.99167 val_loss= 1.86431 val_acc= 0.67800 time= 0.01977
Test results: cost= 1.86126 accuracy= 0.65600 time= 0.01011
Epoch: 0278 train_loss= 1.47115 train_acc= 0.95833 val_loss= 1.86422 val_acc= 0.67800 time= 0.01944
Test results: cost= 1.86118 accuracy= 0.65600 time= 0.01002
Epoch: 0279 train_loss= 1.47997 train_acc= 0.95833 val_loss= 1.86412 val_acc= 0.68000 time= 0.01959
Test results: cost= 1.86109 accuracy= 0.65600 time= 0.01002
Epoch: 0280 train_loss= 1.47915 train_acc= 0.95000 val_loss= 1.86407 val_acc= 0.67800 time= 0.01972
Test results: cost= 1.86105 accuracy= 0.65800 time= 0.01013
Epoch: 0281 train_loss= 1.47934 train_acc= 0.96667 val_loss= 1.86403 val_acc= 0.67800 time= 0.01989
Test results: cost= 1.86102 accuracy= 0.65700 time= 0.01018
Epoch: 0282 train_loss= 1.48741 train_acc= 0.96667 val_loss= 1.86399 val_acc= 0.67800 time= 0.01941
Test results: cost= 1.86099 accuracy= 0.65800 time= 0.01014
Epoch: 0283 train_loss= 1.47219 train_acc= 0.93333 val_loss= 1.86397 val_acc= 0.68200 time= 0.01953
Test results: cost= 1.86097 accuracy= 0.65800 time= 0.01037
Epoch: 0284 train_loss= 1.46377 train_acc= 0.96667 val_loss= 1.86398 val_acc= 0.68000 time= 0.01985
Test results: cost= 1.86099 accuracy= 0.65800 time= 0.01008
Epoch: 0285 train_loss= 1.47617 train_acc= 0.96667 val_loss= 1.86399 val_acc= 0.68200 time= 0.01998
Test results: cost= 1.86100 accuracy= 0.65600 time= 0.01004
Epoch: 0286 train_loss= 1.47332 train_acc= 0.95833 val_loss= 1.86400 val_acc= 0.68200 time= 0.01970
Test results: cost= 1.86100 accuracy= 0.65500 time= 0.01023
Epoch: 0287 train_loss= 1.46485 train_acc= 0.96667 val_loss= 1.86402 val_acc= 0.68200 time= 0.01968
Test results: cost= 1.86100 accuracy= 0.65500 time= 0.01008
Epoch: 0288 train_loss= 1.46701 train_acc= 0.95000 val_loss= 1.86407 val_acc= 0.68400 time= 0.01983
Test results: cost= 1.86105 accuracy= 0.65600 time= 0.01011
Epoch: 0289 train_loss= 1.47559 train_acc= 0.97500 val_loss= 1.86413 val_acc= 0.68600 time= 0.01924
Test results: cost= 1.86111 accuracy= 0.65600 time= 0.01012
Epoch: 0290 train_loss= 1.46919 train_acc= 0.97500 val_loss= 1.86419 val_acc= 0.68400 time= 0.01998
Test results: cost= 1.86119 accuracy= 0.65600 time= 0.01044
Epoch: 0291 train_loss= 1.48030 train_acc= 0.96667 val_loss= 1.86427 val_acc= 0.68400 time= 0.01936
Test results: cost= 1.86128 accuracy= 0.65700 time= 0.01009
Epoch: 0292 train_loss= 1.46627 train_acc= 0.94167 val_loss= 1.86433 val_acc= 0.68400 time= 0.01984
Test results: cost= 1.86135 accuracy= 0.65700 time= 0.01010
Epoch: 0293 train_loss= 1.46509 train_acc= 0.96667 val_loss= 1.86438 val_acc= 0.68400 time= 0.01937
Test results: cost= 1.86142 accuracy= 0.65700 time= 0.01027
Epoch: 0294 train_loss= 1.47704 train_acc= 0.95833 val_loss= 1.86444 val_acc= 0.68400 time= 0.01963
Test results: cost= 1.86147 accuracy= 0.65700 time= 0.01007
Epoch: 0295 train_loss= 1.46853 train_acc= 0.98333 val_loss= 1.86447 val_acc= 0.68400 time= 0.01977
Test results: cost= 1.86149 accuracy= 0.65600 time= 0.01040
Epoch: 0296 train_loss= 1.49575 train_acc= 0.95833 val_loss= 1.86449 val_acc= 0.68400 time= 0.01907
Test results: cost= 1.86152 accuracy= 0.65500 time= 0.00994
Epoch: 0297 train_loss= 1.47468 train_acc= 0.96667 val_loss= 1.86453 val_acc= 0.68400 time= 0.01986
Test results: cost= 1.86156 accuracy= 0.65300 time= 0.01018
Epoch: 0298 train_loss= 1.46013 train_acc= 0.95833 val_loss= 1.86455 val_acc= 0.68400 time= 0.01949
Test results: cost= 1.86156 accuracy= 0.65300 time= 0.01028
Epoch: 0299 train_loss= 1.47689 train_acc= 0.94167 val_loss= 1.86456 val_acc= 0.68400 time= 0.01945
Test results: cost= 1.86156 accuracy= 0.65300 time= 0.01009
Epoch: 0300 train_loss= 1.46362 train_acc= 0.95833 val_loss= 1.86456 val_acc= 0.68400 time= 0.01961
Test results: cost= 1.86156 accuracy= 0.65300 time= 0.01000
Epoch: 0301 train_loss= 1.47556 train_acc= 0.97500 val_loss= 1.86457 val_acc= 0.68400 time= 0.01966
Test results: cost= 1.86155 accuracy= 0.65400 time= 0.01000
Epoch: 0302 train_loss= 1.47538 train_acc= 0.95833 val_loss= 1.86458 val_acc= 0.68400 time= 0.01943
Test results: cost= 1.86154 accuracy= 0.65300 time= 0.00986
Epoch: 0303 train_loss= 1.45259 train_acc= 0.96667 val_loss= 1.86464 val_acc= 0.68400 time= 0.02001
Test results: cost= 1.86156 accuracy= 0.65300 time= 0.00981
Epoch: 0304 train_loss= 1.48088 train_acc= 0.98333 val_loss= 1.86470 val_acc= 0.68200 time= 0.01968
Test results: cost= 1.86159 accuracy= 0.65500 time= 0.01017
Epoch: 0305 train_loss= 1.47161 train_acc= 0.95833 val_loss= 1.86477 val_acc= 0.68200 time= 0.01969
Test results: cost= 1.86162 accuracy= 0.65400 time= 0.01280
Epoch: 0306 train_loss= 1.49252 train_acc= 0.96667 val_loss= 1.86485 val_acc= 0.68200 time= 0.01939
Test results: cost= 1.86167 accuracy= 0.65400 time= 0.01003
Epoch: 0307 train_loss= 1.47542 train_acc= 0.95000 val_loss= 1.86485 val_acc= 0.68400 time= 0.01993
Test results: cost= 1.86162 accuracy= 0.65400 time= 0.01022
Epoch: 0308 train_loss= 1.47304 train_acc= 0.95000 val_loss= 1.86481 val_acc= 0.68200 time= 0.01976
Test results: cost= 1.86155 accuracy= 0.65300 time= 0.01007
Epoch: 0309 train_loss= 1.47549 train_acc= 0.95833 val_loss= 1.86478 val_acc= 0.68200 time= 0.01928
Test results: cost= 1.86149 accuracy= 0.65200 time= 0.01030
Epoch: 0310 train_loss= 1.46717 train_acc= 0.96667 val_loss= 1.86481 val_acc= 0.68200 time= 0.01919
Test results: cost= 1.86147 accuracy= 0.65400 time= 0.00991
Epoch: 0311 train_loss= 1.46530 train_acc= 0.95833 val_loss= 1.86487 val_acc= 0.68200 time= 0.01972
Test results: cost= 1.86147 accuracy= 0.65400 time= 0.01016
Epoch: 0312 train_loss= 1.47782 train_acc= 0.95833 val_loss= 1.86493 val_acc= 0.68200 time= 0.02035
Test results: cost= 1.86147 accuracy= 0.65300 time= 0.01052
Epoch: 0313 train_loss= 1.47194 train_acc= 0.95833 val_loss= 1.86501 val_acc= 0.68200 time= 0.02002
Test results: cost= 1.86149 accuracy= 0.65200 time= 0.01016
Epoch: 0314 train_loss= 1.47625 train_acc= 0.95833 val_loss= 1.86505 val_acc= 0.68200 time= 0.01918
Test results: cost= 1.86148 accuracy= 0.65300 time= 0.00993
Epoch: 0315 train_loss= 1.49041 train_acc= 0.95000 val_loss= 1.86508 val_acc= 0.68200 time= 0.02007
Test results: cost= 1.86146 accuracy= 0.65400 time= 0.00995
Epoch: 0316 train_loss= 1.46205 train_acc= 0.96667 val_loss= 1.86513 val_acc= 0.68200 time= 0.02030
Test results: cost= 1.86146 accuracy= 0.65400 time= 0.01030
Epoch: 0317 train_loss= 1.46619 train_acc= 0.96667 val_loss= 1.86519 val_acc= 0.67800 time= 0.01963
Test results: cost= 1.86149 accuracy= 0.65500 time= 0.01028
Epoch: 0318 train_loss= 1.47212 train_acc= 0.94167 val_loss= 1.86523 val_acc= 0.67800 time= 0.01983
Test results: cost= 1.86150 accuracy= 0.65600 time= 0.01043
Epoch: 0319 train_loss= 1.46996 train_acc= 0.94167 val_loss= 1.86522 val_acc= 0.67800 time= 0.01970
Test results: cost= 1.86147 accuracy= 0.65500 time= 0.01006
Epoch: 0320 train_loss= 1.47527 train_acc= 0.95833 val_loss= 1.86521 val_acc= 0.67800 time= 0.01991
Test results: cost= 1.86144 accuracy= 0.65600 time= 0.01047
Epoch: 0321 train_loss= 1.45584 train_acc= 0.94167 val_loss= 1.86525 val_acc= 0.67800 time= 0.02014
Test results: cost= 1.86146 accuracy= 0.65600 time= 0.01015
Epoch: 0322 train_loss= 1.47365 train_acc= 0.95833 val_loss= 1.86530 val_acc= 0.67800 time= 0.01986
Test results: cost= 1.86149 accuracy= 0.65600 time= 0.01016
Epoch: 0323 train_loss= 1.45688 train_acc= 0.95833 val_loss= 1.86538 val_acc= 0.67800 time= 0.01956
Test results: cost= 1.86156 accuracy= 0.65600 time= 0.01041
Epoch: 0324 train_loss= 1.46307 train_acc= 0.95833 val_loss= 1.86542 val_acc= 0.67800 time= 0.01983
Test results: cost= 1.86161 accuracy= 0.65600 time= 0.01005
Epoch: 0325 train_loss= 1.48280 train_acc= 0.95833 val_loss= 1.86549 val_acc= 0.67800 time= 0.01965
Test results: cost= 1.86168 accuracy= 0.65600 time= 0.01069
Epoch: 0326 train_loss= 1.46048 train_acc= 0.95000 val_loss= 1.86552 val_acc= 0.67600 time= 0.01900
Test results: cost= 1.86171 accuracy= 0.65600 time= 0.01033
Epoch: 0327 train_loss= 1.47336 train_acc= 0.96667 val_loss= 1.86552 val_acc= 0.67400 time= 0.01991
Test results: cost= 1.86171 accuracy= 0.65600 time= 0.01034
Epoch: 0328 train_loss= 1.44901 train_acc= 0.96667 val_loss= 1.86551 val_acc= 0.67200 time= 0.01963
Test results: cost= 1.86172 accuracy= 0.65600 time= 0.01000
Epoch: 0329 train_loss= 1.46817 train_acc= 0.96667 val_loss= 1.86551 val_acc= 0.67400 time= 0.01962
Test results: cost= 1.86173 accuracy= 0.65600 time= 0.01058
Epoch: 0330 train_loss= 1.47071 train_acc= 0.97500 val_loss= 1.86546 val_acc= 0.67400 time= 0.01973
Test results: cost= 1.86173 accuracy= 0.65600 time= 0.01030
Epoch: 0331 train_loss= 1.47147 train_acc= 0.93333 val_loss= 1.86543 val_acc= 0.67400 time= 0.01955
Test results: cost= 1.86172 accuracy= 0.65500 time= 0.01011
Epoch: 0332 train_loss= 1.46141 train_acc= 0.95833 val_loss= 1.86542 val_acc= 0.67400 time= 0.01980
Test results: cost= 1.86172 accuracy= 0.65500 time= 0.01001
Epoch: 0333 train_loss= 1.47733 train_acc= 0.96667 val_loss= 1.86540 val_acc= 0.67400 time= 0.01961
Test results: cost= 1.86167 accuracy= 0.65500 time= 0.01055
Epoch: 0334 train_loss= 1.45881 train_acc= 0.95000 val_loss= 1.86535 val_acc= 0.67400 time= 0.02023
Test results: cost= 1.86161 accuracy= 0.65500 time= 0.01026
Epoch: 0335 train_loss= 1.46903 train_acc= 0.95833 val_loss= 1.86532 val_acc= 0.67200 time= 0.01987
Test results: cost= 1.86156 accuracy= 0.65500 time= 0.01039
Epoch: 0336 train_loss= 1.48481 train_acc= 0.95000 val_loss= 1.86524 val_acc= 0.67200 time= 0.01963
Test results: cost= 1.86145 accuracy= 0.65600 time= 0.00986
Epoch: 0337 train_loss= 1.47525 train_acc= 0.95833 val_loss= 1.86517 val_acc= 0.67000 time= 0.01990
Test results: cost= 1.86137 accuracy= 0.65500 time= 0.01039
Epoch: 0338 train_loss= 1.48045 train_acc= 0.95833 val_loss= 1.86512 val_acc= 0.67400 time= 0.01953
Test results: cost= 1.86128 accuracy= 0.65500 time= 0.01016
Epoch: 0339 train_loss= 1.47034 train_acc= 0.95833 val_loss= 1.86508 val_acc= 0.67400 time= 0.01998
Test results: cost= 1.86123 accuracy= 0.65600 time= 0.01016
Epoch: 0340 train_loss= 1.46238 train_acc= 0.95000 val_loss= 1.86504 val_acc= 0.67400 time= 0.02022
Test results: cost= 1.86118 accuracy= 0.65600 time= 0.01027
Epoch: 0341 train_loss= 1.45386 train_acc= 0.96667 val_loss= 1.86504 val_acc= 0.67200 time= 0.01945
Test results: cost= 1.86114 accuracy= 0.65600 time= 0.01008
Epoch: 0342 train_loss= 1.46644 train_acc= 0.94167 val_loss= 1.86503 val_acc= 0.67000 time= 0.01990
Test results: cost= 1.86111 accuracy= 0.65500 time= 0.01024
Epoch: 0343 train_loss= 1.46786 train_acc= 0.94167 val_loss= 1.86504 val_acc= 0.67000 time= 0.01977
Test results: cost= 1.86111 accuracy= 0.65700 time= 0.00998
Epoch: 0344 train_loss= 1.47914 train_acc= 0.96667 val_loss= 1.86506 val_acc= 0.67000 time= 0.01992
Test results: cost= 1.86112 accuracy= 0.65800 time= 0.01019
Epoch: 0345 train_loss= 1.46604 train_acc= 0.92500 val_loss= 1.86506 val_acc= 0.67000 time= 0.01968
Test results: cost= 1.86112 accuracy= 0.65900 time= 0.01049
Epoch: 0346 train_loss= 1.46519 train_acc= 0.93333 val_loss= 1.86503 val_acc= 0.67000 time= 0.01993
Test results: cost= 1.86106 accuracy= 0.65900 time= 0.01002
Epoch: 0347 train_loss= 1.44911 train_acc= 0.95000 val_loss= 1.86499 val_acc= 0.66800 time= 0.01946
Test results: cost= 1.86100 accuracy= 0.65900 time= 0.01010
Epoch: 0348 train_loss= 1.45568 train_acc= 0.97500 val_loss= 1.86496 val_acc= 0.66800 time= 0.01987
Test results: cost= 1.86093 accuracy= 0.65800 time= 0.01036
Epoch: 0349 train_loss= 1.44178 train_acc= 0.95000 val_loss= 1.86496 val_acc= 0.66600 time= 0.01970
Test results: cost= 1.86090 accuracy= 0.65900 time= 0.01036
Epoch: 0350 train_loss= 1.47963 train_acc= 0.93333 val_loss= 1.86499 val_acc= 0.66800 time= 0.01944
Test results: cost= 1.86091 accuracy= 0.65800 time= 0.01027
Epoch: 0351 train_loss= 1.48227 train_acc= 0.94167 val_loss= 1.86505 val_acc= 0.66800 time= 0.01971
Test results: cost= 1.86095 accuracy= 0.65900 time= 0.01011
Epoch: 0352 train_loss= 1.46177 train_acc= 0.95833 val_loss= 1.86508 val_acc= 0.66800 time= 0.02016
Test results: cost= 1.86094 accuracy= 0.66000 time= 0.01015
Epoch: 0353 train_loss= 1.45703 train_acc= 0.95000 val_loss= 1.86507 val_acc= 0.67200 time= 0.01958
Test results: cost= 1.86091 accuracy= 0.66100 time= 0.01007
Epoch: 0354 train_loss= 1.46720 train_acc= 0.91667 val_loss= 1.86506 val_acc= 0.67000 time= 0.01947
Test results: cost= 1.86088 accuracy= 0.66000 time= 0.01010
Epoch: 0355 train_loss= 1.45523 train_acc= 0.95833 val_loss= 1.86504 val_acc= 0.67000 time= 0.01970
Test results: cost= 1.86086 accuracy= 0.65800 time= 0.01001
Epoch: 0356 train_loss= 1.48745 train_acc= 0.98333 val_loss= 1.86500 val_acc= 0.67200 time= 0.01974
Test results: cost= 1.86083 accuracy= 0.65700 time= 0.01008
Epoch: 0357 train_loss= 1.47238 train_acc= 0.95833 val_loss= 1.86496 val_acc= 0.67400 time= 0.01989
Test results: cost= 1.86078 accuracy= 0.65700 time= 0.01002
Epoch: 0358 train_loss= 1.45882 train_acc= 0.95000 val_loss= 1.86494 val_acc= 0.67400 time= 0.01948
Test results: cost= 1.86074 accuracy= 0.65800 time= 0.01021
Epoch: 0359 train_loss= 1.46422 train_acc= 0.95833 val_loss= 1.86489 val_acc= 0.67400 time= 0.01954
Test results: cost= 1.86069 accuracy= 0.65800 time= 0.01002
Epoch: 0360 train_loss= 1.45829 train_acc= 0.93333 val_loss= 1.86484 val_acc= 0.67600 time= 0.02013
Test results: cost= 1.86066 accuracy= 0.65800 time= 0.01059
Epoch: 0361 train_loss= 1.47286 train_acc= 0.95833 val_loss= 1.86482 val_acc= 0.67800 time= 0.01966
Test results: cost= 1.86068 accuracy= 0.65800 time= 0.01011
Epoch: 0362 train_loss= 1.44854 train_acc= 0.95833 val_loss= 1.86481 val_acc= 0.68000 time= 0.01929
Test results: cost= 1.86070 accuracy= 0.65800 time= 0.01048
Epoch: 0363 train_loss= 1.47929 train_acc= 0.95833 val_loss= 1.86481 val_acc= 0.67800 time= 0.01989
Test results: cost= 1.86075 accuracy= 0.65800 time= 0.01030
Epoch: 0364 train_loss= 1.47593 train_acc= 0.94167 val_loss= 1.86484 val_acc= 0.68200 time= 0.01939
Test results: cost= 1.86082 accuracy= 0.65800 time= 0.01013
Epoch: 0365 train_loss= 1.47653 train_acc= 0.96667 val_loss= 1.86488 val_acc= 0.68200 time= 0.01990
Test results: cost= 1.86088 accuracy= 0.65800 time= 0.01002
Epoch: 0366 train_loss= 1.45707 train_acc= 0.97500 val_loss= 1.86490 val_acc= 0.68200 time= 0.01966
Test results: cost= 1.86092 accuracy= 0.66000 time= 0.01008
Epoch: 0367 train_loss= 1.45994 train_acc= 0.95000 val_loss= 1.86495 val_acc= 0.68000 time= 0.01960
Test results: cost= 1.86099 accuracy= 0.66000 time= 0.01005
Epoch: 0368 train_loss= 1.46040 train_acc= 0.97500 val_loss= 1.86497 val_acc= 0.68000 time= 0.01937
Test results: cost= 1.86104 accuracy= 0.65800 time= 0.01012
Epoch: 0369 train_loss= 1.48963 train_acc= 0.95000 val_loss= 1.86501 val_acc= 0.68000 time= 0.01950
Test results: cost= 1.86110 accuracy= 0.65800 time= 0.01022
Epoch: 0370 train_loss= 1.48656 train_acc= 0.95000 val_loss= 1.86500 val_acc= 0.68000 time= 0.01961
Test results: cost= 1.86114 accuracy= 0.65900 time= 0.01009
Epoch: 0371 train_loss= 1.46552 train_acc= 0.95000 val_loss= 1.86502 val_acc= 0.68200 time= 0.01960
Test results: cost= 1.86120 accuracy= 0.65900 time= 0.01016
Epoch: 0372 train_loss= 1.45994 train_acc= 0.95833 val_loss= 1.86505 val_acc= 0.68200 time= 0.01966
Test results: cost= 1.86126 accuracy= 0.65700 time= 0.01008
Epoch: 0373 train_loss= 1.45062 train_acc= 0.95833 val_loss= 1.86511 val_acc= 0.68200 time= 0.01951
Test results: cost= 1.86132 accuracy= 0.65800 time= 0.01007
Epoch: 0374 train_loss= 1.45901 train_acc= 0.96667 val_loss= 1.86515 val_acc= 0.68200 time= 0.01962
Test results: cost= 1.86136 accuracy= 0.65600 time= 0.01006
Epoch: 0375 train_loss= 1.45845 train_acc= 0.94167 val_loss= 1.86523 val_acc= 0.68200 time= 0.01948
Test results: cost= 1.86142 accuracy= 0.65600 time= 0.01011
Epoch: 0376 train_loss= 1.48178 train_acc= 0.94167 val_loss= 1.86531 val_acc= 0.68200 time= 0.01997
Test results: cost= 1.86148 accuracy= 0.65600 time= 0.01042
Epoch: 0377 train_loss= 1.46970 train_acc= 0.95833 val_loss= 1.86537 val_acc= 0.68200 time= 0.01983
Test results: cost= 1.86151 accuracy= 0.65700 time= 0.01015
Epoch: 0378 train_loss= 1.46374 train_acc= 0.95833 val_loss= 1.86539 val_acc= 0.68400 time= 0.02026
Test results: cost= 1.86150 accuracy= 0.65700 time= 0.01025
Epoch: 0379 train_loss= 1.47449 train_acc= 0.94167 val_loss= 1.86540 val_acc= 0.68200 time= 0.01923
Test results: cost= 1.86150 accuracy= 0.65800 time= 0.01014
Epoch: 0380 train_loss= 1.45391 train_acc= 0.95833 val_loss= 1.86541 val_acc= 0.68000 time= 0.01980
Test results: cost= 1.86148 accuracy= 0.65800 time= 0.01025
Epoch: 0381 train_loss= 1.47536 train_acc= 0.94167 val_loss= 1.86542 val_acc= 0.68000 time= 0.01998
Test results: cost= 1.86147 accuracy= 0.65800 time= 0.01000
Epoch: 0382 train_loss= 1.46107 train_acc= 0.98333 val_loss= 1.86538 val_acc= 0.68000 time= 0.01952
Test results: cost= 1.86141 accuracy= 0.65800 time= 0.01034
Epoch: 0383 train_loss= 1.47881 train_acc= 0.94167 val_loss= 1.86538 val_acc= 0.67800 time= 0.01953
Test results: cost= 1.86138 accuracy= 0.65900 time= 0.01002
Epoch: 0384 train_loss= 1.47666 train_acc= 0.95833 val_loss= 1.86537 val_acc= 0.67800 time= 0.01980
Test results: cost= 1.86136 accuracy= 0.65700 time= 0.01008
Epoch: 0385 train_loss= 1.46793 train_acc= 0.96667 val_loss= 1.86533 val_acc= 0.67800 time= 0.01980
Test results: cost= 1.86130 accuracy= 0.65700 time= 0.01012
Epoch: 0386 train_loss= 1.47537 train_acc= 0.96667 val_loss= 1.86524 val_acc= 0.67800 time= 0.02068
Test results: cost= 1.86119 accuracy= 0.65600 time= 0.01024
Epoch: 0387 train_loss= 1.45746 train_acc= 0.95833 val_loss= 1.86514 val_acc= 0.67200 time= 0.01980
Test results: cost= 1.86108 accuracy= 0.65700 time= 0.01006
Epoch: 0388 train_loss= 1.47942 train_acc= 0.96667 val_loss= 1.86502 val_acc= 0.67200 time= 0.01987
Test results: cost= 1.86094 accuracy= 0.65700 time= 0.01006
Epoch: 0389 train_loss= 1.47090 train_acc= 0.95833 val_loss= 1.86490 val_acc= 0.67400 time= 0.01969
Test results: cost= 1.86083 accuracy= 0.65600 time= 0.01005
Epoch: 0390 train_loss= 1.46314 train_acc= 0.95000 val_loss= 1.86478 val_acc= 0.67600 time= 0.01941
Test results: cost= 1.86073 accuracy= 0.65700 time= 0.01006
Epoch: 0391 train_loss= 1.48875 train_acc= 0.96667 val_loss= 1.86461 val_acc= 0.67600 time= 0.01997
Test results: cost= 1.86060 accuracy= 0.65700 time= 0.01035
Epoch: 0392 train_loss= 1.47303 train_acc= 0.97500 val_loss= 1.86442 val_acc= 0.67600 time= 0.01966
Test results: cost= 1.86045 accuracy= 0.65500 time= 0.01021
Epoch: 0393 train_loss= 1.49088 train_acc= 0.95833 val_loss= 1.86426 val_acc= 0.67200 time= 0.01955
Test results: cost= 1.86033 accuracy= 0.65500 time= 0.00992
Epoch: 0394 train_loss= 1.47699 train_acc= 0.96667 val_loss= 1.86411 val_acc= 0.67200 time= 0.01951
Test results: cost= 1.86020 accuracy= 0.65600 time= 0.01027
Epoch: 0395 train_loss= 1.47544 train_acc= 0.95833 val_loss= 1.86397 val_acc= 0.67200 time= 0.01962
Test results: cost= 1.86008 accuracy= 0.65600 time= 0.01015
Epoch: 0396 train_loss= 1.45631 train_acc= 0.95833 val_loss= 1.86384 val_acc= 0.67400 time= 0.01974
Test results: cost= 1.85999 accuracy= 0.65600 time= 0.01014
Epoch: 0397 train_loss= 1.50721 train_acc= 0.94167 val_loss= 1.86369 val_acc= 0.67400 time= 0.01988
Test results: cost= 1.85987 accuracy= 0.65600 time= 0.01017
Epoch: 0398 train_loss= 1.48277 train_acc= 0.95000 val_loss= 1.86355 val_acc= 0.67400 time= 0.01960
Test results: cost= 1.85976 accuracy= 0.65700 time= 0.01003
Epoch: 0399 train_loss= 1.47020 train_acc= 0.96667 val_loss= 1.86343 val_acc= 0.67400 time= 0.01958
Test results: cost= 1.85963 accuracy= 0.65700 time= 0.01040
Epoch: 0400 train_loss= 1.44946 train_acc= 0.96667 val_loss= 1.86333 val_acc= 0.67200 time= 0.01986
Test results: cost= 1.85952 accuracy= 0.65700 time= 0.01028
Epoch: 0401 train_loss= 1.46969 train_acc= 0.95833 val_loss= 1.86323 val_acc= 0.67600 time= 0.01965
Test results: cost= 1.85940 accuracy= 0.65800 time= 0.01006
Epoch: 0402 train_loss= 1.46740 train_acc= 0.97500 val_loss= 1.86310 val_acc= 0.68000 time= 0.01938
Test results: cost= 1.85928 accuracy= 0.65800 time= 0.01033
Epoch: 0403 train_loss= 1.47505 train_acc= 0.96667 val_loss= 1.86299 val_acc= 0.68400 time= 0.02005
Test results: cost= 1.85921 accuracy= 0.65700 time= 0.01023
Epoch: 0404 train_loss= 1.49102 train_acc= 0.93333 val_loss= 1.86289 val_acc= 0.68400 time= 0.01981
Test results: cost= 1.85914 accuracy= 0.65700 time= 0.01006
Epoch: 0405 train_loss= 1.48028 train_acc= 0.91667 val_loss= 1.86274 val_acc= 0.68200 time= 0.01919
Test results: cost= 1.85904 accuracy= 0.65900 time= 0.01136
Epoch: 0406 train_loss= 1.49153 train_acc= 0.92500 val_loss= 1.86257 val_acc= 0.68400 time= 0.02032
Test results: cost= 1.85893 accuracy= 0.66000 time= 0.01012
Epoch: 0407 train_loss= 1.45918 train_acc= 0.95833 val_loss= 1.86245 val_acc= 0.68600 time= 0.01964
Test results: cost= 1.85887 accuracy= 0.65900 time= 0.01046
Epoch: 0408 train_loss= 1.44600 train_acc= 0.95833 val_loss= 1.86234 val_acc= 0.68600 time= 0.01972
Test results: cost= 1.85878 accuracy= 0.65900 time= 0.01044
Epoch: 0409 train_loss= 1.46491 train_acc= 0.95833 val_loss= 1.86228 val_acc= 0.68600 time= 0.01991
Test results: cost= 1.85874 accuracy= 0.65800 time= 0.01020
Epoch: 0410 train_loss= 1.48754 train_acc= 0.95833 val_loss= 1.86223 val_acc= 0.68600 time= 0.01967
Test results: cost= 1.85870 accuracy= 0.65700 time= 0.01000
Epoch: 0411 train_loss= 1.47654 train_acc= 0.95000 val_loss= 1.86221 val_acc= 0.68400 time= 0.01926
Test results: cost= 1.85869 accuracy= 0.65600 time= 0.01015
Epoch: 0412 train_loss= 1.45683 train_acc= 0.95833 val_loss= 1.86219 val_acc= 0.68400 time= 0.01950
Test results: cost= 1.85867 accuracy= 0.65600 time= 0.01056
Epoch: 0413 train_loss= 1.47397 train_acc= 0.95000 val_loss= 1.86214 val_acc= 0.68400 time= 0.02049
Test results: cost= 1.85860 accuracy= 0.65600 time= 0.01017
Epoch: 0414 train_loss= 1.45426 train_acc= 0.92500 val_loss= 1.86215 val_acc= 0.68200 time= 0.02009
Test results: cost= 1.85858 accuracy= 0.65700 time= 0.01011
Epoch: 0415 train_loss= 1.48346 train_acc= 0.94167 val_loss= 1.86212 val_acc= 0.68400 time= 0.01993
Test results: cost= 1.85855 accuracy= 0.65800 time= 0.01001
Epoch: 0416 train_loss= 1.46158 train_acc= 0.94167 val_loss= 1.86208 val_acc= 0.68400 time= 0.02005
Test results: cost= 1.85851 accuracy= 0.65800 time= 0.01006
Epoch: 0417 train_loss= 1.46163 train_acc= 0.94167 val_loss= 1.86205 val_acc= 0.68200 time= 0.01992
Test results: cost= 1.85850 accuracy= 0.65700 time= 0.01014
Epoch: 0418 train_loss= 1.45829 train_acc= 0.96667 val_loss= 1.86205 val_acc= 0.68000 time= 0.01967
Test results: cost= 1.85852 accuracy= 0.65800 time= 0.01017
Epoch: 0419 train_loss= 1.48197 train_acc= 0.95000 val_loss= 1.86212 val_acc= 0.68000 time= 0.01963
Test results: cost= 1.85861 accuracy= 0.65800 time= 0.01027
Epoch: 0420 train_loss= 1.47485 train_acc= 0.95833 val_loss= 1.86223 val_acc= 0.68000 time= 0.01965
Test results: cost= 1.85872 accuracy= 0.65800 time= 0.01018
Epoch: 0421 train_loss= 1.47225 train_acc= 0.95000 val_loss= 1.86230 val_acc= 0.67800 time= 0.01978
Test results: cost= 1.85879 accuracy= 0.65800 time= 0.01017
Epoch: 0422 train_loss= 1.48321 train_acc= 0.95000 val_loss= 1.86233 val_acc= 0.68000 time= 0.02004
Test results: cost= 1.85883 accuracy= 0.66100 time= 0.01006
Epoch: 0423 train_loss= 1.45729 train_acc= 0.97500 val_loss= 1.86232 val_acc= 0.68000 time= 0.02012
Test results: cost= 1.85882 accuracy= 0.66100 time= 0.01026
Epoch: 0424 train_loss= 1.49000 train_acc= 0.94167 val_loss= 1.86227 val_acc= 0.67800 time= 0.01947
Test results: cost= 1.85880 accuracy= 0.66300 time= 0.01005
Epoch: 0425 train_loss= 1.45487 train_acc= 0.95833 val_loss= 1.86224 val_acc= 0.67800 time= 0.01996
Test results: cost= 1.85877 accuracy= 0.66400 time= 0.01036
Epoch: 0426 train_loss= 1.46159 train_acc= 0.95833 val_loss= 1.86215 val_acc= 0.67800 time= 0.01991
Test results: cost= 1.85870 accuracy= 0.66400 time= 0.01021
Epoch: 0427 train_loss= 1.44892 train_acc= 0.95000 val_loss= 1.86208 val_acc= 0.67800 time= 0.01956
Test results: cost= 1.85865 accuracy= 0.66400 time= 0.00990
Epoch: 0428 train_loss= 1.47146 train_acc= 0.95833 val_loss= 1.86199 val_acc= 0.67600 time= 0.01996
Test results: cost= 1.85860 accuracy= 0.66400 time= 0.01039
Epoch: 0429 train_loss= 1.50962 train_acc= 0.95833 val_loss= 1.86185 val_acc= 0.67400 time= 0.01924
Test results: cost= 1.85850 accuracy= 0.66400 time= 0.01017
Epoch: 0430 train_loss= 1.46706 train_acc= 0.95000 val_loss= 1.86173 val_acc= 0.67400 time= 0.01962
Test results: cost= 1.85842 accuracy= 0.66300 time= 0.01010
Epoch: 0431 train_loss= 1.47129 train_acc= 0.96667 val_loss= 1.86166 val_acc= 0.67400 time= 0.01977
Test results: cost= 1.85837 accuracy= 0.66700 time= 0.00988
Epoch: 0432 train_loss= 1.45892 train_acc= 0.95000 val_loss= 1.86165 val_acc= 0.67600 time= 0.01987
Test results: cost= 1.85838 accuracy= 0.66700 time= 0.01037
Epoch: 0433 train_loss= 1.48562 train_acc= 0.98333 val_loss= 1.86160 val_acc= 0.67600 time= 0.01953
Test results: cost= 1.85836 accuracy= 0.66600 time= 0.01044
Epoch: 0434 train_loss= 1.46516 train_acc= 0.94167 val_loss= 1.86156 val_acc= 0.67600 time= 0.01994
Test results: cost= 1.85836 accuracy= 0.66600 time= 0.01007
Epoch: 0435 train_loss= 1.46381 train_acc= 0.95000 val_loss= 1.86155 val_acc= 0.67600 time= 0.01957
Test results: cost= 1.85839 accuracy= 0.66600 time= 0.01036
Epoch: 0436 train_loss= 1.46156 train_acc= 0.97500 val_loss= 1.86153 val_acc= 0.67600 time= 0.02032
Test results: cost= 1.85841 accuracy= 0.66700 time= 0.01013
Epoch: 0437 train_loss= 1.45967 train_acc= 0.95000 val_loss= 1.86151 val_acc= 0.67600 time= 0.01945
Test results: cost= 1.85843 accuracy= 0.66700 time= 0.01001
Epoch: 0438 train_loss= 1.44213 train_acc= 0.96667 val_loss= 1.86156 val_acc= 0.67400 time= 0.01974
Test results: cost= 1.85850 accuracy= 0.66700 time= 0.01024
Epoch: 0439 train_loss= 1.48769 train_acc= 0.95833 val_loss= 1.86161 val_acc= 0.67600 time= 0.01959
Test results: cost= 1.85856 accuracy= 0.66600 time= 0.01046
Epoch: 0440 train_loss= 1.46850 train_acc= 0.94167 val_loss= 1.86160 val_acc= 0.67400 time= 0.01978
Test results: cost= 1.85857 accuracy= 0.66500 time= 0.01023
Epoch: 0441 train_loss= 1.45685 train_acc= 0.95000 val_loss= 1.86160 val_acc= 0.67400 time= 0.01951
Test results: cost= 1.85858 accuracy= 0.66600 time= 0.01256
Epoch: 0442 train_loss= 1.47777 train_acc= 0.94167 val_loss= 1.86162 val_acc= 0.67400 time= 0.01965
Test results: cost= 1.85860 accuracy= 0.66600 time= 0.01039
Epoch: 0443 train_loss= 1.46661 train_acc= 0.95833 val_loss= 1.86168 val_acc= 0.67400 time= 0.01991
Test results: cost= 1.85866 accuracy= 0.66600 time= 0.01039
Epoch: 0444 train_loss= 1.45378 train_acc= 0.96667 val_loss= 1.86174 val_acc= 0.67400 time= 0.01992
Test results: cost= 1.85873 accuracy= 0.66600 time= 0.01025
Epoch: 0445 train_loss= 1.47429 train_acc= 0.95000 val_loss= 1.86184 val_acc= 0.67200 time= 0.02002
Test results: cost= 1.85882 accuracy= 0.66500 time= 0.01005
Epoch: 0446 train_loss= 1.46077 train_acc= 0.96667 val_loss= 1.86194 val_acc= 0.67400 time= 0.01952
Test results: cost= 1.85891 accuracy= 0.66400 time= 0.01034
Epoch: 0447 train_loss= 1.45943 train_acc= 0.95833 val_loss= 1.86203 val_acc= 0.67200 time= 0.01956
Test results: cost= 1.85901 accuracy= 0.66400 time= 0.01036
Epoch: 0448 train_loss= 1.44991 train_acc= 0.95833 val_loss= 1.86210 val_acc= 0.67000 time= 0.02011
Test results: cost= 1.85910 accuracy= 0.66300 time= 0.01034
Epoch: 0449 train_loss= 1.46745 train_acc= 0.95833 val_loss= 1.86219 val_acc= 0.67000 time= 0.01956
Test results: cost= 1.85922 accuracy= 0.66100 time= 0.01009
Epoch: 0450 train_loss= 1.46167 train_acc= 0.96667 val_loss= 1.86228 val_acc= 0.67000 time= 0.02076
Test results: cost= 1.85935 accuracy= 0.66000 time= 0.01031
Epoch: 0451 train_loss= 1.48393 train_acc= 0.94167 val_loss= 1.86233 val_acc= 0.67400 time= 0.02009
Test results: cost= 1.85944 accuracy= 0.66000 time= 0.01005
Epoch: 0452 train_loss= 1.47457 train_acc= 0.95833 val_loss= 1.86242 val_acc= 0.67800 time= 0.01965
Test results: cost= 1.85955 accuracy= 0.66000 time= 0.01003
Epoch: 0453 train_loss= 1.45844 train_acc= 0.96667 val_loss= 1.86254 val_acc= 0.67800 time= 0.01941
Test results: cost= 1.85967 accuracy= 0.65900 time= 0.01003
Epoch: 0454 train_loss= 1.46204 train_acc= 0.95833 val_loss= 1.86267 val_acc= 0.67800 time= 0.01980
Test results: cost= 1.85982 accuracy= 0.66000 time= 0.01002
Epoch: 0455 train_loss= 1.47896 train_acc= 0.96667 val_loss= 1.86283 val_acc= 0.67800 time= 0.01974
Test results: cost= 1.85997 accuracy= 0.66000 time= 0.01005
Epoch: 0456 train_loss= 1.45952 train_acc= 0.97500 val_loss= 1.86299 val_acc= 0.67800 time= 0.01956
Test results: cost= 1.86011 accuracy= 0.65800 time= 0.01005
Epoch: 0457 train_loss= 1.47717 train_acc= 0.92500 val_loss= 1.86312 val_acc= 0.67800 time= 0.01984
Test results: cost= 1.86023 accuracy= 0.66100 time= 0.01023
Epoch: 0458 train_loss= 1.45639 train_acc= 0.96667 val_loss= 1.86321 val_acc= 0.68000 time= 0.01958
Test results: cost= 1.86031 accuracy= 0.65900 time= 0.01028
Epoch: 0459 train_loss= 1.45387 train_acc= 0.97500 val_loss= 1.86325 val_acc= 0.68000 time= 0.01984
Test results: cost= 1.86033 accuracy= 0.65800 time= 0.01050
Epoch: 0460 train_loss= 1.47671 train_acc= 0.95833 val_loss= 1.86325 val_acc= 0.68000 time= 0.02003
Test results: cost= 1.86033 accuracy= 0.65900 time= 0.01004
Epoch: 0461 train_loss= 1.45814 train_acc= 0.95833 val_loss= 1.86323 val_acc= 0.68000 time= 0.01945
Test results: cost= 1.86030 accuracy= 0.65900 time= 0.01010
Epoch: 0462 train_loss= 1.44550 train_acc= 0.95000 val_loss= 1.86319 val_acc= 0.68000 time= 0.02004
Test results: cost= 1.86030 accuracy= 0.65900 time= 0.01021
Epoch: 0463 train_loss= 1.48169 train_acc= 0.95833 val_loss= 1.86312 val_acc= 0.68200 time= 0.01939
Test results: cost= 1.86026 accuracy= 0.65900 time= 0.01024
Epoch: 0464 train_loss= 1.47630 train_acc= 0.95833 val_loss= 1.86305 val_acc= 0.68400 time= 0.01988
Test results: cost= 1.86022 accuracy= 0.65900 time= 0.01044
Epoch: 0465 train_loss= 1.47103 train_acc= 0.94167 val_loss= 1.86300 val_acc= 0.68200 time= 0.02010
Test results: cost= 1.86018 accuracy= 0.65900 time= 0.01034
Epoch: 0466 train_loss= 1.46656 train_acc= 0.96667 val_loss= 1.86293 val_acc= 0.68000 time= 0.01996
Test results: cost= 1.86011 accuracy= 0.65900 time= 0.01033
Epoch: 0467 train_loss= 1.46389 train_acc= 0.96667 val_loss= 1.86282 val_acc= 0.68000 time= 0.01959
Test results: cost= 1.86002 accuracy= 0.66000 time= 0.01007
Epoch: 0468 train_loss= 1.47259 train_acc= 0.96667 val_loss= 1.86272 val_acc= 0.67800 time= 0.01997
Test results: cost= 1.85993 accuracy= 0.66000 time= 0.01022
Epoch: 0469 train_loss= 1.47034 train_acc= 0.95833 val_loss= 1.86265 val_acc= 0.67800 time= 0.01997
Test results: cost= 1.85987 accuracy= 0.66200 time= 0.01001
Epoch: 0470 train_loss= 1.46592 train_acc= 0.94167 val_loss= 1.86252 val_acc= 0.67800 time= 0.01957
Test results: cost= 1.85975 accuracy= 0.66300 time= 0.01042
Epoch: 0471 train_loss= 1.49744 train_acc= 0.93333 val_loss= 1.86236 val_acc= 0.68000 time= 0.01933
Test results: cost= 1.85959 accuracy= 0.66400 time= 0.01035
Epoch: 0472 train_loss= 1.47610 train_acc= 0.94167 val_loss= 1.86223 val_acc= 0.68000 time= 0.02000
Test results: cost= 1.85945 accuracy= 0.66400 time= 0.01032
Epoch: 0473 train_loss= 1.45003 train_acc= 0.96667 val_loss= 1.86208 val_acc= 0.68000 time= 0.01937
Test results: cost= 1.85929 accuracy= 0.66500 time= 0.01021
Epoch: 0474 train_loss= 1.47825 train_acc= 0.94167 val_loss= 1.86193 val_acc= 0.68000 time= 0.01983
Test results: cost= 1.85914 accuracy= 0.66400 time= 0.01048
Epoch: 0475 train_loss= 1.45444 train_acc= 0.95833 val_loss= 1.86181 val_acc= 0.68000 time= 0.01943
Test results: cost= 1.85901 accuracy= 0.66500 time= 0.01037
Epoch: 0476 train_loss= 1.47113 train_acc= 0.95833 val_loss= 1.86171 val_acc= 0.68000 time= 0.02008
Test results: cost= 1.85890 accuracy= 0.66500 time= 0.01000
Epoch: 0477 train_loss= 1.46393 train_acc= 0.95000 val_loss= 1.86165 val_acc= 0.67800 time= 0.01955
Test results: cost= 1.85880 accuracy= 0.66500 time= 0.01014
Epoch: 0478 train_loss= 1.46452 train_acc= 0.96667 val_loss= 1.86164 val_acc= 0.67800 time= 0.01991
Test results: cost= 1.85876 accuracy= 0.66400 time= 0.01041
Epoch: 0479 train_loss= 1.48147 train_acc= 0.94167 val_loss= 1.86165 val_acc= 0.67800 time= 0.01981
Test results: cost= 1.85874 accuracy= 0.66400 time= 0.01028
Epoch: 0480 train_loss= 1.47019 train_acc= 0.95000 val_loss= 1.86165 val_acc= 0.67800 time= 0.01968
Test results: cost= 1.85870 accuracy= 0.66400 time= 0.01034
Epoch: 0481 train_loss= 1.46228 train_acc= 0.94167 val_loss= 1.86165 val_acc= 0.67800 time= 0.01982
Test results: cost= 1.85869 accuracy= 0.66600 time= 0.01004
Epoch: 0482 train_loss= 1.48696 train_acc= 0.94167 val_loss= 1.86160 val_acc= 0.68000 time= 0.01946
Test results: cost= 1.85865 accuracy= 0.66700 time= 0.01010
Epoch: 0483 train_loss= 1.48507 train_acc= 0.96667 val_loss= 1.86160 val_acc= 0.68000 time= 0.01955
Test results: cost= 1.85867 accuracy= 0.66800 time= 0.01026
Epoch: 0484 train_loss= 1.45355 train_acc= 0.98333 val_loss= 1.86165 val_acc= 0.68600 time= 0.01986
Test results: cost= 1.85874 accuracy= 0.66600 time= 0.01016
Epoch: 0485 train_loss= 1.48185 train_acc= 0.95000 val_loss= 1.86167 val_acc= 0.68400 time= 0.01984
Test results: cost= 1.85880 accuracy= 0.66600 time= 0.01004
Epoch: 0486 train_loss= 1.47192 train_acc= 0.95833 val_loss= 1.86172 val_acc= 0.68400 time= 0.01963
Test results: cost= 1.85888 accuracy= 0.66300 time= 0.01016
Epoch: 0487 train_loss= 1.46391 train_acc= 0.95833 val_loss= 1.86179 val_acc= 0.68800 time= 0.01956
Test results: cost= 1.85898 accuracy= 0.66300 time= 0.01009
Epoch: 0488 train_loss= 1.46575 train_acc= 0.97500 val_loss= 1.86185 val_acc= 0.68800 time= 0.01980
Test results: cost= 1.85909 accuracy= 0.66300 time= 0.01044
Epoch: 0489 train_loss= 1.45887 train_acc= 0.97500 val_loss= 1.86186 val_acc= 0.68800 time= 0.02030
Test results: cost= 1.85917 accuracy= 0.66200 time= 0.01008
Epoch: 0490 train_loss= 1.46891 train_acc= 0.94167 val_loss= 1.86186 val_acc= 0.68800 time= 0.01954
Test results: cost= 1.85921 accuracy= 0.66300 time= 0.01004
Epoch: 0491 train_loss= 1.47677 train_acc= 0.95833 val_loss= 1.86180 val_acc= 0.68800 time= 0.01986
Test results: cost= 1.85920 accuracy= 0.66400 time= 0.01015
Epoch: 0492 train_loss= 1.44798 train_acc= 0.96667 val_loss= 1.86180 val_acc= 0.68800 time= 0.01958
Test results: cost= 1.85924 accuracy= 0.66400 time= 0.01034
Epoch: 0493 train_loss= 1.46032 train_acc= 0.96667 val_loss= 1.86181 val_acc= 0.68800 time= 0.01971
Test results: cost= 1.85927 accuracy= 0.66400 time= 0.00993
Epoch: 0494 train_loss= 1.44089 train_acc= 0.95833 val_loss= 1.86180 val_acc= 0.69000 time= 0.01987
Test results: cost= 1.85927 accuracy= 0.66400 time= 0.01009
Epoch: 0495 train_loss= 1.46917 train_acc= 0.94167 val_loss= 1.86179 val_acc= 0.69000 time= 0.01983
Test results: cost= 1.85928 accuracy= 0.66400 time= 0.01013
Epoch: 0496 train_loss= 1.45900 train_acc= 0.95833 val_loss= 1.86179 val_acc= 0.69000 time= 0.02019
Test results: cost= 1.85932 accuracy= 0.66400 time= 0.01018
Epoch: 0497 train_loss= 1.47284 train_acc= 0.95000 val_loss= 1.86180 val_acc= 0.68600 time= 0.01977
Test results: cost= 1.85935 accuracy= 0.66400 time= 0.01026
Epoch: 0498 train_loss= 1.46974 train_acc= 0.90833 val_loss= 1.86177 val_acc= 0.68800 time= 0.01949
Test results: cost= 1.85934 accuracy= 0.66400 time= 0.00999
Epoch: 0499 train_loss= 1.47366 train_acc= 0.97500 val_loss= 1.86169 val_acc= 0.68800 time= 0.01963
Test results: cost= 1.85932 accuracy= 0.66200 time= 0.01008
Epoch: 0500 train_loss= 1.45823 train_acc= 0.95833 val_loss= 1.86160 val_acc= 0.69000 time= 0.01980
Test results: cost= 1.85925 accuracy= 0.66200 time= 0.01038
best epoch: 493
best test: 0.66399974
Optimization Finished!
