
		{"dataset": "citeseer", "weight_decay": 0.0005, "hidden1": 16, "dropout": 0.5, "model": "gcn_mi1", "train_ratio": 20, "epochs": 500}
citeseer
{'dataset': 'citeseer', 'model': 'gcn_mi1', 'learning_rate': 0.01, 'epochs': 500, 'hidden1': 16, 'dropout': 0.5, 'weight_decay': 0.0005, 'early_stopping': 200, 'train_ratio': 20, 'repeat': 1}
500 500
Epoch: 0001 train_loss= 1.78372 train_acc= 0.15000 val_loss= 1.79283 val_acc= 0.42800 time= 0.03658
Test results: cost= 1.79242 accuracy= 0.47300 time= 0.00973
Epoch: 0002 train_loss= 1.77033 train_acc= 0.76667 val_loss= 1.78922 val_acc= 0.55000 time= 0.01830
Test results: cost= 1.78834 accuracy= 0.57600 time= 0.00939
Epoch: 0003 train_loss= 1.75767 train_acc= 0.95833 val_loss= 1.78668 val_acc= 0.57600 time= 0.01760
Test results: cost= 1.78534 accuracy= 0.61900 time= 0.00911
Epoch: 0004 train_loss= 1.74709 train_acc= 0.98333 val_loss= 1.78496 val_acc= 0.58800 time= 0.01752
Test results: cost= 1.78316 accuracy= 0.64000 time= 0.00921
Epoch: 0005 train_loss= 1.73600 train_acc= 0.98333 val_loss= 1.78384 val_acc= 0.59200 time= 0.01768
Test results: cost= 1.78159 accuracy= 0.65700 time= 0.00924
Epoch: 0006 train_loss= 1.72529 train_acc= 0.96667 val_loss= 1.78319 val_acc= 0.59800 time= 0.01801
Test results: cost= 1.78049 accuracy= 0.66200 time= 0.00930
Epoch: 0007 train_loss= 1.71806 train_acc= 0.97500 val_loss= 1.78285 val_acc= 0.60000 time= 0.01767
Test results: cost= 1.77974 accuracy= 0.66400 time= 0.00913
Epoch: 0008 train_loss= 1.70947 train_acc= 0.99167 val_loss= 1.78273 val_acc= 0.60800 time= 0.01781
Test results: cost= 1.77923 accuracy= 0.66600 time= 0.00907
Epoch: 0009 train_loss= 1.70092 train_acc= 0.98333 val_loss= 1.78283 val_acc= 0.60600 time= 0.01764
Test results: cost= 1.77895 accuracy= 0.66800 time= 0.00948
Epoch: 0010 train_loss= 1.69352 train_acc= 0.99167 val_loss= 1.78309 val_acc= 0.61000 time= 0.01771
Test results: cost= 1.77886 accuracy= 0.67000 time= 0.00890
Epoch: 0011 train_loss= 1.68465 train_acc= 0.99167 val_loss= 1.78353 val_acc= 0.61200 time= 0.01756
Test results: cost= 1.77893 accuracy= 0.67200 time= 0.00953
Epoch: 0012 train_loss= 1.67867 train_acc= 0.98333 val_loss= 1.78410 val_acc= 0.61600 time= 0.01762
Test results: cost= 1.77915 accuracy= 0.67100 time= 0.00918
Epoch: 0013 train_loss= 1.67103 train_acc= 0.99167 val_loss= 1.78477 val_acc= 0.62000 time= 0.01776
Test results: cost= 1.77948 accuracy= 0.67200 time= 0.00911
Epoch: 0014 train_loss= 1.66696 train_acc= 0.99167 val_loss= 1.78550 val_acc= 0.62200 time= 0.01783
Test results: cost= 1.77989 accuracy= 0.67300 time= 0.00914
Epoch: 0015 train_loss= 1.65988 train_acc= 0.99167 val_loss= 1.78627 val_acc= 0.62200 time= 0.01801
Test results: cost= 1.78036 accuracy= 0.67500 time= 0.00924
Epoch: 0016 train_loss= 1.65257 train_acc= 0.99167 val_loss= 1.78708 val_acc= 0.62200 time= 0.01779
Test results: cost= 1.78089 accuracy= 0.67400 time= 0.00931
Epoch: 0017 train_loss= 1.64569 train_acc= 0.99167 val_loss= 1.78791 val_acc= 0.62400 time= 0.01808
Test results: cost= 1.78144 accuracy= 0.67400 time= 0.00909
Epoch: 0018 train_loss= 1.64162 train_acc= 0.98333 val_loss= 1.78869 val_acc= 0.63000 time= 0.01796
Test results: cost= 1.78197 accuracy= 0.67400 time= 0.00926
Epoch: 0019 train_loss= 1.64351 train_acc= 0.99167 val_loss= 1.78949 val_acc= 0.63000 time= 0.01766
Test results: cost= 1.78252 accuracy= 0.67500 time= 0.00930
Epoch: 0020 train_loss= 1.63461 train_acc= 0.98333 val_loss= 1.79025 val_acc= 0.63600 time= 0.01899
Test results: cost= 1.78304 accuracy= 0.67600 time= 0.00942
Epoch: 0021 train_loss= 1.62854 train_acc= 0.99167 val_loss= 1.79102 val_acc= 0.63600 time= 0.01776
Test results: cost= 1.78358 accuracy= 0.67900 time= 0.00910
Epoch: 0022 train_loss= 1.62648 train_acc= 0.99167 val_loss= 1.79180 val_acc= 0.63600 time= 0.01782
Test results: cost= 1.78412 accuracy= 0.67900 time= 0.00940
Epoch: 0023 train_loss= 1.62195 train_acc= 0.98333 val_loss= 1.79256 val_acc= 0.63600 time= 0.01764
Test results: cost= 1.78465 accuracy= 0.68100 time= 0.00911
Epoch: 0024 train_loss= 1.61136 train_acc= 0.99167 val_loss= 1.79331 val_acc= 0.63800 time= 0.01782
Test results: cost= 1.78517 accuracy= 0.68400 time= 0.00912
Epoch: 0025 train_loss= 1.60487 train_acc= 0.99167 val_loss= 1.79407 val_acc= 0.64000 time= 0.01779
Test results: cost= 1.78569 accuracy= 0.68400 time= 0.00929
Epoch: 0026 train_loss= 1.60906 train_acc= 0.99167 val_loss= 1.79481 val_acc= 0.64000 time= 0.01785
Test results: cost= 1.78620 accuracy= 0.68400 time= 0.00936
Epoch: 0027 train_loss= 1.60329 train_acc= 0.99167 val_loss= 1.79554 val_acc= 0.63800 time= 0.01795
Test results: cost= 1.78671 accuracy= 0.68600 time= 0.00916
Epoch: 0028 train_loss= 1.60196 train_acc= 0.99167 val_loss= 1.79626 val_acc= 0.63600 time= 0.01770
Test results: cost= 1.78720 accuracy= 0.68600 time= 0.00934
Epoch: 0029 train_loss= 1.60097 train_acc= 0.98333 val_loss= 1.79695 val_acc= 0.63600 time= 0.01804
Test results: cost= 1.78767 accuracy= 0.68500 time= 0.00915
Epoch: 0030 train_loss= 1.59076 train_acc= 0.99167 val_loss= 1.79763 val_acc= 0.63800 time= 0.01768
Test results: cost= 1.78815 accuracy= 0.68600 time= 0.00915
Epoch: 0031 train_loss= 1.59126 train_acc= 0.99167 val_loss= 1.79828 val_acc= 0.63800 time= 0.01805
Test results: cost= 1.78859 accuracy= 0.68700 time= 0.00918
Epoch: 0032 train_loss= 1.58633 train_acc= 0.99167 val_loss= 1.79892 val_acc= 0.63800 time= 0.01790
Test results: cost= 1.78906 accuracy= 0.69000 time= 0.00921
Epoch: 0033 train_loss= 1.59270 train_acc= 0.99167 val_loss= 1.79957 val_acc= 0.63600 time= 0.01753
Test results: cost= 1.78953 accuracy= 0.69300 time= 0.00908
Epoch: 0034 train_loss= 1.57615 train_acc= 0.99167 val_loss= 1.80023 val_acc= 0.63600 time= 0.01758
Test results: cost= 1.79002 accuracy= 0.69200 time= 0.00919
Epoch: 0035 train_loss= 1.59045 train_acc= 0.99167 val_loss= 1.80085 val_acc= 0.63800 time= 0.01749
Test results: cost= 1.79046 accuracy= 0.69300 time= 0.00951
Epoch: 0036 train_loss= 1.57934 train_acc= 0.99167 val_loss= 1.80145 val_acc= 0.63800 time= 0.01813
Test results: cost= 1.79091 accuracy= 0.69400 time= 0.00915
Epoch: 0037 train_loss= 1.57503 train_acc= 0.99167 val_loss= 1.80205 val_acc= 0.63400 time= 0.01800
Test results: cost= 1.79136 accuracy= 0.69300 time= 0.00937
Epoch: 0038 train_loss= 1.56949 train_acc= 0.99167 val_loss= 1.80268 val_acc= 0.63600 time= 0.01837
Test results: cost= 1.79185 accuracy= 0.69300 time= 0.00940
Epoch: 0039 train_loss= 1.56452 train_acc= 0.99167 val_loss= 1.80332 val_acc= 0.63600 time= 0.01798
Test results: cost= 1.79236 accuracy= 0.69400 time= 0.00924
Epoch: 0040 train_loss= 1.57381 train_acc= 0.99167 val_loss= 1.80397 val_acc= 0.63600 time= 0.01776
Test results: cost= 1.79289 accuracy= 0.69300 time= 0.00918
Epoch: 0041 train_loss= 1.56659 train_acc= 0.98333 val_loss= 1.80459 val_acc= 0.63200 time= 0.01769
Test results: cost= 1.79340 accuracy= 0.69300 time= 0.00923
Epoch: 0042 train_loss= 1.56326 train_acc= 0.99167 val_loss= 1.80520 val_acc= 0.63200 time= 0.01825
Test results: cost= 1.79391 accuracy= 0.69400 time= 0.00919
Epoch: 0043 train_loss= 1.56305 train_acc= 0.99167 val_loss= 1.80582 val_acc= 0.63400 time= 0.01765
Test results: cost= 1.79442 accuracy= 0.69500 time= 0.00916
Epoch: 0044 train_loss= 1.55678 train_acc= 0.99167 val_loss= 1.80646 val_acc= 0.63400 time= 0.01822
Test results: cost= 1.79494 accuracy= 0.69600 time= 0.00929
Epoch: 0045 train_loss= 1.55297 train_acc= 0.99167 val_loss= 1.80712 val_acc= 0.63400 time= 0.01776
Test results: cost= 1.79549 accuracy= 0.69700 time= 0.00893
Epoch: 0046 train_loss= 1.55366 train_acc= 0.99167 val_loss= 1.80780 val_acc= 0.63400 time= 0.01766
Test results: cost= 1.79603 accuracy= 0.69600 time= 0.00912
Epoch: 0047 train_loss= 1.54919 train_acc= 0.99167 val_loss= 1.80846 val_acc= 0.63200 time= 0.01787
Test results: cost= 1.79655 accuracy= 0.69600 time= 0.00957
Epoch: 0048 train_loss= 1.54705 train_acc= 0.99167 val_loss= 1.80914 val_acc= 0.63200 time= 0.01813
Test results: cost= 1.79708 accuracy= 0.69600 time= 0.00933
Epoch: 0049 train_loss= 1.53619 train_acc= 0.98333 val_loss= 1.80985 val_acc= 0.63400 time= 0.01758
Test results: cost= 1.79764 accuracy= 0.69700 time= 0.00945
Epoch: 0050 train_loss= 1.54802 train_acc= 0.99167 val_loss= 1.81055 val_acc= 0.63400 time= 0.01772
Test results: cost= 1.79821 accuracy= 0.69700 time= 0.00949
Epoch: 0051 train_loss= 1.54716 train_acc= 0.98333 val_loss= 1.81125 val_acc= 0.63400 time= 0.01773
Test results: cost= 1.79876 accuracy= 0.69700 time= 0.00943
Epoch: 0052 train_loss= 1.54196 train_acc= 0.98333 val_loss= 1.81199 val_acc= 0.63200 time= 0.01825
Test results: cost= 1.79935 accuracy= 0.69700 time= 0.00904
Epoch: 0053 train_loss= 1.54303 train_acc= 0.99167 val_loss= 1.81271 val_acc= 0.63200 time= 0.01782
Test results: cost= 1.79994 accuracy= 0.69700 time= 0.00922
Epoch: 0054 train_loss= 1.54581 train_acc= 0.99167 val_loss= 1.81339 val_acc= 0.63400 time= 0.01780
Test results: cost= 1.80052 accuracy= 0.69600 time= 0.00930
Epoch: 0055 train_loss= 1.54589 train_acc= 0.99167 val_loss= 1.81409 val_acc= 0.63400 time= 0.01791
Test results: cost= 1.80111 accuracy= 0.69600 time= 0.00943
Epoch: 0056 train_loss= 1.54009 train_acc= 0.99167 val_loss= 1.81474 val_acc= 0.63600 time= 0.01773
Test results: cost= 1.80166 accuracy= 0.69700 time= 0.00927
Epoch: 0057 train_loss= 1.53230 train_acc= 0.99167 val_loss= 1.81539 val_acc= 0.63600 time= 0.01790
Test results: cost= 1.80220 accuracy= 0.69700 time= 0.00914
Epoch: 0058 train_loss= 1.53281 train_acc= 0.99167 val_loss= 1.81603 val_acc= 0.63600 time= 0.01765
Test results: cost= 1.80272 accuracy= 0.69700 time= 0.00912
Epoch: 0059 train_loss= 1.52630 train_acc= 0.98333 val_loss= 1.81663 val_acc= 0.63800 time= 0.01784
Test results: cost= 1.80324 accuracy= 0.69600 time= 0.00941
Epoch: 0060 train_loss= 1.53484 train_acc= 0.98333 val_loss= 1.81723 val_acc= 0.63800 time= 0.01756
Test results: cost= 1.80372 accuracy= 0.69600 time= 0.00916
Epoch: 0061 train_loss= 1.53211 train_acc= 0.98333 val_loss= 1.81785 val_acc= 0.63800 time= 0.01806
Test results: cost= 1.80421 accuracy= 0.69900 time= 0.00914
Epoch: 0062 train_loss= 1.52498 train_acc= 0.99167 val_loss= 1.81844 val_acc= 0.63800 time= 0.01740
Test results: cost= 1.80469 accuracy= 0.69900 time= 0.00902
Epoch: 0063 train_loss= 1.52421 train_acc= 0.99167 val_loss= 1.81906 val_acc= 0.63600 time= 0.01779
Test results: cost= 1.80521 accuracy= 0.69900 time= 0.00923
Epoch: 0064 train_loss= 1.52540 train_acc= 0.98333 val_loss= 1.81971 val_acc= 0.63600 time= 0.01760
Test results: cost= 1.80578 accuracy= 0.70000 time= 0.00949
Epoch: 0065 train_loss= 1.52502 train_acc= 0.99167 val_loss= 1.82035 val_acc= 0.63800 time= 0.01778
Test results: cost= 1.80634 accuracy= 0.70000 time= 0.00953
Epoch: 0066 train_loss= 1.52327 train_acc= 0.99167 val_loss= 1.82101 val_acc= 0.63800 time= 0.01800
Test results: cost= 1.80692 accuracy= 0.70000 time= 0.00938
Epoch: 0067 train_loss= 1.51366 train_acc= 0.98333 val_loss= 1.82166 val_acc= 0.63800 time= 0.01819
Test results: cost= 1.80751 accuracy= 0.70000 time= 0.00937
Epoch: 0068 train_loss= 1.51796 train_acc= 0.98333 val_loss= 1.82233 val_acc= 0.63800 time= 0.01797
Test results: cost= 1.80811 accuracy= 0.69900 time= 0.00924
Epoch: 0069 train_loss= 1.51098 train_acc= 0.98333 val_loss= 1.82302 val_acc= 0.63800 time= 0.01800
Test results: cost= 1.80871 accuracy= 0.69900 time= 0.00912
Epoch: 0070 train_loss= 1.52475 train_acc= 0.98333 val_loss= 1.82367 val_acc= 0.63800 time= 0.01782
Test results: cost= 1.80927 accuracy= 0.70100 time= 0.00914
Epoch: 0071 train_loss= 1.51899 train_acc= 0.98333 val_loss= 1.82436 val_acc= 0.63800 time= 0.01784
Test results: cost= 1.80985 accuracy= 0.70200 time= 0.00911
Epoch: 0072 train_loss= 1.51082 train_acc= 0.99167 val_loss= 1.82502 val_acc= 0.63800 time= 0.01837
Test results: cost= 1.81039 accuracy= 0.70200 time= 0.00948
Epoch: 0073 train_loss= 1.53257 train_acc= 0.99167 val_loss= 1.82561 val_acc= 0.63800 time= 0.01793
Test results: cost= 1.81085 accuracy= 0.70400 time= 0.00942
Epoch: 0074 train_loss= 1.52111 train_acc= 0.99167 val_loss= 1.82620 val_acc= 0.63600 time= 0.01817
Test results: cost= 1.81130 accuracy= 0.70400 time= 0.00897
Epoch: 0075 train_loss= 1.51428 train_acc= 0.98333 val_loss= 1.82676 val_acc= 0.63600 time= 0.01802
Test results: cost= 1.81171 accuracy= 0.70400 time= 0.00925
Epoch: 0076 train_loss= 1.50697 train_acc= 0.98333 val_loss= 1.82736 val_acc= 0.63800 time= 0.01770
Test results: cost= 1.81217 accuracy= 0.70400 time= 0.00897
Epoch: 0077 train_loss= 1.51054 train_acc= 0.98333 val_loss= 1.82796 val_acc= 0.64000 time= 0.01763
Test results: cost= 1.81264 accuracy= 0.70400 time= 0.00925
Epoch: 0078 train_loss= 1.51008 train_acc= 0.98333 val_loss= 1.82854 val_acc= 0.64200 time= 0.01810
Test results: cost= 1.81310 accuracy= 0.70400 time= 0.00913
Epoch: 0079 train_loss= 1.50773 train_acc= 0.99167 val_loss= 1.82913 val_acc= 0.64000 time= 0.01777
Test results: cost= 1.81356 accuracy= 0.70500 time= 0.00929
Epoch: 0080 train_loss= 1.51417 train_acc= 0.98333 val_loss= 1.82972 val_acc= 0.63800 time= 0.01817
Test results: cost= 1.81402 accuracy= 0.70600 time= 0.00918
Epoch: 0081 train_loss= 1.50675 train_acc= 0.99167 val_loss= 1.83030 val_acc= 0.63800 time= 0.01804
Test results: cost= 1.81445 accuracy= 0.70700 time= 0.00920
Epoch: 0082 train_loss= 1.50542 train_acc= 0.98333 val_loss= 1.83084 val_acc= 0.63800 time= 0.01783
Test results: cost= 1.81485 accuracy= 0.70600 time= 0.00909
Epoch: 0083 train_loss= 1.50118 train_acc= 0.99167 val_loss= 1.83136 val_acc= 0.63600 time= 0.01787
Test results: cost= 1.81525 accuracy= 0.70600 time= 0.00932
Epoch: 0084 train_loss= 1.49662 train_acc= 0.98333 val_loss= 1.83189 val_acc= 0.63800 time= 0.01761
Test results: cost= 1.81566 accuracy= 0.70600 time= 0.00897
Epoch: 0085 train_loss= 1.50625 train_acc= 0.98333 val_loss= 1.83243 val_acc= 0.63200 time= 0.01784
Test results: cost= 1.81609 accuracy= 0.70500 time= 0.00922
Epoch: 0086 train_loss= 1.49224 train_acc= 0.98333 val_loss= 1.83298 val_acc= 0.63200 time= 0.01825
Test results: cost= 1.81653 accuracy= 0.70600 time= 0.00938
Epoch: 0087 train_loss= 1.49368 train_acc= 0.97500 val_loss= 1.83350 val_acc= 0.63200 time= 0.01785
Test results: cost= 1.81696 accuracy= 0.70500 time= 0.00953
Epoch: 0088 train_loss= 1.49523 train_acc= 0.99167 val_loss= 1.83404 val_acc= 0.63400 time= 0.01815
Test results: cost= 1.81741 accuracy= 0.70500 time= 0.00925
Epoch: 0089 train_loss= 1.49739 train_acc= 0.98333 val_loss= 1.83457 val_acc= 0.63400 time= 0.01790
Test results: cost= 1.81786 accuracy= 0.70500 time= 0.00944
Epoch: 0090 train_loss= 1.50138 train_acc= 0.98333 val_loss= 1.83510 val_acc= 0.63400 time= 0.01785
Test results: cost= 1.81832 accuracy= 0.70400 time= 0.00916
Epoch: 0091 train_loss= 1.48966 train_acc= 0.98333 val_loss= 1.83562 val_acc= 0.63400 time= 0.01778
Test results: cost= 1.81878 accuracy= 0.70200 time= 0.00957
Epoch: 0092 train_loss= 1.49309 train_acc= 0.97500 val_loss= 1.83612 val_acc= 0.63600 time= 0.01814
Test results: cost= 1.81921 accuracy= 0.70200 time= 0.00929
Epoch: 0093 train_loss= 1.48648 train_acc= 0.98333 val_loss= 1.83662 val_acc= 0.63600 time= 0.01789
Test results: cost= 1.81963 accuracy= 0.70300 time= 0.00922
Epoch: 0094 train_loss= 1.49813 train_acc= 0.99167 val_loss= 1.83708 val_acc= 0.63800 time= 0.01820
Test results: cost= 1.82001 accuracy= 0.70300 time= 0.00928
Epoch: 0095 train_loss= 1.49669 train_acc= 0.99167 val_loss= 1.83751 val_acc= 0.63400 time= 0.01784
Test results: cost= 1.82038 accuracy= 0.70200 time= 0.00932
Epoch: 0096 train_loss= 1.48785 train_acc= 0.99167 val_loss= 1.83792 val_acc= 0.63400 time= 0.01775
Test results: cost= 1.82073 accuracy= 0.70200 time= 0.00912
Epoch: 0097 train_loss= 1.49632 train_acc= 0.97500 val_loss= 1.83831 val_acc= 0.63600 time= 0.01773
Test results: cost= 1.82107 accuracy= 0.70400 time= 0.00925
Epoch: 0098 train_loss= 1.48171 train_acc= 0.97500 val_loss= 1.83870 val_acc= 0.63600 time= 0.01750
Test results: cost= 1.82143 accuracy= 0.70600 time= 0.00968
Epoch: 0099 train_loss= 1.49383 train_acc= 0.98333 val_loss= 1.83908 val_acc= 0.64000 time= 0.01807
Test results: cost= 1.82179 accuracy= 0.70600 time= 0.00926
Epoch: 0100 train_loss= 1.49355 train_acc= 0.97500 val_loss= 1.83944 val_acc= 0.64000 time= 0.01807
Test results: cost= 1.82213 accuracy= 0.70600 time= 0.00907
Epoch: 0101 train_loss= 1.48426 train_acc= 0.98333 val_loss= 1.83983 val_acc= 0.64200 time= 0.01822
Test results: cost= 1.82249 accuracy= 0.70600 time= 0.00939
Epoch: 0102 train_loss= 1.49712 train_acc= 0.98333 val_loss= 1.84020 val_acc= 0.64200 time= 0.01816
Test results: cost= 1.82283 accuracy= 0.70700 time= 0.00936
Epoch: 0103 train_loss= 1.48813 train_acc= 0.98333 val_loss= 1.84054 val_acc= 0.64200 time= 0.01779
Test results: cost= 1.82315 accuracy= 0.70600 time= 0.00920
Epoch: 0104 train_loss= 1.49872 train_acc= 0.97500 val_loss= 1.84092 val_acc= 0.64200 time= 0.01828
Test results: cost= 1.82351 accuracy= 0.70600 time= 0.00946
Epoch: 0105 train_loss= 1.48631 train_acc= 0.98333 val_loss= 1.84129 val_acc= 0.64200 time= 0.01777
Test results: cost= 1.82384 accuracy= 0.70700 time= 0.00915
Epoch: 0106 train_loss= 1.48636 train_acc= 0.98333 val_loss= 1.84164 val_acc= 0.64200 time= 0.01806
Test results: cost= 1.82416 accuracy= 0.70700 time= 0.00923
Epoch: 0107 train_loss= 1.49426 train_acc= 0.98333 val_loss= 1.84199 val_acc= 0.64400 time= 0.01785
Test results: cost= 1.82447 accuracy= 0.70600 time= 0.00934
Epoch: 0108 train_loss= 1.48330 train_acc= 0.98333 val_loss= 1.84235 val_acc= 0.64200 time= 0.01792
Test results: cost= 1.82478 accuracy= 0.70700 time= 0.00961
Epoch: 0109 train_loss= 1.49458 train_acc= 0.98333 val_loss= 1.84270 val_acc= 0.64200 time= 0.01819
Test results: cost= 1.82506 accuracy= 0.70900 time= 0.00926
Epoch: 0110 train_loss= 1.49323 train_acc= 0.96667 val_loss= 1.84303 val_acc= 0.64200 time= 0.01797
Test results: cost= 1.82533 accuracy= 0.70900 time= 0.00917
Epoch: 0111 train_loss= 1.47573 train_acc= 0.98333 val_loss= 1.84337 val_acc= 0.64000 time= 0.01773
Test results: cost= 1.82560 accuracy= 0.70900 time= 0.00918
Epoch: 0112 train_loss= 1.47621 train_acc= 0.98333 val_loss= 1.84374 val_acc= 0.64000 time= 0.01802
Test results: cost= 1.82589 accuracy= 0.70800 time= 0.00914
Epoch: 0113 train_loss= 1.49784 train_acc= 0.98333 val_loss= 1.84409 val_acc= 0.64000 time= 0.01795
Test results: cost= 1.82617 accuracy= 0.70800 time= 0.00909
Epoch: 0114 train_loss= 1.47908 train_acc= 0.98333 val_loss= 1.84443 val_acc= 0.64000 time= 0.01779
Test results: cost= 1.82642 accuracy= 0.70900 time= 0.00944
Epoch: 0115 train_loss= 1.48830 train_acc= 0.98333 val_loss= 1.84472 val_acc= 0.64000 time= 0.01797
Test results: cost= 1.82663 accuracy= 0.71000 time= 0.00920
Epoch: 0116 train_loss= 1.46871 train_acc= 0.98333 val_loss= 1.84506 val_acc= 0.64200 time= 0.01787
Test results: cost= 1.82688 accuracy= 0.71200 time= 0.00920
Epoch: 0117 train_loss= 1.46550 train_acc= 0.99167 val_loss= 1.84542 val_acc= 0.64400 time= 0.01776
Test results: cost= 1.82716 accuracy= 0.71200 time= 0.00925
Epoch: 0118 train_loss= 1.49103 train_acc= 0.98333 val_loss= 1.84578 val_acc= 0.64400 time= 0.01782
Test results: cost= 1.82743 accuracy= 0.71500 time= 0.00922
Epoch: 0119 train_loss= 1.48803 train_acc= 0.98333 val_loss= 1.84614 val_acc= 0.64800 time= 0.01815
Test results: cost= 1.82770 accuracy= 0.71500 time= 0.00915
Epoch: 0120 train_loss= 1.46460 train_acc= 0.98333 val_loss= 1.84649 val_acc= 0.65000 time= 0.01770
Test results: cost= 1.82796 accuracy= 0.71400 time= 0.00913
Epoch: 0121 train_loss= 1.46740 train_acc= 0.99167 val_loss= 1.84685 val_acc= 0.65000 time= 0.01739
Test results: cost= 1.82825 accuracy= 0.71400 time= 0.00940
Epoch: 0122 train_loss= 1.48731 train_acc= 0.98333 val_loss= 1.84719 val_acc= 0.65200 time= 0.01800
Test results: cost= 1.82851 accuracy= 0.71400 time= 0.00934
Epoch: 0123 train_loss= 1.48755 train_acc= 0.98333 val_loss= 1.84751 val_acc= 0.65400 time= 0.01877
Test results: cost= 1.82875 accuracy= 0.71400 time= 0.00911
Epoch: 0124 train_loss= 1.46720 train_acc= 0.98333 val_loss= 1.84784 val_acc= 0.65000 time= 0.01842
Test results: cost= 1.82899 accuracy= 0.71400 time= 0.00965
Epoch: 0125 train_loss= 1.48074 train_acc= 0.97500 val_loss= 1.84812 val_acc= 0.64600 time= 0.01782
Test results: cost= 1.82918 accuracy= 0.71500 time= 0.00953
Epoch: 0126 train_loss= 1.47019 train_acc= 0.97500 val_loss= 1.84841 val_acc= 0.64600 time= 0.01773
Test results: cost= 1.82941 accuracy= 0.71500 time= 0.00911
Epoch: 0127 train_loss= 1.49085 train_acc= 0.98333 val_loss= 1.84869 val_acc= 0.64800 time= 0.01761
Test results: cost= 1.82961 accuracy= 0.71500 time= 0.00930
Epoch: 0128 train_loss= 1.46055 train_acc= 0.98333 val_loss= 1.84900 val_acc= 0.64800 time= 0.01783
Test results: cost= 1.82983 accuracy= 0.71300 time= 0.00898
Epoch: 0129 train_loss= 1.48313 train_acc= 0.98333 val_loss= 1.84924 val_acc= 0.64800 time= 0.01740
Test results: cost= 1.82999 accuracy= 0.71300 time= 0.00909
Epoch: 0130 train_loss= 1.46246 train_acc= 0.98333 val_loss= 1.84953 val_acc= 0.64600 time= 0.01798
Test results: cost= 1.83019 accuracy= 0.71200 time= 0.00931
Epoch: 0131 train_loss= 1.47415 train_acc= 0.99167 val_loss= 1.84979 val_acc= 0.64800 time= 0.01793
Test results: cost= 1.83037 accuracy= 0.71200 time= 0.00933
Epoch: 0132 train_loss= 1.47016 train_acc= 0.98333 val_loss= 1.85005 val_acc= 0.64600 time= 0.01792
Test results: cost= 1.83052 accuracy= 0.71200 time= 0.00908
Epoch: 0133 train_loss= 1.46976 train_acc= 0.98333 val_loss= 1.85033 val_acc= 0.64600 time= 0.01778
Test results: cost= 1.83072 accuracy= 0.71000 time= 0.00909
Epoch: 0134 train_loss= 1.47277 train_acc= 0.99167 val_loss= 1.85058 val_acc= 0.64600 time= 0.01730
Test results: cost= 1.83090 accuracy= 0.70900 time= 0.00899
Epoch: 0135 train_loss= 1.46989 train_acc= 0.96667 val_loss= 1.85083 val_acc= 0.64600 time= 0.01818
Test results: cost= 1.83107 accuracy= 0.70900 time= 0.00904
Epoch: 0136 train_loss= 1.47753 train_acc= 0.98333 val_loss= 1.85107 val_acc= 0.64800 time= 0.01787
Test results: cost= 1.83122 accuracy= 0.70900 time= 0.00911
Epoch: 0137 train_loss= 1.47538 train_acc= 0.98333 val_loss= 1.85131 val_acc= 0.64800 time= 0.01788
Test results: cost= 1.83138 accuracy= 0.71100 time= 0.00937
Epoch: 0138 train_loss= 1.47775 train_acc= 0.97500 val_loss= 1.85154 val_acc= 0.64800 time= 0.01753
Test results: cost= 1.83153 accuracy= 0.71200 time= 0.00933
Epoch: 0139 train_loss= 1.47289 train_acc= 0.96667 val_loss= 1.85171 val_acc= 0.64800 time= 0.01824
Test results: cost= 1.83164 accuracy= 0.71100 time= 0.00944
Epoch: 0140 train_loss= 1.47570 train_acc= 0.97500 val_loss= 1.85190 val_acc= 0.65000 time= 0.01835
Test results: cost= 1.83174 accuracy= 0.71200 time= 0.00932
Epoch: 0141 train_loss= 1.45964 train_acc= 0.99167 val_loss= 1.85208 val_acc= 0.64800 time= 0.01775
Test results: cost= 1.83185 accuracy= 0.71200 time= 0.00934
Epoch: 0142 train_loss= 1.47027 train_acc= 0.97500 val_loss= 1.85225 val_acc= 0.64800 time= 0.01798
Test results: cost= 1.83195 accuracy= 0.71300 time= 0.00951
Epoch: 0143 train_loss= 1.45912 train_acc= 0.98333 val_loss= 1.85243 val_acc= 0.64800 time= 0.01766
Test results: cost= 1.83206 accuracy= 0.71100 time= 0.00924
Epoch: 0144 train_loss= 1.45476 train_acc= 0.98333 val_loss= 1.85267 val_acc= 0.64800 time= 0.01781
Test results: cost= 1.83221 accuracy= 0.71000 time= 0.00918
Epoch: 0145 train_loss= 1.46711 train_acc= 0.97500 val_loss= 1.85284 val_acc= 0.64800 time= 0.01796
Test results: cost= 1.83232 accuracy= 0.71000 time= 0.00941
Epoch: 0146 train_loss= 1.45927 train_acc= 0.98333 val_loss= 1.85301 val_acc= 0.64800 time= 0.01826
Test results: cost= 1.83242 accuracy= 0.70900 time= 0.00912
Epoch: 0147 train_loss= 1.49043 train_acc= 0.98333 val_loss= 1.85315 val_acc= 0.64800 time= 0.01783
Test results: cost= 1.83252 accuracy= 0.70900 time= 0.00930
Epoch: 0148 train_loss= 1.45696 train_acc= 0.96667 val_loss= 1.85329 val_acc= 0.64400 time= 0.01792
Test results: cost= 1.83261 accuracy= 0.70900 time= 0.00949
Epoch: 0149 train_loss= 1.46546 train_acc= 0.97500 val_loss= 1.85341 val_acc= 0.64600 time= 0.01761
Test results: cost= 1.83267 accuracy= 0.70900 time= 0.00934
Epoch: 0150 train_loss= 1.46059 train_acc= 0.98333 val_loss= 1.85351 val_acc= 0.64600 time= 0.01834
Test results: cost= 1.83272 accuracy= 0.70800 time= 0.00914
Epoch: 0151 train_loss= 1.48316 train_acc= 0.98333 val_loss= 1.85359 val_acc= 0.64400 time= 0.01770
Test results: cost= 1.83273 accuracy= 0.70900 time= 0.00944
Epoch: 0152 train_loss= 1.47206 train_acc= 0.97500 val_loss= 1.85367 val_acc= 0.64400 time= 0.01791
Test results: cost= 1.83276 accuracy= 0.71000 time= 0.00948
Epoch: 0153 train_loss= 1.44784 train_acc= 0.99167 val_loss= 1.85377 val_acc= 0.64400 time= 0.01807
Test results: cost= 1.83280 accuracy= 0.71100 time= 0.00928
Epoch: 0154 train_loss= 1.46231 train_acc= 0.98333 val_loss= 1.85389 val_acc= 0.64200 time= 0.01788
Test results: cost= 1.83287 accuracy= 0.71100 time= 0.00959
Epoch: 0155 train_loss= 1.46286 train_acc= 0.98333 val_loss= 1.85403 val_acc= 0.64600 time= 0.01841
Test results: cost= 1.83298 accuracy= 0.71200 time= 0.00915
Epoch: 0156 train_loss= 1.46255 train_acc= 0.98333 val_loss= 1.85416 val_acc= 0.65000 time= 0.01818
Test results: cost= 1.83306 accuracy= 0.71100 time= 0.00915
Epoch: 0157 train_loss= 1.48958 train_acc= 0.97500 val_loss= 1.85428 val_acc= 0.65200 time= 0.01796
Test results: cost= 1.83316 accuracy= 0.71200 time= 0.00915
Epoch: 0158 train_loss= 1.46558 train_acc= 0.97500 val_loss= 1.85438 val_acc= 0.65000 time= 0.01782
Test results: cost= 1.83322 accuracy= 0.71000 time= 0.00945
Epoch: 0159 train_loss= 1.46634 train_acc= 0.97500 val_loss= 1.85447 val_acc= 0.65000 time= 0.01746
Test results: cost= 1.83330 accuracy= 0.70800 time= 0.00938
Epoch: 0160 train_loss= 1.47587 train_acc= 0.97500 val_loss= 1.85453 val_acc= 0.65600 time= 0.01812
Test results: cost= 1.83335 accuracy= 0.70900 time= 0.00941
Epoch: 0161 train_loss= 1.46069 train_acc= 0.98333 val_loss= 1.85455 val_acc= 0.65600 time= 0.01804
Test results: cost= 1.83338 accuracy= 0.70900 time= 0.00941
Epoch: 0162 train_loss= 1.45722 train_acc= 0.98333 val_loss= 1.85461 val_acc= 0.65600 time= 0.01795
Test results: cost= 1.83346 accuracy= 0.71000 time= 0.00927
Epoch: 0163 train_loss= 1.45937 train_acc= 0.97500 val_loss= 1.85474 val_acc= 0.65800 time= 0.01739
Test results: cost= 1.83360 accuracy= 0.70900 time= 0.00915
Epoch: 0164 train_loss= 1.45866 train_acc= 0.97500 val_loss= 1.85483 val_acc= 0.65600 time= 0.01823
Test results: cost= 1.83366 accuracy= 0.70900 time= 0.00909
Epoch: 0165 train_loss= 1.47815 train_acc= 0.98333 val_loss= 1.85488 val_acc= 0.65600 time= 0.01800
Test results: cost= 1.83369 accuracy= 0.70900 time= 0.00913
Epoch: 0166 train_loss= 1.45912 train_acc= 0.98333 val_loss= 1.85491 val_acc= 0.65400 time= 0.01803
Test results: cost= 1.83373 accuracy= 0.70900 time= 0.00908
Epoch: 0167 train_loss= 1.45222 train_acc= 0.98333 val_loss= 1.85498 val_acc= 0.65400 time= 0.01811
Test results: cost= 1.83379 accuracy= 0.70800 time= 0.00955
Epoch: 0168 train_loss= 1.45585 train_acc= 0.96667 val_loss= 1.85503 val_acc= 0.65200 time= 0.01844
Test results: cost= 1.83386 accuracy= 0.70700 time= 0.00928
Epoch: 0169 train_loss= 1.46548 train_acc= 0.97500 val_loss= 1.85510 val_acc= 0.65200 time= 0.01797
Test results: cost= 1.83396 accuracy= 0.70600 time= 0.00953
Epoch: 0170 train_loss= 1.45409 train_acc= 0.99167 val_loss= 1.85518 val_acc= 0.65400 time= 0.01798
Test results: cost= 1.83406 accuracy= 0.70600 time= 0.00915
Epoch: 0171 train_loss= 1.45793 train_acc= 0.97500 val_loss= 1.85528 val_acc= 0.65400 time= 0.01801
Test results: cost= 1.83417 accuracy= 0.70700 time= 0.00908
Epoch: 0172 train_loss= 1.47199 train_acc= 0.97500 val_loss= 1.85539 val_acc= 0.65400 time= 0.01801
Test results: cost= 1.83430 accuracy= 0.70800 time= 0.00961
Epoch: 0173 train_loss= 1.47277 train_acc= 0.97500 val_loss= 1.85546 val_acc= 0.65400 time= 0.01790
Test results: cost= 1.83441 accuracy= 0.70800 time= 0.00958
Epoch: 0174 train_loss= 1.45979 train_acc= 0.97500 val_loss= 1.85552 val_acc= 0.65600 time= 0.01764
Test results: cost= 1.83450 accuracy= 0.70900 time= 0.00902
Epoch: 0175 train_loss= 1.44870 train_acc= 0.99167 val_loss= 1.85562 val_acc= 0.65600 time= 0.01760
Test results: cost= 1.83459 accuracy= 0.71000 time= 0.00923
Epoch: 0176 train_loss= 1.44591 train_acc= 0.97500 val_loss= 1.85573 val_acc= 0.65600 time= 0.01773
Test results: cost= 1.83467 accuracy= 0.71000 time= 0.00936
Epoch: 0177 train_loss= 1.44961 train_acc= 0.98333 val_loss= 1.85591 val_acc= 0.65800 time= 0.01746
Test results: cost= 1.83479 accuracy= 0.71100 time= 0.00950
Epoch: 0178 train_loss= 1.44956 train_acc= 0.97500 val_loss= 1.85612 val_acc= 0.65600 time= 0.01863
Test results: cost= 1.83497 accuracy= 0.71200 time= 0.00948
Epoch: 0179 train_loss= 1.48117 train_acc= 0.97500 val_loss= 1.85628 val_acc= 0.65800 time= 0.01778
Test results: cost= 1.83510 accuracy= 0.71100 time= 0.00938
Epoch: 0180 train_loss= 1.45113 train_acc= 0.98333 val_loss= 1.85645 val_acc= 0.65600 time= 0.01813
Test results: cost= 1.83525 accuracy= 0.71100 time= 0.00912
Epoch: 0181 train_loss= 1.43444 train_acc= 0.98333 val_loss= 1.85664 val_acc= 0.65800 time= 0.01788
Test results: cost= 1.83542 accuracy= 0.71100 time= 0.00931
Epoch: 0182 train_loss= 1.47900 train_acc= 0.98333 val_loss= 1.85676 val_acc= 0.65600 time= 0.01850
Test results: cost= 1.83552 accuracy= 0.71100 time= 0.00917
Epoch: 0183 train_loss= 1.44754 train_acc= 0.97500 val_loss= 1.85687 val_acc= 0.65600 time= 0.01803
Test results: cost= 1.83565 accuracy= 0.71000 time= 0.00925
Epoch: 0184 train_loss= 1.45635 train_acc= 0.97500 val_loss= 1.85700 val_acc= 0.65800 time= 0.01760
Test results: cost= 1.83577 accuracy= 0.71100 time= 0.00928
Epoch: 0185 train_loss= 1.48255 train_acc= 0.97500 val_loss= 1.85709 val_acc= 0.65800 time= 0.01808
Test results: cost= 1.83589 accuracy= 0.71300 time= 0.00948
Epoch: 0186 train_loss= 1.43857 train_acc= 0.97500 val_loss= 1.85721 val_acc= 0.65600 time= 0.01773
Test results: cost= 1.83604 accuracy= 0.71200 time= 0.00915
Epoch: 0187 train_loss= 1.46355 train_acc= 0.96667 val_loss= 1.85732 val_acc= 0.65400 time= 0.01781
Test results: cost= 1.83618 accuracy= 0.71200 time= 0.00915
Epoch: 0188 train_loss= 1.45832 train_acc= 0.96667 val_loss= 1.85744 val_acc= 0.65400 time= 0.01833
Test results: cost= 1.83630 accuracy= 0.71200 time= 0.00935
Epoch: 0189 train_loss= 1.46514 train_acc= 0.98333 val_loss= 1.85756 val_acc= 0.65400 time= 0.01843
Test results: cost= 1.83642 accuracy= 0.71400 time= 0.00923
Epoch: 0190 train_loss= 1.43719 train_acc= 0.97500 val_loss= 1.85765 val_acc= 0.65600 time= 0.01821
Test results: cost= 1.83650 accuracy= 0.71500 time= 0.00902
Epoch: 0191 train_loss= 1.45894 train_acc= 0.98333 val_loss= 1.85775 val_acc= 0.65600 time= 0.01823
Test results: cost= 1.83658 accuracy= 0.71400 time= 0.00937
Epoch: 0192 train_loss= 1.44857 train_acc= 0.96667 val_loss= 1.85786 val_acc= 0.65600 time= 0.01795
Test results: cost= 1.83667 accuracy= 0.71400 time= 0.00910
Epoch: 0193 train_loss= 1.45882 train_acc= 0.96667 val_loss= 1.85790 val_acc= 0.65600 time= 0.01807
Test results: cost= 1.83670 accuracy= 0.71500 time= 0.00918
Epoch: 0194 train_loss= 1.46140 train_acc= 0.97500 val_loss= 1.85794 val_acc= 0.65800 time= 0.01814
Test results: cost= 1.83671 accuracy= 0.71500 time= 0.00908
Epoch: 0195 train_loss= 1.45051 train_acc= 0.97500 val_loss= 1.85800 val_acc= 0.65800 time= 0.01816
Test results: cost= 1.83675 accuracy= 0.71300 time= 0.00917
Epoch: 0196 train_loss= 1.45687 train_acc= 0.99167 val_loss= 1.85808 val_acc= 0.65800 time= 0.01773
Test results: cost= 1.83680 accuracy= 0.71300 time= 0.00919
Epoch: 0197 train_loss= 1.46526 train_acc= 0.97500 val_loss= 1.85818 val_acc= 0.66400 time= 0.01796
Test results: cost= 1.83685 accuracy= 0.71200 time= 0.00943
Epoch: 0198 train_loss= 1.47407 train_acc= 0.96667 val_loss= 1.85824 val_acc= 0.66400 time= 0.01778
Test results: cost= 1.83686 accuracy= 0.71300 time= 0.00911
Epoch: 0199 train_loss= 1.44827 train_acc= 0.98333 val_loss= 1.85826 val_acc= 0.66400 time= 0.01808
Test results: cost= 1.83682 accuracy= 0.71300 time= 0.00941
Epoch: 0200 train_loss= 1.46148 train_acc= 0.98333 val_loss= 1.85827 val_acc= 0.66400 time= 0.01790
Test results: cost= 1.83678 accuracy= 0.71300 time= 0.00953
Epoch: 0201 train_loss= 1.45014 train_acc= 0.97500 val_loss= 1.85830 val_acc= 0.66400 time= 0.01849
Test results: cost= 1.83677 accuracy= 0.71400 time= 0.00919
Epoch: 0202 train_loss= 1.44625 train_acc= 0.98333 val_loss= 1.85837 val_acc= 0.66400 time= 0.01768
Test results: cost= 1.83679 accuracy= 0.71400 time= 0.00920
Epoch: 0203 train_loss= 1.46692 train_acc= 0.95833 val_loss= 1.85838 val_acc= 0.66400 time= 0.01716
Test results: cost= 1.83676 accuracy= 0.71300 time= 0.00911
Epoch: 0204 train_loss= 1.43532 train_acc= 0.96667 val_loss= 1.85840 val_acc= 0.66400 time= 0.01788
Test results: cost= 1.83674 accuracy= 0.71300 time= 0.00945
Epoch: 0205 train_loss= 1.46185 train_acc= 0.98333 val_loss= 1.85847 val_acc= 0.66400 time= 0.01792
Test results: cost= 1.83674 accuracy= 0.71300 time= 0.00920
Epoch: 0206 train_loss= 1.44190 train_acc= 0.98333 val_loss= 1.85856 val_acc= 0.66400 time= 0.01781
Test results: cost= 1.83680 accuracy= 0.71400 time= 0.00920
Epoch: 0207 train_loss= 1.45057 train_acc= 0.98333 val_loss= 1.85864 val_acc= 0.66000 time= 0.01788
Test results: cost= 1.83685 accuracy= 0.71300 time= 0.00936
Epoch: 0208 train_loss= 1.44643 train_acc= 0.98333 val_loss= 1.85877 val_acc= 0.66000 time= 0.01818
Test results: cost= 1.83694 accuracy= 0.71300 time= 0.00938
Epoch: 0209 train_loss= 1.45169 train_acc= 0.98333 val_loss= 1.85890 val_acc= 0.66000 time= 0.01726
Test results: cost= 1.83703 accuracy= 0.71400 time= 0.00913
Epoch: 0210 train_loss= 1.42209 train_acc= 0.98333 val_loss= 1.85903 val_acc= 0.66000 time= 0.01820
Test results: cost= 1.83711 accuracy= 0.71400 time= 0.00938
Epoch: 0211 train_loss= 1.46314 train_acc= 0.97500 val_loss= 1.85919 val_acc= 0.66200 time= 0.01767
Test results: cost= 1.83719 accuracy= 0.71400 time= 0.00920
Epoch: 0212 train_loss= 1.46689 train_acc= 0.97500 val_loss= 1.85933 val_acc= 0.66000 time= 0.01807
Test results: cost= 1.83725 accuracy= 0.71400 time= 0.00930
Epoch: 0213 train_loss= 1.45816 train_acc= 0.96667 val_loss= 1.85951 val_acc= 0.66000 time= 0.01793
Test results: cost= 1.83735 accuracy= 0.71400 time= 0.00945
Epoch: 0214 train_loss= 1.44947 train_acc= 0.97500 val_loss= 1.85968 val_acc= 0.66200 time= 0.01811
Test results: cost= 1.83741 accuracy= 0.71500 time= 0.00944
Epoch: 0215 train_loss= 1.44989 train_acc= 0.97500 val_loss= 1.85984 val_acc= 0.66000 time= 0.01776
Test results: cost= 1.83747 accuracy= 0.71600 time= 0.00926
Epoch: 0216 train_loss= 1.43853 train_acc= 0.97500 val_loss= 1.85998 val_acc= 0.66000 time= 0.01750
Test results: cost= 1.83753 accuracy= 0.71700 time= 0.00911
Epoch: 0217 train_loss= 1.44911 train_acc= 0.99167 val_loss= 1.86013 val_acc= 0.66200 time= 0.01779
Test results: cost= 1.83759 accuracy= 0.71700 time= 0.00914
Epoch: 0218 train_loss= 1.45055 train_acc= 0.98333 val_loss= 1.86025 val_acc= 0.66200 time= 0.01779
Test results: cost= 1.83764 accuracy= 0.71500 time= 0.00891
Epoch: 0219 train_loss= 1.45387 train_acc= 0.96667 val_loss= 1.86031 val_acc= 0.66200 time= 0.01858
Test results: cost= 1.83762 accuracy= 0.71600 time= 0.00920
Epoch: 0220 train_loss= 1.46231 train_acc= 0.98333 val_loss= 1.86034 val_acc= 0.66000 time= 0.01795
Test results: cost= 1.83756 accuracy= 0.71400 time= 0.00953
Epoch: 0221 train_loss= 1.47015 train_acc= 0.96667 val_loss= 1.86036 val_acc= 0.66000 time= 0.01786
Test results: cost= 1.83752 accuracy= 0.71400 time= 0.00950
Epoch: 0222 train_loss= 1.44385 train_acc= 0.98333 val_loss= 1.86046 val_acc= 0.65800 time= 0.01805
Test results: cost= 1.83752 accuracy= 0.71500 time= 0.00934
Epoch: 0223 train_loss= 1.46795 train_acc= 0.99167 val_loss= 1.86051 val_acc= 0.65800 time= 0.01863
Test results: cost= 1.83749 accuracy= 0.71600 time= 0.00928
Epoch: 0224 train_loss= 1.46002 train_acc= 0.97500 val_loss= 1.86059 val_acc= 0.65800 time= 0.01784
Test results: cost= 1.83747 accuracy= 0.71600 time= 0.00914
Epoch: 0225 train_loss= 1.45554 train_acc= 0.97500 val_loss= 1.86067 val_acc= 0.65800 time= 0.01772
Test results: cost= 1.83746 accuracy= 0.71600 time= 0.00916
Epoch: 0226 train_loss= 1.44957 train_acc= 0.98333 val_loss= 1.86077 val_acc= 0.65800 time= 0.01762
Test results: cost= 1.83749 accuracy= 0.71600 time= 0.00908
Epoch: 0227 train_loss= 1.44730 train_acc= 0.98333 val_loss= 1.86088 val_acc= 0.65600 time= 0.01796
Test results: cost= 1.83752 accuracy= 0.71800 time= 0.00940
Epoch: 0228 train_loss= 1.45921 train_acc= 0.97500 val_loss= 1.86093 val_acc= 0.65600 time= 0.01792
Test results: cost= 1.83752 accuracy= 0.71700 time= 0.00920
Epoch: 0229 train_loss= 1.45529 train_acc= 0.97500 val_loss= 1.86095 val_acc= 0.65800 time= 0.01825
Test results: cost= 1.83749 accuracy= 0.71700 time= 0.00960
Epoch: 0230 train_loss= 1.43545 train_acc= 0.98333 val_loss= 1.86099 val_acc= 0.65800 time= 0.01765
Test results: cost= 1.83749 accuracy= 0.71500 time= 0.00945
Epoch: 0231 train_loss= 1.44812 train_acc= 0.99167 val_loss= 1.86100 val_acc= 0.65600 time= 0.01775
Test results: cost= 1.83746 accuracy= 0.71400 time= 0.00949
Epoch: 0232 train_loss= 1.45855 train_acc= 0.98333 val_loss= 1.86098 val_acc= 0.65600 time= 0.01800
Test results: cost= 1.83741 accuracy= 0.71400 time= 0.00916
Epoch: 0233 train_loss= 1.43318 train_acc= 0.97500 val_loss= 1.86095 val_acc= 0.65600 time= 0.01837
Test results: cost= 1.83736 accuracy= 0.71400 time= 0.00946
Epoch: 0234 train_loss= 1.46170 train_acc= 0.98333 val_loss= 1.86092 val_acc= 0.66000 time= 0.01783
Test results: cost= 1.83730 accuracy= 0.71400 time= 0.00906
Epoch: 0235 train_loss= 1.45664 train_acc= 0.97500 val_loss= 1.86086 val_acc= 0.65800 time= 0.01775
Test results: cost= 1.83722 accuracy= 0.71500 time= 0.00925
Epoch: 0236 train_loss= 1.44026 train_acc= 0.99167 val_loss= 1.86081 val_acc= 0.66200 time= 0.01852
Test results: cost= 1.83714 accuracy= 0.71500 time= 0.00952
Epoch: 0237 train_loss= 1.46452 train_acc= 0.98333 val_loss= 1.86074 val_acc= 0.66200 time= 0.01823
Test results: cost= 1.83703 accuracy= 0.71500 time= 0.00942
Epoch: 0238 train_loss= 1.43210 train_acc= 0.98333 val_loss= 1.86068 val_acc= 0.66200 time= 0.01811
Test results: cost= 1.83692 accuracy= 0.71500 time= 0.00932
Epoch: 0239 train_loss= 1.44532 train_acc= 0.99167 val_loss= 1.86065 val_acc= 0.66000 time= 0.01758
Test results: cost= 1.83681 accuracy= 0.71400 time= 0.00921
Epoch: 0240 train_loss= 1.42988 train_acc= 0.97500 val_loss= 1.86064 val_acc= 0.66000 time= 0.01823
Test results: cost= 1.83673 accuracy= 0.71400 time= 0.00942
Epoch: 0241 train_loss= 1.43545 train_acc= 0.99167 val_loss= 1.86065 val_acc= 0.66000 time= 0.01790
Test results: cost= 1.83666 accuracy= 0.71800 time= 0.00975
Epoch: 0242 train_loss= 1.43752 train_acc= 0.97500 val_loss= 1.86067 val_acc= 0.66200 time= 0.01803
Test results: cost= 1.83659 accuracy= 0.71800 time= 0.00960
Epoch: 0243 train_loss= 1.43391 train_acc= 0.97500 val_loss= 1.86070 val_acc= 0.66400 time= 0.01779
Test results: cost= 1.83653 accuracy= 0.71900 time= 0.00914
Epoch: 0244 train_loss= 1.45032 train_acc= 0.97500 val_loss= 1.86076 val_acc= 0.66400 time= 0.01760
Test results: cost= 1.83653 accuracy= 0.71900 time= 0.00937
Epoch: 0245 train_loss= 1.44578 train_acc= 0.97500 val_loss= 1.86080 val_acc= 0.66400 time= 0.01768
Test results: cost= 1.83652 accuracy= 0.71900 time= 0.00945
Epoch: 0246 train_loss= 1.46083 train_acc= 0.95833 val_loss= 1.86081 val_acc= 0.66400 time= 0.01782
Test results: cost= 1.83650 accuracy= 0.71900 time= 0.00919
Epoch: 0247 train_loss= 1.43934 train_acc= 0.98333 val_loss= 1.86081 val_acc= 0.66400 time= 0.01787
Test results: cost= 1.83648 accuracy= 0.71900 time= 0.00921
Epoch: 0248 train_loss= 1.44559 train_acc= 0.97500 val_loss= 1.86083 val_acc= 0.66600 time= 0.01797
Test results: cost= 1.83645 accuracy= 0.72000 time= 0.00914
Epoch: 0249 train_loss= 1.43919 train_acc= 0.98333 val_loss= 1.86085 val_acc= 0.66600 time= 0.01838
Test results: cost= 1.83643 accuracy= 0.72000 time= 0.00922
Epoch: 0250 train_loss= 1.44758 train_acc= 0.96667 val_loss= 1.86091 val_acc= 0.66600 time= 0.01742
Test results: cost= 1.83644 accuracy= 0.72000 time= 0.00920
Epoch: 0251 train_loss= 1.43977 train_acc= 0.98333 val_loss= 1.86098 val_acc= 0.66800 time= 0.01777
Test results: cost= 1.83645 accuracy= 0.72000 time= 0.00926
Epoch: 0252 train_loss= 1.47705 train_acc= 0.96667 val_loss= 1.86105 val_acc= 0.66600 time= 0.01742
Test results: cost= 1.83648 accuracy= 0.71900 time= 0.00878
Epoch: 0253 train_loss= 1.43938 train_acc= 0.98333 val_loss= 1.86113 val_acc= 0.66600 time= 0.01781
Test results: cost= 1.83654 accuracy= 0.72000 time= 0.00925
Epoch: 0254 train_loss= 1.44882 train_acc= 0.98333 val_loss= 1.86120 val_acc= 0.66600 time= 0.01763
Test results: cost= 1.83657 accuracy= 0.72000 time= 0.00919
Epoch: 0255 train_loss= 1.45179 train_acc= 0.97500 val_loss= 1.86125 val_acc= 0.66600 time= 0.01831
Test results: cost= 1.83657 accuracy= 0.71900 time= 0.00943
Epoch: 0256 train_loss= 1.44567 train_acc= 0.98333 val_loss= 1.86131 val_acc= 0.66800 time= 0.01763
Test results: cost= 1.83658 accuracy= 0.72000 time= 0.00936
Epoch: 0257 train_loss= 1.43110 train_acc= 0.97500 val_loss= 1.86136 val_acc= 0.66800 time= 0.01791
Test results: cost= 1.83659 accuracy= 0.71900 time= 0.00907
Epoch: 0258 train_loss= 1.44069 train_acc= 0.99167 val_loss= 1.86143 val_acc= 0.66400 time= 0.01795
Test results: cost= 1.83658 accuracy= 0.71900 time= 0.00959
Epoch: 0259 train_loss= 1.44474 train_acc= 0.96667 val_loss= 1.86151 val_acc= 0.66400 time= 0.01855
Test results: cost= 1.83657 accuracy= 0.71900 time= 0.00914
Epoch: 0260 train_loss= 1.45366 train_acc= 0.97500 val_loss= 1.86156 val_acc= 0.66400 time= 0.01785
Test results: cost= 1.83657 accuracy= 0.71900 time= 0.00920
Epoch: 0261 train_loss= 1.44747 train_acc= 0.98333 val_loss= 1.86161 val_acc= 0.66600 time= 0.01748
Test results: cost= 1.83657 accuracy= 0.71900 time= 0.00966
Epoch: 0262 train_loss= 1.45725 train_acc= 0.98333 val_loss= 1.86165 val_acc= 0.66600 time= 0.01847
Test results: cost= 1.83655 accuracy= 0.71900 time= 0.00951
Epoch: 0263 train_loss= 1.44157 train_acc= 0.96667 val_loss= 1.86164 val_acc= 0.66600 time= 0.01778
Test results: cost= 1.83650 accuracy= 0.71900 time= 0.00942
Epoch: 0264 train_loss= 1.44493 train_acc= 0.97500 val_loss= 1.86166 val_acc= 0.66400 time= 0.01782
Test results: cost= 1.83648 accuracy= 0.71800 time= 0.00958
Epoch: 0265 train_loss= 1.42851 train_acc= 0.97500 val_loss= 1.86171 val_acc= 0.66400 time= 0.01778
Test results: cost= 1.83650 accuracy= 0.71800 time= 0.00938
Epoch: 0266 train_loss= 1.44122 train_acc= 0.98333 val_loss= 1.86180 val_acc= 0.66800 time= 0.01771
Test results: cost= 1.83653 accuracy= 0.71900 time= 0.00926
Epoch: 0267 train_loss= 1.43295 train_acc= 0.96667 val_loss= 1.86191 val_acc= 0.67000 time= 0.01822
Test results: cost= 1.83661 accuracy= 0.71900 time= 0.00938
Epoch: 0268 train_loss= 1.45691 train_acc= 0.96667 val_loss= 1.86200 val_acc= 0.67200 time= 0.01789
Test results: cost= 1.83669 accuracy= 0.71900 time= 0.00944
Epoch: 0269 train_loss= 1.45563 train_acc= 0.96667 val_loss= 1.86209 val_acc= 0.67200 time= 0.01801
Test results: cost= 1.83675 accuracy= 0.71900 time= 0.00917
Epoch: 0270 train_loss= 1.43681 train_acc= 0.97500 val_loss= 1.86215 val_acc= 0.67400 time= 0.01812
Test results: cost= 1.83679 accuracy= 0.71900 time= 0.00910
Epoch: 0271 train_loss= 1.44568 train_acc= 0.98333 val_loss= 1.86221 val_acc= 0.67400 time= 0.01826
Test results: cost= 1.83682 accuracy= 0.71800 time= 0.00931
Epoch: 0272 train_loss= 1.44780 train_acc= 0.98333 val_loss= 1.86228 val_acc= 0.67400 time= 0.01813
Test results: cost= 1.83687 accuracy= 0.71900 time= 0.00899
Epoch: 0273 train_loss= 1.44465 train_acc= 0.97500 val_loss= 1.86232 val_acc= 0.67200 time= 0.01773
Test results: cost= 1.83689 accuracy= 0.71700 time= 0.00933
Epoch: 0274 train_loss= 1.42844 train_acc= 0.97500 val_loss= 1.86238 val_acc= 0.67200 time= 0.01830
Test results: cost= 1.83692 accuracy= 0.71700 time= 0.00932
Epoch: 0275 train_loss= 1.43080 train_acc= 0.98333 val_loss= 1.86242 val_acc= 0.67000 time= 0.01763
Test results: cost= 1.83692 accuracy= 0.71900 time= 0.00931
Epoch: 0276 train_loss= 1.42911 train_acc= 0.97500 val_loss= 1.86248 val_acc= 0.66800 time= 0.01763
Test results: cost= 1.83693 accuracy= 0.71900 time= 0.00931
Epoch: 0277 train_loss= 1.44635 train_acc= 0.98333 val_loss= 1.86248 val_acc= 0.66800 time= 0.01844
Test results: cost= 1.83691 accuracy= 0.72100 time= 0.00945
Epoch: 0278 train_loss= 1.43140 train_acc= 0.96667 val_loss= 1.86244 val_acc= 0.66400 time= 0.01776
Test results: cost= 1.83688 accuracy= 0.72100 time= 0.00904
Epoch: 0279 train_loss= 1.45969 train_acc= 0.95833 val_loss= 1.86239 val_acc= 0.66200 time= 0.01801
Test results: cost= 1.83683 accuracy= 0.72100 time= 0.00947
Epoch: 0280 train_loss= 1.45141 train_acc= 0.99167 val_loss= 1.86241 val_acc= 0.66200 time= 0.01859
Test results: cost= 1.83685 accuracy= 0.72100 time= 0.00952
Epoch: 0281 train_loss= 1.44371 train_acc= 0.97500 val_loss= 1.86244 val_acc= 0.66200 time= 0.01800
Test results: cost= 1.83686 accuracy= 0.71900 time= 0.00943
Epoch: 0282 train_loss= 1.44911 train_acc= 0.97500 val_loss= 1.86244 val_acc= 0.66200 time= 0.01777
Test results: cost= 1.83688 accuracy= 0.71900 time= 0.00950
Epoch: 0283 train_loss= 1.45756 train_acc= 0.97500 val_loss= 1.86245 val_acc= 0.66400 time= 0.01788
Test results: cost= 1.83691 accuracy= 0.71900 time= 0.00929
Epoch: 0284 train_loss= 1.44441 train_acc= 0.98333 val_loss= 1.86242 val_acc= 0.66200 time= 0.01791
Test results: cost= 1.83690 accuracy= 0.71900 time= 0.00930
Epoch: 0285 train_loss= 1.45667 train_acc= 0.97500 val_loss= 1.86238 val_acc= 0.66200 time= 0.01779
Test results: cost= 1.83687 accuracy= 0.71900 time= 0.00952
Epoch: 0286 train_loss= 1.45917 train_acc= 0.96667 val_loss= 1.86231 val_acc= 0.66400 time= 0.01750
Test results: cost= 1.83682 accuracy= 0.71800 time= 0.00912
Epoch: 0287 train_loss= 1.43323 train_acc= 0.98333 val_loss= 1.86228 val_acc= 0.66400 time= 0.01802
Test results: cost= 1.83680 accuracy= 0.71700 time= 0.00945
Epoch: 0288 train_loss= 1.43846 train_acc= 0.98333 val_loss= 1.86222 val_acc= 0.66400 time= 0.01795
Test results: cost= 1.83676 accuracy= 0.71700 time= 0.00936
Epoch: 0289 train_loss= 1.45047 train_acc= 0.97500 val_loss= 1.86215 val_acc= 0.66400 time= 0.01760
Test results: cost= 1.83670 accuracy= 0.71800 time= 0.00917
Epoch: 0290 train_loss= 1.47931 train_acc= 0.95833 val_loss= 1.86206 val_acc= 0.66200 time= 0.01819
Test results: cost= 1.83663 accuracy= 0.71800 time= 0.00932
Epoch: 0291 train_loss= 1.43999 train_acc= 0.96667 val_loss= 1.86198 val_acc= 0.66600 time= 0.01802
Test results: cost= 1.83658 accuracy= 0.71900 time= 0.00906
Epoch: 0292 train_loss= 1.43837 train_acc= 0.98333 val_loss= 1.86193 val_acc= 0.66600 time= 0.01800
Test results: cost= 1.83655 accuracy= 0.71800 time= 0.00921
Epoch: 0293 train_loss= 1.43619 train_acc= 0.97500 val_loss= 1.86190 val_acc= 0.66800 time= 0.01782
Test results: cost= 1.83655 accuracy= 0.71900 time= 0.00919
Epoch: 0294 train_loss= 1.45048 train_acc= 0.96667 val_loss= 1.86192 val_acc= 0.66800 time= 0.01821
Test results: cost= 1.83659 accuracy= 0.71900 time= 0.00936
Epoch: 0295 train_loss= 1.45103 train_acc= 0.97500 val_loss= 1.86192 val_acc= 0.66800 time= 0.01813
Test results: cost= 1.83660 accuracy= 0.71900 time= 0.00903
Epoch: 0296 train_loss= 1.44667 train_acc= 0.98333 val_loss= 1.86192 val_acc= 0.66800 time= 0.01775
Test results: cost= 1.83661 accuracy= 0.72000 time= 0.00942
Epoch: 0297 train_loss= 1.45780 train_acc= 0.97500 val_loss= 1.86190 val_acc= 0.66800 time= 0.01785
Test results: cost= 1.83658 accuracy= 0.72000 time= 0.00915
Epoch: 0298 train_loss= 1.44711 train_acc= 0.96667 val_loss= 1.86187 val_acc= 0.66800 time= 0.01802
Test results: cost= 1.83652 accuracy= 0.72000 time= 0.00918
Epoch: 0299 train_loss= 1.45459 train_acc= 0.98333 val_loss= 1.86181 val_acc= 0.66800 time= 0.01796
Test results: cost= 1.83644 accuracy= 0.72000 time= 0.00908
Epoch: 0300 train_loss= 1.45746 train_acc= 0.97500 val_loss= 1.86174 val_acc= 0.66800 time= 0.01778
Test results: cost= 1.83636 accuracy= 0.72000 time= 0.00933
Epoch: 0301 train_loss= 1.45373 train_acc= 0.97500 val_loss= 1.86170 val_acc= 0.66600 time= 0.01797
Test results: cost= 1.83631 accuracy= 0.72000 time= 0.00956
Epoch: 0302 train_loss= 1.43411 train_acc= 0.98333 val_loss= 1.86165 val_acc= 0.66400 time= 0.01795
Test results: cost= 1.83625 accuracy= 0.71900 time= 0.00919
Epoch: 0303 train_loss= 1.44268 train_acc= 0.97500 val_loss= 1.86162 val_acc= 0.66400 time= 0.01813
Test results: cost= 1.83618 accuracy= 0.72000 time= 0.00933
Epoch: 0304 train_loss= 1.43587 train_acc= 0.95833 val_loss= 1.86157 val_acc= 0.66200 time= 0.01821
Test results: cost= 1.83611 accuracy= 0.71900 time= 0.00942
Epoch: 0305 train_loss= 1.45311 train_acc= 0.95833 val_loss= 1.86155 val_acc= 0.66400 time= 0.01784
Test results: cost= 1.83608 accuracy= 0.72000 time= 0.00913
Epoch: 0306 train_loss= 1.43321 train_acc= 0.97500 val_loss= 1.86156 val_acc= 0.66400 time= 0.01798
Test results: cost= 1.83608 accuracy= 0.72100 time= 0.00939
Epoch: 0307 train_loss= 1.42720 train_acc= 0.97500 val_loss= 1.86157 val_acc= 0.66400 time= 0.01831
Test results: cost= 1.83611 accuracy= 0.72200 time= 0.00938
Epoch: 0308 train_loss= 1.45296 train_acc= 0.98333 val_loss= 1.86158 val_acc= 0.66600 time= 0.01800
Test results: cost= 1.83614 accuracy= 0.72200 time= 0.00920
Epoch: 0309 train_loss= 1.42570 train_acc= 0.98333 val_loss= 1.86158 val_acc= 0.66600 time= 0.01810
Test results: cost= 1.83617 accuracy= 0.72000 time= 0.00928
Epoch: 0310 train_loss= 1.42758 train_acc= 0.99167 val_loss= 1.86162 val_acc= 0.67000 time= 0.01784
Test results: cost= 1.83622 accuracy= 0.72000 time= 0.00911
Epoch: 0311 train_loss= 1.43447 train_acc= 0.97500 val_loss= 1.86167 val_acc= 0.67000 time= 0.01775
Test results: cost= 1.83630 accuracy= 0.72000 time= 0.00913
Epoch: 0312 train_loss= 1.44174 train_acc= 0.99167 val_loss= 1.86175 val_acc= 0.67000 time= 0.01808
Test results: cost= 1.83639 accuracy= 0.71900 time= 0.00938
Epoch: 0313 train_loss= 1.44161 train_acc= 0.95833 val_loss= 1.86183 val_acc= 0.67000 time= 0.01820
Test results: cost= 1.83648 accuracy= 0.71800 time= 0.00912
Epoch: 0314 train_loss= 1.45024 train_acc= 0.95833 val_loss= 1.86192 val_acc= 0.67000 time= 0.01807
Test results: cost= 1.83656 accuracy= 0.71800 time= 0.00939
Epoch: 0315 train_loss= 1.45697 train_acc= 0.98333 val_loss= 1.86199 val_acc= 0.67000 time= 0.01930
Test results: cost= 1.83662 accuracy= 0.71800 time= 0.00931
Epoch: 0316 train_loss= 1.44939 train_acc= 0.97500 val_loss= 1.86204 val_acc= 0.67000 time= 0.01768
Test results: cost= 1.83664 accuracy= 0.71800 time= 0.00944
Epoch: 0317 train_loss= 1.44930 train_acc= 0.96667 val_loss= 1.86206 val_acc= 0.67000 time= 0.01792
Test results: cost= 1.83666 accuracy= 0.71800 time= 0.00954
Epoch: 0318 train_loss= 1.41696 train_acc= 0.95833 val_loss= 1.86208 val_acc= 0.67000 time= 0.01778
Test results: cost= 1.83665 accuracy= 0.71900 time= 0.00922
Epoch: 0319 train_loss= 1.42648 train_acc= 0.97500 val_loss= 1.86207 val_acc= 0.66800 time= 0.01808
Test results: cost= 1.83665 accuracy= 0.72000 time= 0.00911
Epoch: 0320 train_loss= 1.42503 train_acc= 0.97500 val_loss= 1.86198 val_acc= 0.66800 time= 0.01790
Test results: cost= 1.83659 accuracy= 0.72100 time= 0.00946
Epoch: 0321 train_loss= 1.42895 train_acc= 0.96667 val_loss= 1.86190 val_acc= 0.66600 time= 0.01819
Test results: cost= 1.83654 accuracy= 0.72000 time= 0.00940
Epoch: 0322 train_loss= 1.44865 train_acc= 0.97500 val_loss= 1.86184 val_acc= 0.66400 time= 0.01807
Test results: cost= 1.83650 accuracy= 0.72000 time= 0.00951
Epoch: 0323 train_loss= 1.45390 train_acc= 0.97500 val_loss= 1.86180 val_acc= 0.66600 time= 0.01762
Test results: cost= 1.83647 accuracy= 0.72000 time= 0.00921
Epoch: 0324 train_loss= 1.44590 train_acc= 0.97500 val_loss= 1.86178 val_acc= 0.66600 time= 0.01778
Test results: cost= 1.83646 accuracy= 0.72000 time= 0.00906
Epoch: 0325 train_loss= 1.44189 train_acc= 0.98333 val_loss= 1.86176 val_acc= 0.66200 time= 0.01760
Test results: cost= 1.83646 accuracy= 0.71700 time= 0.00943
Epoch: 0326 train_loss= 1.43062 train_acc= 0.98333 val_loss= 1.86173 val_acc= 0.66200 time= 0.01799
Test results: cost= 1.83643 accuracy= 0.71700 time= 0.00907
Epoch: 0327 train_loss= 1.45074 train_acc= 0.95833 val_loss= 1.86174 val_acc= 0.66200 time= 0.01769
Test results: cost= 1.83643 accuracy= 0.71700 time= 0.00924
Epoch: 0328 train_loss= 1.44455 train_acc= 0.97500 val_loss= 1.86172 val_acc= 0.66400 time= 0.01841
Test results: cost= 1.83639 accuracy= 0.72000 time= 0.00964
Epoch: 0329 train_loss= 1.45195 train_acc= 0.97500 val_loss= 1.86169 val_acc= 0.66400 time= 0.01786
Test results: cost= 1.83633 accuracy= 0.72100 time= 0.00932
Epoch: 0330 train_loss= 1.42554 train_acc= 0.98333 val_loss= 1.86169 val_acc= 0.66400 time= 0.01818
Test results: cost= 1.83628 accuracy= 0.72100 time= 0.00924
Epoch: 0331 train_loss= 1.43545 train_acc= 0.98333 val_loss= 1.86167 val_acc= 0.66200 time= 0.01749
Test results: cost= 1.83624 accuracy= 0.71900 time= 0.00951
Epoch: 0332 train_loss= 1.42089 train_acc= 0.98333 val_loss= 1.86168 val_acc= 0.66200 time= 0.01811
Test results: cost= 1.83620 accuracy= 0.71900 time= 0.00911
Epoch: 0333 train_loss= 1.45028 train_acc= 0.96667 val_loss= 1.86167 val_acc= 0.66000 time= 0.01796
Test results: cost= 1.83613 accuracy= 0.71900 time= 0.00958
Epoch: 0334 train_loss= 1.44155 train_acc= 0.96667 val_loss= 1.86161 val_acc= 0.66200 time= 0.01769
Test results: cost= 1.83604 accuracy= 0.71900 time= 0.00908
Epoch: 0335 train_loss= 1.44122 train_acc= 0.96667 val_loss= 1.86154 val_acc= 0.66200 time= 0.01839
Test results: cost= 1.83593 accuracy= 0.71900 time= 0.00940
Epoch: 0336 train_loss= 1.46330 train_acc= 0.97500 val_loss= 1.86138 val_acc= 0.66200 time= 0.01790
Test results: cost= 1.83575 accuracy= 0.72000 time= 0.00940
Epoch: 0337 train_loss= 1.44058 train_acc= 0.97500 val_loss= 1.86120 val_acc= 0.66200 time= 0.01795
Test results: cost= 1.83553 accuracy= 0.72000 time= 0.00938
Epoch: 0338 train_loss= 1.42863 train_acc= 0.96667 val_loss= 1.86104 val_acc= 0.66200 time= 0.01812
Test results: cost= 1.83534 accuracy= 0.72100 time= 0.00917
Epoch: 0339 train_loss= 1.43956 train_acc= 0.98333 val_loss= 1.86090 val_acc= 0.66000 time= 0.01784
Test results: cost= 1.83516 accuracy= 0.72000 time= 0.00939
Epoch: 0340 train_loss= 1.42744 train_acc= 0.98333 val_loss= 1.86079 val_acc= 0.66000 time= 0.01812
Test results: cost= 1.83500 accuracy= 0.72000 time= 0.00952
Epoch: 0341 train_loss= 1.42223 train_acc= 0.95833 val_loss= 1.86066 val_acc= 0.66000 time= 0.01825
Test results: cost= 1.83484 accuracy= 0.72000 time= 0.00944
Epoch: 0342 train_loss= 1.45163 train_acc= 0.97500 val_loss= 1.86055 val_acc= 0.66200 time= 0.01797
Test results: cost= 1.83467 accuracy= 0.72200 time= 0.00937
Epoch: 0343 train_loss= 1.43640 train_acc= 0.97500 val_loss= 1.86044 val_acc= 0.66200 time= 0.01799
Test results: cost= 1.83449 accuracy= 0.72200 time= 0.00920
Epoch: 0344 train_loss= 1.42469 train_acc= 0.97500 val_loss= 1.86039 val_acc= 0.66200 time= 0.01815
Test results: cost= 1.83437 accuracy= 0.72200 time= 0.00926
Epoch: 0345 train_loss= 1.45650 train_acc= 0.95833 val_loss= 1.86033 val_acc= 0.66200 time= 0.01742
Test results: cost= 1.83423 accuracy= 0.72200 time= 0.00949
Epoch: 0346 train_loss= 1.44529 train_acc= 0.96667 val_loss= 1.86030 val_acc= 0.66200 time= 0.01783
Test results: cost= 1.83414 accuracy= 0.72200 time= 0.00925
Epoch: 0347 train_loss= 1.40371 train_acc= 0.97500 val_loss= 1.86028 val_acc= 0.66400 time= 0.01843
Test results: cost= 1.83406 accuracy= 0.72200 time= 0.00917
Epoch: 0348 train_loss= 1.46206 train_acc= 1.00000 val_loss= 1.86025 val_acc= 0.66800 time= 0.01823
Test results: cost= 1.83395 accuracy= 0.72500 time= 0.00950
Epoch: 0349 train_loss= 1.45153 train_acc= 0.96667 val_loss= 1.86021 val_acc= 0.67000 time= 0.01787
Test results: cost= 1.83383 accuracy= 0.72500 time= 0.00958
Epoch: 0350 train_loss= 1.43596 train_acc= 0.98333 val_loss= 1.86023 val_acc= 0.67200 time= 0.01751
Test results: cost= 1.83377 accuracy= 0.72500 time= 0.00916
Epoch: 0351 train_loss= 1.44723 train_acc= 0.96667 val_loss= 1.86023 val_acc= 0.67200 time= 0.01810
Test results: cost= 1.83369 accuracy= 0.72500 time= 0.00944
Epoch: 0352 train_loss= 1.42615 train_acc= 0.97500 val_loss= 1.86018 val_acc= 0.67600 time= 0.01767
Test results: cost= 1.83361 accuracy= 0.72500 time= 0.00902
Epoch: 0353 train_loss= 1.42186 train_acc= 0.97500 val_loss= 1.86018 val_acc= 0.67800 time= 0.01811
Test results: cost= 1.83356 accuracy= 0.72600 time= 0.00948
Epoch: 0354 train_loss= 1.44390 train_acc= 0.97500 val_loss= 1.86013 val_acc= 0.67800 time= 0.01790
Test results: cost= 1.83349 accuracy= 0.72500 time= 0.00917
Epoch: 0355 train_loss= 1.44714 train_acc= 0.98333 val_loss= 1.86008 val_acc= 0.67600 time= 0.01778
Test results: cost= 1.83341 accuracy= 0.72600 time= 0.00938
Epoch: 0356 train_loss= 1.42728 train_acc= 0.97500 val_loss= 1.85998 val_acc= 0.67600 time= 0.01761
Test results: cost= 1.83328 accuracy= 0.72500 time= 0.00910
Epoch: 0357 train_loss= 1.43048 train_acc= 0.95833 val_loss= 1.85991 val_acc= 0.67200 time= 0.01820
Test results: cost= 1.83319 accuracy= 0.72500 time= 0.00912
Epoch: 0358 train_loss= 1.41304 train_acc= 0.97500 val_loss= 1.85986 val_acc= 0.67200 time= 0.01805
Test results: cost= 1.83312 accuracy= 0.72500 time= 0.00952
Epoch: 0359 train_loss= 1.44922 train_acc= 0.95833 val_loss= 1.85981 val_acc= 0.67200 time= 0.01902
Test results: cost= 1.83307 accuracy= 0.72500 time= 0.00952
Epoch: 0360 train_loss= 1.43087 train_acc= 0.95000 val_loss= 1.85973 val_acc= 0.67200 time= 0.01789
Test results: cost= 1.83299 accuracy= 0.72400 time= 0.00903
Epoch: 0361 train_loss= 1.45652 train_acc= 0.95833 val_loss= 1.85971 val_acc= 0.67200 time= 0.01758
Test results: cost= 1.83296 accuracy= 0.72400 time= 0.00928
Epoch: 0362 train_loss= 1.46418 train_acc= 0.96667 val_loss= 1.85973 val_acc= 0.67400 time= 0.01811
Test results: cost= 1.83297 accuracy= 0.72400 time= 0.00913
Epoch: 0363 train_loss= 1.41887 train_acc= 0.97500 val_loss= 1.85975 val_acc= 0.67400 time= 0.01818
Test results: cost= 1.83299 accuracy= 0.72400 time= 0.00951
Epoch: 0364 train_loss= 1.43054 train_acc= 0.97500 val_loss= 1.85981 val_acc= 0.67400 time= 0.01773
Test results: cost= 1.83303 accuracy= 0.72400 time= 0.00918
Epoch: 0365 train_loss= 1.43181 train_acc= 0.96667 val_loss= 1.85992 val_acc= 0.67000 time= 0.01820
Test results: cost= 1.83312 accuracy= 0.72400 time= 0.00931
Epoch: 0366 train_loss= 1.42750 train_acc= 0.98333 val_loss= 1.86000 val_acc= 0.67200 time= 0.01776
Test results: cost= 1.83317 accuracy= 0.72500 time= 0.00933
Epoch: 0367 train_loss= 1.43059 train_acc= 0.96667 val_loss= 1.86007 val_acc= 0.67200 time= 0.01799
Test results: cost= 1.83325 accuracy= 0.72400 time= 0.00942
Epoch: 0368 train_loss= 1.38827 train_acc= 0.97500 val_loss= 1.86016 val_acc= 0.67000 time= 0.01796
Test results: cost= 1.83334 accuracy= 0.72400 time= 0.00916
Epoch: 0369 train_loss= 1.46243 train_acc= 0.94167 val_loss= 1.86022 val_acc= 0.67200 time= 0.01749
Test results: cost= 1.83340 accuracy= 0.72300 time= 0.00928
Epoch: 0370 train_loss= 1.44056 train_acc= 0.96667 val_loss= 1.86032 val_acc= 0.67200 time= 0.01787
Test results: cost= 1.83349 accuracy= 0.72300 time= 0.00917
Epoch: 0371 train_loss= 1.44771 train_acc= 0.95833 val_loss= 1.86035 val_acc= 0.67200 time= 0.01789
Test results: cost= 1.83354 accuracy= 0.72300 time= 0.00898
Epoch: 0372 train_loss= 1.43479 train_acc= 0.98333 val_loss= 1.86034 val_acc= 0.67200 time= 0.01813
Test results: cost= 1.83356 accuracy= 0.72300 time= 0.00920
Epoch: 0373 train_loss= 1.45188 train_acc= 0.95833 val_loss= 1.86033 val_acc= 0.67200 time= 0.01777
Test results: cost= 1.83358 accuracy= 0.72400 time= 0.00917
Epoch: 0374 train_loss= 1.41252 train_acc= 0.96667 val_loss= 1.86028 val_acc= 0.67200 time= 0.01770
Test results: cost= 1.83354 accuracy= 0.72400 time= 0.00921
Epoch: 0375 train_loss= 1.43046 train_acc= 0.97500 val_loss= 1.86024 val_acc= 0.67200 time= 0.01814
Test results: cost= 1.83348 accuracy= 0.72400 time= 0.00940
Epoch: 0376 train_loss= 1.44222 train_acc= 0.98333 val_loss= 1.86025 val_acc= 0.67200 time= 0.01778
Test results: cost= 1.83346 accuracy= 0.72400 time= 0.00940
Epoch: 0377 train_loss= 1.45284 train_acc= 0.98333 val_loss= 1.86025 val_acc= 0.67200 time= 0.01800
Test results: cost= 1.83342 accuracy= 0.72500 time= 0.00934
Epoch: 0378 train_loss= 1.43172 train_acc= 0.98333 val_loss= 1.86028 val_acc= 0.67200 time= 0.01813
Test results: cost= 1.83340 accuracy= 0.72500 time= 0.00943
Epoch: 0379 train_loss= 1.44504 train_acc= 0.97500 val_loss= 1.86028 val_acc= 0.67200 time= 0.01809
Test results: cost= 1.83339 accuracy= 0.72500 time= 0.00943
Epoch: 0380 train_loss= 1.44723 train_acc= 0.98333 val_loss= 1.86027 val_acc= 0.67200 time= 0.01842
Test results: cost= 1.83335 accuracy= 0.72500 time= 0.00924
Epoch: 0381 train_loss= 1.41882 train_acc= 0.96667 val_loss= 1.86027 val_acc= 0.67200 time= 0.01811
Test results: cost= 1.83333 accuracy= 0.72500 time= 0.00923
Epoch: 0382 train_loss= 1.44575 train_acc= 0.98333 val_loss= 1.86021 val_acc= 0.67200 time= 0.01845
Test results: cost= 1.83324 accuracy= 0.72500 time= 0.00913
Epoch: 0383 train_loss= 1.45128 train_acc= 0.95833 val_loss= 1.86019 val_acc= 0.67200 time= 0.01804
Test results: cost= 1.83318 accuracy= 0.72500 time= 0.00945
Epoch: 0384 train_loss= 1.45845 train_acc= 0.96667 val_loss= 1.86015 val_acc= 0.67200 time= 0.01806
Test results: cost= 1.83313 accuracy= 0.72500 time= 0.00940
Epoch: 0385 train_loss= 1.42368 train_acc= 0.98333 val_loss= 1.86011 val_acc= 0.67200 time= 0.01756
Test results: cost= 1.83308 accuracy= 0.72500 time= 0.00959
Epoch: 0386 train_loss= 1.43026 train_acc= 0.97500 val_loss= 1.86014 val_acc= 0.67000 time= 0.01817
Test results: cost= 1.83310 accuracy= 0.72500 time= 0.00917
Epoch: 0387 train_loss= 1.42926 train_acc= 0.96667 val_loss= 1.86015 val_acc= 0.67000 time= 0.01782
Test results: cost= 1.83311 accuracy= 0.72500 time= 0.00912
Epoch: 0388 train_loss= 1.43190 train_acc= 0.96667 val_loss= 1.86016 val_acc= 0.66800 time= 0.01819
Test results: cost= 1.83312 accuracy= 0.72400 time= 0.00918
Epoch: 0389 train_loss= 1.42319 train_acc= 0.97500 val_loss= 1.86017 val_acc= 0.66800 time= 0.01825
Test results: cost= 1.83313 accuracy= 0.72400 time= 0.00948
Epoch: 0390 train_loss= 1.44560 train_acc= 0.98333 val_loss= 1.86020 val_acc= 0.66800 time= 0.01846
Test results: cost= 1.83317 accuracy= 0.72400 time= 0.00937
Epoch: 0391 train_loss= 1.44018 train_acc= 0.97500 val_loss= 1.86023 val_acc= 0.66800 time= 0.01777
Test results: cost= 1.83322 accuracy= 0.72400 time= 0.00912
Epoch: 0392 train_loss= 1.45671 train_acc= 0.96667 val_loss= 1.86024 val_acc= 0.66400 time= 0.01833
Test results: cost= 1.83325 accuracy= 0.72400 time= 0.00939
Epoch: 0393 train_loss= 1.42900 train_acc= 0.97500 val_loss= 1.86026 val_acc= 0.66400 time= 0.01805
Test results: cost= 1.83328 accuracy= 0.72400 time= 0.00932
Epoch: 0394 train_loss= 1.42102 train_acc= 0.98333 val_loss= 1.86032 val_acc= 0.66400 time= 0.01808
Test results: cost= 1.83332 accuracy= 0.72400 time= 0.00930
Epoch: 0395 train_loss= 1.43337 train_acc= 0.98333 val_loss= 1.86033 val_acc= 0.66400 time= 0.01793
Test results: cost= 1.83335 accuracy= 0.72400 time= 0.00948
Epoch: 0396 train_loss= 1.43873 train_acc= 0.96667 val_loss= 1.86032 val_acc= 0.66400 time= 0.01764
Test results: cost= 1.83335 accuracy= 0.72400 time= 0.00918
Epoch: 0397 train_loss= 1.44064 train_acc= 0.95833 val_loss= 1.86030 val_acc= 0.66400 time= 0.01785
Test results: cost= 1.83335 accuracy= 0.72400 time= 0.00918
Epoch: 0398 train_loss= 1.44332 train_acc= 0.97500 val_loss= 1.86034 val_acc= 0.66600 time= 0.01786
Test results: cost= 1.83339 accuracy= 0.72400 time= 0.00910
Epoch: 0399 train_loss= 1.42364 train_acc= 0.96667 val_loss= 1.86034 val_acc= 0.66600 time= 0.01793
Test results: cost= 1.83338 accuracy= 0.72300 time= 0.00889
Epoch: 0400 train_loss= 1.41676 train_acc= 0.96667 val_loss= 1.86035 val_acc= 0.66600 time= 0.01815
Test results: cost= 1.83338 accuracy= 0.72200 time= 0.00932
Epoch: 0401 train_loss= 1.43290 train_acc= 0.98333 val_loss= 1.86040 val_acc= 0.66600 time= 0.01783
Test results: cost= 1.83339 accuracy= 0.72200 time= 0.00916
Epoch: 0402 train_loss= 1.45968 train_acc= 0.98333 val_loss= 1.86044 val_acc= 0.66600 time= 0.01852
Test results: cost= 1.83341 accuracy= 0.72200 time= 0.00897
Epoch: 0403 train_loss= 1.43306 train_acc= 0.99167 val_loss= 1.86053 val_acc= 0.66600 time= 0.01818
Test results: cost= 1.83344 accuracy= 0.72300 time= 0.00951
Epoch: 0404 train_loss= 1.43852 train_acc= 0.98333 val_loss= 1.86064 val_acc= 0.66600 time= 0.01799
Test results: cost= 1.83351 accuracy= 0.72300 time= 0.00910
Epoch: 0405 train_loss= 1.45595 train_acc= 0.97500 val_loss= 1.86072 val_acc= 0.66800 time= 0.01774
Test results: cost= 1.83355 accuracy= 0.72300 time= 0.00951
Epoch: 0406 train_loss= 1.43356 train_acc= 0.97500 val_loss= 1.86072 val_acc= 0.66800 time= 0.01791
Test results: cost= 1.83352 accuracy= 0.72300 time= 0.00953
Epoch: 0407 train_loss= 1.43409 train_acc= 0.97500 val_loss= 1.86071 val_acc= 0.66600 time= 0.01819
Test results: cost= 1.83348 accuracy= 0.72200 time= 0.00916
Epoch: 0408 train_loss= 1.43138 train_acc= 0.98333 val_loss= 1.86070 val_acc= 0.66400 time= 0.01801
Test results: cost= 1.83342 accuracy= 0.72200 time= 0.00925
Epoch: 0409 train_loss= 1.41931 train_acc= 0.96667 val_loss= 1.86070 val_acc= 0.66600 time= 0.01779
Test results: cost= 1.83338 accuracy= 0.72400 time= 0.00953
Epoch: 0410 train_loss= 1.45248 train_acc= 0.95833 val_loss= 1.86069 val_acc= 0.66600 time= 0.01800
Test results: cost= 1.83335 accuracy= 0.72200 time= 0.00909
Epoch: 0411 train_loss= 1.43732 train_acc= 0.97500 val_loss= 1.86067 val_acc= 0.66600 time= 0.01820
Test results: cost= 1.83331 accuracy= 0.72200 time= 0.00931
Epoch: 0412 train_loss= 1.43984 train_acc= 0.95833 val_loss= 1.86064 val_acc= 0.66600 time= 0.01781
Test results: cost= 1.83324 accuracy= 0.72200 time= 0.00910
Epoch: 0413 train_loss= 1.42567 train_acc= 0.96667 val_loss= 1.86060 val_acc= 0.66600 time= 0.01800
Test results: cost= 1.83317 accuracy= 0.72200 time= 0.00935
Epoch: 0414 train_loss= 1.44285 train_acc= 0.96667 val_loss= 1.86057 val_acc= 0.66600 time= 0.01835
Test results: cost= 1.83310 accuracy= 0.72100 time= 0.00949
Epoch: 0415 train_loss= 1.43892 train_acc= 0.97500 val_loss= 1.86061 val_acc= 0.66600 time= 0.01789
Test results: cost= 1.83310 accuracy= 0.72100 time= 0.00924
Epoch: 0416 train_loss= 1.41615 train_acc= 0.96667 val_loss= 1.86061 val_acc= 0.67200 time= 0.01813
Test results: cost= 1.83306 accuracy= 0.72100 time= 0.00954
Epoch: 0417 train_loss= 1.44863 train_acc= 0.96667 val_loss= 1.86061 val_acc= 0.67000 time= 0.01794
Test results: cost= 1.83302 accuracy= 0.72200 time= 0.00903
Epoch: 0418 train_loss= 1.43183 train_acc= 0.98333 val_loss= 1.86067 val_acc= 0.67000 time= 0.01831
Test results: cost= 1.83307 accuracy= 0.72200 time= 0.00926
Epoch: 0419 train_loss= 1.44739 train_acc= 0.96667 val_loss= 1.86070 val_acc= 0.67000 time= 0.01791
Test results: cost= 1.83310 accuracy= 0.72200 time= 0.00967
Epoch: 0420 train_loss= 1.43229 train_acc= 0.97500 val_loss= 1.86069 val_acc= 0.67000 time= 0.01805
Test results: cost= 1.83311 accuracy= 0.72200 time= 0.00930
Epoch: 0421 train_loss= 1.41421 train_acc= 0.98333 val_loss= 1.86069 val_acc= 0.67000 time= 0.01790
Test results: cost= 1.83314 accuracy= 0.72100 time= 0.00932
Epoch: 0422 train_loss= 1.43095 train_acc= 0.96667 val_loss= 1.86071 val_acc= 0.67000 time= 0.01782
Test results: cost= 1.83320 accuracy= 0.72200 time= 0.00900
Epoch: 0423 train_loss= 1.42918 train_acc= 0.98333 val_loss= 1.86068 val_acc= 0.67200 time= 0.01797
Test results: cost= 1.83321 accuracy= 0.72100 time= 0.00912
Epoch: 0424 train_loss= 1.44592 train_acc= 0.99167 val_loss= 1.86060 val_acc= 0.67200 time= 0.01832
Test results: cost= 1.83315 accuracy= 0.72200 time= 0.00918
Epoch: 0425 train_loss= 1.41297 train_acc= 0.98333 val_loss= 1.86052 val_acc= 0.67200 time= 0.01805
Test results: cost= 1.83310 accuracy= 0.72100 time= 0.00935
Epoch: 0426 train_loss= 1.41553 train_acc= 0.96667 val_loss= 1.86048 val_acc= 0.67400 time= 0.01776
Test results: cost= 1.83307 accuracy= 0.72100 time= 0.00918
Epoch: 0427 train_loss= 1.42795 train_acc= 0.96667 val_loss= 1.86043 val_acc= 0.67400 time= 0.01792
Test results: cost= 1.83304 accuracy= 0.72100 time= 0.00954
Epoch: 0428 train_loss= 1.44880 train_acc= 0.97500 val_loss= 1.86039 val_acc= 0.67400 time= 0.01792
Test results: cost= 1.83302 accuracy= 0.72000 time= 0.00904
Epoch: 0429 train_loss= 1.45755 train_acc= 0.97500 val_loss= 1.86032 val_acc= 0.67400 time= 0.01788
Test results: cost= 1.83298 accuracy= 0.72000 time= 0.00937
Epoch: 0430 train_loss= 1.42175 train_acc= 0.97500 val_loss= 1.86023 val_acc= 0.67400 time= 0.01819
Test results: cost= 1.83292 accuracy= 0.71900 time= 0.00911
Epoch: 0431 train_loss= 1.43842 train_acc= 0.95000 val_loss= 1.86013 val_acc= 0.67400 time= 0.01791
Test results: cost= 1.83285 accuracy= 0.72000 time= 0.00936
Epoch: 0432 train_loss= 1.42108 train_acc= 0.95833 val_loss= 1.86001 val_acc= 0.67400 time= 0.01791
Test results: cost= 1.83277 accuracy= 0.72000 time= 0.00905
Epoch: 0433 train_loss= 1.43282 train_acc= 0.97500 val_loss= 1.85991 val_acc= 0.67600 time= 0.01811
Test results: cost= 1.83268 accuracy= 0.72000 time= 0.00926
Epoch: 0434 train_loss= 1.42250 train_acc= 0.97500 val_loss= 1.85983 val_acc= 0.67800 time= 0.01841
Test results: cost= 1.83264 accuracy= 0.72000 time= 0.00940
Epoch: 0435 train_loss= 1.44365 train_acc= 0.95000 val_loss= 1.85971 val_acc= 0.67800 time= 0.01806
Test results: cost= 1.83256 accuracy= 0.72000 time= 0.00907
Epoch: 0436 train_loss= 1.42388 train_acc= 0.97500 val_loss= 1.85962 val_acc= 0.67800 time= 0.01778
Test results: cost= 1.83250 accuracy= 0.72000 time= 0.00942
Epoch: 0437 train_loss= 1.42081 train_acc= 0.97500 val_loss= 1.85959 val_acc= 0.67800 time= 0.01768
Test results: cost= 1.83249 accuracy= 0.72100 time= 0.00931
Epoch: 0438 train_loss= 1.44777 train_acc= 0.95833 val_loss= 1.85956 val_acc= 0.67800 time= 0.01820
Test results: cost= 1.83248 accuracy= 0.72100 time= 0.00924
Epoch: 0439 train_loss= 1.43965 train_acc= 0.97500 val_loss= 1.85950 val_acc= 0.67800 time= 0.01763
Test results: cost= 1.83247 accuracy= 0.72200 time= 0.00924
Epoch: 0440 train_loss= 1.44476 train_acc= 0.95833 val_loss= 1.85941 val_acc= 0.67800 time= 0.01825
Test results: cost= 1.83243 accuracy= 0.72200 time= 0.00942
Epoch: 0441 train_loss= 1.43072 train_acc= 0.95833 val_loss= 1.85937 val_acc= 0.67600 time= 0.01743
Test results: cost= 1.83239 accuracy= 0.72100 time= 0.00913
Epoch: 0442 train_loss= 1.42863 train_acc= 0.95833 val_loss= 1.85928 val_acc= 0.67400 time= 0.01795
Test results: cost= 1.83232 accuracy= 0.72000 time= 0.00936
Epoch: 0443 train_loss= 1.43070 train_acc= 0.97500 val_loss= 1.85922 val_acc= 0.67400 time= 0.01778
Test results: cost= 1.83226 accuracy= 0.72000 time= 0.00944
Epoch: 0444 train_loss= 1.41195 train_acc= 0.98333 val_loss= 1.85917 val_acc= 0.67400 time= 0.01774
Test results: cost= 1.83221 accuracy= 0.72000 time= 0.00928
Epoch: 0445 train_loss= 1.44843 train_acc= 0.95833 val_loss= 1.85910 val_acc= 0.67200 time= 0.01815
Test results: cost= 1.83213 accuracy= 0.72000 time= 0.00941
Epoch: 0446 train_loss= 1.44426 train_acc= 0.97500 val_loss= 1.85911 val_acc= 0.67400 time= 0.01830
Test results: cost= 1.83212 accuracy= 0.72000 time= 0.00911
Epoch: 0447 train_loss= 1.40920 train_acc= 0.97500 val_loss= 1.85914 val_acc= 0.67400 time= 0.01855
Test results: cost= 1.83212 accuracy= 0.72000 time= 0.00939
Epoch: 0448 train_loss= 1.43049 train_acc= 0.95000 val_loss= 1.85916 val_acc= 0.67400 time= 0.01785
Test results: cost= 1.83214 accuracy= 0.72000 time= 0.00911
Epoch: 0449 train_loss= 1.42745 train_acc= 0.96667 val_loss= 1.85920 val_acc= 0.67400 time= 0.01759
Test results: cost= 1.83218 accuracy= 0.72000 time= 0.00919
Epoch: 0450 train_loss= 1.42999 train_acc= 0.97500 val_loss= 1.85920 val_acc= 0.67000 time= 0.01797
Test results: cost= 1.83219 accuracy= 0.72000 time= 0.00907
Epoch: 0451 train_loss= 1.43126 train_acc= 0.96667 val_loss= 1.85919 val_acc= 0.67000 time= 0.01783
Test results: cost= 1.83219 accuracy= 0.71900 time= 0.00931
Epoch: 0452 train_loss= 1.44027 train_acc= 0.97500 val_loss= 1.85916 val_acc= 0.67000 time= 0.01774
Test results: cost= 1.83215 accuracy= 0.71900 time= 0.00954
Epoch: 0453 train_loss= 1.43275 train_acc= 0.97500 val_loss= 1.85913 val_acc= 0.67000 time= 0.01787
Test results: cost= 1.83211 accuracy= 0.72000 time= 0.00918
Epoch: 0454 train_loss= 1.42372 train_acc= 0.95833 val_loss= 1.85912 val_acc= 0.67400 time= 0.01751
Test results: cost= 1.83207 accuracy= 0.72000 time= 0.00946
Epoch: 0455 train_loss= 1.43271 train_acc= 0.96667 val_loss= 1.85913 val_acc= 0.67400 time= 0.01802
Test results: cost= 1.83206 accuracy= 0.71800 time= 0.00972
Epoch: 0456 train_loss= 1.45756 train_acc= 0.95000 val_loss= 1.85917 val_acc= 0.67200 time= 0.01777
Test results: cost= 1.83210 accuracy= 0.71800 time= 0.00924
Epoch: 0457 train_loss= 1.41654 train_acc= 0.96667 val_loss= 1.85923 val_acc= 0.67000 time= 0.01802
Test results: cost= 1.83215 accuracy= 0.71700 time= 0.00912
Epoch: 0458 train_loss= 1.43482 train_acc= 0.97500 val_loss= 1.85929 val_acc= 0.67000 time= 0.01776
Test results: cost= 1.83221 accuracy= 0.71700 time= 0.00917
Epoch: 0459 train_loss= 1.44578 train_acc= 0.96667 val_loss= 1.85936 val_acc= 0.66800 time= 0.01832
Test results: cost= 1.83225 accuracy= 0.71700 time= 0.00937
Epoch: 0460 train_loss= 1.42948 train_acc= 0.96667 val_loss= 1.85944 val_acc= 0.66600 time= 0.01772
Test results: cost= 1.83231 accuracy= 0.71700 time= 0.00918
Epoch: 0461 train_loss= 1.43753 train_acc= 0.96667 val_loss= 1.85952 val_acc= 0.66600 time= 0.01792
Test results: cost= 1.83237 accuracy= 0.71700 time= 0.00929
Epoch: 0462 train_loss= 1.43454 train_acc= 0.98333 val_loss= 1.85960 val_acc= 0.66600 time= 0.01832
Test results: cost= 1.83245 accuracy= 0.71700 time= 0.00942
Epoch: 0463 train_loss= 1.43416 train_acc= 0.96667 val_loss= 1.85967 val_acc= 0.66600 time= 0.01839
Test results: cost= 1.83251 accuracy= 0.71800 time= 0.00890
Epoch: 0464 train_loss= 1.41589 train_acc= 0.96667 val_loss= 1.85974 val_acc= 0.66400 time= 0.01783
Test results: cost= 1.83258 accuracy= 0.71800 time= 0.00945
Epoch: 0465 train_loss= 1.42832 train_acc= 0.96667 val_loss= 1.85981 val_acc= 0.66400 time= 0.01784
Test results: cost= 1.83265 accuracy= 0.71700 time= 0.00921
Epoch: 0466 train_loss= 1.43453 train_acc= 0.95833 val_loss= 1.85984 val_acc= 0.66600 time= 0.01865
Test results: cost= 1.83268 accuracy= 0.71600 time= 0.00915
Epoch: 0467 train_loss= 1.46905 train_acc= 0.96667 val_loss= 1.85982 val_acc= 0.66800 time= 0.01861
Test results: cost= 1.83267 accuracy= 0.71600 time= 0.00943
Epoch: 0468 train_loss= 1.43293 train_acc= 0.98333 val_loss= 1.85977 val_acc= 0.67000 time= 0.01820
Test results: cost= 1.83264 accuracy= 0.71800 time= 0.00937
Epoch: 0469 train_loss= 1.44054 train_acc= 0.99167 val_loss= 1.85968 val_acc= 0.67000 time= 0.01789
Test results: cost= 1.83259 accuracy= 0.71900 time= 0.00908
Epoch: 0470 train_loss= 1.43350 train_acc= 0.96667 val_loss= 1.85958 val_acc= 0.67000 time= 0.01765
Test results: cost= 1.83253 accuracy= 0.71900 time= 0.00921
Epoch: 0471 train_loss= 1.41425 train_acc= 0.97500 val_loss= 1.85946 val_acc= 0.67200 time= 0.01788
Test results: cost= 1.83247 accuracy= 0.72000 time= 0.00913
Epoch: 0472 train_loss= 1.41257 train_acc= 0.97500 val_loss= 1.85938 val_acc= 0.67200 time= 0.01828
Test results: cost= 1.83243 accuracy= 0.72100 time= 0.00920
Epoch: 0473 train_loss= 1.42753 train_acc= 0.96667 val_loss= 1.85925 val_acc= 0.67400 time= 0.01796
Test results: cost= 1.83235 accuracy= 0.72000 time= 0.00958
Epoch: 0474 train_loss= 1.45828 train_acc= 0.96667 val_loss= 1.85913 val_acc= 0.67400 time= 0.01763
Test results: cost= 1.83228 accuracy= 0.72000 time= 0.00946
Epoch: 0475 train_loss= 1.42392 train_acc= 0.97500 val_loss= 1.85902 val_acc= 0.67400 time= 0.01739
Test results: cost= 1.83221 accuracy= 0.72000 time= 0.00908
Epoch: 0476 train_loss= 1.45648 train_acc= 0.96667 val_loss= 1.85886 val_acc= 0.67600 time= 0.01810
Test results: cost= 1.83210 accuracy= 0.72000 time= 0.00907
Epoch: 0477 train_loss= 1.43083 train_acc= 0.97500 val_loss= 1.85874 val_acc= 0.67600 time= 0.01815
Test results: cost= 1.83204 accuracy= 0.71900 time= 0.00910
Epoch: 0478 train_loss= 1.43985 train_acc= 0.98333 val_loss= 1.85863 val_acc= 0.67600 time= 0.01756
Test results: cost= 1.83196 accuracy= 0.72000 time= 0.00938
Epoch: 0479 train_loss= 1.40963 train_acc= 0.97500 val_loss= 1.85857 val_acc= 0.67600 time= 0.01806
Test results: cost= 1.83192 accuracy= 0.72100 time= 0.00944
Epoch: 0480 train_loss= 1.44870 train_acc= 0.97500 val_loss= 1.85849 val_acc= 0.67800 time= 0.01827
Test results: cost= 1.83185 accuracy= 0.72200 time= 0.00918
Epoch: 0481 train_loss= 1.44952 train_acc= 0.98333 val_loss= 1.85843 val_acc= 0.67800 time= 0.01745
Test results: cost= 1.83180 accuracy= 0.72200 time= 0.00922
Epoch: 0482 train_loss= 1.44413 train_acc= 0.96667 val_loss= 1.85836 val_acc= 0.67800 time= 0.01773
Test results: cost= 1.83174 accuracy= 0.72200 time= 0.00943
Epoch: 0483 train_loss= 1.42790 train_acc= 0.97500 val_loss= 1.85834 val_acc= 0.67800 time= 0.01792
Test results: cost= 1.83172 accuracy= 0.72200 time= 0.00905
Epoch: 0484 train_loss= 1.43756 train_acc= 0.98333 val_loss= 1.85834 val_acc= 0.67800 time= 0.01780
Test results: cost= 1.83172 accuracy= 0.72200 time= 0.00960
Epoch: 0485 train_loss= 1.42314 train_acc= 0.97500 val_loss= 1.85835 val_acc= 0.68000 time= 0.01759
Test results: cost= 1.83171 accuracy= 0.72200 time= 0.00931
Epoch: 0486 train_loss= 1.42093 train_acc= 0.98333 val_loss= 1.85838 val_acc= 0.68000 time= 0.01803
Test results: cost= 1.83171 accuracy= 0.72200 time= 0.00913
Epoch: 0487 train_loss= 1.43573 train_acc= 0.97500 val_loss= 1.85842 val_acc= 0.68000 time= 0.01777
Test results: cost= 1.83174 accuracy= 0.72200 time= 0.00959
Epoch: 0488 train_loss= 1.42772 train_acc= 0.97500 val_loss= 1.85846 val_acc= 0.68200 time= 0.01813
Test results: cost= 1.83176 accuracy= 0.72400 time= 0.00915
Epoch: 0489 train_loss= 1.41813 train_acc= 0.98333 val_loss= 1.85845 val_acc= 0.68200 time= 0.01797
Test results: cost= 1.83174 accuracy= 0.72400 time= 0.00912
Epoch: 0490 train_loss= 1.43427 train_acc= 0.99167 val_loss= 1.85845 val_acc= 0.68200 time= 0.01807
Test results: cost= 1.83171 accuracy= 0.72400 time= 0.00912
Epoch: 0491 train_loss= 1.42527 train_acc= 0.99167 val_loss= 1.85841 val_acc= 0.68200 time= 0.01786
Test results: cost= 1.83166 accuracy= 0.72400 time= 0.00923
Epoch: 0492 train_loss= 1.42644 train_acc= 0.97500 val_loss= 1.85838 val_acc= 0.68400 time= 0.01810
Test results: cost= 1.83162 accuracy= 0.72400 time= 0.00943
Epoch: 0493 train_loss= 1.44608 train_acc= 0.97500 val_loss= 1.85836 val_acc= 0.68400 time= 0.01772
Test results: cost= 1.83160 accuracy= 0.72400 time= 0.00930
Epoch: 0494 train_loss= 1.42327 train_acc= 0.98333 val_loss= 1.85832 val_acc= 0.68400 time= 0.01808
Test results: cost= 1.83157 accuracy= 0.72300 time= 0.00932
Epoch: 0495 train_loss= 1.47901 train_acc= 0.94167 val_loss= 1.85827 val_acc= 0.68400 time= 0.01853
Test results: cost= 1.83154 accuracy= 0.72400 time= 0.00945
Epoch: 0496 train_loss= 1.43544 train_acc= 0.97500 val_loss= 1.85821 val_acc= 0.68400 time= 0.01768
Test results: cost= 1.83150 accuracy= 0.72500 time= 0.00939
Epoch: 0497 train_loss= 1.41919 train_acc= 0.97500 val_loss= 1.85820 val_acc= 0.68400 time= 0.01791
Test results: cost= 1.83151 accuracy= 0.72500 time= 0.00909
Epoch: 0498 train_loss= 1.43158 train_acc= 0.95833 val_loss= 1.85822 val_acc= 0.68400 time= 0.01756
Test results: cost= 1.83156 accuracy= 0.72500 time= 0.00907
Epoch: 0499 train_loss= 1.43087 train_acc= 0.96667 val_loss= 1.85827 val_acc= 0.68200 time= 0.01772
Test results: cost= 1.83161 accuracy= 0.72500 time= 0.00910
Epoch: 0500 train_loss= 1.44411 train_acc= 0.98333 val_loss= 1.85827 val_acc= 0.68200 time= 0.01833
Test results: cost= 1.83164 accuracy= 0.72500 time= 0.00915
best epoch: 491
best test: 0.7239996
Optimization Finished!
